
=====
(2, 10)-EA
=====
population size=10
max generations=1.8
max fitness=128
number of games=16.0
hero class=HUNTER

opponents=[Aggro Paladin Meta Snapshot #17, Toefoo Rank 1 Cwarrior, Neviilz MalyGod Meta Snapshot #18, Phonetap's Mech Shaman, Mid-Range Druid Meta Snapshot #16, Purple Rank #1 Legend Midrange Hunter, Toefoo Rank 1 Oil Rogue, MatGagne Shadow Madness Priest, Hyunher Tempo Mage]
=====
Initial Deck
=====
[name=Mad Scientist, class=ANY, rarity=COMMON, mana=2]
[name=Piloted Shredder, class=ANY, rarity=COMMON, mana=4]
[name=Piloted Shredder, class=ANY, rarity=COMMON, mana=4]
[name=Unleash the Hounds, class=HUNTER, rarity=COMMON, mana=3]
[name=Savannah Highmane, class=HUNTER, rarity=RARE, mana=6]
[name=Piloted Shredder, class=ANY, rarity=COMMON, mana=4]
[name=Savannah Highmane, class=HUNTER, rarity=RARE, mana=6]
[name=Leper Gnome, class=ANY, rarity=COMMON, mana=1]
[name=Piloted Shredder, class=ANY, rarity=COMMON, mana=4]
[name=Explosive Trap, class=HUNTER, rarity=COMMON, mana=2]
[name=Glaivezooka, class=HUNTER, rarity=COMMON, mana=2]
[name=Kill Command, class=HUNTER, rarity=FREE, mana=3]
[name=Knife Juggler, class=ANY, rarity=RARE, mana=2]
[name=Piloted Shredder, class=ANY, rarity=COMMON, mana=4]
[name=Haunted Creeper, class=ANY, rarity=COMMON, mana=2]
[name=Explosive Trap, class=HUNTER, rarity=COMMON, mana=2]
[name=Savannah Highmane, class=HUNTER, rarity=RARE, mana=6]
[name=Loatheb, class=ANY, rarity=LEGENDARY, mana=5]
[name=Sludge Belcher, class=ANY, rarity=RARE, mana=5]
[name=Explosive Trap, class=HUNTER, rarity=COMMON, mana=2]
[name=Abusive Sergeant, class=ANY, rarity=COMMON, mana=1]
[name=Knife Juggler, class=ANY, rarity=RARE, mana=2]
[name=Leper Gnome, class=ANY, rarity=COMMON, mana=1]
[name=Abusive Sergeant, class=ANY, rarity=COMMON, mana=1]
[name=Sludge Belcher, class=ANY, rarity=RARE, mana=5]
[name=Abusive Sergeant, class=ANY, rarity=COMMON, mana=1]
[name=Glaivezooka, class=HUNTER, rarity=COMMON, mana=2]
[name=Piloted Shredder, class=ANY, rarity=COMMON, mana=4]
[name=Leper Gnome, class=ANY, rarity=COMMON, mana=1]
[name=Sludge Belcher, class=ANY, rarity=RARE, mana=5]


=====
GENERATION 0
=====
best=115
avg=70.4
worst=33.0
infeasible rate=0.0
mutation rate=0.9
=====

=====
GENERATION 5
=====
best=115
avg=95.8
worst=29.0
infeasible rate=0.0
mutation rate=1.8
=====

=====
GENERATION 10
=====
best=115
avg=103.7
worst=47.0
infeasible rate=0.0
mutation rate=3.6
=====

=====
GENERATION 15
=====
best=115
avg=77.3
worst=11.0
infeasible rate=0.0
mutation rate=1.8
=====

=====
GENERATION 20
=====
best=115
avg=110.7
worst=74.0
infeasible rate=0.0
mutation rate=3.6
=====

=====
GENERATION 25
=====
best=115
avg=102.8
worst=32.0
infeasible rate=0.0
mutation rate=1.8
=====

=====
GENERATION 30
=====
best=115
avg=91.1
worst=38.0
infeasible rate=0.0
mutation rate=0.9
=====

=====
GENERATION 35
=====
best=115
avg=115.0
worst=115.0
infeasible rate=0.0
mutation rate=1.8
=====

=====
GENERATION 40
=====
best=121
avg=93.1
worst=25.0
infeasible rate=0.0
mutation rate=0.9
=====

=====
GENERATION 45
=====
best=121
avg=99.5
worst=37.0
infeasible rate=0.0
mutation rate=1.8
=====

=====
BEST
=====
[name=Naga Corsair, class=ANY, rarity=COMMON, mana=4]
[name=Harrison Jones, class=ANY, rarity=LEGENDARY, mana=5]
[name=Jungle Panther, class=ANY, rarity=COMMON, mana=3]
[name=Murloc Tidecaller, class=ANY, rarity=RARE, mana=1]
[name=Dispatch Kodo, class=HUNTER, rarity=RARE, mana=4]
[name=Multi-Shot, class=HUNTER, rarity=FREE, mana=4]
[name=Smuggler's Crate, class=HUNTER, rarity=COMMON, mana=1]
[name=Eater of Secrets, class=ANY, rarity=RARE, mana=4]
[name=Southsea Deckhand, class=ANY, rarity=COMMON, mana=1]
[name=Bog Creeper, class=ANY, rarity=COMMON, mana=7]
[name=Acidic Swamp Ooze, class=ANY, rarity=FREE, mana=2]
[name=Ironfur Grizzly, class=ANY, rarity=FREE, mana=3]
[name=Snipe, class=HUNTER, rarity=COMMON, mana=2]
[name=Blackwater Pirate, class=ANY, rarity=RARE, mana=4]
[name=Twilight Elder, class=ANY, rarity=COMMON, mana=3]
[name=Misdirection, class=HUNTER, rarity=RARE, mana=2]
[name=Windfury Harpy, class=ANY, rarity=COMMON, mana=6]
[name=Bilefin Tidehunter, class=ANY, rarity=COMMON, mana=2]
[name=Soggoth the Slitherer, class=ANY, rarity=LEGENDARY, mana=9]
[name=Acolyte of Pain, class=ANY, rarity=COMMON, mana=3]
[name=Sunfury Protector, class=ANY, rarity=RARE, mana=2]
[name=Nerubian Prophet, class=ANY, rarity=COMMON, mana=6]
[name=Squirming Tentacle, class=ANY, rarity=COMMON, mana=3]
[name=Lightwarden, class=ANY, rarity=RARE, mana=1]
[name=Violet Illusionist, class=ANY, rarity=RARE, mana=3]
[name=Netherspite Historian, class=ANY, rarity=COMMON, mana=2]
[name=Spiked Hogrider, class=ANY, rarity=RARE, mana=5]
[name=Worgen Infiltrator, class=ANY, rarity=COMMON, mana=1]
[name=Faceless Behemoth, class=ANY, rarity=COMMON, mana=10]
[name=Genzo, the Shark, class=ANY, rarity=LEGENDARY, mana=4]


=====
MANA CURVE
=====
1=5
2=6
3=6
4=6
5=2
6=2
7=1
7 or more=2

=====
FITNESS=121
=====

=====
GAME STATISTICS
=====

opponent=Purple Rank #1 Legend Midrange Hunter
WIN_RATE=93.75%DAMAGE_DEALT=25.75MANA_SPENT=24.875CARDS_PLAYED=11.0625TURNS_TAKEN=7.6875MINIONS_PLAYED=20.125HERO_POWER_USED=1.6875

opponent=MatGagne Shadow Madness Priest
WIN_RATE=100.00%DAMAGE_DEALT=25.3125MANA_SPENT=25.125CARDS_PLAYED=10.75TURNS_TAKEN=7.625MINIONS_PLAYED=19.5625SPELLS_CAST=0.3125HERO_POWER_USED=1.5

opponent=Toefoo Rank 1 Cwarrior
WIN_RATE=93.75%DAMAGE_DEALT=29.625MANA_SPENT=26.8125CARDS_PLAYED=11.6875TURNS_TAKEN=8.0MINIONS_PLAYED=21.0625SPELLS_CAST=0.1875HERO_POWER_USED=1.6875

opponent=Phonetap's Mech Shaman
WIN_RATE=93.75%DAMAGE_DEALT=23.875MANA_SPENT=25.4375CARDS_PLAYED=10.75TURNS_TAKEN=7.8125MINIONS_PLAYED=19.8125SPELLS_CAST=0.125HERO_POWER_USED=1.4375

opponent=Aggro Paladin Meta Snapshot #17
WIN_RATE=93.75%DAMAGE_DEALT=27.0MANA_SPENT=24.0625CARDS_PLAYED=10.4375TURNS_TAKEN=7.5625MINIONS_PLAYED=19.0625SPELLS_CAST=0.1875HERO_POWER_USED=1.5625

opponent=Hyunher Tempo Mage
WIN_RATE=87.50%DAMAGE_DEALT=21.8125MANA_SPENT=21.6875CARDS_PLAYED=9.5TURNS_TAKEN=7.1875MINIONS_PLAYED=16.375SPELLS_CAST=0.3125HERO_POWER_USED=1.5625

opponent=Mid-Range Druid Meta Snapshot #16
WIN_RATE=93.75%DAMAGE_DEALT=19.5MANA_SPENT=21.875CARDS_PLAYED=8.9375TURNS_TAKEN=7.125MINIONS_PLAYED=17.0625SPELLS_CAST=0.125HERO_POWER_USED=1.0625

opponent=Toefoo Rank 1 Oil Rogue
WIN_RATE=93.75%DAMAGE_DEALT=24.8125MANA_SPENT=24.4375CARDS_PLAYED=10.875TURNS_TAKEN=7.75MINIONS_PLAYED=19.625SPELLS_CAST=0.25HERO_POWER_USED=1.6875

opponent=Neviilz MalyGod Meta Snapshot #18
WIN_RATE=100.00%DAMAGE_DEALT=23.625MANA_SPENT=26.6875CARDS_PLAYED=10.875TURNS_TAKEN=8.125MINIONS_PLAYED=19.4375SPELLS_CAST=0.1875HERO_POWER_USED=1.625

=====
JENETICS STATISTICS
=====
+---------------------------------------------------------------------------+
|  Time statistics                                                          |
+---------------------------------------------------------------------------+
|             Selection: sum=0.009651542000 s; mean=0.000193030840 s        |
|              Altering: sum=0.027992681000 s; mean=0.000559853620 s        |
|   Fitness calculation: sum=251.931655037000 s; mean=5.038633100740 s      |
|     Overall execution: sum=251.972552912000 s; mean=5.039451058240 s      |
+---------------------------------------------------------------------------+
|  Evolution statistics                                                     |
+---------------------------------------------------------------------------+
|           Generations: 50                                                 |
|               Altered: sum=127; mean=2.540000000                          |
|                Killed: sum=0; mean=0.000000000                            |
|              Invalids: sum=11; mean=0.220000000                           |
+---------------------------------------------------------------------------+
|  Population statistics                                                    |
+---------------------------------------------------------------------------+
|                   Age: max=44; mean=14.360000; var=192.667735             |
|               Fitness:                                                    |
|                      min  = 10.000000000000                               |
|                      max  = 121.000000000000                              |
|                      mean = 99.624000000000                               |
|                      var  = 798.050725450902                              |
|                      std  = 28.249791600132                               |
+---------------------------------------------------------------------------+
infeasible rate=0
