
=====
(2, 10)-EA
=====
population size=10
max generations=1.8
max fitness=128
number of games=16.0
hero class=HUNTER

opponents=[Aggro Paladin Meta Snapshot #17, Toefoo Rank 1 Cwarrior, Neviilz MalyGod Meta Snapshot #18, Phonetap's Mech Shaman, Mid-Range Druid Meta Snapshot #16, Purple Rank #1 Legend Midrange Hunter, Toefoo Rank 1 Oil Rogue, MatGagne Shadow Madness Priest, Hyunher Tempo Mage]
=====
Initial Deck
=====
[name=Piloted Shredder, class=ANY, rarity=COMMON, mana=4]
[name=Eaglehorn Bow, class=HUNTER, rarity=RARE, mana=3]
[name=Mad Scientist, class=ANY, rarity=COMMON, mana=2]
[name=Knife Juggler, class=ANY, rarity=RARE, mana=2]
[name=Sludge Belcher, class=ANY, rarity=RARE, mana=5]
[name=Mad Scientist, class=ANY, rarity=COMMON, mana=2]
[name=Eaglehorn Bow, class=HUNTER, rarity=RARE, mana=3]
[name=Glaivezooka, class=HUNTER, rarity=COMMON, mana=2]
[name=Animal Companion, class=HUNTER, rarity=FREE, mana=3]
[name=Haunted Creeper, class=ANY, rarity=COMMON, mana=2]
[name=Leper Gnome, class=ANY, rarity=COMMON, mana=1]
[name=Piloted Shredder, class=ANY, rarity=COMMON, mana=4]
[name=Abusive Sergeant, class=ANY, rarity=COMMON, mana=1]
[name=Savannah Highmane, class=HUNTER, rarity=RARE, mana=6]
[name=Mad Scientist, class=ANY, rarity=COMMON, mana=2]
[name=Houndmaster, class=HUNTER, rarity=FREE, mana=4]
[name=Eaglehorn Bow, class=HUNTER, rarity=RARE, mana=3]
[name=Sludge Belcher, class=ANY, rarity=RARE, mana=5]
[name=Piloted Shredder, class=ANY, rarity=COMMON, mana=4]
[name=Glaivezooka, class=HUNTER, rarity=COMMON, mana=2]
[name=Haunted Creeper, class=ANY, rarity=COMMON, mana=2]
[name=Animal Companion, class=HUNTER, rarity=FREE, mana=3]
[name=Mad Scientist, class=ANY, rarity=COMMON, mana=2]
[name=Kill Command, class=HUNTER, rarity=FREE, mana=3]
[name=Abusive Sergeant, class=ANY, rarity=COMMON, mana=1]
[name=Knife Juggler, class=ANY, rarity=RARE, mana=2]
[name=Abusive Sergeant, class=ANY, rarity=COMMON, mana=1]
[name=Leper Gnome, class=ANY, rarity=COMMON, mana=1]
[name=Hunter's Mark, class=HUNTER, rarity=FREE, mana=1]
[name=Mad Scientist, class=ANY, rarity=COMMON, mana=2]


=====
GENERATION 0
=====
best=99
avg=78.2
worst=69.0
infeasible rate=0.0
mutation rate=0.9
=====

=====
GENERATION 5
=====
best=107
avg=87.7
worst=22.0
infeasible rate=0.0
mutation rate=1.8
=====

=====
GENERATION 10
=====
best=108
avg=89.8
worst=21.0
infeasible rate=0.0
mutation rate=3.6
=====

=====
GENERATION 15
=====
best=108
avg=94.2
worst=27.0
infeasible rate=0.0
mutation rate=7.2
=====

=====
GENERATION 20
=====
best=108
avg=96.4
worst=42.0
infeasible rate=0.0
mutation rate=14.4
=====

=====
GENERATION 25
=====
best=108
avg=108.0
worst=108.0
infeasible rate=0.0
mutation rate=14.4
=====

=====
GENERATION 30
=====
best=108
avg=93.8
worst=41.0
infeasible rate=0.0
mutation rate=7.2
=====

=====
GENERATION 35
=====
best=108
avg=103.4
worst=62.0
infeasible rate=0.0
mutation rate=14.4
=====

=====
GENERATION 40
=====
best=108
avg=99.0
worst=46.0
infeasible rate=0.0
mutation rate=7.2
=====

=====
GENERATION 45
=====
best=108
avg=103.9
worst=67.0
infeasible rate=0.0
mutation rate=7.2
=====

=====
BEST
=====
[name=Scaled Nightmare, class=ANY, rarity=EPIC, mana=6]
[name=Illidan Stormrage, class=ANY, rarity=LEGENDARY, mana=6]
[name=Fight Promoter, class=ANY, rarity=EPIC, mana=6]
[name=Southsea Deckhand, class=ANY, rarity=COMMON, mana=1]
[name=Cyclopian Horror, class=ANY, rarity=EPIC, mana=4]
[name=Midnight Drake, class=ANY, rarity=RARE, mana=4]
[name=Thrallmar Farseer, class=ANY, rarity=COMMON, mana=3]
[name=Hozen Healer, class=ANY, rarity=COMMON, mana=4]
[name=Arcane Shot, class=HUNTER, rarity=FREE, mana=1]
[name=Snipe, class=HUNTER, rarity=COMMON, mana=2]
[name=Novice Engineer, class=ANY, rarity=FREE, mana=2]
[name=Master Swordsmith, class=ANY, rarity=RARE, mana=2]
[name=Wisp, class=ANY, rarity=COMMON, mana=0]
[name=Hungry Crab, class=ANY, rarity=EPIC, mana=1]
[name=Tundra Rhino, class=HUNTER, rarity=FREE, mana=5]
[name=Aya Blackpaw, class=ANY, rarity=LEGENDARY, mana=6]
[name=Beckoner of Evil, class=ANY, rarity=COMMON, mana=2]
[name=Call of the Wild, class=HUNTER, rarity=EPIC, mana=9]
[name=Soggoth the Slitherer, class=ANY, rarity=LEGENDARY, mana=9]
[name=Corrupted Seer, class=ANY, rarity=RARE, mana=6]
[name=Silverback Patriarch, class=ANY, rarity=FREE, mana=3]
[name=Grotesque Dragonhawk, class=ANY, rarity=COMMON, mana=7]
[name=Lightwarden, class=ANY, rarity=RARE, mana=1]
[name=Leatherclad Hogleader, class=ANY, rarity=EPIC, mana=6]
[name=Big Game Hunter, class=ANY, rarity=EPIC, mana=5]
[name=Animal Companion, class=HUNTER, rarity=FREE, mana=3]
[name=Blood Knight, class=ANY, rarity=EPIC, mana=3]
[name=Loot Hoarder, class=ANY, rarity=COMMON, mana=2]
[name=Infested Tauren, class=ANY, rarity=COMMON, mana=4]
[name=Trogg Beastrager, class=HUNTER, rarity=RARE, mana=2]


=====
MANA CURVE
=====
1=4
2=6
3=4
4=4
5=2
6=6
7=1
7 or more=3

=====
FITNESS=121
=====

=====
GAME STATISTICS
=====

opponent=Purple Rank #1 Legend Midrange Hunter
WIN_RATE=100.00%DAMAGE_DEALT=31.375HEALING_DONE=0.9375MANA_SPENT=27.75CARDS_PLAYED=10.125TURNS_TAKEN=8.0MINIONS_PLAYED=16.1875SPELLS_CAST=1.9375HERO_POWER_USED=1.1875

opponent=MatGagne Shadow Madness Priest
WIN_RATE=93.75%DAMAGE_DEALT=33.9375HEALING_DONE=0.25MANA_SPENT=28.875CARDS_PLAYED=10.3125TURNS_TAKEN=8.1875MINIONS_PLAYED=15.9375SPELLS_CAST=1.8125HERO_POWER_USED=1.75

opponent=Toefoo Rank 1 Cwarrior
WIN_RATE=100.00%DAMAGE_DEALT=27.9375HEALING_DONE=0.5MANA_SPENT=27.5625CARDS_PLAYED=9.625TURNS_TAKEN=8.125MINIONS_PLAYED=15.3125SPELLS_CAST=2.0HERO_POWER_USED=1.1875

opponent=Phonetap's Mech Shaman
WIN_RATE=93.75%DAMAGE_DEALT=28.3125MANA_SPENT=26.5625CARDS_PLAYED=9.25TURNS_TAKEN=7.8125MINIONS_PLAYED=14.6875SPELLS_CAST=1.6875HERO_POWER_USED=1.4375

opponent=Aggro Paladin Meta Snapshot #17
WIN_RATE=93.75%DAMAGE_DEALT=24.8125HEALING_DONE=0.4375MANA_SPENT=22.75CARDS_PLAYED=8.625TURNS_TAKEN=7.25MINIONS_PLAYED=13.8125SPELLS_CAST=1.75HERO_POWER_USED=0.9375

opponent=Hyunher Tempo Mage
WIN_RATE=93.75%DAMAGE_DEALT=31.9375MANA_SPENT=25.125CARDS_PLAYED=9.125TURNS_TAKEN=7.625MINIONS_PLAYED=14.25SPELLS_CAST=1.75HERO_POWER_USED=1.3125

opponent=Mid-Range Druid Meta Snapshot #16
WIN_RATE=100.00%DAMAGE_DEALT=26.5625HEALING_DONE=0.4375MANA_SPENT=26.125CARDS_PLAYED=9.8125TURNS_TAKEN=8.0625MINIONS_PLAYED=15.4375SPELLS_CAST=1.5HERO_POWER_USED=1.3125

opponent=Toefoo Rank 1 Oil Rogue
WIN_RATE=87.50%DAMAGE_DEALT=21.25MANA_SPENT=23.375CARDS_PLAYED=8.25TURNS_TAKEN=7.0MINIONS_PLAYED=13.625SPELLS_CAST=1.5625HERO_POWER_USED=0.6875

opponent=Neviilz MalyGod Meta Snapshot #18
WIN_RATE=87.50%DAMAGE_DEALT=28.6875HEALING_DONE=0.5625MANA_SPENT=25.375CARDS_PLAYED=8.8125TURNS_TAKEN=7.6875MINIONS_PLAYED=13.6875SPELLS_CAST=2.1875HERO_POWER_USED=0.875

=====
JENETICS STATISTICS
=====
+---------------------------------------------------------------------------+
|  Time statistics                                                          |
+---------------------------------------------------------------------------+
|             Selection: sum=0.009500773000 s; mean=0.000190015460 s        |
|              Altering: sum=0.028727066000 s; mean=0.000574541320 s        |
|   Fitness calculation: sum=336.113205445000 s; mean=6.722264108900 s      |
|     Overall execution: sum=336.154533694000 s; mean=6.723090673880 s      |
+---------------------------------------------------------------------------+
|  Evolution statistics                                                     |
+---------------------------------------------------------------------------+
|           Generations: 50                                                 |
|               Altered: sum=125; mean=2.500000000                          |
|                Killed: sum=0; mean=0.000000000                            |
|              Invalids: sum=13; mean=0.260000000                           |
+---------------------------------------------------------------------------+
|  Population statistics                                                    |
+---------------------------------------------------------------------------+
|                   Age: max=40; mean=12.756000; var=161.711888             |
|               Fitness:                                                    |
|                      min  = 7.000000000000                                |
|                      max  = 121.000000000000                              |
|                      mean = 94.578000000000                               |
|                      var  = 567.033983967936                              |
|                      std  = 23.812475385141                               |
+---------------------------------------------------------------------------+
infeasible rate=0
