
=====
(2, 10)-EA
=====
population size=10
max generations=1.8
max fitness=128
number of games=16.0
hero class=HUNTER

opponents=[Aggro Paladin Meta Snapshot #17, Toefoo Rank 1 Cwarrior, Neviilz MalyGod Meta Snapshot #18, Phonetap's Mech Shaman, Mid-Range Druid Meta Snapshot #16, Purple Rank #1 Legend Midrange Hunter, Toefoo Rank 1 Oil Rogue, MatGagne Shadow Madness Priest, Hyunher Tempo Mage]
=====
Initial Deck
=====
[name=Loatheb, class=ANY, rarity=LEGENDARY, mana=5]
[name=Kill Command, class=HUNTER, rarity=FREE, mana=3]
[name=Leper Gnome, class=ANY, rarity=COMMON, mana=1]
[name=Knife Juggler, class=ANY, rarity=RARE, mana=2]
[name=Knife Juggler, class=ANY, rarity=RARE, mana=2]
[name=Explosive Trap, class=HUNTER, rarity=COMMON, mana=2]
[name=Knife Juggler, class=ANY, rarity=RARE, mana=2]
[name=Savannah Highmane, class=HUNTER, rarity=RARE, mana=6]
[name=Unleash the Hounds, class=HUNTER, rarity=COMMON, mana=3]
[name=Glaivezooka, class=HUNTER, rarity=COMMON, mana=2]
[name=Unleash the Hounds, class=HUNTER, rarity=COMMON, mana=3]
[name=Savannah Highmane, class=HUNTER, rarity=RARE, mana=6]
[name=Mad Scientist, class=ANY, rarity=COMMON, mana=2]
[name=Glaivezooka, class=HUNTER, rarity=COMMON, mana=2]
[name=Mad Scientist, class=ANY, rarity=COMMON, mana=2]
[name=Savannah Highmane, class=HUNTER, rarity=RARE, mana=6]
[name=Eaglehorn Bow, class=HUNTER, rarity=RARE, mana=3]
[name=Savannah Highmane, class=HUNTER, rarity=RARE, mana=6]
[name=Abusive Sergeant, class=ANY, rarity=COMMON, mana=1]
[name=Mad Scientist, class=ANY, rarity=COMMON, mana=2]
[name=Savannah Highmane, class=HUNTER, rarity=RARE, mana=6]
[name=Knife Juggler, class=ANY, rarity=RARE, mana=2]
[name=Mad Scientist, class=ANY, rarity=COMMON, mana=2]
[name=Sludge Belcher, class=ANY, rarity=RARE, mana=5]
[name=Haunted Creeper, class=ANY, rarity=COMMON, mana=2]
[name=Unleash the Hounds, class=HUNTER, rarity=COMMON, mana=3]
[name=Mad Scientist, class=ANY, rarity=COMMON, mana=2]
[name=Leper Gnome, class=ANY, rarity=COMMON, mana=1]
[name=Freezing Trap, class=HUNTER, rarity=COMMON, mana=2]
[name=Eaglehorn Bow, class=HUNTER, rarity=RARE, mana=3]


=====
GENERATION 0
=====
best=89
avg=59.0
worst=7.0
infeasible rate=0.0
mutation rate=0.9
=====

=====
GENERATION 5
=====
best=89
avg=80.3
worst=44.0
infeasible rate=0.0
mutation rate=1.8
=====

=====
GENERATION 10
=====
best=89
avg=78.1
worst=37.0
infeasible rate=0.0
mutation rate=0.9
=====

=====
GENERATION 15
=====
best=89
avg=73.4
worst=20.0
infeasible rate=0.0
mutation rate=0.45
=====

=====
GENERATION 20
=====
best=89
avg=74.9
worst=44.0
infeasible rate=0.0
mutation rate=0.45
=====

=====
GENERATION 25
=====
best=107
avg=97.6
worst=49.0
infeasible rate=0.0
mutation rate=0.9
=====

=====
GENERATION 30
=====
best=107
avg=101.0
worst=47.0
infeasible rate=0.0
mutation rate=0.9
=====

=====
GENERATION 35
=====
best=107
avg=104.5
worst=82.0
infeasible rate=0.0
mutation rate=0.45
=====

=====
GENERATION 40
=====
best=107
avg=100.1
worst=66.0
infeasible rate=0.0
mutation rate=0.225
=====

=====
GENERATION 45
=====
best=107
avg=86.7
worst=33.0
infeasible rate=0.0
mutation rate=0.1125
=====

=====
BEST
=====
[name=Starving Buzzard, class=HUNTER, rarity=FREE, mana=5]
[name=Reckless Rocketeer, class=ANY, rarity=FREE, mana=6]
[name=Kill Command, class=HUNTER, rarity=FREE, mana=3]
[name=Grimestreet Smuggler, class=ANY, rarity=COMMON, mana=3]
[name=Illidan Stormrage, class=ANY, rarity=LEGENDARY, mana=6]
[name=Gnoll, class=ANY, rarity=FREE, mana=2]
[name=Jade Spirit, class=ANY, rarity=COMMON, mana=4]
[name=Hired Gun, class=ANY, rarity=COMMON, mana=3]
[name=Eater of Secrets, class=ANY, rarity=RARE, mana=4]
[name=Silver Hand Knight, class=ANY, rarity=COMMON, mana=5]
[name=Explosive Shot, class=HUNTER, rarity=RARE, mana=5]
[name=Gladiator's Longbow, class=HUNTER, rarity=EPIC, mana=7]
[name=Booty Bay Bodyguard, class=ANY, rarity=FREE, mana=5]
[name=Bomb Squad, class=ANY, rarity=RARE, mana=5]
[name=Murloc Tidehunter, class=ANY, rarity=FREE, mana=2]
[name=Kabal Chemist, class=ANY, rarity=COMMON, mana=4]
[name=Demolisher, class=ANY, rarity=RARE, mana=3]
[name=Wisp, class=ANY, rarity=COMMON, mana=0]
[name=Hungry Crab, class=ANY, rarity=EPIC, mana=1]
[name=Pompous Thespian, class=ANY, rarity=COMMON, mana=2]
[name=On the Hunt, class=HUNTER, rarity=COMMON, mana=1]
[name=Book Wyrm, class=ANY, rarity=RARE, mana=6]
[name=Murloc Scout, class=ANY, rarity=FREE, mana=1]
[name=Chillwind Yeti, class=ANY, rarity=FREE, mana=4]
[name=Defias Cleaner, class=ANY, rarity=EPIC, mana=6]
[name=Worgen Greaser, class=ANY, rarity=COMMON, mana=4]
[name=Razorfen Hunter, class=ANY, rarity=FREE, mana=3]
[name=Loot Hoarder, class=ANY, rarity=COMMON, mana=2]
[name=Imp Master, class=ANY, rarity=RARE, mana=3]
[name=Trogg Beastrager, class=HUNTER, rarity=RARE, mana=2]


=====
MANA CURVE
=====
1=3
2=5
3=6
4=5
5=5
6=4
7=1
7 or more=1

=====
FITNESS=107
=====

=====
GAME STATISTICS
=====

opponent=Purple Rank #1 Legend Midrange Hunter
WIN_RATE=87.50%DAMAGE_DEALT=45.625MANA_SPENT=39.0CARDS_PLAYED=12.6875TURNS_TAKEN=9.625MINIONS_PLAYED=19.4375SPELLS_CAST=2.1875HERO_POWER_USED=1.6875

opponent=MatGagne Shadow Madness Priest
WIN_RATE=87.50%DAMAGE_DEALT=39.4375MANA_SPENT=36.5625CARDS_PLAYED=12.625TURNS_TAKEN=9.1875MINIONS_PLAYED=19.5SPELLS_CAST=2.1875HERO_POWER_USED=1.75

opponent=Toefoo Rank 1 Cwarrior
WIN_RATE=68.75%DAMAGE_DEALT=41.25MANA_SPENT=35.375CARDS_PLAYED=11.875TURNS_TAKEN=8.875MINIONS_PLAYED=19.25SPELLS_CAST=1.8125HERO_POWER_USED=1.1875

opponent=Phonetap's Mech Shaman
WIN_RATE=93.75%DAMAGE_DEALT=40.5625MANA_SPENT=34.875CARDS_PLAYED=12.5625TURNS_TAKEN=9.125MINIONS_PLAYED=19.9375SPELLS_CAST=1.75HERO_POWER_USED=1.75

opponent=Aggro Paladin Meta Snapshot #17
WIN_RATE=75.00%DAMAGE_DEALT=47.1875MANA_SPENT=38.6875CARDS_PLAYED=13.4375TURNS_TAKEN=9.5625MINIONS_PLAYED=20.6875SPELLS_CAST=2.1875HERO_POWER_USED=2.0

opponent=Hyunher Tempo Mage
WIN_RATE=68.75%DAMAGE_DEALT=41.9375MANA_SPENT=35.0CARDS_PLAYED=12.4375TURNS_TAKEN=9.0625MINIONS_PLAYED=18.75SPELLS_CAST=2.125HERO_POWER_USED=1.9375

opponent=Mid-Range Druid Meta Snapshot #16
WIN_RATE=93.75%DAMAGE_DEALT=39.3125MANA_SPENT=37.25CARDS_PLAYED=12.75TURNS_TAKEN=9.125MINIONS_PLAYED=20.6875SPELLS_CAST=2.0625HERO_POWER_USED=1.5

opponent=Toefoo Rank 1 Oil Rogue
WIN_RATE=93.75%DAMAGE_DEALT=38.3125MANA_SPENT=36.8125CARDS_PLAYED=12.5TURNS_TAKEN=9.1875MINIONS_PLAYED=20.0625SPELLS_CAST=2.0625HERO_POWER_USED=1.375

opponent=Neviilz MalyGod Meta Snapshot #18
WIN_RATE=81.25%DAMAGE_DEALT=41.5625MANA_SPENT=34.9375CARDS_PLAYED=11.25TURNS_TAKEN=9.0MINIONS_PLAYED=19.1875SPELLS_CAST=1.3125HERO_POWER_USED=1.1875

=====
JENETICS STATISTICS
=====
+---------------------------------------------------------------------------+
|  Time statistics                                                          |
+---------------------------------------------------------------------------+
|             Selection: sum=0.008138809000 s; mean=0.000162776180 s        |
|              Altering: sum=0.023440925000 s; mean=0.000468818500 s        |
|   Fitness calculation: sum=322.347683806000 s; mean=6.446953676120 s      |
|     Overall execution: sum=322.383256126000 s; mean=6.447665122520 s      |
+---------------------------------------------------------------------------+
|  Evolution statistics                                                     |
+---------------------------------------------------------------------------+
|           Generations: 50                                                 |
|               Altered: sum=141; mean=2.820000000                          |
|                Killed: sum=0; mean=0.000000000                            |
|              Invalids: sum=14; mean=0.280000000                           |
+---------------------------------------------------------------------------+
|  Population statistics                                                    |
+---------------------------------------------------------------------------+
|                   Age: max=28; mean=9.006000; var=71.080124               |
|               Fitness:                                                    |
|                      min  = 7.000000000000                                |
|                      max  = 107.000000000000                              |
|                      mean = 87.428000000000                               |
|                      var  = 503.840496993988                              |
|                      std  = 22.446391625248                               |
+---------------------------------------------------------------------------+
infeasible rate=0
