
=====
(2, 10)-EA
=====
population size=10
max generations=1.8
max fitness=128
number of games=16.0
hero class=HUNTER

opponents=[Aggro Paladin Meta Snapshot #17, Toefoo Rank 1 Cwarrior, Neviilz MalyGod Meta Snapshot #18, Phonetap's Mech Shaman, Mid-Range Druid Meta Snapshot #16, Purple Rank #1 Legend Midrange Hunter, Toefoo Rank 1 Oil Rogue, MatGagne Shadow Madness Priest, Hyunher Tempo Mage]
=====
Initial Deck
=====
[name=Eaglehorn Bow, class=HUNTER, rarity=RARE, mana=3]
[name=Unleash the Hounds, class=HUNTER, rarity=COMMON, mana=3]
[name=Abusive Sergeant, class=ANY, rarity=COMMON, mana=1]
[name=Freezing Trap, class=HUNTER, rarity=COMMON, mana=2]
[name=Unleash the Hounds, class=HUNTER, rarity=COMMON, mana=3]
[name=Animal Companion, class=HUNTER, rarity=FREE, mana=3]
[name=Explosive Trap, class=HUNTER, rarity=COMMON, mana=2]
[name=Houndmaster, class=HUNTER, rarity=FREE, mana=4]
[name=Glaivezooka, class=HUNTER, rarity=COMMON, mana=2]
[name=Leper Gnome, class=ANY, rarity=COMMON, mana=1]
[name=Unleash the Hounds, class=HUNTER, rarity=COMMON, mana=3]
[name=Eaglehorn Bow, class=HUNTER, rarity=RARE, mana=3]
[name=Piloted Shredder, class=ANY, rarity=COMMON, mana=4]
[name=Hunter's Mark, class=HUNTER, rarity=FREE, mana=1]
[name=Kill Command, class=HUNTER, rarity=FREE, mana=3]
[name=Savannah Highmane, class=HUNTER, rarity=RARE, mana=6]
[name=Eaglehorn Bow, class=HUNTER, rarity=RARE, mana=3]
[name=Freezing Trap, class=HUNTER, rarity=COMMON, mana=2]
[name=Sludge Belcher, class=ANY, rarity=RARE, mana=5]
[name=Kill Command, class=HUNTER, rarity=FREE, mana=3]
[name=Loatheb, class=ANY, rarity=LEGENDARY, mana=5]
[name=Abusive Sergeant, class=ANY, rarity=COMMON, mana=1]
[name=Eaglehorn Bow, class=HUNTER, rarity=RARE, mana=3]
[name=Piloted Shredder, class=ANY, rarity=COMMON, mana=4]
[name=Freezing Trap, class=HUNTER, rarity=COMMON, mana=2]
[name=Savannah Highmane, class=HUNTER, rarity=RARE, mana=6]
[name=Kill Command, class=HUNTER, rarity=FREE, mana=3]
[name=Unleash the Hounds, class=HUNTER, rarity=COMMON, mana=3]
[name=Savannah Highmane, class=HUNTER, rarity=RARE, mana=6]
[name=Piloted Shredder, class=ANY, rarity=COMMON, mana=4]


=====
GENERATION 0
=====
best=95
avg=60.0
worst=42.0
infeasible rate=0.0
mutation rate=0.9
=====

=====
GENERATION 5
=====
best=95
avg=76.2
worst=15.0
infeasible rate=0.0
mutation rate=1.8
=====

=====
GENERATION 10
=====
best=95
avg=82.3
worst=28.0
infeasible rate=0.0
mutation rate=3.6
=====

=====
GENERATION 15
=====
best=103
avg=82.9
worst=20.0
infeasible rate=0.0
mutation rate=7.2
=====

=====
GENERATION 20
=====
best=103
avg=94.7
worst=49.0
infeasible rate=0.0
mutation rate=14.4
=====

=====
GENERATION 25
=====
best=103
avg=100.9
worst=82.0
infeasible rate=0.0
mutation rate=14.4
=====

=====
GENERATION 30
=====
best=103
avg=98.6
worst=59.0
infeasible rate=0.0
mutation rate=7.2
=====

=====
GENERATION 35
=====
best=103
avg=88.0
worst=26.0
infeasible rate=0.0
mutation rate=3.6
=====

=====
GENERATION 40
=====
best=103
avg=94.1
worst=36.0
infeasible rate=0.0
mutation rate=7.2
=====

=====
GENERATION 45
=====
best=103
avg=79.8
worst=20.0
infeasible rate=0.0
mutation rate=3.6
=====

=====
BEST
=====
[name=Archmage, class=ANY, rarity=FREE, mana=6]
[name=Deadly Shot, class=HUNTER, rarity=COMMON, mana=3]
[name=Twilight Geomancer, class=ANY, rarity=COMMON, mana=2]
[name=Daring Reporter, class=ANY, rarity=COMMON, mana=4]
[name=Whelp, class=ANY, rarity=FREE, mana=1]
[name=Nightblade, class=ANY, rarity=FREE, mana=5]
[name=Nightblade, class=ANY, rarity=FREE, mana=5]
[name=Gruul, class=ANY, rarity=LEGENDARY, mana=8]
[name=Tabbycat, class=HUNTER, rarity=FREE, mana=1]
[name=River Crocolisk, class=ANY, rarity=FREE, mana=2]
[name=Violet Apprentice, class=ANY, rarity=FREE, mana=1]
[name=Tauren Warrior, class=ANY, rarity=COMMON, mana=3]
[name=Dream, class=ANY, rarity=FREE, mana=0]
[name=Dragonling Mechanic, class=ANY, rarity=FREE, mana=4]
[name=Madam Goya, class=ANY, rarity=LEGENDARY, mana=6]
[name=Friendly Bartender, class=ANY, rarity=COMMON, mana=2]
[name=Darkspeaker, class=ANY, rarity=EPIC, mana=5]
[name=Savannah Highmane, class=HUNTER, rarity=RARE, mana=6]
[name=Mastiff, class=HUNTER, rarity=COMMON, mana=1]
[name=Nat Pagle, class=ANY, rarity=LEGENDARY, mana=2]
[name=Hound, class=HUNTER, rarity=COMMON, mana=1]
[name=Hound, class=HUNTER, rarity=COMMON, mana=1]
[name=Hyena, class=HUNTER, rarity=RARE, mana=2]
[name=Netherspite Historian, class=ANY, rarity=COMMON, mana=2]
[name=Southsea Captain, class=ANY, rarity=EPIC, mana=3]
[name=Polluted Hoarder, class=ANY, rarity=COMMON, mana=4]
[name=Gurubashi Berserker, class=ANY, rarity=FREE, mana=5]
[name=War Golem, class=ANY, rarity=FREE, mana=7]
[name=Kabal Courier, class=ANY, rarity=RARE, mana=3]
[name=Leeroy Jenkins, class=ANY, rarity=LEGENDARY, mana=5]


=====
MANA CURVE
=====
1=6
2=6
3=4
4=3
5=5
6=3
7=1
7 or more=2

=====
FITNESS=107
=====

=====
GAME STATISTICS
=====

opponent=Purple Rank #1 Legend Midrange Hunter
WIN_RATE=87.50%DAMAGE_DEALT=29.125HEALING_DONE=1.1875MANA_SPENT=37.375CARDS_PLAYED=13.8125TURNS_TAKEN=9.5625MINIONS_PLAYED=21.0SPELLS_CAST=1.8125HERO_POWER_USED=1.75

opponent=MatGagne Shadow Madness Priest
WIN_RATE=87.50%DAMAGE_DEALT=31.6875HEALING_DONE=2.3125MANA_SPENT=38.8125CARDS_PLAYED=14.25TURNS_TAKEN=9.5MINIONS_PLAYED=23.125SPELLS_CAST=1.625HERO_POWER_USED=1.625

opponent=Toefoo Rank 1 Cwarrior
WIN_RATE=68.75%DAMAGE_DEALT=37.3125HEALING_DONE=1.4375MANA_SPENT=40.125CARDS_PLAYED=15.0625TURNS_TAKEN=10.0625MINIONS_PLAYED=22.125SPELLS_CAST=2.3125HERO_POWER_USED=2.125

opponent=Phonetap's Mech Shaman
WIN_RATE=87.50%DAMAGE_DEALT=36.125HEALING_DONE=1.6875MANA_SPENT=37.125CARDS_PLAYED=14.125TURNS_TAKEN=9.6875MINIONS_PLAYED=20.9375SPELLS_CAST=1.8125HERO_POWER_USED=2.0625

opponent=Aggro Paladin Meta Snapshot #17
WIN_RATE=81.25%DAMAGE_DEALT=39.0HEALING_DONE=1.75MANA_SPENT=42.0CARDS_PLAYED=15.0TURNS_TAKEN=10.0625MINIONS_PLAYED=23.25SPELLS_CAST=2.25HERO_POWER_USED=1.625

opponent=Hyunher Tempo Mage
WIN_RATE=100.00%DAMAGE_DEALT=26.0HEALING_DONE=0.6875MANA_SPENT=38.0625CARDS_PLAYED=12.125TURNS_TAKEN=9.375MINIONS_PLAYED=18.8125SPELLS_CAST=2.1875HERO_POWER_USED=0.875

opponent=Mid-Range Druid Meta Snapshot #16
WIN_RATE=75.00%DAMAGE_DEALT=28.125HEALING_DONE=1.0MANA_SPENT=34.625CARDS_PLAYED=12.875TURNS_TAKEN=8.875MINIONS_PLAYED=19.1875SPELLS_CAST=2.1875HERO_POWER_USED=1.375

opponent=Toefoo Rank 1 Oil Rogue
WIN_RATE=75.00%DAMAGE_DEALT=37.375HEALING_DONE=0.9375MANA_SPENT=38.9375CARDS_PLAYED=14.5625TURNS_TAKEN=9.625MINIONS_PLAYED=22.25SPELLS_CAST=2.3125HERO_POWER_USED=1.4375

opponent=Neviilz MalyGod Meta Snapshot #18
WIN_RATE=87.50%DAMAGE_DEALT=33.4375HEALING_DONE=0.75MANA_SPENT=38.75CARDS_PLAYED=14.9375TURNS_TAKEN=9.8125MINIONS_PLAYED=21.75SPELLS_CAST=2.5HERO_POWER_USED=2.0

=====
JENETICS STATISTICS
=====
+---------------------------------------------------------------------------+
|  Time statistics                                                          |
+---------------------------------------------------------------------------+
|             Selection: sum=0.008067200000 s; mean=0.000161344000 s        |
|              Altering: sum=0.027528233000 s; mean=0.000550564660 s        |
|   Fitness calculation: sum=294.633700646000 s; mean=5.892674012920 s      |
|     Overall execution: sum=294.672640988000 s; mean=5.893452819760 s      |
+---------------------------------------------------------------------------+
|  Evolution statistics                                                     |
+---------------------------------------------------------------------------+
|           Generations: 50                                                 |
|               Altered: sum=136; mean=2.720000000                          |
|                Killed: sum=0; mean=0.000000000                            |
|              Invalids: sum=16; mean=0.320000000                           |
+---------------------------------------------------------------------------+
|  Population statistics                                                    |
+---------------------------------------------------------------------------+
|                   Age: max=36; mean=11.304000; var=119.169924             |
|               Fitness:                                                    |
|                      min  = 14.000000000000                               |
|                      max  = 107.000000000000                              |
|                      mean = 88.158000000000                               |
|                      var  = 514.073182364729                              |
|                      std  = 22.673182007930                               |
+---------------------------------------------------------------------------+
infeasible rate=0
