
=====
(2, 10)-EA
=====
population size=10
max generations=1.8
max fitness=128
number of games=16.0
hero class=HUNTER

opponents=[Aggro Paladin Meta Snapshot #17, Toefoo Rank 1 Cwarrior, Neviilz MalyGod Meta Snapshot #18, Phonetap's Mech Shaman, Mid-Range Druid Meta Snapshot #16, Purple Rank #1 Legend Midrange Hunter, Toefoo Rank 1 Oil Rogue, MatGagne Shadow Madness Priest, Hyunher Tempo Mage]
=====
Initial Deck
=====
[name=Knife Juggler, class=ANY, rarity=RARE, mana=2]
[name=Savannah Highmane, class=HUNTER, rarity=RARE, mana=6]
[name=Houndmaster, class=HUNTER, rarity=FREE, mana=4]
[name=Explosive Trap, class=HUNTER, rarity=COMMON, mana=2]
[name=Loatheb, class=ANY, rarity=LEGENDARY, mana=5]
[name=Piloted Shredder, class=ANY, rarity=COMMON, mana=4]
[name=Mad Scientist, class=ANY, rarity=COMMON, mana=2]
[name=Loatheb, class=ANY, rarity=LEGENDARY, mana=5]
[name=Leper Gnome, class=ANY, rarity=COMMON, mana=1]
[name=Loatheb, class=ANY, rarity=LEGENDARY, mana=5]
[name=Freezing Trap, class=HUNTER, rarity=COMMON, mana=2]
[name=Leper Gnome, class=ANY, rarity=COMMON, mana=1]
[name=Leper Gnome, class=ANY, rarity=COMMON, mana=1]
[name=Savannah Highmane, class=HUNTER, rarity=RARE, mana=6]
[name=Mad Scientist, class=ANY, rarity=COMMON, mana=2]
[name=Freezing Trap, class=HUNTER, rarity=COMMON, mana=2]
[name=Kill Command, class=HUNTER, rarity=FREE, mana=3]
[name=Explosive Trap, class=HUNTER, rarity=COMMON, mana=2]
[name=Piloted Shredder, class=ANY, rarity=COMMON, mana=4]
[name=Piloted Shredder, class=ANY, rarity=COMMON, mana=4]
[name=Freezing Trap, class=HUNTER, rarity=COMMON, mana=2]
[name=Savannah Highmane, class=HUNTER, rarity=RARE, mana=6]
[name=Houndmaster, class=HUNTER, rarity=FREE, mana=4]
[name=Kill Command, class=HUNTER, rarity=FREE, mana=3]
[name=Sludge Belcher, class=ANY, rarity=RARE, mana=5]
[name=Animal Companion, class=HUNTER, rarity=FREE, mana=3]
[name=Haunted Creeper, class=ANY, rarity=COMMON, mana=2]
[name=Knife Juggler, class=ANY, rarity=RARE, mana=2]
[name=Piloted Shredder, class=ANY, rarity=COMMON, mana=4]
[name=Mad Scientist, class=ANY, rarity=COMMON, mana=2]


=====
GENERATION 0
=====
best=80
avg=73.4
worst=55.0
infeasible rate=0.0
mutation rate=0.9
=====

=====
GENERATION 5
=====
best=102
avg=84.9
worst=30.0
infeasible rate=0.0
mutation rate=1.8
=====

=====
GENERATION 10
=====
best=118
avg=89.7
worst=30.0
infeasible rate=0.0
mutation rate=3.6
=====

=====
GENERATION 15
=====
best=118
avg=87.2
worst=22.0
infeasible rate=0.0
mutation rate=7.2
=====

=====
GENERATION 20
=====
best=118
avg=88.8
worst=22.0
infeasible rate=0.0
mutation rate=14.4
=====

=====
GENERATION 25
=====
best=118
avg=92.1
worst=31.0
infeasible rate=0.0
mutation rate=28.8
=====

=====
GENERATION 30
=====
best=118
avg=84.0
worst=18.0
infeasible rate=0.0
mutation rate=14.4
=====

=====
GENERATION 35
=====
best=118
avg=104.6
worst=38.0
infeasible rate=0.0
mutation rate=28.8
=====

=====
GENERATION 40
=====
best=118
avg=105.8
worst=44.0
infeasible rate=0.0
mutation rate=28.8
=====

=====
GENERATION 45
=====
best=118
avg=106.8
worst=56.0
infeasible rate=0.0
mutation rate=14.4
=====

=====
BEST
=====
[name=Naga Corsair, class=ANY, rarity=COMMON, mana=4]
[name=Ysera Awakens, class=ANY, rarity=FREE, mana=2]
[name=Deadly Shot, class=HUNTER, rarity=COMMON, mana=3]
[name=Grimestreet Smuggler, class=ANY, rarity=COMMON, mana=3]
[name=Bananas, class=ANY, rarity=FREE, mana=1]
[name=Priestess of Elune, class=ANY, rarity=COMMON, mana=6]
[name=Nozdormu, class=ANY, rarity=LEGENDARY, mana=9]
[name=Piranha, class=HUNTER, rarity=FREE, mana=1]
[name=Hired Gun, class=ANY, rarity=COMMON, mana=3]
[name=Knife Juggler, class=ANY, rarity=RARE, mana=2]
[name=Tabbycat, class=HUNTER, rarity=FREE, mana=1]
[name=Bog Creeper, class=ANY, rarity=COMMON, mana=7]
[name=Doomsayer, class=ANY, rarity=EPIC, mana=2]
[name=Doomsayer, class=ANY, rarity=EPIC, mana=2]
[name=Coldlight Oracle, class=ANY, rarity=RARE, mana=3]
[name=Blackwater Pirate, class=ANY, rarity=RARE, mana=4]
[name=Fen Creeper, class=ANY, rarity=COMMON, mana=5]
[name=Twilight Elder, class=ANY, rarity=COMMON, mana=3]
[name=Blowgill Sniper, class=ANY, rarity=COMMON, mana=2]
[name=Shaky Zipgunner, class=HUNTER, rarity=COMMON, mana=3]
[name=Rat, class=HUNTER, rarity=FREE, mana=1]
[name=Abomination, class=ANY, rarity=RARE, mana=5]
[name=Slime, class=ANY, rarity=COMMON, mana=2]
[name=Dark Iron Dwarf, class=ANY, rarity=COMMON, mana=4]
[name=Damaged Golem, class=ANY, rarity=COMMON, mana=1]
[name=Stampeding Kodo, class=ANY, rarity=RARE, mana=5]
[name=Big Bad Wolf, class=HUNTER, rarity=COMMON, mana=2]
[name=Captain Greenskin, class=ANY, rarity=LEGENDARY, mana=5]
[name=Faceless Behemoth, class=ANY, rarity=COMMON, mana=10]
[name=Mad Bomber, class=ANY, rarity=COMMON, mana=2]


=====
MANA CURVE
=====
1=5
2=8
3=6
4=3
5=4
6=1
7=1
7 or more=2

=====
FITNESS=118
=====

=====
GAME STATISTICS
=====

opponent=Purple Rank #1 Legend Midrange Hunter
WIN_RATE=100.00%DAMAGE_DEALT=56.0625MANA_SPENT=42.75CARDS_PLAYED=13.875TURNS_TAKEN=9.9375MINIONS_PLAYED=21.5SPELLS_CAST=1.375HERO_POWER_USED=1.75

opponent=MatGagne Shadow Madness Priest
WIN_RATE=81.25%DAMAGE_DEALT=50.75MANA_SPENT=39.9375CARDS_PLAYED=12.6875TURNS_TAKEN=9.6875MINIONS_PLAYED=20.5SPELLS_CAST=1.0625HERO_POWER_USED=1.375

opponent=Toefoo Rank 1 Cwarrior
WIN_RATE=87.50%DAMAGE_DEALT=46.4375MANA_SPENT=40.4375CARDS_PLAYED=12.75TURNS_TAKEN=9.6875MINIONS_PLAYED=21.0SPELLS_CAST=0.5HERO_POWER_USED=1.75

opponent=Phonetap's Mech Shaman
WIN_RATE=93.75%DAMAGE_DEALT=57.3125MANA_SPENT=44.1875CARDS_PLAYED=14.25TURNS_TAKEN=10.1875MINIONS_PLAYED=23.625SPELLS_CAST=1.0HERO_POWER_USED=1.4375

opponent=Aggro Paladin Meta Snapshot #17
WIN_RATE=93.75%DAMAGE_DEALT=56.375MANA_SPENT=39.875CARDS_PLAYED=13.6875TURNS_TAKEN=9.625MINIONS_PLAYED=21.0SPELLS_CAST=1.3125HERO_POWER_USED=1.875

opponent=Hyunher Tempo Mage
WIN_RATE=93.75%DAMAGE_DEALT=48.5MANA_SPENT=38.875CARDS_PLAYED=12.5625TURNS_TAKEN=9.5MINIONS_PLAYED=19.5SPELLS_CAST=1.0HERO_POWER_USED=1.8125

opponent=Mid-Range Druid Meta Snapshot #16
WIN_RATE=100.00%DAMAGE_DEALT=44.5625MANA_SPENT=37.375CARDS_PLAYED=11.8125TURNS_TAKEN=9.375MINIONS_PLAYED=18.875SPELLS_CAST=1.25HERO_POWER_USED=1.125

opponent=Toefoo Rank 1 Oil Rogue
WIN_RATE=87.50%DAMAGE_DEALT=56.0MANA_SPENT=37.375CARDS_PLAYED=12.5625TURNS_TAKEN=9.25MINIONS_PLAYED=19.25SPELLS_CAST=1.125HERO_POWER_USED=1.8125

opponent=Neviilz MalyGod Meta Snapshot #18
WIN_RATE=87.50%DAMAGE_DEALT=60.5MANA_SPENT=42.75CARDS_PLAYED=12.5625TURNS_TAKEN=9.8125MINIONS_PLAYED=21.0SPELLS_CAST=1.125HERO_POWER_USED=0.9375

=====
JENETICS STATISTICS
=====
+---------------------------------------------------------------------------+
|  Time statistics                                                          |
+---------------------------------------------------------------------------+
|             Selection: sum=0.006987188000 s; mean=0.000139743760 s        |
|              Altering: sum=0.024287385000 s; mean=0.000485747700 s        |
|   Fitness calculation: sum=331.300550823000 s; mean=6.626011016460 s      |
|     Overall execution: sum=331.336958827000 s; mean=6.626739176540 s      |
+---------------------------------------------------------------------------+
|  Evolution statistics                                                     |
+---------------------------------------------------------------------------+
|           Generations: 50                                                 |
|               Altered: sum=158; mean=3.160000000                          |
|                Killed: sum=0; mean=0.000000000                            |
|              Invalids: sum=14; mean=0.280000000                           |
+---------------------------------------------------------------------------+
|  Population statistics                                                    |
+---------------------------------------------------------------------------+
|                   Age: max=39; mean=12.482000; var=158.943563             |
|               Fitness:                                                    |
|                      min  = 8.000000000000                                |
|                      max  = 118.000000000000                              |
|                      mean = 94.564000000000                               |
|                      var  = 932.699302605210                              |
|                      std  = 30.540126106570                               |
+---------------------------------------------------------------------------+
infeasible rate=0
