
=====
(10, 20)-EA
=====
population size=20
max generations=0.9
max fitness=128
number of games=16.0
hero class=HUNTER

opponents=[Aggro Paladin Meta Snapshot #17, Toefoo Rank 1 Cwarrior, Neviilz MalyGod Meta Snapshot #18, Phonetap's Mech Shaman, Mid-Range Druid Meta Snapshot #16, Purple Rank #1 Legend Midrange Hunter, Toefoo Rank 1 Oil Rogue, MatGagne Shadow Madness Priest, Hyunher Tempo Mage]
=====
GENERATION 0
=====
best=83
worst=0
infeasible rate=0.2
mutation rate=0.45
=====

=====
GENERATION 5
=====
best=107
worst=0
infeasible rate=0.35
mutation rate=0.225
=====

=====
GENERATION 10
=====
best=113
worst=66
infeasible rate=0.55
mutation rate=0.225
=====

=====
GENERATION 15
=====
best=119
worst=43
infeasible rate=0.65
mutation rate=0.1125
=====

=====
GENERATION 20
=====
best=119
worst=0
infeasible rate=0.8
mutation rate=0.05625
=====

=====
GENERATION 25
=====
best=119
worst=0
infeasible rate=1.2
mutation rate=0.028125
=====

=====
GENERATION 30
=====
best=119
worst=0
infeasible rate=1.45
mutation rate=0.0140625
=====

=====
GENERATION 35
=====
best=119
worst=47
infeasible rate=1.45
mutation rate=0.00703125
=====

=====
GENERATION 40
=====
best=119
worst=0
infeasible rate=1.7
mutation rate=0.003515625
=====

=====
GENERATION 45
=====
best=119
worst=0
infeasible rate=2.25
mutation rate=0.0017578125
=====

=====
BEST
=====
[name=Amani Berserker, class=ANY, rarity=COMMON, mana=2]
[name=Twilight Geomancer, class=ANY, rarity=COMMON, mana=2]
[name=Daring Reporter, class=ANY, rarity=COMMON, mana=4]
[name=Lotus Agents, class=ANY, rarity=RARE, mana=5]
[name=Lotus Agents, class=ANY, rarity=RARE, mana=5]
[name=Violet Teacher, class=ANY, rarity=RARE, mana=4]
[name=Bog Creeper, class=ANY, rarity=COMMON, mana=7]
[name=Bog Creeper, class=ANY, rarity=COMMON, mana=7]
[name=Acidic Swamp Ooze, class=ANY, rarity=FREE, mana=2]
[name=Small-Time Buccaneer, class=ANY, rarity=RARE, mana=1]
[name=Murloc Tidehunter, class=ANY, rarity=FREE, mana=2]
[name=Oasis Snapjaw, class=ANY, rarity=FREE, mana=4]
[name=Shattered Sun Cleric, class=ANY, rarity=FREE, mana=3]
[name=Twin Emperor Vek'nilash, class=ANY, rarity=LEGENDARY, mana=7]
[name=Bloodfen Raptor, class=ANY, rarity=FREE, mana=2]
[name=Flame of Azzinoth, class=ANY, rarity=FREE, mana=1]
[name=Abomination, class=ANY, rarity=RARE, mana=5]
[name=Misha, class=HUNTER, rarity=FREE, mana=3]
[name=Lord of the Arena, class=ANY, rarity=FREE, mana=6]
[name=Houndmaster, class=HUNTER, rarity=FREE, mana=4]
[name=Mastiff, class=HUNTER, rarity=COMMON, mana=1]
[name=Voodoo Doctor, class=ANY, rarity=FREE, mana=1]
[name=Piranha Launcher, class=HUNTER, rarity=EPIC, mana=5]
[name=Hyena, class=HUNTER, rarity=RARE, mana=2]
[name=Frostwolf Grunt, class=ANY, rarity=FREE, mana=2]
[name=Big Game Hunter, class=ANY, rarity=EPIC, mana=5]
[name=Southsea Captain, class=ANY, rarity=EPIC, mana=3]
[name=War Golem, class=ANY, rarity=FREE, mana=7]
[name=Worgen Infiltrator, class=ANY, rarity=COMMON, mana=1]
[name=Leeroy Jenkins, class=ANY, rarity=LEGENDARY, mana=5]


=====
MANA CURVE
=====
1=5
2=7
3=3
4=4
5=6
6=1
7=4
7 or more=0

=====
FITNESS=119
=====

=====
GAME STATISTICS
=====

opponent=Purple Rank #1 Legend Midrange Hunter
WIN_RATE=100.00%DAMAGE_DEALT=21.3125MANA_SPENT=27.3125CARDS_PLAYED=8.5625TURNS_TAKEN=7.625MINIONS_PLAYED=16.875SPELLS_CAST=0.25HERO_POWER_USED=0.125

opponent=MatGagne Shadow Madness Priest
WIN_RATE=100.00%DAMAGE_DEALT=23.5625HEALING_DONE=0.5MANA_SPENT=28.5625CARDS_PLAYED=10.0TURNS_TAKEN=8.0625MINIONS_PLAYED=17.25SPELLS_CAST=0.4375HERO_POWER_USED=1.125

opponent=Toefoo Rank 1 Cwarrior
WIN_RATE=93.75%DAMAGE_DEALT=19.75HEALING_DONE=0.5625MANA_SPENT=28.8125CARDS_PLAYED=9.5625TURNS_TAKEN=7.8125MINIONS_PLAYED=17.125SPELLS_CAST=0.5625HERO_POWER_USED=0.75

opponent=Phonetap's Mech Shaman
WIN_RATE=87.50%DAMAGE_DEALT=24.6875HEALING_DONE=0.625MANA_SPENT=31.8125CARDS_PLAYED=10.25TURNS_TAKEN=8.375MINIONS_PLAYED=18.125SPELLS_CAST=0.625HERO_POWER_USED=0.875

opponent=Aggro Paladin Meta Snapshot #17
WIN_RATE=81.25%DAMAGE_DEALT=23.375HEALING_DONE=0.375MANA_SPENT=27.0CARDS_PLAYED=9.3125TURNS_TAKEN=7.625MINIONS_PLAYED=16.5SPELLS_CAST=0.5625HERO_POWER_USED=0.75

opponent=Hyunher Tempo Mage
WIN_RATE=93.75%DAMAGE_DEALT=19.375HEALING_DONE=0.375MANA_SPENT=29.125CARDS_PLAYED=9.5625TURNS_TAKEN=8.0625MINIONS_PLAYED=17.0625SPELLS_CAST=0.25HERO_POWER_USED=0.9375

opponent=Mid-Range Druid Meta Snapshot #16
WIN_RATE=75.00%DAMAGE_DEALT=25.9375HEALING_DONE=0.125MANA_SPENT=28.5625CARDS_PLAYED=9.25TURNS_TAKEN=7.875MINIONS_PLAYED=17.125SPELLS_CAST=0.5HERO_POWER_USED=0.5

opponent=Toefoo Rank 1 Oil Rogue
WIN_RATE=100.00%DAMAGE_DEALT=26.5HEALING_DONE=0.375MANA_SPENT=28.8125CARDS_PLAYED=10.0625TURNS_TAKEN=8.0625MINIONS_PLAYED=17.125SPELLS_CAST=0.5625HERO_POWER_USED=1.25

opponent=Neviilz MalyGod Meta Snapshot #18
WIN_RATE=100.00%DAMAGE_DEALT=14.6875HEALING_DONE=0.125MANA_SPENT=26.1875CARDS_PLAYED=8.75TURNS_TAKEN=7.625MINIONS_PLAYED=16.375SPELLS_CAST=0.3125HERO_POWER_USED=0.375

=====
JENETICS STATISTICS
=====
+---------------------------------------------------------------------------+
|  Time statistics                                                          |
+---------------------------------------------------------------------------+
|             Selection: sum=0.006409877000 s; mean=0.000128197540 s        |
|              Altering: sum=0.050458103000 s; mean=0.001009162060 s        |
|   Fitness calculation: sum=975.360580545000 s; mean=19.507211610900 s     |
|     Overall execution: sum=975.435719825000 s; mean=19.508714396500 s     |
+---------------------------------------------------------------------------+
|  Evolution statistics                                                     |
+---------------------------------------------------------------------------+
|           Generations: 50                                                 |
|               Altered: sum=584; mean=11.680000000                         |
|                Killed: sum=0; mean=0.000000000                            |
|              Invalids: sum=0; mean=0.000000000                            |
+---------------------------------------------------------------------------+
|  Population statistics                                                    |
+---------------------------------------------------------------------------+
|                   Age: max=37; mean=8.458000; var=117.073309              |
|               Fitness:                                                    |
|                      min  = 0.000000000000                                |
|                      max  = 119.000000000000                              |
|                      mean = 92.932000000000                               |
|                      var  = 963.116492492493                              |
|                      std  = 31.034118200659                               |
+---------------------------------------------------------------------------+
infeasible rate=1128
