
=====
(10, 20)-EA
=====
population size=20
max generations=0.9
max fitness=128
number of games=16.0
hero class=HUNTER

opponents=[Aggro Paladin Meta Snapshot #17, Toefoo Rank 1 Cwarrior, Neviilz MalyGod Meta Snapshot #18, Phonetap's Mech Shaman, Mid-Range Druid Meta Snapshot #16, Purple Rank #1 Legend Midrange Hunter, Toefoo Rank 1 Oil Rogue, MatGagne Shadow Madness Priest, Hyunher Tempo Mage]
=====
GENERATION 0
=====
best=104
worst=0
infeasible rate=0.25
mutation rate=0.45
=====

=====
GENERATION 5
=====
best=117
worst=0
infeasible rate=0.5
mutation rate=0.225
=====

=====
GENERATION 10
=====
best=117
worst=29
infeasible rate=0.8
mutation rate=0.1125
=====

=====
GENERATION 15
=====
best=120
worst=0
infeasible rate=1.15
mutation rate=0.05625
=====

=====
GENERATION 20
=====
best=120
worst=0
infeasible rate=1.4
mutation rate=0.028125
=====

=====
GENERATION 25
=====
best=120
worst=0
infeasible rate=1.7
mutation rate=0.0140625
=====

=====
GENERATION 30
=====
best=120
worst=0
infeasible rate=2.15
mutation rate=0.00703125
=====

=====
GENERATION 35
=====
best=120
worst=11
infeasible rate=2.5
mutation rate=0.003515625
=====

=====
GENERATION 40
=====
best=120
worst=29
infeasible rate=2.65
mutation rate=0.0017578125
=====

=====
GENERATION 45
=====
best=120
worst=13
infeasible rate=2.7
mutation rate=8.7890625E-4
=====

=====
BEST
=====
[name=Scaled Nightmare, class=ANY, rarity=EPIC, mana=6]
[name=Nozdormu, class=ANY, rarity=LEGENDARY, mana=9]
[name=Eldritch Horror, class=ANY, rarity=COMMON, mana=8]
[name=Jungle Panther, class=ANY, rarity=COMMON, mana=3]
[name=Millhouse Manastorm, class=ANY, rarity=LEGENDARY, mana=2]
[name=Southsea Deckhand, class=ANY, rarity=COMMON, mana=1]
[name=Raid Leader, class=ANY, rarity=FREE, mana=3]
[name=Young Priestess, class=ANY, rarity=RARE, mana=1]
[name=Booty Bay Bodyguard, class=ANY, rarity=FREE, mana=5]
[name=Tabbycat, class=HUNTER, rarity=FREE, mana=1]
[name=N'Zoth, the Corruptor, class=ANY, rarity=LEGENDARY, mana=10]
[name=Dalaran Mage, class=ANY, rarity=FREE, mana=3]
[name=Spellbreaker, class=ANY, rarity=COMMON, mana=4]
[name=Twilight Elder, class=ANY, rarity=COMMON, mana=3]
[name=Snake, class=HUNTER, rarity=EPIC, mana=1]
[name=Explosive Trap, class=HUNTER, rarity=COMMON, mana=2]
[name=Book Wyrm, class=ANY, rarity=RARE, mana=6]
[name=Grook Fu Master, class=ANY, rarity=COMMON, mana=5]
[name=Dire Wolf Alpha, class=ANY, rarity=COMMON, mana=2]
[name=Acolyte of Pain, class=ANY, rarity=COMMON, mana=3]
[name=Carrion Grub, class=HUNTER, rarity=COMMON, mana=3]
[name=Zoobot, class=ANY, rarity=COMMON, mana=3]
[name=Leatherclad Hogleader, class=ANY, rarity=EPIC, mana=6]
[name=Worgen Greaser, class=ANY, rarity=COMMON, mana=4]
[name=Hyena, class=HUNTER, rarity=RARE, mana=2]
[name=Violet Illusionist, class=ANY, rarity=RARE, mana=3]
[name=Cairne Bloodhoof, class=ANY, rarity=LEGENDARY, mana=6]
[name=Genzo, the Shark, class=ANY, rarity=LEGENDARY, mana=4]
[name=Ironforge Rifleman, class=ANY, rarity=FREE, mana=3]
[name=Patches the Pirate, class=ANY, rarity=LEGENDARY, mana=1]


=====
MANA CURVE
=====
1=5
2=4
3=9
4=3
5=2
6=4
7=0
7 or more=3

=====
FITNESS=120
=====

=====
GAME STATISTICS
=====

opponent=Purple Rank #1 Legend Midrange Hunter
WIN_RATE=100.00%DAMAGE_DEALT=13.3125MANA_SPENT=13.8125CARDS_PLAYED=7.0625TURNS_TAKEN=5.6875MINIONS_PLAYED=14.4375HERO_POWER_USED=1.3125

opponent=MatGagne Shadow Madness Priest
WIN_RATE=93.75%DAMAGE_DEALT=16.75MANA_SPENT=15.625CARDS_PLAYED=7.375TURNS_TAKEN=6.1875MINIONS_PLAYED=15.1875HERO_POWER_USED=1.25

opponent=Toefoo Rank 1 Cwarrior
WIN_RATE=93.75%DAMAGE_DEALT=23.125MANA_SPENT=15.3125CARDS_PLAYED=7.4375TURNS_TAKEN=6.1875MINIONS_PLAYED=15.125HERO_POWER_USED=1.5625

opponent=Phonetap's Mech Shaman
WIN_RATE=93.75%DAMAGE_DEALT=17.375MANA_SPENT=13.5CARDS_PLAYED=7.25TURNS_TAKEN=5.875MINIONS_PLAYED=14.1875HERO_POWER_USED=1.625

opponent=Aggro Paladin Meta Snapshot #17
WIN_RATE=100.00%DAMAGE_DEALT=13.5MANA_SPENT=14.0625CARDS_PLAYED=7.1875TURNS_TAKEN=5.8125MINIONS_PLAYED=14.6875HERO_POWER_USED=1.3125

opponent=Hyunher Tempo Mage
WIN_RATE=87.50%DAMAGE_DEALT=14.0MANA_SPENT=12.4375CARDS_PLAYED=5.4375TURNS_TAKEN=5.1875MINIONS_PLAYED=13.25HERO_POWER_USED=0.625

opponent=Mid-Range Druid Meta Snapshot #16
WIN_RATE=87.50%DAMAGE_DEALT=15.1875MANA_SPENT=12.1875CARDS_PLAYED=6.4375TURNS_TAKEN=5.75MINIONS_PLAYED=13.125HERO_POWER_USED=1.5625

opponent=Toefoo Rank 1 Oil Rogue
WIN_RATE=100.00%DAMAGE_DEALT=14.375MANA_SPENT=15.0CARDS_PLAYED=7.4375TURNS_TAKEN=5.8125MINIONS_PLAYED=15.6875HERO_POWER_USED=1.0625

opponent=Neviilz MalyGod Meta Snapshot #18
WIN_RATE=87.50%DAMAGE_DEALT=20.5MANA_SPENT=15.4375CARDS_PLAYED=7.875TURNS_TAKEN=6.0MINIONS_PLAYED=15.4375HERO_POWER_USED=1.625

=====
JENETICS STATISTICS
=====
+---------------------------------------------------------------------------+
|  Time statistics                                                          |
+---------------------------------------------------------------------------+
|             Selection: sum=0.006361906000 s; mean=0.000127238120 s        |
|              Altering: sum=0.059333124000 s; mean=0.001186662480 s        |
|   Fitness calculation: sum=627.186616621000 s; mean=12.543732332420 s     |
|     Overall execution: sum=627.266677369000 s; mean=12.545333547380 s     |
+---------------------------------------------------------------------------+
|  Evolution statistics                                                     |
+---------------------------------------------------------------------------+
|           Generations: 50                                                 |
|               Altered: sum=582; mean=11.640000000                         |
|                Killed: sum=0; mean=0.000000000                            |
|              Invalids: sum=0; mean=0.000000000                            |
+---------------------------------------------------------------------------+
|  Population statistics                                                    |
+---------------------------------------------------------------------------+
|                   Age: max=37; mean=10.743000; var=136.745697             |
|               Fitness:                                                    |
|                      min  = 0.000000000000                                |
|                      max  = 120.000000000000                              |
|                      mean = 93.069000000000                               |
|                      var  = 1460.212451451451                             |
|                      std  = 38.212726302260                               |
+---------------------------------------------------------------------------+
infeasible rate=1596
