
=====
(10, 10)-EA
=====
population size=10
max generations=0.9
max fitness=128
number of games=16.0
hero class=HUNTER

opponents=[Aggro Paladin Meta Snapshot #17, Toefoo Rank 1 Cwarrior, Neviilz MalyGod Meta Snapshot #18, Phonetap's Mech Shaman, Mid-Range Druid Meta Snapshot #16, Purple Rank #1 Legend Midrange Hunter, Toefoo Rank 1 Oil Rogue, MatGagne Shadow Madness Priest, Hyunher Tempo Mage]
=====
Initial Deck
=====
[name=Explosive Trap, class=HUNTER, rarity=COMMON, mana=2]
[name=Savannah Highmane, class=HUNTER, rarity=RARE, mana=6]
[name=Abusive Sergeant, class=ANY, rarity=COMMON, mana=1]
[name=Knife Juggler, class=ANY, rarity=RARE, mana=2]
[name=Hunter's Mark, class=HUNTER, rarity=FREE, mana=1]
[name=Leper Gnome, class=ANY, rarity=COMMON, mana=1]
[name=Knife Juggler, class=ANY, rarity=RARE, mana=2]
[name=Animal Companion, class=HUNTER, rarity=FREE, mana=3]
[name=Freezing Trap, class=HUNTER, rarity=COMMON, mana=2]
[name=Knife Juggler, class=ANY, rarity=RARE, mana=2]
[name=Leper Gnome, class=ANY, rarity=COMMON, mana=1]
[name=Kill Command, class=HUNTER, rarity=FREE, mana=3]
[name=Savannah Highmane, class=HUNTER, rarity=RARE, mana=6]
[name=Savannah Highmane, class=HUNTER, rarity=RARE, mana=6]
[name=Kill Command, class=HUNTER, rarity=FREE, mana=3]
[name=Animal Companion, class=HUNTER, rarity=FREE, mana=3]
[name=Savannah Highmane, class=HUNTER, rarity=RARE, mana=6]
[name=Hunter's Mark, class=HUNTER, rarity=FREE, mana=1]
[name=Leper Gnome, class=ANY, rarity=COMMON, mana=1]
[name=Unleash the Hounds, class=HUNTER, rarity=COMMON, mana=3]
[name=Sludge Belcher, class=ANY, rarity=RARE, mana=5]
[name=Abusive Sergeant, class=ANY, rarity=COMMON, mana=1]
[name=Loatheb, class=ANY, rarity=LEGENDARY, mana=5]
[name=Abusive Sergeant, class=ANY, rarity=COMMON, mana=1]
[name=Kill Command, class=HUNTER, rarity=FREE, mana=3]
[name=Animal Companion, class=HUNTER, rarity=FREE, mana=3]
[name=Savannah Highmane, class=HUNTER, rarity=RARE, mana=6]
[name=Animal Companion, class=HUNTER, rarity=FREE, mana=3]
[name=Leper Gnome, class=ANY, rarity=COMMON, mana=1]
[name=Piloted Shredder, class=ANY, rarity=COMMON, mana=4]


=====
GENERATION 0
=====
best=86
avg=71.8
worst=30.0
infeasible rate=0.3
mutation rate=0.45
=====

=====
GENERATION 5
=====
best=95
avg=67.6
worst=28.0
infeasible rate=0.9
mutation rate=0.225
=====

=====
GENERATION 10
=====
best=114
avg=97.3
worst=61.0
infeasible rate=1.0
mutation rate=0.1125
=====

=====
GENERATION 15
=====
best=114
avg=109.9
worst=73.0
infeasible rate=1.0
mutation rate=0.05625
=====

=====
GENERATION 20
=====
best=114
avg=93.8
worst=20.0
infeasible rate=1.2
mutation rate=0.028125
=====

=====
GENERATION 25
=====
best=114
avg=97.0
worst=46.0
infeasible rate=1.2
mutation rate=0.0140625
=====

=====
GENERATION 30
=====
best=114
avg=103.0
worst=57.0
infeasible rate=1.5
mutation rate=0.00703125
=====

=====
GENERATION 35
=====
best=114
avg=85.8
worst=30.0
infeasible rate=1.6
mutation rate=0.003515625
=====

=====
GENERATION 40
=====
best=114
avg=107.0
worst=44.0
infeasible rate=1.8
mutation rate=0.0017578125
=====

=====
GENERATION 45
=====
best=114
avg=98.9
worst=36.0
infeasible rate=1.9
mutation rate=8.7890625E-4
=====

=====
BEST
=====
[name=Nat, the Darkfisher, class=ANY, rarity=LEGENDARY, mana=2]
[name=Ysera Awakens, class=ANY, rarity=FREE, mana=2]
[name=Gnomish Inventor, class=ANY, rarity=FREE, mana=4]
[name=Harvest Golem, class=ANY, rarity=COMMON, mana=3]
[name=Ysera, class=ANY, rarity=LEGENDARY, mana=9]
[name=Nightmare, class=ANY, rarity=FREE, mana=0]
[name=Baine Bloodhoof, class=ANY, rarity=LEGENDARY, mana=4]
[name=Backstreet Leper, class=ANY, rarity=COMMON, mana=3]
[name=Validated Doomsayer, class=ANY, rarity=EPIC, mana=5]
[name=Mechanical Dragonling, class=ANY, rarity=FREE, mana=1]
[name=Whelp, class=ANY, rarity=FREE, mana=1]
[name=Faerie Dragon, class=ANY, rarity=COMMON, mana=2]
[name=Faerie Dragon, class=ANY, rarity=COMMON, mana=2]
[name=Stonetusk Boar, class=ANY, rarity=FREE, mana=1]
[name=Tabbycat, class=HUNTER, rarity=FREE, mana=1]
[name=Cult Apothecary, class=ANY, rarity=COMMON, mana=5]
[name=Cloaked Huntress, class=HUNTER, rarity=COMMON, mana=3]
[name=Violet Apprentice, class=ANY, rarity=FREE, mana=1]
[name=Youthful Brewmaster, class=ANY, rarity=COMMON, mana=2]
[name=Questing Adventurer, class=ANY, rarity=RARE, mana=3]
[name=Murloc Warleader, class=ANY, rarity=EPIC, mana=3]
[name=Soggoth the Slitherer, class=ANY, rarity=LEGENDARY, mana=9]
[name=Corrupted Seer, class=ANY, rarity=RARE, mana=6]
[name=Corrupted Seer, class=ANY, rarity=RARE, mana=6]
[name=Acolyte of Pain, class=ANY, rarity=COMMON, mana=3]
[name=Tinkmaster Overspark, class=ANY, rarity=LEGENDARY, mana=3]
[name=Big-Time Racketeer, class=ANY, rarity=COMMON, mana=6]
[name=Moat Lurker, class=ANY, rarity=RARE, mana=6]
[name=Core Hound, class=ANY, rarity=FREE, mana=7]
[name=Runic Egg, class=ANY, rarity=COMMON, mana=1]


=====
MANA CURVE
=====
1=6
2=5
3=7
4=2
5=2
6=4
7=1
7 or more=3

=====
FITNESS=114
=====

=====
GAME STATISTICS
=====

opponent=Purple Rank #1 Legend Midrange Hunter
WIN_RATE=100.00%DAMAGE_DEALT=18.125HEALING_DONE=0.375MANA_SPENT=25.8125CARDS_PLAYED=9.5TURNS_TAKEN=7.5MINIONS_PLAYED=17.1875HERO_POWER_USED=1.125

opponent=MatGagne Shadow Madness Priest
WIN_RATE=81.25%DAMAGE_DEALT=28.8125HEALING_DONE=0.875MANA_SPENT=30.875CARDS_PLAYED=11.125TURNS_TAKEN=8.375MINIONS_PLAYED=19.75HERO_POWER_USED=1.4375

opponent=Toefoo Rank 1 Cwarrior
WIN_RATE=81.25%DAMAGE_DEALT=20.1875HEALING_DONE=2.125MANA_SPENT=26.625CARDS_PLAYED=9.875TURNS_TAKEN=7.6875MINIONS_PLAYED=17.75HERO_POWER_USED=1.1875

opponent=Phonetap's Mech Shaman
WIN_RATE=93.75%DAMAGE_DEALT=18.5625HEALING_DONE=0.75MANA_SPENT=28.0CARDS_PLAYED=10.125TURNS_TAKEN=8.0MINIONS_PLAYED=18.6875HERO_POWER_USED=1.0625

opponent=Aggro Paladin Meta Snapshot #17
WIN_RATE=81.25%DAMAGE_DEALT=24.125HEALING_DONE=1.875MANA_SPENT=25.75CARDS_PLAYED=9.875TURNS_TAKEN=7.875MINIONS_PLAYED=17.4375HERO_POWER_USED=1.5

opponent=Hyunher Tempo Mage
WIN_RATE=100.00%DAMAGE_DEALT=23.4375HEALING_DONE=1.0MANA_SPENT=31.0625CARDS_PLAYED=10.75TURNS_TAKEN=8.5625MINIONS_PLAYED=18.625HERO_POWER_USED=1.75

opponent=Mid-Range Druid Meta Snapshot #16
WIN_RATE=93.75%DAMAGE_DEALT=13.3125HEALING_DONE=1.375MANA_SPENT=27.25CARDS_PLAYED=10.6875TURNS_TAKEN=7.875MINIONS_PLAYED=19.0625HERO_POWER_USED=1.375

opponent=Toefoo Rank 1 Oil Rogue
WIN_RATE=93.75%DAMAGE_DEALT=16.75HEALING_DONE=0.625MANA_SPENT=25.9375CARDS_PLAYED=9.625TURNS_TAKEN=7.9375MINIONS_PLAYED=16.9375HERO_POWER_USED=1.3125

opponent=Neviilz MalyGod Meta Snapshot #18
WIN_RATE=75.00%DAMAGE_DEALT=25.25HEALING_DONE=0.125MANA_SPENT=28.9375CARDS_PLAYED=9.8125TURNS_TAKEN=8.0MINIONS_PLAYED=18.0HERO_POWER_USED=1.0625

=====
JENETICS STATISTICS
=====
+---------------------------------------------------------------------------+
|  Time statistics                                                          |
+---------------------------------------------------------------------------+
|             Selection: sum=0.002096675000 s; mean=0.000041933500 s        |
|              Altering: sum=0.007508081000 s; mean=0.000150161620 s        |
|   Fitness calculation: sum=219.376418894000 s; mean=4.387528377880 s      |
|     Overall execution: sum=219.390696257000 s; mean=4.387813925140 s      |
+---------------------------------------------------------------------------+
|  Evolution statistics                                                     |
+---------------------------------------------------------------------------+
|           Generations: 50                                                 |
|               Altered: sum=166; mean=3.320000000                          |
|                Killed: sum=0; mean=0.000000000                            |
|              Invalids: sum=0; mean=0.000000000                            |
+---------------------------------------------------------------------------+
|  Population statistics                                                    |
+---------------------------------------------------------------------------+
|                   Age: max=40; mean=12.898000; var=162.989575             |
|               Fitness:                                                    |
|                      min  = 0.000000000000                                |
|                      max  = 114.000000000000                              |
|                      mean = 93.640000000000                               |
|                      var  = 962.086573146293                              |
|                      std  = 31.017520422276                               |
+---------------------------------------------------------------------------+
infeasible rate=190
