
=====
(10, 10)-EA
=====
population size=10
max generations=0.9
max fitness=128
number of games=16.0
hero class=HUNTER

opponents=[Aggro Paladin Meta Snapshot #17, Toefoo Rank 1 Cwarrior, Neviilz MalyGod Meta Snapshot #18, Phonetap's Mech Shaman, Mid-Range Druid Meta Snapshot #16, Purple Rank #1 Legend Midrange Hunter, Toefoo Rank 1 Oil Rogue, MatGagne Shadow Madness Priest, Hyunher Tempo Mage]
=====
Initial Deck
=====
[name=Eaglehorn Bow, class=HUNTER, rarity=RARE, mana=3]
[name=Mad Scientist, class=ANY, rarity=COMMON, mana=2]
[name=Abusive Sergeant, class=ANY, rarity=COMMON, mana=1]
[name=Mad Scientist, class=ANY, rarity=COMMON, mana=2]
[name=Mad Scientist, class=ANY, rarity=COMMON, mana=2]
[name=Animal Companion, class=HUNTER, rarity=FREE, mana=3]
[name=Leper Gnome, class=ANY, rarity=COMMON, mana=1]
[name=Hunter's Mark, class=HUNTER, rarity=FREE, mana=1]
[name=Leper Gnome, class=ANY, rarity=COMMON, mana=1]
[name=Kill Command, class=HUNTER, rarity=FREE, mana=3]
[name=Unleash the Hounds, class=HUNTER, rarity=COMMON, mana=3]
[name=Leper Gnome, class=ANY, rarity=COMMON, mana=1]
[name=Leper Gnome, class=ANY, rarity=COMMON, mana=1]
[name=Haunted Creeper, class=ANY, rarity=COMMON, mana=2]
[name=Abusive Sergeant, class=ANY, rarity=COMMON, mana=1]
[name=Knife Juggler, class=ANY, rarity=RARE, mana=2]
[name=Kill Command, class=HUNTER, rarity=FREE, mana=3]
[name=Hunter's Mark, class=HUNTER, rarity=FREE, mana=1]
[name=Explosive Trap, class=HUNTER, rarity=COMMON, mana=2]
[name=Savannah Highmane, class=HUNTER, rarity=RARE, mana=6]
[name=Houndmaster, class=HUNTER, rarity=FREE, mana=4]
[name=Hunter's Mark, class=HUNTER, rarity=FREE, mana=1]
[name=Freezing Trap, class=HUNTER, rarity=COMMON, mana=2]
[name=Savannah Highmane, class=HUNTER, rarity=RARE, mana=6]
[name=Haunted Creeper, class=ANY, rarity=COMMON, mana=2]
[name=Freezing Trap, class=HUNTER, rarity=COMMON, mana=2]
[name=Freezing Trap, class=HUNTER, rarity=COMMON, mana=2]
[name=Abusive Sergeant, class=ANY, rarity=COMMON, mana=1]
[name=Mad Scientist, class=ANY, rarity=COMMON, mana=2]
[name=Knife Juggler, class=ANY, rarity=RARE, mana=2]


=====
GENERATION 0
=====
best=105
avg=64.7
worst=40.0
infeasible rate=0.1
mutation rate=0.45
=====

=====
GENERATION 5
=====
best=105
avg=64.7
worst=17.0
infeasible rate=0.3
mutation rate=0.225
=====

=====
GENERATION 10
=====
best=105
avg=99.3
worst=48.0
infeasible rate=0.3
mutation rate=0.1125
=====

=====
GENERATION 15
=====
best=105
avg=98.1
worst=36.0
infeasible rate=0.4
mutation rate=0.05625
=====

=====
GENERATION 20
=====
best=105
avg=79.4
worst=59.0
infeasible rate=0.6
mutation rate=0.028125
=====

=====
GENERATION 25
=====
best=105
avg=85.7
worst=17.0
infeasible rate=0.7
mutation rate=0.0140625
=====

=====
GENERATION 30
=====
best=105
avg=81.9
worst=36.0
infeasible rate=0.7
mutation rate=0.00703125
=====

=====
GENERATION 35
=====
best=105
avg=103.7
worst=92.0
infeasible rate=0.7
mutation rate=0.003515625
=====

=====
GENERATION 40
=====
best=105
avg=94.6
worst=26.0
infeasible rate=1.0
mutation rate=0.0017578125
=====

=====
GENERATION 45
=====
best=105
avg=76.6
worst=56.0
infeasible rate=1.3
mutation rate=8.7890625E-4
=====

=====
BEST
=====
[name=Wolfrider, class=ANY, rarity=FREE, mana=3]
[name=Avian Watcher, class=ANY, rarity=COMMON, mana=5]
[name=Illidan Stormrage, class=ANY, rarity=LEGENDARY, mana=6]
[name=Bloodsail Corsair, class=ANY, rarity=RARE, mana=1]
[name=Magma Rager, class=ANY, rarity=COMMON, mana=3]
[name=Hogger, class=ANY, rarity=LEGENDARY, mana=6]
[name=Hired Gun, class=ANY, rarity=COMMON, mana=3]
[name=Whelp, class=ANY, rarity=FREE, mana=1]
[name=Hogger, Doom of Elwynn, class=ANY, rarity=LEGENDARY, mana=7]
[name=Street Trickster, class=ANY, rarity=COMMON, mana=3]
[name=Cult Apothecary, class=ANY, rarity=COMMON, mana=5]
[name=Twin Emperor Vek'lor, class=ANY, rarity=LEGENDARY, mana=7]
[name=Violet Apprentice, class=ANY, rarity=FREE, mana=1]
[name=Snake, class=HUNTER, rarity=EPIC, mana=1]
[name=Windfury Harpy, class=ANY, rarity=COMMON, mana=6]
[name=Pompous Thespian, class=ANY, rarity=COMMON, mana=2]
[name=Faceless Destroyer, class=ANY, rarity=FREE, mana=4]
[name=Flame of Azzinoth, class=ANY, rarity=FREE, mana=1]
[name=Soggoth the Slitherer, class=ANY, rarity=LEGENDARY, mana=9]
[name=Grook Fu Master, class=ANY, rarity=COMMON, mana=5]
[name=Kooky Chemist, class=ANY, rarity=COMMON, mana=4]
[name=Devilsaur, class=ANY, rarity=COMMON, mana=5]
[name=Alleycat, class=HUNTER, rarity=COMMON, mana=1]
[name=The Curator, class=ANY, rarity=LEGENDARY, mana=7]
[name=Carrion Grub, class=HUNTER, rarity=COMMON, mana=3]
[name=Princess Huhuran, class=HUNTER, rarity=LEGENDARY, mana=5]
[name=Hound, class=HUNTER, rarity=COMMON, mana=1]
[name=Dread Corsair, class=ANY, rarity=COMMON, mana=4]
[name=Blood Knight, class=ANY, rarity=EPIC, mana=3]
[name=Trogg Beastrager, class=HUNTER, rarity=RARE, mana=2]


=====
MANA CURVE
=====
1=7
2=2
3=6
4=3
5=5
6=3
7=3
7 or more=1

=====
FITNESS=105
=====

=====
GAME STATISTICS
=====

opponent=Purple Rank #1 Legend Midrange Hunter
WIN_RATE=75.00%DAMAGE_DEALT=49.3125MANA_SPENT=22.875CARDS_PLAYED=16.1875TURNS_TAKEN=10.25MINIONS_PLAYED=19.625SPELLS_CAST=2.875HERO_POWER_USED=5.6875

opponent=MatGagne Shadow Madness Priest
WIN_RATE=75.00%DAMAGE_DEALT=51.4375MANA_SPENT=22.8125CARDS_PLAYED=16.3125TURNS_TAKEN=10.0625MINIONS_PLAYED=20.3125SPELLS_CAST=3.0HERO_POWER_USED=5.625

opponent=Toefoo Rank 1 Cwarrior
WIN_RATE=81.25%DAMAGE_DEALT=48.0MANA_SPENT=24.1875CARDS_PLAYED=15.5TURNS_TAKEN=9.75MINIONS_PLAYED=20.375SPELLS_CAST=2.6875HERO_POWER_USED=5.125

opponent=Phonetap's Mech Shaman
WIN_RATE=87.50%DAMAGE_DEALT=45.5MANA_SPENT=22.375CARDS_PLAYED=16.0625TURNS_TAKEN=10.1875MINIONS_PLAYED=20.25SPELLS_CAST=3.125HERO_POWER_USED=5.4375

opponent=Aggro Paladin Meta Snapshot #17
WIN_RATE=81.25%DAMAGE_DEALT=45.125MANA_SPENT=21.1875CARDS_PLAYED=15.5625TURNS_TAKEN=9.625MINIONS_PLAYED=19.625SPELLS_CAST=2.75HERO_POWER_USED=5.25

opponent=Hyunher Tempo Mage
WIN_RATE=87.50%DAMAGE_DEALT=49.6875MANA_SPENT=22.375CARDS_PLAYED=15.25TURNS_TAKEN=9.8125MINIONS_PLAYED=19.0SPELLS_CAST=2.9375HERO_POWER_USED=5.0625

opponent=Mid-Range Druid Meta Snapshot #16
WIN_RATE=81.25%DAMAGE_DEALT=45.9375MANA_SPENT=22.0CARDS_PLAYED=15.0TURNS_TAKEN=9.8125MINIONS_PLAYED=18.1875SPELLS_CAST=2.625HERO_POWER_USED=5.1875

opponent=Toefoo Rank 1 Oil Rogue
WIN_RATE=75.00%DAMAGE_DEALT=41.4375MANA_SPENT=20.375CARDS_PLAYED=15.4375TURNS_TAKEN=9.5MINIONS_PLAYED=19.25SPELLS_CAST=2.6875HERO_POWER_USED=5.4375

opponent=Neviilz MalyGod Meta Snapshot #18
WIN_RATE=93.75%DAMAGE_DEALT=40.0MANA_SPENT=21.375CARDS_PLAYED=14.0625TURNS_TAKEN=9.0625MINIONS_PLAYED=18.6875SPELLS_CAST=2.1875HERO_POWER_USED=4.3125

=====
JENETICS STATISTICS
=====
+---------------------------------------------------------------------------+
|  Time statistics                                                          |
+---------------------------------------------------------------------------+
|             Selection: sum=0.002253016000 s; mean=0.000045060320 s        |
|              Altering: sum=0.006403216000 s; mean=0.000128064320 s        |
|   Fitness calculation: sum=217.410557595000 s; mean=4.348211151900 s      |
|     Overall execution: sum=217.423500627000 s; mean=4.348470012540 s      |
+---------------------------------------------------------------------------+
|  Evolution statistics                                                     |
+---------------------------------------------------------------------------+
|           Generations: 50                                                 |
|               Altered: sum=143; mean=2.860000000                          |
|                Killed: sum=0; mean=0.000000000                            |
|              Invalids: sum=0; mean=0.000000000                            |
+---------------------------------------------------------------------------+
|  Population statistics                                                    |
+---------------------------------------------------------------------------+
|                   Age: max=49; mean=16.862000; var=253.433824             |
|               Fitness:                                                    |
|                      min  = 0.000000000000                                |
|                      max  = 105.000000000000                              |
|                      mean = 87.752000000000                               |
|                      var  = 750.960416833667                              |
|                      std  = 27.403656997446                               |
+---------------------------------------------------------------------------+
infeasible rate=91
