
=====
(10, 10)-EA
=====
population size=10
max generations=0.9
max fitness=128
number of games=16.0
hero class=HUNTER

opponents=[Aggro Paladin Meta Snapshot #17, Toefoo Rank 1 Cwarrior, Neviilz MalyGod Meta Snapshot #18, Phonetap's Mech Shaman, Mid-Range Druid Meta Snapshot #16, Purple Rank #1 Legend Midrange Hunter, Toefoo Rank 1 Oil Rogue, MatGagne Shadow Madness Priest, Hyunher Tempo Mage]
=====
Initial Deck
=====
[name=Kill Command, class=HUNTER, rarity=FREE, mana=3]
[name=Eaglehorn Bow, class=HUNTER, rarity=RARE, mana=3]
[name=Knife Juggler, class=ANY, rarity=RARE, mana=2]
[name=Knife Juggler, class=ANY, rarity=RARE, mana=2]
[name=Glaivezooka, class=HUNTER, rarity=COMMON, mana=2]
[name=Savannah Highmane, class=HUNTER, rarity=RARE, mana=6]
[name=Piloted Shredder, class=ANY, rarity=COMMON, mana=4]
[name=Loatheb, class=ANY, rarity=LEGENDARY, mana=5]
[name=Kill Command, class=HUNTER, rarity=FREE, mana=3]
[name=Explosive Trap, class=HUNTER, rarity=COMMON, mana=2]
[name=Mad Scientist, class=ANY, rarity=COMMON, mana=2]
[name=Haunted Creeper, class=ANY, rarity=COMMON, mana=2]
[name=Abusive Sergeant, class=ANY, rarity=COMMON, mana=1]
[name=Loatheb, class=ANY, rarity=LEGENDARY, mana=5]
[name=Loatheb, class=ANY, rarity=LEGENDARY, mana=5]
[name=Eaglehorn Bow, class=HUNTER, rarity=RARE, mana=3]
[name=Haunted Creeper, class=ANY, rarity=COMMON, mana=2]
[name=Haunted Creeper, class=ANY, rarity=COMMON, mana=2]
[name=Animal Companion, class=HUNTER, rarity=FREE, mana=3]
[name=Kill Command, class=HUNTER, rarity=FREE, mana=3]
[name=Animal Companion, class=HUNTER, rarity=FREE, mana=3]
[name=Animal Companion, class=HUNTER, rarity=FREE, mana=3]
[name=Freezing Trap, class=HUNTER, rarity=COMMON, mana=2]
[name=Abusive Sergeant, class=ANY, rarity=COMMON, mana=1]
[name=Animal Companion, class=HUNTER, rarity=FREE, mana=3]
[name=Knife Juggler, class=ANY, rarity=RARE, mana=2]
[name=Leper Gnome, class=ANY, rarity=COMMON, mana=1]
[name=Piloted Shredder, class=ANY, rarity=COMMON, mana=4]
[name=Savannah Highmane, class=HUNTER, rarity=RARE, mana=6]
[name=Mad Scientist, class=ANY, rarity=COMMON, mana=2]


=====
GENERATION 0
=====
best=87
avg=69.6
worst=33.0
infeasible rate=0.3
mutation rate=0.45
=====

=====
GENERATION 5
=====
best=87
avg=76.1
worst=65.0
infeasible rate=0.4
mutation rate=0.225
=====

=====
GENERATION 10
=====
best=87
avg=73.8
worst=23.0
infeasible rate=0.4
mutation rate=0.1125
=====

=====
GENERATION 15
=====
best=87
avg=68.6
worst=21.0
infeasible rate=0.4
mutation rate=0.05625
=====

=====
GENERATION 20
=====
best=87
avg=73.2
worst=36.0
infeasible rate=0.5
mutation rate=0.028125
=====

=====
GENERATION 25
=====
best=87
avg=83.0
worst=47.0
infeasible rate=0.5
mutation rate=0.0140625
=====

=====
GENERATION 30
=====
best=87
avg=87.0
worst=87.0
infeasible rate=0.5
mutation rate=0.00703125
=====

=====
GENERATION 35
=====
best=87
avg=69.8
worst=9.0
infeasible rate=0.6
mutation rate=0.003515625
=====

=====
GENERATION 40
=====
best=87
avg=72.0
worst=22.0
infeasible rate=0.8
mutation rate=0.0017578125
=====

=====
GENERATION 45
=====
best=87
avg=80.5
worst=22.0
infeasible rate=1.1
mutation rate=8.7890625E-4
=====

=====
BEST
=====
[name=Archmage, class=ANY, rarity=FREE, mana=6]
[name=Barnes, class=ANY, rarity=LEGENDARY, mana=4]
[name=Deadly Shot, class=HUNTER, rarity=COMMON, mana=3]
[name=Ysera, class=ANY, rarity=LEGENDARY, mana=9]
[name=Gadgetzan Auctioneer, class=ANY, rarity=RARE, mana=6]
[name=Illidan Stormrage, class=ANY, rarity=LEGENDARY, mana=6]
[name=Nightmare, class=ANY, rarity=FREE, mana=0]
[name=Sheep, class=ANY, rarity=FREE, mana=1]
[name=Piranha, class=HUNTER, rarity=FREE, mana=1]
[name=Murloc Tidecaller, class=ANY, rarity=RARE, mana=1]
[name=Magma Rager, class=ANY, rarity=COMMON, mana=3]
[name=Boulderfist Ogre, class=ANY, rarity=FREE, mana=6]
[name=Whelp, class=ANY, rarity=FREE, mana=1]
[name=The Beast, class=ANY, rarity=LEGENDARY, mana=6]
[name=Thrallmar Farseer, class=ANY, rarity=COMMON, mana=3]
[name=Oasis Snapjaw, class=ANY, rarity=FREE, mana=4]
[name=N'Zoth, the Corruptor, class=ANY, rarity=LEGENDARY, mana=10]
[name=Tauren Warrior, class=ANY, rarity=COMMON, mana=3]
[name=Rat, class=HUNTER, rarity=FREE, mana=1]
[name=Tanaris Hogchopper, class=ANY, rarity=COMMON, mana=4]
[name=Madam Goya, class=ANY, rarity=LEGENDARY, mana=6]
[name=Frostwolf Warlord, class=ANY, rarity=FREE, mana=5]
[name=Cult Master, class=ANY, rarity=COMMON, mana=4]
[name=Psych-o-Tron, class=ANY, rarity=COMMON, mana=5]
[name=Crazed Alchemist, class=ANY, rarity=RARE, mana=2]
[name=Frostwolf Grunt, class=ANY, rarity=FREE, mana=2]
[name=Coldlight Seer, class=ANY, rarity=RARE, mana=3]
[name=Disciple of C'Thun, class=ANY, rarity=RARE, mana=3]
[name=Murloc Raider, class=ANY, rarity=FREE, mana=1]
[name=Murloc Raider, class=ANY, rarity=FREE, mana=1]


=====
MANA CURVE
=====
1=7
2=2
3=6
4=4
5=2
6=6
7=0
7 or more=3

=====
FITNESS=87
=====

=====
GAME STATISTICS
=====

opponent=Purple Rank #1 Legend Midrange Hunter
WIN_RATE=75.00%DAMAGE_DEALT=56.5625HEALING_DONE=0.1875MANA_SPENT=30.125CARDS_PLAYED=14.25TURNS_TAKEN=9.875MINIONS_PLAYED=19.9375SPELLS_CAST=2.8125HERO_POWER_USED=3.625WEAPONS_EQUIPPED=0.0625

opponent=MatGagne Shadow Madness Priest
WIN_RATE=81.25%DAMAGE_DEALT=44.625MANA_SPENT=27.625CARDS_PLAYED=11.9375TURNS_TAKEN=8.625MINIONS_PLAYED=17.6875SPELLS_CAST=3.3125HERO_POWER_USED=2.125

opponent=Toefoo Rank 1 Cwarrior
WIN_RATE=50.00%DAMAGE_DEALT=52.25MANA_SPENT=27.75CARDS_PLAYED=11.9375TURNS_TAKEN=8.625MINIONS_PLAYED=18.3125SPELLS_CAST=2.4375HERO_POWER_USED=2.625

opponent=Phonetap's Mech Shaman
WIN_RATE=75.00%DAMAGE_DEALT=52.9375MANA_SPENT=29.625CARDS_PLAYED=13.4375TURNS_TAKEN=9.4375MINIONS_PLAYED=19.75SPELLS_CAST=2.375HERO_POWER_USED=3.3125WEAPONS_EQUIPPED=0.125

opponent=Aggro Paladin Meta Snapshot #17
WIN_RATE=68.75%DAMAGE_DEALT=56.5625MANA_SPENT=28.25CARDS_PLAYED=12.25TURNS_TAKEN=9.0625MINIONS_PLAYED=18.25SPELLS_CAST=2.6875HERO_POWER_USED=2.875WEAPONS_EQUIPPED=0.0625

opponent=Hyunher Tempo Mage
WIN_RATE=50.00%DAMAGE_DEALT=48.5MANA_SPENT=26.8125CARDS_PLAYED=11.9375TURNS_TAKEN=8.625MINIONS_PLAYED=17.25SPELLS_CAST=2.75HERO_POWER_USED=2.5625

opponent=Mid-Range Druid Meta Snapshot #16
WIN_RATE=81.25%DAMAGE_DEALT=53.6875HEALING_DONE=0.0625MANA_SPENT=30.375CARDS_PLAYED=14.375TURNS_TAKEN=10.0625MINIONS_PLAYED=20.1875SPELLS_CAST=3.0HERO_POWER_USED=3.8125WEAPONS_EQUIPPED=0.0625

opponent=Toefoo Rank 1 Oil Rogue
WIN_RATE=62.50%DAMAGE_DEALT=48.3125HEALING_DONE=0.1875MANA_SPENT=28.5CARDS_PLAYED=11.6875TURNS_TAKEN=8.4375MINIONS_PLAYED=18.625SPELLS_CAST=2.4375HERO_POWER_USED=2.125

opponent=Neviilz MalyGod Meta Snapshot #18
WIN_RATE=68.75%DAMAGE_DEALT=45.8125MANA_SPENT=26.875CARDS_PLAYED=12.0TURNS_TAKEN=8.6875MINIONS_PLAYED=20.25SPELLS_CAST=1.75HERO_POWER_USED=2.625WEAPONS_EQUIPPED=0.0625

=====
JENETICS STATISTICS
=====
+---------------------------------------------------------------------------+
|  Time statistics                                                          |
+---------------------------------------------------------------------------+
|             Selection: sum=0.002318917000 s; mean=0.000046378340 s        |
|              Altering: sum=0.007168023000 s; mean=0.000143360460 s        |
|   Fitness calculation: sum=192.690392218000 s; mean=3.853807844360 s      |
|     Overall execution: sum=192.704200644000 s; mean=3.854084012880 s      |
+---------------------------------------------------------------------------+
|  Evolution statistics                                                     |
+---------------------------------------------------------------------------+
|           Generations: 50                                                 |
|               Altered: sum=115; mean=2.300000000                          |
|                Killed: sum=0; mean=0.000000000                            |
|              Invalids: sum=0; mean=0.000000000                            |
+---------------------------------------------------------------------------+
|  Population statistics                                                    |
+---------------------------------------------------------------------------+
|                   Age: max=49; mean=18.932000; var=279.602581             |
|               Fitness:                                                    |
|                      min  = 0.000000000000                                |
|                      max  = 87.000000000000                               |
|                      mean = 74.084000000000                               |
|                      var  = 552.401747494990                              |
|                      std  = 23.503228448343                               |
+---------------------------------------------------------------------------+
infeasible rate=66
