
=====
(10, 10)-EA
=====
population size=10
max generations=0.9
max fitness=128
number of games=16.0
hero class=HUNTER

opponents=[Aggro Paladin Meta Snapshot #17, Toefoo Rank 1 Cwarrior, Neviilz MalyGod Meta Snapshot #18, Phonetap's Mech Shaman, Mid-Range Druid Meta Snapshot #16, Purple Rank #1 Legend Midrange Hunter, Toefoo Rank 1 Oil Rogue, MatGagne Shadow Madness Priest, Hyunher Tempo Mage]
=====
Initial Deck
=====
[name=Animal Companion, class=HUNTER, rarity=FREE, mana=3]
[name=Hunter's Mark, class=HUNTER, rarity=FREE, mana=1]
[name=Unleash the Hounds, class=HUNTER, rarity=COMMON, mana=3]
[name=Freezing Trap, class=HUNTER, rarity=COMMON, mana=2]
[name=Haunted Creeper, class=ANY, rarity=COMMON, mana=2]
[name=Glaivezooka, class=HUNTER, rarity=COMMON, mana=2]
[name=Abusive Sergeant, class=ANY, rarity=COMMON, mana=1]
[name=Piloted Shredder, class=ANY, rarity=COMMON, mana=4]
[name=Knife Juggler, class=ANY, rarity=RARE, mana=2]
[name=Knife Juggler, class=ANY, rarity=RARE, mana=2]
[name=Knife Juggler, class=ANY, rarity=RARE, mana=2]
[name=Sludge Belcher, class=ANY, rarity=RARE, mana=5]
[name=Sludge Belcher, class=ANY, rarity=RARE, mana=5]
[name=Mad Scientist, class=ANY, rarity=COMMON, mana=2]
[name=Eaglehorn Bow, class=HUNTER, rarity=RARE, mana=3]
[name=Leper Gnome, class=ANY, rarity=COMMON, mana=1]
[name=Leper Gnome, class=ANY, rarity=COMMON, mana=1]
[name=Eaglehorn Bow, class=HUNTER, rarity=RARE, mana=3]
[name=Savannah Highmane, class=HUNTER, rarity=RARE, mana=6]
[name=Animal Companion, class=HUNTER, rarity=FREE, mana=3]
[name=Eaglehorn Bow, class=HUNTER, rarity=RARE, mana=3]
[name=Hunter's Mark, class=HUNTER, rarity=FREE, mana=1]
[name=Haunted Creeper, class=ANY, rarity=COMMON, mana=2]
[name=Hunter's Mark, class=HUNTER, rarity=FREE, mana=1]
[name=Explosive Trap, class=HUNTER, rarity=COMMON, mana=2]
[name=Loatheb, class=ANY, rarity=LEGENDARY, mana=5]
[name=Eaglehorn Bow, class=HUNTER, rarity=RARE, mana=3]
[name=Sludge Belcher, class=ANY, rarity=RARE, mana=5]
[name=Eaglehorn Bow, class=HUNTER, rarity=RARE, mana=3]
[name=Mad Scientist, class=ANY, rarity=COMMON, mana=2]


=====
GENERATION 0
=====
best=90
avg=57.3
worst=30.0
infeasible rate=0.1
mutation rate=0.45
=====

=====
GENERATION 5
=====
best=97
avg=82.9
worst=42.0
infeasible rate=0.3
mutation rate=0.45
=====

=====
GENERATION 10
=====
best=97
avg=83.3
worst=35.0
infeasible rate=0.5
mutation rate=0.225
=====

=====
GENERATION 15
=====
best=97
avg=87.5
worst=48.0
infeasible rate=0.5
mutation rate=0.1125
=====

=====
GENERATION 20
=====
best=106
avg=91.2
worst=47.0
infeasible rate=0.6
mutation rate=0.05625
=====

=====
GENERATION 25
=====
best=106
avg=84.8
worst=46.0
infeasible rate=0.6
mutation rate=0.028125
=====

=====
GENERATION 30
=====
best=106
avg=102.3
worst=69.0
infeasible rate=0.9
mutation rate=0.0140625
=====

=====
GENERATION 35
=====
best=106
avg=84.0
worst=60.0
infeasible rate=1.0
mutation rate=0.00703125
=====

=====
GENERATION 40
=====
best=106
avg=85.3
worst=31.0
infeasible rate=1.1
mutation rate=0.003515625
=====

=====
GENERATION 45
=====
best=106
avg=99.1
worst=51.0
infeasible rate=1.1
mutation rate=0.0017578125
=====

=====
BEST
=====
[name=Archmage, class=ANY, rarity=FREE, mana=6]
[name=Abusive Sergeant, class=ANY, rarity=COMMON, mana=1]
[name=Barnes, class=ANY, rarity=LEGENDARY, mana=4]
[name=Reckless Rocketeer, class=ANY, rarity=FREE, mana=6]
[name=Nozdormu, class=ANY, rarity=LEGENDARY, mana=9]
[name=Timber Wolf, class=HUNTER, rarity=FREE, mana=1]
[name=Midnight Drake, class=ANY, rarity=RARE, mana=4]
[name=Gladiator's Longbow, class=HUNTER, rarity=EPIC, mana=7]
[name=Hozen Healer, class=ANY, rarity=COMMON, mana=4]
[name=Prince Malchezaar, class=ANY, rarity=LEGENDARY, mana=5]
[name=Argent Squire, class=ANY, rarity=COMMON, mana=1]
[name=Streetwise Investigator, class=ANY, rarity=COMMON, mana=5]
[name=Finja, the Flying Star, class=ANY, rarity=LEGENDARY, mana=5]
[name=Grimscale Oracle, class=ANY, rarity=FREE, mana=1]
[name=Pompous Thespian, class=ANY, rarity=COMMON, mana=2]
[name=Toxic Sewer Ooze, class=ANY, rarity=COMMON, mana=3]
[name=Lord of the Arena, class=ANY, rarity=FREE, mana=6]
[name=Chillwind Yeti, class=ANY, rarity=FREE, mana=4]
[name=Darkspeaker, class=ANY, rarity=EPIC, mana=5]
[name=Houndmaster, class=HUNTER, rarity=FREE, mana=4]
[name=Nerubian Prophet, class=ANY, rarity=COMMON, mana=6]
[name=Stampeding Kodo, class=ANY, rarity=RARE, mana=5]
[name=Laughing Sister, class=ANY, rarity=FREE, mana=3]
[name=Piranha Launcher, class=HUNTER, rarity=EPIC, mana=5]
[name=Hound, class=HUNTER, rarity=COMMON, mana=1]
[name=Crazed Worshipper, class=ANY, rarity=EPIC, mana=5]
[name=The Black Knight, class=ANY, rarity=LEGENDARY, mana=6]
[name=Duskboar, class=ANY, rarity=COMMON, mana=2]
[name=Pint-Sized Summoner, class=ANY, rarity=RARE, mana=2]
[name=Imp Master, class=ANY, rarity=RARE, mana=3]


=====
MANA CURVE
=====
1=5
2=3
3=3
4=5
5=7
6=5
7=1
7 or more=1

=====
FITNESS=106
=====

=====
GAME STATISTICS
=====

opponent=Purple Rank #1 Legend Midrange Hunter
WIN_RATE=93.75%DAMAGE_DEALT=25.625MANA_SPENT=31.25CARDS_PLAYED=11.3125TURNS_TAKEN=8.375MINIONS_PLAYED=19.625SPELLS_CAST=0.125HERO_POWER_USED=1.5625

opponent=MatGagne Shadow Madness Priest
WIN_RATE=81.25%DAMAGE_DEALT=28.0MANA_SPENT=32.5CARDS_PLAYED=11.4375TURNS_TAKEN=8.3125MINIONS_PLAYED=20.625SPELLS_CAST=0.0625HERO_POWER_USED=1.3125

opponent=Toefoo Rank 1 Cwarrior
WIN_RATE=87.50%DAMAGE_DEALT=26.625MANA_SPENT=29.1875CARDS_PLAYED=11.0625TURNS_TAKEN=7.9375MINIONS_PLAYED=19.75SPELLS_CAST=0.0625HERO_POWER_USED=1.3125

opponent=Phonetap's Mech Shaman
WIN_RATE=68.75%DAMAGE_DEALT=35.8125MANA_SPENT=32.8125CARDS_PLAYED=12.0625TURNS_TAKEN=8.6875MINIONS_PLAYED=21.0SPELLS_CAST=0.0625HERO_POWER_USED=1.75

opponent=Aggro Paladin Meta Snapshot #17
WIN_RATE=93.75%DAMAGE_DEALT=30.6875MANA_SPENT=33.875CARDS_PLAYED=12.6875TURNS_TAKEN=8.8125MINIONS_PLAYED=21.1875SPELLS_CAST=0.125HERO_POWER_USED=2.125

opponent=Hyunher Tempo Mage
WIN_RATE=75.00%DAMAGE_DEALT=35.25MANA_SPENT=34.6875CARDS_PLAYED=11.9375TURNS_TAKEN=8.625MINIONS_PLAYED=21.125SPELLS_CAST=0.125HERO_POWER_USED=1.375

opponent=Mid-Range Druid Meta Snapshot #16
WIN_RATE=68.75%DAMAGE_DEALT=36.9375MANA_SPENT=35.125CARDS_PLAYED=12.75TURNS_TAKEN=8.75MINIONS_PLAYED=22.0625SPELLS_CAST=0.0625HERO_POWER_USED=1.8125

opponent=Toefoo Rank 1 Oil Rogue
WIN_RATE=93.75%DAMAGE_DEALT=33.0MANA_SPENT=33.4375CARDS_PLAYED=12.5TURNS_TAKEN=8.8125MINIONS_PLAYED=21.8125HERO_POWER_USED=1.8125

opponent=Neviilz MalyGod Meta Snapshot #18
WIN_RATE=81.25%DAMAGE_DEALT=29.375MANA_SPENT=35.75CARDS_PLAYED=12.125TURNS_TAKEN=8.625MINIONS_PLAYED=22.3125SPELLS_CAST=0.0625HERO_POWER_USED=1.1875

=====
JENETICS STATISTICS
=====
+---------------------------------------------------------------------------+
|  Time statistics                                                          |
+---------------------------------------------------------------------------+
|             Selection: sum=0.001967021000 s; mean=0.000039340420 s        |
|              Altering: sum=0.005648611000 s; mean=0.000112972220 s        |
|   Fitness calculation: sum=247.217512256000 s; mean=4.944350245120 s      |
|     Overall execution: sum=247.229677356000 s; mean=4.944593547120 s      |
+---------------------------------------------------------------------------+
|  Evolution statistics                                                     |
+---------------------------------------------------------------------------+
|           Generations: 50                                                 |
|               Altered: sum=144; mean=2.880000000                          |
|                Killed: sum=0; mean=0.000000000                            |
|              Invalids: sum=0; mean=0.000000000                            |
+---------------------------------------------------------------------------+
|  Population statistics                                                    |
+---------------------------------------------------------------------------+
|                   Age: max=33; mean=9.592000; var=94.755046               |
|               Fitness:                                                    |
|                      min  = 0.000000000000                                |
|                      max  = 106.000000000000                              |
|                      mean = 84.810000000000                               |
|                      var  = 857.885671342685                              |
|                      std  = 29.289685408735                               |
+---------------------------------------------------------------------------+
infeasible rate=91
