
=====
(10, 10)-EA
=====
population size=10
max generations=0.9
max fitness=128
number of games=16.0
hero class=HUNTER

opponents=[Aggro Paladin Meta Snapshot #17, Toefoo Rank 1 Cwarrior, Neviilz MalyGod Meta Snapshot #18, Phonetap's Mech Shaman, Mid-Range Druid Meta Snapshot #16, Purple Rank #1 Legend Midrange Hunter, Toefoo Rank 1 Oil Rogue, MatGagne Shadow Madness Priest, Hyunher Tempo Mage]
=====
Initial Deck
=====
[name=Houndmaster, class=HUNTER, rarity=FREE, mana=4]
[name=Knife Juggler, class=ANY, rarity=RARE, mana=2]
[name=Animal Companion, class=HUNTER, rarity=FREE, mana=3]
[name=Savannah Highmane, class=HUNTER, rarity=RARE, mana=6]
[name=Glaivezooka, class=HUNTER, rarity=COMMON, mana=2]
[name=Leper Gnome, class=ANY, rarity=COMMON, mana=1]
[name=Sludge Belcher, class=ANY, rarity=RARE, mana=5]
[name=Piloted Shredder, class=ANY, rarity=COMMON, mana=4]
[name=Savannah Highmane, class=HUNTER, rarity=RARE, mana=6]
[name=Haunted Creeper, class=ANY, rarity=COMMON, mana=2]
[name=Houndmaster, class=HUNTER, rarity=FREE, mana=4]
[name=Haunted Creeper, class=ANY, rarity=COMMON, mana=2]
[name=Unleash the Hounds, class=HUNTER, rarity=COMMON, mana=3]
[name=Sludge Belcher, class=ANY, rarity=RARE, mana=5]
[name=Abusive Sergeant, class=ANY, rarity=COMMON, mana=1]
[name=Eaglehorn Bow, class=HUNTER, rarity=RARE, mana=3]
[name=Savannah Highmane, class=HUNTER, rarity=RARE, mana=6]
[name=Sludge Belcher, class=ANY, rarity=RARE, mana=5]
[name=Mad Scientist, class=ANY, rarity=COMMON, mana=2]
[name=Animal Companion, class=HUNTER, rarity=FREE, mana=3]
[name=Unleash the Hounds, class=HUNTER, rarity=COMMON, mana=3]
[name=Abusive Sergeant, class=ANY, rarity=COMMON, mana=1]
[name=Savannah Highmane, class=HUNTER, rarity=RARE, mana=6]
[name=Glaivezooka, class=HUNTER, rarity=COMMON, mana=2]
[name=Kill Command, class=HUNTER, rarity=FREE, mana=3]
[name=Knife Juggler, class=ANY, rarity=RARE, mana=2]
[name=Kill Command, class=HUNTER, rarity=FREE, mana=3]
[name=Piloted Shredder, class=ANY, rarity=COMMON, mana=4]
[name=Explosive Trap, class=HUNTER, rarity=COMMON, mana=2]
[name=Animal Companion, class=HUNTER, rarity=FREE, mana=3]


=====
GENERATION 0
=====
best=71
avg=42.7
worst=16.0
infeasible rate=0.0
mutation rate=0.45
=====

=====
GENERATION 5
=====
best=75
avg=54.6
worst=19.0
infeasible rate=0.2
mutation rate=0.225
=====

=====
GENERATION 10
=====
best=80
avg=57.4
worst=26.0
infeasible rate=0.3
mutation rate=0.1125
=====

=====
GENERATION 15
=====
best=85
avg=71.5
worst=75.0
infeasible rate=0.4
mutation rate=0.05625
=====

=====
GENERATION 20
=====
best=85
avg=61.7
worst=14.0
infeasible rate=0.4
mutation rate=0.028125
=====

=====
GENERATION 25
=====
best=85
avg=72.7
worst=26.0
infeasible rate=0.6
mutation rate=0.0140625
=====

=====
GENERATION 30
=====
best=85
avg=62.5
worst=10.0
infeasible rate=0.9
mutation rate=0.00703125
=====

=====
GENERATION 35
=====
best=85
avg=80.5
worst=40.0
infeasible rate=1.0
mutation rate=0.003515625
=====

=====
GENERATION 40
=====
best=85
avg=76.8
worst=14.0
infeasible rate=1.2
mutation rate=0.0017578125
=====

=====
GENERATION 45
=====
best=85
avg=82.0
worst=55.0
infeasible rate=1.2
mutation rate=8.7890625E-4
=====

=====
BEST
=====
[name=Burgly Bully, class=ANY, rarity=EPIC, mana=5]
[name=Bluegill Warrior, class=ANY, rarity=FREE, mana=2]
[name=Kill Command, class=HUNTER, rarity=FREE, mana=3]
[name=Gadgetzan Socialite, class=ANY, rarity=COMMON, mana=2]
[name=Bestial Wrath, class=HUNTER, rarity=EPIC, mana=1]
[name=Priestess of Elune, class=ANY, rarity=COMMON, mana=6]
[name=Cat in a Hat, class=HUNTER, rarity=COMMON, mana=3]
[name=Lotus Agents, class=ANY, rarity=RARE, mana=5]
[name=Sunwalker, class=ANY, rarity=RARE, mana=6]
[name=Ancient Watcher, class=ANY, rarity=RARE, mana=2]
[name=Bog Creeper, class=ANY, rarity=COMMON, mana=7]
[name=Prince Malchezaar, class=ANY, rarity=LEGENDARY, mana=5]
[name=Squire, class=ANY, rarity=COMMON, mana=1]
[name=Blowgill Sniper, class=ANY, rarity=COMMON, mana=2]
[name=Shaky Zipgunner, class=HUNTER, rarity=COMMON, mana=3]
[name=Arcane Anomaly, class=ANY, rarity=COMMON, mana=1]
[name=Infested Wolf, class=HUNTER, rarity=RARE, mana=4]
[name=Misha, class=HUNTER, rarity=FREE, mana=3]
[name=Darkspeaker, class=ANY, rarity=EPIC, mana=5]
[name=Boar, class=ANY, rarity=FREE, mana=1]
[name=Slime, class=ANY, rarity=COMMON, mana=2]
[name=Atiesh, class=ANY, rarity=LEGENDARY, mana=3]
[name=Mukla, Tyrant of the Vale, class=ANY, rarity=LEGENDARY, mana=6]
[name=Voodoo Doctor, class=ANY, rarity=FREE, mana=1]
[name=King Krush, class=HUNTER, rarity=LEGENDARY, mana=9]
[name=Crazed Worshipper, class=ANY, rarity=EPIC, mana=5]
[name=Crazed Worshipper, class=ANY, rarity=EPIC, mana=5]
[name=The Black Knight, class=ANY, rarity=LEGENDARY, mana=6]
[name=Tentacle of N'Zoth, class=ANY, rarity=COMMON, mana=1]
[name=Pint-Sized Summoner, class=ANY, rarity=RARE, mana=2]


=====
MANA CURVE
=====
1=6
2=6
3=5
4=1
5=6
6=4
7=1
7 or more=1

=====
FITNESS=101
=====

=====
GAME STATISTICS
=====

opponent=Purple Rank #1 Legend Midrange Hunter
WIN_RATE=93.75%DAMAGE_DEALT=33.0HEALING_DONE=2.5MANA_SPENT=30.0625CARDS_PLAYED=12.125TURNS_TAKEN=8.6875MINIONS_PLAYED=20.1875SPELLS_CAST=0.5625HERO_POWER_USED=1.75

opponent=MatGagne Shadow Madness Priest
WIN_RATE=81.25%DAMAGE_DEALT=33.5HEALING_DONE=3.375MANA_SPENT=34.0625CARDS_PLAYED=12.5TURNS_TAKEN=8.75MINIONS_PLAYED=21.5625SPELLS_CAST=0.75HERO_POWER_USED=1.125

opponent=Toefoo Rank 1 Cwarrior
WIN_RATE=87.50%DAMAGE_DEALT=35.25HEALING_DONE=2.875MANA_SPENT=31.4375CARDS_PLAYED=12.875TURNS_TAKEN=8.5MINIONS_PLAYED=22.5625SPELLS_CAST=0.3125HERO_POWER_USED=1.5625

opponent=Phonetap's Mech Shaman
WIN_RATE=68.75%DAMAGE_DEALT=28.25HEALING_DONE=3.0MANA_SPENT=27.625CARDS_PLAYED=12.0TURNS_TAKEN=8.0625MINIONS_PLAYED=19.9375SPELLS_CAST=0.3125HERO_POWER_USED=1.8125

opponent=Aggro Paladin Meta Snapshot #17
WIN_RATE=87.50%DAMAGE_DEALT=32.6875HEALING_DONE=3.625MANA_SPENT=30.875CARDS_PLAYED=12.5TURNS_TAKEN=8.5625MINIONS_PLAYED=20.6875SPELLS_CAST=0.8125HERO_POWER_USED=1.5625

opponent=Hyunher Tempo Mage
WIN_RATE=87.50%DAMAGE_DEALT=21.0HEALING_DONE=2.875MANA_SPENT=28.5625CARDS_PLAYED=10.6875TURNS_TAKEN=8.0625MINIONS_PLAYED=18.3125SPELLS_CAST=0.4375HERO_POWER_USED=1.25

opponent=Mid-Range Druid Meta Snapshot #16
WIN_RATE=37.50%DAMAGE_DEALT=52.5HEALING_DONE=4.5625MANA_SPENT=35.5625CARDS_PLAYED=15.1875TURNS_TAKEN=9.3125MINIONS_PLAYED=24.25SPELLS_CAST=0.4375HERO_POWER_USED=2.875

opponent=Toefoo Rank 1 Oil Rogue
WIN_RATE=68.75%DAMAGE_DEALT=37.5HEALING_DONE=4.5MANA_SPENT=32.0625CARDS_PLAYED=12.625TURNS_TAKEN=8.6875MINIONS_PLAYED=20.6875SPELLS_CAST=0.5625HERO_POWER_USED=1.875

opponent=Neviilz MalyGod Meta Snapshot #18
WIN_RATE=93.75%DAMAGE_DEALT=21.625HEALING_DONE=3.25MANA_SPENT=28.75CARDS_PLAYED=11.0TURNS_TAKEN=8.3125MINIONS_PLAYED=19.4375SPELLS_CAST=0.1875HERO_POWER_USED=1.1875

=====
JENETICS STATISTICS
=====
+---------------------------------------------------------------------------+
|  Time statistics                                                          |
+---------------------------------------------------------------------------+
|             Selection: sum=0.001774290000 s; mean=0.000035485800 s        |
|              Altering: sum=0.006031836000 s; mean=0.000120636720 s        |
|   Fitness calculation: sum=174.206936208000 s; mean=3.484138724160 s      |
|     Overall execution: sum=174.219504024000 s; mean=3.484390080480 s      |
+---------------------------------------------------------------------------+
|  Evolution statistics                                                     |
+---------------------------------------------------------------------------+
|           Generations: 50                                                 |
|               Altered: sum=132; mean=2.640000000                          |
|                Killed: sum=0; mean=0.000000000                            |
|              Invalids: sum=0; mean=0.000000000                            |
+---------------------------------------------------------------------------+
|  Population statistics                                                    |
+---------------------------------------------------------------------------+
|                   Age: max=34; mean=10.438000; var=112.070297             |
|               Fitness:                                                    |
|                      min  = 0.000000000000                                |
|                      max  = 85.000000000000                               |
|                      mean = 69.284000000000                               |
|                      var  = 528.969282565130                              |
|                      std  = 22.999332219983                               |
+---------------------------------------------------------------------------+
infeasible rate=91
