
=====
(10, 10)-EA
=====
population size=10
max generations=0.9
max fitness=128
number of games=16.0
hero class=HUNTER

opponents=[Aggro Paladin Meta Snapshot #17, Toefoo Rank 1 Cwarrior, Neviilz MalyGod Meta Snapshot #18, Phonetap's Mech Shaman, Mid-Range Druid Meta Snapshot #16, Purple Rank #1 Legend Midrange Hunter, Toefoo Rank 1 Oil Rogue, MatGagne Shadow Madness Priest, Hyunher Tempo Mage]
=====
Initial Deck
=====
[name=Sludge Belcher, class=ANY, rarity=RARE, mana=5]
[name=Hunter's Mark, class=HUNTER, rarity=FREE, mana=1]
[name=Animal Companion, class=HUNTER, rarity=FREE, mana=3]
[name=Sludge Belcher, class=ANY, rarity=RARE, mana=5]
[name=Abusive Sergeant, class=ANY, rarity=COMMON, mana=1]
[name=Explosive Trap, class=HUNTER, rarity=COMMON, mana=2]
[name=Explosive Trap, class=HUNTER, rarity=COMMON, mana=2]
[name=Mad Scientist, class=ANY, rarity=COMMON, mana=2]
[name=Hunter's Mark, class=HUNTER, rarity=FREE, mana=1]
[name=Knife Juggler, class=ANY, rarity=RARE, mana=2]
[name=Loatheb, class=ANY, rarity=LEGENDARY, mana=5]
[name=Sludge Belcher, class=ANY, rarity=RARE, mana=5]
[name=Abusive Sergeant, class=ANY, rarity=COMMON, mana=1]
[name=Animal Companion, class=HUNTER, rarity=FREE, mana=3]
[name=Freezing Trap, class=HUNTER, rarity=COMMON, mana=2]
[name=Mad Scientist, class=ANY, rarity=COMMON, mana=2]
[name=Hunter's Mark, class=HUNTER, rarity=FREE, mana=1]
[name=Explosive Trap, class=HUNTER, rarity=COMMON, mana=2]
[name=Haunted Creeper, class=ANY, rarity=COMMON, mana=2]
[name=Savannah Highmane, class=HUNTER, rarity=RARE, mana=6]
[name=Haunted Creeper, class=ANY, rarity=COMMON, mana=2]
[name=Animal Companion, class=HUNTER, rarity=FREE, mana=3]
[name=Animal Companion, class=HUNTER, rarity=FREE, mana=3]
[name=Houndmaster, class=HUNTER, rarity=FREE, mana=4]
[name=Mad Scientist, class=ANY, rarity=COMMON, mana=2]
[name=Sludge Belcher, class=ANY, rarity=RARE, mana=5]
[name=Abusive Sergeant, class=ANY, rarity=COMMON, mana=1]
[name=Eaglehorn Bow, class=HUNTER, rarity=RARE, mana=3]
[name=Leper Gnome, class=ANY, rarity=COMMON, mana=1]
[name=Leper Gnome, class=ANY, rarity=COMMON, mana=1]


=====
GENERATION 0
=====
best=100
avg=74.6
worst=30.0
infeasible rate=0.3
mutation rate=0.45
=====

=====
GENERATION 5
=====
best=103
avg=96.6
worst=48.0
infeasible rate=0.3
mutation rate=0.45
=====

=====
GENERATION 10
=====
best=110
avg=96.1
worst=54.0
infeasible rate=0.4
mutation rate=0.225
=====

=====
GENERATION 15
=====
best=120
avg=97.1
worst=23.0
infeasible rate=0.5
mutation rate=0.1125
=====

=====
GENERATION 20
=====
best=120
avg=89.6
worst=13.0
infeasible rate=0.5
mutation rate=0.05625
=====

=====
GENERATION 25
=====
best=120
avg=119.2
worst=112.0
infeasible rate=0.6
mutation rate=0.028125
=====

=====
GENERATION 30
=====
best=120
avg=112.4
worst=44.0
infeasible rate=0.6
mutation rate=0.0140625
=====

=====
GENERATION 35
=====
best=120
avg=98.1
worst=17.0
infeasible rate=0.8
mutation rate=0.00703125
=====

=====
GENERATION 40
=====
best=120
avg=101.9
worst=14.0
infeasible rate=0.9
mutation rate=0.003515625
=====

=====
GENERATION 45
=====
best=120
avg=93.2
worst=29.0
infeasible rate=1.2
mutation rate=0.0017578125
=====

=====
BEST
=====
[name=Flare, class=HUNTER, rarity=RARE, mana=2]
[name=Ysera Awakens, class=ANY, rarity=FREE, mana=2]
[name=Abusive Sergeant, class=ANY, rarity=COMMON, mana=1]
[name=Abusive Sergeant, class=ANY, rarity=COMMON, mana=1]
[name=Barnes, class=ANY, rarity=LEGENDARY, mana=4]
[name=Chicken, class=ANY, rarity=FREE, mana=0]
[name=Hogger, class=ANY, rarity=LEGENDARY, mana=6]
[name=Earthen Ring Farseer, class=ANY, rarity=COMMON, mana=3]
[name=Validated Doomsayer, class=ANY, rarity=EPIC, mana=5]
[name=Southsea Deckhand, class=ANY, rarity=COMMON, mana=1]
[name=Explosive Shot, class=HUNTER, rarity=RARE, mana=5]
[name=Malygos, class=ANY, rarity=LEGENDARY, mana=9]
[name=Acidic Swamp Ooze, class=ANY, rarity=FREE, mana=2]
[name=Deathwing, class=ANY, rarity=LEGENDARY, mana=10]
[name=Blubber Baron, class=ANY, rarity=EPIC, mana=3]
[name=Bilefin Tidehunter, class=ANY, rarity=COMMON, mana=2]
[name=Infest, class=HUNTER, rarity=RARE, mana=3]
[name=Stormwind Champion, class=ANY, rarity=FREE, mana=7]
[name=Darkspeaker, class=ANY, rarity=EPIC, mana=5]
[name=Darkspeaker, class=ANY, rarity=EPIC, mana=5]
[name=Carrion Grub, class=HUNTER, rarity=COMMON, mana=3]
[name=C'Thun's Chosen, class=ANY, rarity=COMMON, mana=4]
[name=The Coin, class=ANY, rarity=FREE, mana=0]
[name=Frostwolf Grunt, class=ANY, rarity=FREE, mana=2]
[name=Bloodsail Raider, class=ANY, rarity=COMMON, mana=2]
[name=Razorfen Hunter, class=ANY, rarity=FREE, mana=3]
[name=Razorfen Hunter, class=ANY, rarity=FREE, mana=3]
[name=Evolved Kobold, class=ANY, rarity=COMMON, mana=4]
[name=Ironforge Rifleman, class=ANY, rarity=FREE, mana=3]
[name=Core Hound, class=ANY, rarity=FREE, mana=7]


=====
MANA CURVE
=====
1=3
2=6
3=7
4=3
5=4
6=1
7=2
7 or more=4

=====
FITNESS=120
=====

=====
GAME STATISTICS
=====

opponent=Purple Rank #1 Legend Midrange Hunter
WIN_RATE=93.75%DAMAGE_DEALT=33.9375HEALING_DONE=1.125MANA_SPENT=32.8125CARDS_PLAYED=11.75TURNS_TAKEN=8.875MINIONS_PLAYED=21.4375SPELLS_CAST=0.8125HERO_POWER_USED=1.5

opponent=MatGagne Shadow Madness Priest
WIN_RATE=100.00%DAMAGE_DEALT=37.8125HEALING_DONE=0.5625MANA_SPENT=29.75CARDS_PLAYED=13.375TURNS_TAKEN=9.1875MINIONS_PLAYED=21.5SPELLS_CAST=1.3125HERO_POWER_USED=2.5

opponent=Toefoo Rank 1 Cwarrior
WIN_RATE=93.75%DAMAGE_DEALT=46.625HEALING_DONE=1.3125MANA_SPENT=32.75CARDS_PLAYED=12.0625TURNS_TAKEN=8.9375MINIONS_PLAYED=21.1875SPELLS_CAST=0.9375HERO_POWER_USED=1.9375

opponent=Phonetap's Mech Shaman
WIN_RATE=87.50%DAMAGE_DEALT=42.5625HEALING_DONE=1.125MANA_SPENT=31.5625CARDS_PLAYED=12.125TURNS_TAKEN=8.75MINIONS_PLAYED=21.375SPELLS_CAST=0.9375HERO_POWER_USED=1.8125

opponent=Aggro Paladin Meta Snapshot #17
WIN_RATE=93.75%DAMAGE_DEALT=37.9375HEALING_DONE=0.375MANA_SPENT=32.0625CARDS_PLAYED=12.8125TURNS_TAKEN=9.1875MINIONS_PLAYED=23.0625SPELLS_CAST=0.75HERO_POWER_USED=2.25

opponent=Hyunher Tempo Mage
WIN_RATE=93.75%DAMAGE_DEALT=48.5HEALING_DONE=1.3125MANA_SPENT=33.3125CARDS_PLAYED=13.4375TURNS_TAKEN=9.875MINIONS_PLAYED=23.3125SPELLS_CAST=1.1875HERO_POWER_USED=2.3125

opponent=Mid-Range Druid Meta Snapshot #16
WIN_RATE=81.25%DAMAGE_DEALT=52.0625HEALING_DONE=1.3125MANA_SPENT=34.25CARDS_PLAYED=13.4375TURNS_TAKEN=9.4375MINIONS_PLAYED=23.3125SPELLS_CAST=1.125HERO_POWER_USED=1.9375

opponent=Toefoo Rank 1 Oil Rogue
WIN_RATE=100.00%DAMAGE_DEALT=43.375HEALING_DONE=2.25MANA_SPENT=30.625CARDS_PLAYED=12.8125TURNS_TAKEN=8.875MINIONS_PLAYED=21.1875SPELLS_CAST=1.25HERO_POWER_USED=2.125

opponent=Neviilz MalyGod Meta Snapshot #18
WIN_RATE=93.75%DAMAGE_DEALT=41.8125HEALING_DONE=0.9375MANA_SPENT=31.3125CARDS_PLAYED=13.25TURNS_TAKEN=9.25MINIONS_PLAYED=22.8125SPELLS_CAST=1.125HERO_POWER_USED=2.1875

=====
JENETICS STATISTICS
=====
+---------------------------------------------------------------------------+
|  Time statistics                                                          |
+---------------------------------------------------------------------------+
|             Selection: sum=0.007864939000 s; mean=0.000157298780 s        |
|              Altering: sum=0.011391508000 s; mean=0.000227830160 s        |
|   Fitness calculation: sum=219.650214989000 s; mean=4.393004299780 s      |
|     Overall execution: sum=219.672644941000 s; mean=4.393452898820 s      |
+---------------------------------------------------------------------------+
|  Evolution statistics                                                     |
+---------------------------------------------------------------------------+
|           Generations: 50                                                 |
|               Altered: sum=140; mean=2.800000000                          |
|                Killed: sum=0; mean=0.000000000                            |
|              Invalids: sum=0; mean=0.000000000                            |
+---------------------------------------------------------------------------+
|  Population statistics                                                    |
+---------------------------------------------------------------------------+
|                   Age: max=35; mean=10.416000; var=114.311567             |
|               Fitness:                                                    |
|                      min  = 0.000000000000                                |
|                      max  = 120.000000000000                              |
|                      mean = 96.978000000000                               |
|                      var  = 1309.644805611222                             |
|                      std  = 36.189014985368                               |
+---------------------------------------------------------------------------+
infeasible rate=120
