
=====
(10, 10)-EA
=====
population size=10
max generations=0.9
max fitness=128
number of games=16.0
hero class=HUNTER

opponents=[Aggro Paladin Meta Snapshot #17, Toefoo Rank 1 Cwarrior, Neviilz MalyGod Meta Snapshot #18, Phonetap's Mech Shaman, Mid-Range Druid Meta Snapshot #16, Purple Rank #1 Legend Midrange Hunter, Toefoo Rank 1 Oil Rogue, MatGagne Shadow Madness Priest, Hyunher Tempo Mage]
=====
Initial Deck
=====
[name=Piloted Shredder, class=ANY, rarity=COMMON, mana=4]
[name=Sludge Belcher, class=ANY, rarity=RARE, mana=5]
[name=Eaglehorn Bow, class=HUNTER, rarity=RARE, mana=3]
[name=Glaivezooka, class=HUNTER, rarity=COMMON, mana=2]
[name=Freezing Trap, class=HUNTER, rarity=COMMON, mana=2]
[name=Kill Command, class=HUNTER, rarity=FREE, mana=3]
[name=Freezing Trap, class=HUNTER, rarity=COMMON, mana=2]
[name=Mad Scientist, class=ANY, rarity=COMMON, mana=2]
[name=Sludge Belcher, class=ANY, rarity=RARE, mana=5]
[name=Eaglehorn Bow, class=HUNTER, rarity=RARE, mana=3]
[name=Abusive Sergeant, class=ANY, rarity=COMMON, mana=1]
[name=Kill Command, class=HUNTER, rarity=FREE, mana=3]
[name=Piloted Shredder, class=ANY, rarity=COMMON, mana=4]
[name=Sludge Belcher, class=ANY, rarity=RARE, mana=5]
[name=Houndmaster, class=HUNTER, rarity=FREE, mana=4]
[name=Freezing Trap, class=HUNTER, rarity=COMMON, mana=2]
[name=Leper Gnome, class=ANY, rarity=COMMON, mana=1]
[name=Haunted Creeper, class=ANY, rarity=COMMON, mana=2]
[name=Haunted Creeper, class=ANY, rarity=COMMON, mana=2]
[name=Piloted Shredder, class=ANY, rarity=COMMON, mana=4]
[name=Kill Command, class=HUNTER, rarity=FREE, mana=3]
[name=Glaivezooka, class=HUNTER, rarity=COMMON, mana=2]
[name=Abusive Sergeant, class=ANY, rarity=COMMON, mana=1]
[name=Eaglehorn Bow, class=HUNTER, rarity=RARE, mana=3]
[name=Mad Scientist, class=ANY, rarity=COMMON, mana=2]
[name=Mad Scientist, class=ANY, rarity=COMMON, mana=2]
[name=Abusive Sergeant, class=ANY, rarity=COMMON, mana=1]
[name=Kill Command, class=HUNTER, rarity=FREE, mana=3]
[name=Eaglehorn Bow, class=HUNTER, rarity=RARE, mana=3]
[name=Savannah Highmane, class=HUNTER, rarity=RARE, mana=6]


=====
GENERATION 0
=====
best=102
avg=87.2
worst=33.0
infeasible rate=0.2
mutation rate=0.45
=====

=====
GENERATION 5
=====
best=102
avg=98.7
worst=91.0
infeasible rate=0.3
mutation rate=0.225
=====

=====
GENERATION 10
=====
best=126
avg=91.2
worst=22.0
infeasible rate=0.4
mutation rate=0.1125
=====

=====
GENERATION 15
=====
best=126
avg=109.6
worst=43.0
infeasible rate=0.6
mutation rate=0.05625
=====

=====
GENERATION 20
=====
best=126
avg=107.5
worst=36.0
infeasible rate=0.6
mutation rate=0.028125
=====

=====
GENERATION 25
=====
best=126
avg=105.1
worst=46.0
infeasible rate=0.7
mutation rate=0.0140625
=====

=====
GENERATION 30
=====
best=126
avg=124.2
worst=117.0
infeasible rate=0.8
mutation rate=0.00703125
=====

=====
GENERATION 35
=====
best=126
avg=100.5
worst=24.0
infeasible rate=0.8
mutation rate=0.003515625
=====

=====
GENERATION 40
=====
best=126
avg=126.0
worst=126.0
infeasible rate=0.8
mutation rate=0.0017578125
=====

=====
GENERATION 45
=====
best=126
avg=106.0
worst=28.0
infeasible rate=0.9
mutation rate=8.7890625E-4
=====

=====
BEST
=====
[name=Moroes, class=ANY, rarity=LEGENDARY, mana=3]
[name=Emperor Cobra, class=ANY, rarity=RARE, mana=3]
[name=Baine Bloodhoof, class=ANY, rarity=LEGENDARY, mana=4]
[name=Steward, class=ANY, rarity=LEGENDARY, mana=1]
[name=Boulderfist Ogre, class=ANY, rarity=FREE, mana=6]
[name=Eater of Secrets, class=ANY, rarity=RARE, mana=4]
[name=Mountain Giant, class=ANY, rarity=EPIC, mana=12]
[name=Raid Leader, class=ANY, rarity=FREE, mana=3]
[name=Young Priestess, class=ANY, rarity=RARE, mana=1]
[name=Mistress of Mixtures, class=ANY, rarity=COMMON, mana=1]
[name=Ancient Watcher, class=ANY, rarity=RARE, mana=2]
[name=Stonetusk Boar, class=ANY, rarity=FREE, mana=1]
[name=Gladiator's Longbow, class=HUNTER, rarity=EPIC, mana=7]
[name=Oasis Snapjaw, class=ANY, rarity=FREE, mana=4]
[name=N'Zoth, the Corruptor, class=ANY, rarity=LEGENDARY, mana=10]
[name=Spider, class=HUNTER, rarity=FREE, mana=1]
[name=Auctionmaster Beardo, class=ANY, rarity=LEGENDARY, mana=3]
[name=Mana Addict, class=ANY, rarity=RARE, mana=2]
[name=Rat, class=HUNTER, rarity=FREE, mana=1]
[name=Zealous Initiate, class=ANY, rarity=COMMON, mana=1]
[name=Fiery Bat, class=HUNTER, rarity=COMMON, mana=1]
[name=Dark Iron Dwarf, class=ANY, rarity=COMMON, mana=4]
[name=Laughing Sister, class=ANY, rarity=FREE, mana=3]
[name=Scarlet Crusader, class=ANY, rarity=COMMON, mana=3]
[name=Nat Pagle, class=ANY, rarity=LEGENDARY, mana=2]
[name=Violet Illusionist, class=ANY, rarity=RARE, mana=3]
[name=Cairne Bloodhoof, class=ANY, rarity=LEGENDARY, mana=6]
[name=Genzo, the Shark, class=ANY, rarity=LEGENDARY, mana=4]
[name=The Boogeymonster, class=ANY, rarity=LEGENDARY, mana=8]
[name=Patches the Pirate, class=ANY, rarity=LEGENDARY, mana=1]


=====
MANA CURVE
=====
1=9
2=3
3=7
4=5
5=0
6=2
7=1
7 or more=3

=====
FITNESS=126
=====

=====
GAME STATISTICS
=====

opponent=Purple Rank #1 Legend Midrange Hunter
WIN_RATE=93.75%DAMAGE_DEALT=28.875HEALING_DONE=2.0MANA_SPENT=26.3125CARDS_PLAYED=14.625TURNS_TAKEN=8.3125MINIONS_PLAYED=24.1875SPELLS_CAST=0.4375HERO_POWER_USED=2.875

opponent=MatGagne Shadow Madness Priest
WIN_RATE=100.00%DAMAGE_DEALT=23.4375HEALING_DONE=1.5MANA_SPENT=24.5625CARDS_PLAYED=13.0TURNS_TAKEN=7.75MINIONS_PLAYED=23.125SPELLS_CAST=0.1875HERO_POWER_USED=2.1875

opponent=Toefoo Rank 1 Cwarrior
WIN_RATE=100.00%DAMAGE_DEALT=22.6875HEALING_DONE=2.5MANA_SPENT=26.75CARDS_PLAYED=12.6875TURNS_TAKEN=8.125MINIONS_PLAYED=23.375SPELLS_CAST=0.0625HERO_POWER_USED=1.8125

opponent=Phonetap's Mech Shaman
WIN_RATE=100.00%DAMAGE_DEALT=25.3125HEALING_DONE=1.25MANA_SPENT=26.5625CARDS_PLAYED=12.625TURNS_TAKEN=8.1875MINIONS_PLAYED=23.6875SPELLS_CAST=0.25HERO_POWER_USED=1.375

opponent=Aggro Paladin Meta Snapshot #17
WIN_RATE=100.00%DAMAGE_DEALT=20.875HEALING_DONE=0.5MANA_SPENT=26.625CARDS_PLAYED=12.1875TURNS_TAKEN=7.75MINIONS_PLAYED=23.0625SPELLS_CAST=0.375HERO_POWER_USED=1.25

opponent=Hyunher Tempo Mage
WIN_RATE=93.75%DAMAGE_DEALT=30.5625HEALING_DONE=2.0MANA_SPENT=25.875CARDS_PLAYED=14.3125TURNS_TAKEN=8.4375MINIONS_PLAYED=24.875SPELLS_CAST=0.25HERO_POWER_USED=2.5625

opponent=Mid-Range Druid Meta Snapshot #16
WIN_RATE=100.00%DAMAGE_DEALT=28.75HEALING_DONE=4.0MANA_SPENT=28.0625CARDS_PLAYED=13.0TURNS_TAKEN=8.4375MINIONS_PLAYED=23.75SPELLS_CAST=0.125HERO_POWER_USED=1.9375

opponent=Toefoo Rank 1 Oil Rogue
WIN_RATE=100.00%DAMAGE_DEALT=26.625HEALING_DONE=1.5MANA_SPENT=26.0CARDS_PLAYED=12.0625TURNS_TAKEN=7.8125MINIONS_PLAYED=23.0625SPELLS_CAST=0.1875HERO_POWER_USED=1.25

opponent=Neviilz MalyGod Meta Snapshot #18
WIN_RATE=93.75%DAMAGE_DEALT=23.5625HEALING_DONE=2.0MANA_SPENT=26.3125CARDS_PLAYED=12.25TURNS_TAKEN=8.0MINIONS_PLAYED=22.75SPELLS_CAST=0.25HERO_POWER_USED=1.5

=====
JENETICS STATISTICS
=====
+---------------------------------------------------------------------------+
|  Time statistics                                                          |
+---------------------------------------------------------------------------+
|             Selection: sum=0.004566797000 s; mean=0.000091335940 s        |
|              Altering: sum=0.007615090000 s; mean=0.000152301800 s        |
|   Fitness calculation: sum=206.070352832000 s; mean=4.121407056640 s      |
|     Overall execution: sum=206.085074292000 s; mean=4.121701485840 s      |
+---------------------------------------------------------------------------+
|  Evolution statistics                                                     |
+---------------------------------------------------------------------------+
|           Generations: 50                                                 |
|               Altered: sum=112; mean=2.240000000                          |
|                Killed: sum=0; mean=0.000000000                            |
|              Invalids: sum=0; mean=0.000000000                            |
+---------------------------------------------------------------------------+
|  Population statistics                                                    |
+---------------------------------------------------------------------------+
|                   Age: max=43; mean=14.564000; var=202.414733             |
|               Fitness:                                                    |
|                      min  = 0.000000000000                                |
|                      max  = 126.000000000000                              |
|                      mean = 103.782000000000                              |
|                      var  = 1298.106689378757                             |
|                      std  = 36.029247693766                               |
+---------------------------------------------------------------------------+
infeasible rate=55
