
=====
(10, 10)-EA
=====
population size=10
max generations=0.9
max fitness=128
number of games=16.0
hero class=HUNTER

opponents=[Aggro Paladin Meta Snapshot #17, Toefoo Rank 1 Cwarrior, Neviilz MalyGod Meta Snapshot #18, Phonetap's Mech Shaman, Mid-Range Druid Meta Snapshot #16, Purple Rank #1 Legend Midrange Hunter, Toefoo Rank 1 Oil Rogue, MatGagne Shadow Madness Priest, Hyunher Tempo Mage]
=====
Initial Deck
=====
[name=Freezing Trap, class=HUNTER, rarity=COMMON, mana=2]
[name=Abusive Sergeant, class=ANY, rarity=COMMON, mana=1]
[name=Abusive Sergeant, class=ANY, rarity=COMMON, mana=1]
[name=Sludge Belcher, class=ANY, rarity=RARE, mana=5]
[name=Abusive Sergeant, class=ANY, rarity=COMMON, mana=1]
[name=Animal Companion, class=HUNTER, rarity=FREE, mana=3]
[name=Haunted Creeper, class=ANY, rarity=COMMON, mana=2]
[name=Mad Scientist, class=ANY, rarity=COMMON, mana=2]
[name=Haunted Creeper, class=ANY, rarity=COMMON, mana=2]
[name=Mad Scientist, class=ANY, rarity=COMMON, mana=2]
[name=Kill Command, class=HUNTER, rarity=FREE, mana=3]
[name=Haunted Creeper, class=ANY, rarity=COMMON, mana=2]
[name=Abusive Sergeant, class=ANY, rarity=COMMON, mana=1]
[name=Kill Command, class=HUNTER, rarity=FREE, mana=3]
[name=Freezing Trap, class=HUNTER, rarity=COMMON, mana=2]
[name=Haunted Creeper, class=ANY, rarity=COMMON, mana=2]
[name=Glaivezooka, class=HUNTER, rarity=COMMON, mana=2]
[name=Piloted Shredder, class=ANY, rarity=COMMON, mana=4]
[name=Hunter's Mark, class=HUNTER, rarity=FREE, mana=1]
[name=Kill Command, class=HUNTER, rarity=FREE, mana=3]
[name=Savannah Highmane, class=HUNTER, rarity=RARE, mana=6]
[name=Freezing Trap, class=HUNTER, rarity=COMMON, mana=2]
[name=Knife Juggler, class=ANY, rarity=RARE, mana=2]
[name=Piloted Shredder, class=ANY, rarity=COMMON, mana=4]
[name=Mad Scientist, class=ANY, rarity=COMMON, mana=2]
[name=Unleash the Hounds, class=HUNTER, rarity=COMMON, mana=3]
[name=Piloted Shredder, class=ANY, rarity=COMMON, mana=4]
[name=Freezing Trap, class=HUNTER, rarity=COMMON, mana=2]
[name=Sludge Belcher, class=ANY, rarity=RARE, mana=5]
[name=Knife Juggler, class=ANY, rarity=RARE, mana=2]


=====
GENERATION 0
=====
best=97
avg=79.1
worst=42.0
infeasible rate=0.2
mutation rate=0.45
=====

=====
GENERATION 5
=====
best=101
avg=83.5
worst=19.0
infeasible rate=0.2
mutation rate=0.225
=====

=====
GENERATION 10
=====
best=104
avg=83.9
worst=32.0
infeasible rate=0.5
mutation rate=0.1125
=====

=====
GENERATION 15
=====
best=107
avg=98.2
worst=61.0
infeasible rate=0.6
mutation rate=0.1125
=====

=====
GENERATION 20
=====
best=107
avg=88.2
worst=37.0
infeasible rate=0.7
mutation rate=0.05625
=====

=====
GENERATION 25
=====
best=110
avg=86.5
worst=14.0
infeasible rate=0.8
mutation rate=0.028125
=====

=====
GENERATION 30
=====
best=110
avg=101.4
worst=30.0
infeasible rate=1.1
mutation rate=0.0140625
=====

=====
GENERATION 35
=====
best=110
avg=103.6
worst=46.0
infeasible rate=1.2
mutation rate=0.00703125
=====

=====
GENERATION 40
=====
best=110
avg=83.0
worst=10.0
infeasible rate=1.3
mutation rate=0.003515625
=====

=====
GENERATION 45
=====
best=110
avg=80.6
worst=17.0
infeasible rate=1.5
mutation rate=0.0017578125
=====

=====
BEST
=====
[name=Avian Watcher, class=ANY, rarity=COMMON, mana=5]
[name=Priestess of Elune, class=ANY, rarity=COMMON, mana=6]
[name=Millhouse Manastorm, class=ANY, rarity=LEGENDARY, mana=2]
[name=Baine Bloodhoof, class=ANY, rarity=LEGENDARY, mana=4]
[name=Weasel Tunneler, class=ANY, rarity=EPIC, mana=1]
[name=Tracking, class=HUNTER, rarity=FREE, mana=1]
[name=Malygos, class=ANY, rarity=LEGENDARY, mana=9]
[name=Ironfur Grizzly, class=ANY, rarity=FREE, mana=3]
[name=Prince Malchezaar, class=ANY, rarity=LEGENDARY, mana=5]
[name=Oasis Snapjaw, class=ANY, rarity=FREE, mana=4]
[name=Twin Emperor Vek'nilash, class=ANY, rarity=LEGENDARY, mana=7]
[name=Youthful Brewmaster, class=ANY, rarity=COMMON, mana=2]
[name=Twilight Drake, class=ANY, rarity=RARE, mana=4]
[name=Aberrant Berserker, class=ANY, rarity=COMMON, mana=4]
[name=Corrupted Seer, class=ANY, rarity=RARE, mana=6]
[name=Friendly Bartender, class=ANY, rarity=COMMON, mana=2]
[name=Devilsaur, class=ANY, rarity=COMMON, mana=5]
[name=Tinkmaster Overspark, class=ANY, rarity=LEGENDARY, mana=3]
[name=Houndmaster, class=HUNTER, rarity=FREE, mana=4]
[name=Backroom Bouncer, class=ANY, rarity=RARE, mana=4]
[name=Stampeding Kodo, class=ANY, rarity=RARE, mana=5]
[name=Lightwarden, class=ANY, rarity=RARE, mana=1]
[name=Voodoo Doctor, class=ANY, rarity=FREE, mana=1]
[name=Voodoo Doctor, class=ANY, rarity=FREE, mana=1]
[name=Freezing Trap, class=HUNTER, rarity=COMMON, mana=2]
[name=Faceless Behemoth, class=ANY, rarity=COMMON, mana=10]
[name=Evolved Kobold, class=ANY, rarity=COMMON, mana=4]
[name=Coldlight Seer, class=ANY, rarity=RARE, mana=3]
[name=Mad Bomber, class=ANY, rarity=COMMON, mana=2]
[name=Murloc Raider, class=ANY, rarity=FREE, mana=1]


=====
MANA CURVE
=====
1=6
2=5
3=3
4=7
5=4
6=2
7=1
7 or more=2

=====
FITNESS=115
=====

=====
GAME STATISTICS
=====

opponent=Purple Rank #1 Legend Midrange Hunter
WIN_RATE=93.75%DAMAGE_DEALT=30.75HEALING_DONE=5.3125MANA_SPENT=30.8125CARDS_PLAYED=9.625TURNS_TAKEN=8.625MINIONS_PLAYED=16.5SPELLS_CAST=0.125HERO_POWER_USED=1.25

opponent=MatGagne Shadow Madness Priest
WIN_RATE=93.75%DAMAGE_DEALT=27.25HEALING_DONE=3.125MANA_SPENT=27.375CARDS_PLAYED=9.5625TURNS_TAKEN=8.0MINIONS_PLAYED=15.375SPELLS_CAST=0.5HERO_POWER_USED=1.4375

opponent=Toefoo Rank 1 Cwarrior
WIN_RATE=87.50%DAMAGE_DEALT=39.3125HEALING_DONE=3.9375MANA_SPENT=36.75CARDS_PLAYED=11.8125TURNS_TAKEN=9.0625MINIONS_PLAYED=19.8125SPELLS_CAST=0.5HERO_POWER_USED=1.5

opponent=Phonetap's Mech Shaman
WIN_RATE=87.50%DAMAGE_DEALT=32.5625HEALING_DONE=5.125MANA_SPENT=33.5625CARDS_PLAYED=11.4375TURNS_TAKEN=8.6875MINIONS_PLAYED=19.5625SPELLS_CAST=0.5625HERO_POWER_USED=1.3125

opponent=Aggro Paladin Meta Snapshot #17
WIN_RATE=81.25%DAMAGE_DEALT=32.0HEALING_DONE=2.875MANA_SPENT=34.8125CARDS_PLAYED=11.25TURNS_TAKEN=8.75MINIONS_PLAYED=18.9375SPELLS_CAST=0.6875HERO_POWER_USED=1.1875WEAPONS_EQUIPPED=0.0625

opponent=Hyunher Tempo Mage
WIN_RATE=93.75%DAMAGE_DEALT=34.3125HEALING_DONE=4.375MANA_SPENT=28.8125CARDS_PLAYED=9.6875TURNS_TAKEN=8.0625MINIONS_PLAYED=17.0625SPELLS_CAST=0.0625HERO_POWER_USED=1.125WEAPONS_EQUIPPED=0.0625

opponent=Mid-Range Druid Meta Snapshot #16
WIN_RATE=93.75%DAMAGE_DEALT=36.5625HEALING_DONE=5.4375MANA_SPENT=32.125CARDS_PLAYED=11.25TURNS_TAKEN=8.625MINIONS_PLAYED=18.375SPELLS_CAST=0.5HERO_POWER_USED=1.625

opponent=Toefoo Rank 1 Oil Rogue
WIN_RATE=81.25%DAMAGE_DEALT=28.625HEALING_DONE=2.6875MANA_SPENT=30.1875CARDS_PLAYED=10.125TURNS_TAKEN=8.3125MINIONS_PLAYED=16.8125SPELLS_CAST=0.4375HERO_POWER_USED=1.375WEAPONS_EQUIPPED=0.125

opponent=Neviilz MalyGod Meta Snapshot #18
WIN_RATE=93.75%DAMAGE_DEALT=28.0HEALING_DONE=3.4375MANA_SPENT=30.9375CARDS_PLAYED=9.75TURNS_TAKEN=8.25MINIONS_PLAYED=18.0SPELLS_CAST=0.1875HERO_POWER_USED=0.6875

=====
JENETICS STATISTICS
=====
+---------------------------------------------------------------------------+
|  Time statistics                                                          |
+---------------------------------------------------------------------------+
|             Selection: sum=0.001854802000 s; mean=0.000037096040 s        |
|              Altering: sum=0.006103544000 s; mean=0.000122070880 s        |
|   Fitness calculation: sum=253.387636261000 s; mean=5.067752725220 s      |
|     Overall execution: sum=253.401142197000 s; mean=5.068022843940 s      |
+---------------------------------------------------------------------------+
|  Evolution statistics                                                     |
+---------------------------------------------------------------------------+
|           Generations: 50                                                 |
|               Altered: sum=173; mean=3.460000000                          |
|                Killed: sum=0; mean=0.000000000                            |
|              Invalids: sum=0; mean=0.000000000                            |
+---------------------------------------------------------------------------+
|  Population statistics                                                    |
+---------------------------------------------------------------------------+
|                   Age: max=26; mean=6.186000; var=46.680766               |
|               Fitness:                                                    |
|                      min  = 0.000000000000                                |
|                      max  = 115.000000000000                              |
|                      mean = 90.804000000000                               |
|                      var  = 945.039663326653                              |
|                      std  = 30.741497415166                               |
+---------------------------------------------------------------------------+
infeasible rate=136
