
=====
(10, 10)-EA
=====
population size=10
max generations=0.9
max fitness=128
number of games=16.0
hero class=HUNTER

opponents=[Aggro Paladin Meta Snapshot #17, Toefoo Rank 1 Cwarrior, Neviilz MalyGod Meta Snapshot #18, Phonetap's Mech Shaman, Mid-Range Druid Meta Snapshot #16, Purple Rank #1 Legend Midrange Hunter, Toefoo Rank 1 Oil Rogue, MatGagne Shadow Madness Priest, Hyunher Tempo Mage]
=====
Initial Deck
=====
[name=Animal Companion, class=HUNTER, rarity=FREE, mana=3]
[name=Piloted Shredder, class=ANY, rarity=COMMON, mana=4]
[name=Animal Companion, class=HUNTER, rarity=FREE, mana=3]
[name=Leper Gnome, class=ANY, rarity=COMMON, mana=1]
[name=Abusive Sergeant, class=ANY, rarity=COMMON, mana=1]
[name=Animal Companion, class=HUNTER, rarity=FREE, mana=3]
[name=Animal Companion, class=HUNTER, rarity=FREE, mana=3]
[name=Savannah Highmane, class=HUNTER, rarity=RARE, mana=6]
[name=Animal Companion, class=HUNTER, rarity=FREE, mana=3]
[name=Kill Command, class=HUNTER, rarity=FREE, mana=3]
[name=Abusive Sergeant, class=ANY, rarity=COMMON, mana=1]
[name=Mad Scientist, class=ANY, rarity=COMMON, mana=2]
[name=Leper Gnome, class=ANY, rarity=COMMON, mana=1]
[name=Freezing Trap, class=HUNTER, rarity=COMMON, mana=2]
[name=Leper Gnome, class=ANY, rarity=COMMON, mana=1]
[name=Sludge Belcher, class=ANY, rarity=RARE, mana=5]
[name=Abusive Sergeant, class=ANY, rarity=COMMON, mana=1]
[name=Knife Juggler, class=ANY, rarity=RARE, mana=2]
[name=Houndmaster, class=HUNTER, rarity=FREE, mana=4]
[name=Mad Scientist, class=ANY, rarity=COMMON, mana=2]
[name=Eaglehorn Bow, class=HUNTER, rarity=RARE, mana=3]
[name=Knife Juggler, class=ANY, rarity=RARE, mana=2]
[name=Knife Juggler, class=ANY, rarity=RARE, mana=2]
[name=Knife Juggler, class=ANY, rarity=RARE, mana=2]
[name=Haunted Creeper, class=ANY, rarity=COMMON, mana=2]
[name=Mad Scientist, class=ANY, rarity=COMMON, mana=2]
[name=Sludge Belcher, class=ANY, rarity=RARE, mana=5]
[name=Animal Companion, class=HUNTER, rarity=FREE, mana=3]
[name=Eaglehorn Bow, class=HUNTER, rarity=RARE, mana=3]
[name=Loatheb, class=ANY, rarity=LEGENDARY, mana=5]


=====
GENERATION 0
=====
best=111
avg=69.9
worst=14.0
infeasible rate=0.1
mutation rate=0.45
=====

=====
GENERATION 5
=====
best=111
avg=91.6
worst=12.0
infeasible rate=0.3
mutation rate=0.225
=====

=====
GENERATION 10
=====
best=111
avg=81.0
worst=36.0
infeasible rate=0.6
mutation rate=0.1125
=====

=====
GENERATION 15
=====
best=111
avg=90.5
worst=58.0
infeasible rate=0.8
mutation rate=0.05625
=====

=====
GENERATION 20
=====
best=111
avg=88.8
worst=38.0
infeasible rate=1.0
mutation rate=0.028125
=====

=====
GENERATION 25
=====
best=111
avg=94.7
worst=8.0
infeasible rate=1.0
mutation rate=0.0140625
=====

=====
GENERATION 30
=====
best=111
avg=89.7
worst=5.0
infeasible rate=1.2
mutation rate=0.00703125
=====

=====
GENERATION 35
=====
best=111
avg=82.4
worst=27.0
infeasible rate=1.6
mutation rate=0.003515625
=====

=====
GENERATION 40
=====
best=111
avg=88.5
worst=22.0
infeasible rate=2.0
mutation rate=0.0017578125
=====

=====
GENERATION 45
=====
best=116
avg=98.4
worst=36.0
infeasible rate=2.0
mutation rate=8.7890625E-4
=====

=====
BEST
=====
[name=Rat Pack, class=HUNTER, rarity=EPIC, mana=3]
[name=Pantry Spider, class=ANY, rarity=COMMON, mana=3]
[name=Ysera Awakens, class=ANY, rarity=FREE, mana=2]
[name=Abusive Sergeant, class=ANY, rarity=COMMON, mana=1]
[name=Illidan Stormrage, class=ANY, rarity=LEGENDARY, mana=6]
[name=Sheep, class=ANY, rarity=FREE, mana=1]
[name=Dispatch Kodo, class=HUNTER, rarity=RARE, mana=4]
[name=Timber Wolf, class=HUNTER, rarity=FREE, mana=1]
[name=Raid Leader, class=ANY, rarity=FREE, mana=3]
[name=The Beast, class=ANY, rarity=LEGENDARY, mana=6]
[name=Faerie Dragon, class=ANY, rarity=COMMON, mana=2]
[name=Ancient Watcher, class=ANY, rarity=RARE, mana=2]
[name=Ancient Watcher, class=ANY, rarity=RARE, mana=2]
[name=Small-Time Buccaneer, class=ANY, rarity=RARE, mana=1]
[name=Fen Creeper, class=ANY, rarity=COMMON, mana=5]
[name=Raging Worgen, class=ANY, rarity=COMMON, mana=3]
[name=Murloc Warleader, class=ANY, rarity=EPIC, mana=3]
[name=Call of the Wild, class=HUNTER, rarity=EPIC, mana=9]
[name=Soggoth the Slitherer, class=ANY, rarity=LEGENDARY, mana=9]
[name=Madam Goya, class=ANY, rarity=LEGENDARY, mana=6]
[name=Kooky Chemist, class=ANY, rarity=COMMON, mana=4]
[name=The Curator, class=ANY, rarity=LEGENDARY, mana=7]
[name=Angry Chicken, class=ANY, rarity=RARE, mana=1]
[name=Lightwarden, class=ANY, rarity=RARE, mana=1]
[name=Lightwarden, class=ANY, rarity=RARE, mana=1]
[name=Leatherclad Hogleader, class=ANY, rarity=EPIC, mana=6]
[name=Freezing Trap, class=HUNTER, rarity=COMMON, mana=2]
[name=Frostwolf Grunt, class=ANY, rarity=FREE, mana=2]
[name=Polluted Hoarder, class=ANY, rarity=COMMON, mana=4]
[name=Polluted Hoarder, class=ANY, rarity=COMMON, mana=4]


=====
MANA CURVE
=====
1=7
2=6
3=5
4=4
5=1
6=4
7=1
7 or more=2

=====
FITNESS=116
=====

=====
GAME STATISTICS
=====

opponent=Purple Rank #1 Legend Midrange Hunter
WIN_RATE=87.50%DAMAGE_DEALT=44.25MANA_SPENT=43.25CARDS_PLAYED=15.0625TURNS_TAKEN=10.0MINIONS_PLAYED=27.25SPELLS_CAST=1.6875HERO_POWER_USED=2.1875

opponent=MatGagne Shadow Madness Priest
WIN_RATE=87.50%DAMAGE_DEALT=43.4375MANA_SPENT=43.375CARDS_PLAYED=15.5625TURNS_TAKEN=10.0625MINIONS_PLAYED=28.9375SPELLS_CAST=1.25HERO_POWER_USED=2.5625

opponent=Toefoo Rank 1 Cwarrior
WIN_RATE=87.50%DAMAGE_DEALT=37.25MANA_SPENT=37.375CARDS_PLAYED=14.8125TURNS_TAKEN=9.625MINIONS_PLAYED=25.8125SPELLS_CAST=1.625HERO_POWER_USED=2.875

opponent=Phonetap's Mech Shaman
WIN_RATE=93.75%DAMAGE_DEALT=43.375MANA_SPENT=44.625CARDS_PLAYED=15.75TURNS_TAKEN=10.375MINIONS_PLAYED=28.75SPELLS_CAST=1.4375HERO_POWER_USED=2.625

opponent=Aggro Paladin Meta Snapshot #17
WIN_RATE=75.00%DAMAGE_DEALT=41.3125MANA_SPENT=39.75CARDS_PLAYED=14.25TURNS_TAKEN=9.625MINIONS_PLAYED=26.4375SPELLS_CAST=1.25HERO_POWER_USED=1.9375

opponent=Hyunher Tempo Mage
WIN_RATE=100.00%DAMAGE_DEALT=40.0MANA_SPENT=41.1875CARDS_PLAYED=14.5TURNS_TAKEN=10.0MINIONS_PLAYED=26.375SPELLS_CAST=1.5HERO_POWER_USED=2.5

opponent=Mid-Range Druid Meta Snapshot #16
WIN_RATE=93.75%DAMAGE_DEALT=52.5625MANA_SPENT=44.625CARDS_PLAYED=16.0TURNS_TAKEN=10.375MINIONS_PLAYED=28.1875SPELLS_CAST=1.875HERO_POWER_USED=2.5625

opponent=Toefoo Rank 1 Oil Rogue
WIN_RATE=93.75%DAMAGE_DEALT=37.75MANA_SPENT=40.5CARDS_PLAYED=14.75TURNS_TAKEN=9.875MINIONS_PLAYED=25.4375SPELLS_CAST=1.3125HERO_POWER_USED=2.75

opponent=Neviilz MalyGod Meta Snapshot #18
WIN_RATE=93.75%DAMAGE_DEALT=47.125MANA_SPENT=41.5CARDS_PLAYED=14.25TURNS_TAKEN=9.8125MINIONS_PLAYED=26.25SPELLS_CAST=1.375HERO_POWER_USED=2.0

=====
JENETICS STATISTICS
=====
+---------------------------------------------------------------------------+
|  Time statistics                                                          |
+---------------------------------------------------------------------------+
|             Selection: sum=0.002329552000 s; mean=0.000046591040 s        |
|              Altering: sum=0.006692087000 s; mean=0.000133841740 s        |
|   Fitness calculation: sum=226.666402610000 s; mean=4.533328052200 s      |
|     Overall execution: sum=226.680430388000 s; mean=4.533608607760 s      |
+---------------------------------------------------------------------------+
|  Evolution statistics                                                     |
+---------------------------------------------------------------------------+
|           Generations: 50                                                 |
|               Altered: sum=214; mean=4.280000000                          |
|                Killed: sum=0; mean=0.000000000                            |
|              Invalids: sum=0; mean=0.000000000                            |
+---------------------------------------------------------------------------+
|  Population statistics                                                    |
+---------------------------------------------------------------------------+
|                   Age: max=49; mean=17.104000; var=266.638461             |
|               Fitness:                                                    |
|                      min  = 0.000000000000                                |
|                      max  = 116.000000000000                              |
|                      mean = 91.410000000000                               |
|                      var  = 1177.360621242485                             |
|                      std  = 34.312688924689                               |
+---------------------------------------------------------------------------+
infeasible rate=253
