
=====
(10, 10)-EA
=====
population size=10
max generations=0.9
max fitness=128
number of games=16.0
hero class=HUNTER

opponents=[Aggro Paladin Meta Snapshot #17, Toefoo Rank 1 Cwarrior, Neviilz MalyGod Meta Snapshot #18, Phonetap's Mech Shaman, Mid-Range Druid Meta Snapshot #16, Purple Rank #1 Legend Midrange Hunter, Toefoo Rank 1 Oil Rogue, MatGagne Shadow Madness Priest, Hyunher Tempo Mage]
=====
Initial Deck
=====
[name=Leper Gnome, class=ANY, rarity=COMMON, mana=1]
[name=Freezing Trap, class=HUNTER, rarity=COMMON, mana=2]
[name=Leper Gnome, class=ANY, rarity=COMMON, mana=1]
[name=Glaivezooka, class=HUNTER, rarity=COMMON, mana=2]
[name=Animal Companion, class=HUNTER, rarity=FREE, mana=3]
[name=Haunted Creeper, class=ANY, rarity=COMMON, mana=2]
[name=Animal Companion, class=HUNTER, rarity=FREE, mana=3]
[name=Sludge Belcher, class=ANY, rarity=RARE, mana=5]
[name=Explosive Trap, class=HUNTER, rarity=COMMON, mana=2]
[name=Haunted Creeper, class=ANY, rarity=COMMON, mana=2]
[name=Leper Gnome, class=ANY, rarity=COMMON, mana=1]
[name=Animal Companion, class=HUNTER, rarity=FREE, mana=3]
[name=Sludge Belcher, class=ANY, rarity=RARE, mana=5]
[name=Unleash the Hounds, class=HUNTER, rarity=COMMON, mana=3]
[name=Piloted Shredder, class=ANY, rarity=COMMON, mana=4]
[name=Eaglehorn Bow, class=HUNTER, rarity=RARE, mana=3]
[name=Sludge Belcher, class=ANY, rarity=RARE, mana=5]
[name=Kill Command, class=HUNTER, rarity=FREE, mana=3]
[name=Freezing Trap, class=HUNTER, rarity=COMMON, mana=2]
[name=Unleash the Hounds, class=HUNTER, rarity=COMMON, mana=3]
[name=Knife Juggler, class=ANY, rarity=RARE, mana=2]
[name=Leper Gnome, class=ANY, rarity=COMMON, mana=1]
[name=Abusive Sergeant, class=ANY, rarity=COMMON, mana=1]
[name=Piloted Shredder, class=ANY, rarity=COMMON, mana=4]
[name=Savannah Highmane, class=HUNTER, rarity=RARE, mana=6]
[name=Glaivezooka, class=HUNTER, rarity=COMMON, mana=2]
[name=Piloted Shredder, class=ANY, rarity=COMMON, mana=4]
[name=Leper Gnome, class=ANY, rarity=COMMON, mana=1]
[name=Piloted Shredder, class=ANY, rarity=COMMON, mana=4]
[name=Explosive Trap, class=HUNTER, rarity=COMMON, mana=2]


=====
GENERATION 0
=====
best=68
avg=52.6
worst=18.0
infeasible rate=0.2
mutation rate=0.45
=====

=====
GENERATION 5
=====
best=120
avg=79.3
worst=22.0
infeasible rate=0.2
mutation rate=0.45
=====

=====
GENERATION 10
=====
best=115
avg=79.0
worst=89.0
infeasible rate=0.6
mutation rate=0.225
=====

=====
GENERATION 15
=====
best=121
avg=90.7
worst=58.0
infeasible rate=0.9
mutation rate=0.1125
=====

=====
GENERATION 20
=====
best=121
avg=95.2
worst=49.0
infeasible rate=1.0
mutation rate=0.05625
=====

=====
GENERATION 25
=====
best=123
avg=96.9
worst=36.0
infeasible rate=1.1
mutation rate=0.028125
=====

=====
GENERATION 30
=====
best=123
avg=87.4
worst=20.0
infeasible rate=1.4
mutation rate=0.0140625
=====

=====
GENERATION 35
=====
best=123
avg=102.7
worst=49.0
infeasible rate=1.6
mutation rate=0.00703125
=====

=====
GENERATION 40
=====
best=123
avg=89.8
worst=41.0
infeasible rate=2.0
mutation rate=0.003515625
=====

=====
GENERATION 45
=====
best=123
avg=114.9
worst=42.0
infeasible rate=2.2
mutation rate=0.0017578125
=====

=====
BEST
=====
[name=Rat Pack, class=HUNTER, rarity=EPIC, mana=3]
[name=Avian Watcher, class=ANY, rarity=COMMON, mana=5]
[name=Amani Berserker, class=ANY, rarity=COMMON, mana=2]
[name=Scaled Nightmare, class=ANY, rarity=EPIC, mana=6]
[name=Daring Reporter, class=ANY, rarity=COMMON, mana=4]
[name=Bloodsail Corsair, class=ANY, rarity=RARE, mana=1]
[name=Baine Bloodhoof, class=ANY, rarity=LEGENDARY, mana=4]
[name=Steward, class=ANY, rarity=LEGENDARY, mana=1]
[name=Dispatch Kodo, class=HUNTER, rarity=RARE, mana=4]
[name=Secretkeeper, class=ANY, rarity=RARE, mana=1]
[name=The Beast, class=ANY, rarity=LEGENDARY, mana=6]
[name=Snipe, class=HUNTER, rarity=COMMON, mana=2]
[name=Coldlight Oracle, class=ANY, rarity=RARE, mana=3]
[name=Shattered Sun Cleric, class=ANY, rarity=FREE, mana=3]
[name=Demolisher, class=ANY, rarity=RARE, mana=3]
[name=Squire, class=ANY, rarity=COMMON, mana=1]
[name=Frost Elemental, class=ANY, rarity=COMMON, mana=6]
[name=Blowgill Sniper, class=ANY, rarity=COMMON, mana=2]
[name=Misha, class=HUNTER, rarity=FREE, mana=3]
[name=Kooky Chemist, class=ANY, rarity=COMMON, mana=4]
[name=Deathwing, Dragonlord, class=ANY, rarity=LEGENDARY, mana=10]
[name=The Curator, class=ANY, rarity=LEGENDARY, mana=7]
[name=Mastiff, class=HUNTER, rarity=COMMON, mana=1]
[name=Slime, class=ANY, rarity=COMMON, mana=2]
[name=Nat Pagle, class=ANY, rarity=LEGENDARY, mana=2]
[name=Hound, class=HUNTER, rarity=COMMON, mana=1]
[name=Kindly Grandmother, class=HUNTER, rarity=COMMON, mana=2]
[name=Worgen Infiltrator, class=ANY, rarity=COMMON, mana=1]
[name=Worgen Infiltrator, class=ANY, rarity=COMMON, mana=1]
[name=Medivh, the Guardian, class=ANY, rarity=LEGENDARY, mana=8]


=====
MANA CURVE
=====
1=8
2=6
3=5
4=4
5=1
6=3
7=1
7 or more=2

=====
FITNESS=123
=====

=====
GAME STATISTICS
=====

opponent=Purple Rank #1 Legend Midrange Hunter
WIN_RATE=100.00%DAMAGE_DEALT=28.9375MANA_SPENT=31.8125CARDS_PLAYED=10.875TURNS_TAKEN=8.5625MINIONS_PLAYED=19.0625SPELLS_CAST=0.0625HERO_POWER_USED=1.375WEAPONS_EQUIPPED=0.125

opponent=MatGagne Shadow Madness Priest
WIN_RATE=100.00%DAMAGE_DEALT=26.75MANA_SPENT=31.3125CARDS_PLAYED=11.375TURNS_TAKEN=8.625MINIONS_PLAYED=19.6875SPELLS_CAST=0.25HERO_POWER_USED=1.625WEAPONS_EQUIPPED=0.625

opponent=Toefoo Rank 1 Cwarrior
WIN_RATE=93.75%DAMAGE_DEALT=25.4375MANA_SPENT=29.625CARDS_PLAYED=10.6875TURNS_TAKEN=8.0625MINIONS_PLAYED=18.75HERO_POWER_USED=1.4375WEAPONS_EQUIPPED=0.375

opponent=Phonetap's Mech Shaman
WIN_RATE=100.00%DAMAGE_DEALT=22.3125MANA_SPENT=26.625CARDS_PLAYED=10.125TURNS_TAKEN=8.125MINIONS_PLAYED=16.875HERO_POWER_USED=1.75WEAPONS_EQUIPPED=0.0625

opponent=Aggro Paladin Meta Snapshot #17
WIN_RATE=81.25%DAMAGE_DEALT=28.0625MANA_SPENT=28.125CARDS_PLAYED=11.0TURNS_TAKEN=8.0MINIONS_PLAYED=19.1875SPELLS_CAST=0.125HERO_POWER_USED=1.4375WEAPONS_EQUIPPED=0.1875

opponent=Hyunher Tempo Mage
WIN_RATE=93.75%DAMAGE_DEALT=28.1875MANA_SPENT=32.0CARDS_PLAYED=11.6875TURNS_TAKEN=8.75MINIONS_PLAYED=19.875SPELLS_CAST=0.1875HERO_POWER_USED=1.8125WEAPONS_EQUIPPED=0.375

opponent=Mid-Range Druid Meta Snapshot #16
WIN_RATE=100.00%DAMAGE_DEALT=28.375MANA_SPENT=29.875CARDS_PLAYED=10.875TURNS_TAKEN=8.5MINIONS_PLAYED=18.1875HERO_POWER_USED=1.875WEAPONS_EQUIPPED=0.3125

opponent=Toefoo Rank 1 Oil Rogue
WIN_RATE=93.75%DAMAGE_DEALT=28.875MANA_SPENT=29.25CARDS_PLAYED=11.0625TURNS_TAKEN=8.3125MINIONS_PLAYED=18.75SPELLS_CAST=0.125HERO_POWER_USED=1.6875WEAPONS_EQUIPPED=0.375

opponent=Neviilz MalyGod Meta Snapshot #18
WIN_RATE=100.00%DAMAGE_DEALT=21.6875MANA_SPENT=28.8125CARDS_PLAYED=10.25TURNS_TAKEN=8.0MINIONS_PLAYED=17.9375HERO_POWER_USED=1.3125WEAPONS_EQUIPPED=0.375

=====
JENETICS STATISTICS
=====
+---------------------------------------------------------------------------+
|  Time statistics                                                          |
+---------------------------------------------------------------------------+
|             Selection: sum=0.005968452000 s; mean=0.000119369040 s        |
|              Altering: sum=0.011416921000 s; mean=0.000228338420 s        |
|   Fitness calculation: sum=230.748158177000 s; mean=4.614963163540 s      |
|     Overall execution: sum=230.769976921000 s; mean=4.615399538420 s      |
+---------------------------------------------------------------------------+
|  Evolution statistics                                                     |
+---------------------------------------------------------------------------+
|           Generations: 50                                                 |
|               Altered: sum=210; mean=4.200000000                          |
|                Killed: sum=0; mean=0.000000000                            |
|              Invalids: sum=0; mean=0.000000000                            |
+---------------------------------------------------------------------------+
|  Population statistics                                                    |
+---------------------------------------------------------------------------+
|                   Age: max=25; mean=6.858000; var=49.701238               |
|               Fitness:                                                    |
|                      min  = 0.000000000000                                |
|                      max  = 123.000000000000                              |
|                      mean = 97.106000000000                               |
|                      var  = 1205.774312625251                             |
|                      std  = 34.724261153050                               |
+---------------------------------------------------------------------------+
infeasible rate=300
