
=====
(10, 10)-EA
=====
population size=10
max generations=0.9
max fitness=128
number of games=16.0
hero class=HUNTER

opponents=[Aggro Paladin Meta Snapshot #17, Toefoo Rank 1 Cwarrior, Neviilz MalyGod Meta Snapshot #18, Phonetap's Mech Shaman, Mid-Range Druid Meta Snapshot #16, Purple Rank #1 Legend Midrange Hunter, Toefoo Rank 1 Oil Rogue, MatGagne Shadow Madness Priest, Hyunher Tempo Mage]
=====
Initial Deck
=====
[name=Eaglehorn Bow, class=HUNTER, rarity=RARE, mana=3]
[name=Piloted Shredder, class=ANY, rarity=COMMON, mana=4]
[name=Savannah Highmane, class=HUNTER, rarity=RARE, mana=6]
[name=Leper Gnome, class=ANY, rarity=COMMON, mana=1]
[name=Leper Gnome, class=ANY, rarity=COMMON, mana=1]
[name=Eaglehorn Bow, class=HUNTER, rarity=RARE, mana=3]
[name=Loatheb, class=ANY, rarity=LEGENDARY, mana=5]
[name=Leper Gnome, class=ANY, rarity=COMMON, mana=1]
[name=Unleash the Hounds, class=HUNTER, rarity=COMMON, mana=3]
[name=Explosive Trap, class=HUNTER, rarity=COMMON, mana=2]
[name=Unleash the Hounds, class=HUNTER, rarity=COMMON, mana=3]
[name=Piloted Shredder, class=ANY, rarity=COMMON, mana=4]
[name=Savannah Highmane, class=HUNTER, rarity=RARE, mana=6]
[name=Sludge Belcher, class=ANY, rarity=RARE, mana=5]
[name=Houndmaster, class=HUNTER, rarity=FREE, mana=4]
[name=Houndmaster, class=HUNTER, rarity=FREE, mana=4]
[name=Explosive Trap, class=HUNTER, rarity=COMMON, mana=2]
[name=Sludge Belcher, class=ANY, rarity=RARE, mana=5]
[name=Abusive Sergeant, class=ANY, rarity=COMMON, mana=1]
[name=Glaivezooka, class=HUNTER, rarity=COMMON, mana=2]
[name=Leper Gnome, class=ANY, rarity=COMMON, mana=1]
[name=Houndmaster, class=HUNTER, rarity=FREE, mana=4]
[name=Knife Juggler, class=ANY, rarity=RARE, mana=2]
[name=Savannah Highmane, class=HUNTER, rarity=RARE, mana=6]
[name=Knife Juggler, class=ANY, rarity=RARE, mana=2]
[name=Eaglehorn Bow, class=HUNTER, rarity=RARE, mana=3]
[name=Hunter's Mark, class=HUNTER, rarity=FREE, mana=1]
[name=Savannah Highmane, class=HUNTER, rarity=RARE, mana=6]
[name=Abusive Sergeant, class=ANY, rarity=COMMON, mana=1]
[name=Knife Juggler, class=ANY, rarity=RARE, mana=2]


=====
GENERATION 0
=====
best=59
avg=48.6
worst=20.0
infeasible rate=0.1
mutation rate=0.45
=====

=====
GENERATION 5
=====
best=117
avg=94.0
worst=28.0
infeasible rate=0.2
mutation rate=0.225
=====

=====
GENERATION 10
=====
best=117
avg=104.5
worst=34.0
infeasible rate=0.3
mutation rate=0.1125
=====

=====
GENERATION 15
=====
best=117
avg=106.6
worst=61.0
infeasible rate=0.6
mutation rate=0.05625
=====

=====
GENERATION 20
=====
best=117
avg=100.2
worst=49.0
infeasible rate=0.9
mutation rate=0.028125
=====

=====
GENERATION 25
=====
best=117
avg=78.3
worst=81.0
infeasible rate=1.3
mutation rate=0.0140625
=====

=====
GENERATION 30
=====
best=117
avg=102.8
worst=48.0
infeasible rate=1.3
mutation rate=0.00703125
=====

=====
GENERATION 35
=====
best=117
avg=104.8
worst=55.0
infeasible rate=1.5
mutation rate=0.003515625
=====

=====
GENERATION 40
=====
best=117
avg=104.1
worst=45.0
infeasible rate=1.5
mutation rate=0.0017578125
=====

=====
GENERATION 45
=====
best=117
avg=92.7
worst=47.0
infeasible rate=1.9
mutation rate=8.7890625E-4
=====

=====
BEST
=====
[name=Reckless Rocketeer, class=ANY, rarity=FREE, mana=6]
[name=Gadgetzan Socialite, class=ANY, rarity=COMMON, mana=2]
[name=Priestess of Elune, class=ANY, rarity=COMMON, mana=6]
[name=Shieldbearer, class=ANY, rarity=COMMON, mana=1]
[name=Wind-up Burglebot, class=ANY, rarity=EPIC, mana=5]
[name=Lotus Agents, class=ANY, rarity=RARE, mana=5]
[name=Sea Giant, class=ANY, rarity=EPIC, mana=10]
[name=Sea Giant, class=ANY, rarity=EPIC, mana=10]
[name=Murloc, class=ANY, rarity=FREE, mana=1]
[name=Hogger, Doom of Elwynn, class=ANY, rarity=LEGENDARY, mana=7]
[name=Bog Creeper, class=ANY, rarity=COMMON, mana=7]
[name=Bog Creeper, class=ANY, rarity=COMMON, mana=7]
[name=Ironbeak Owl, class=ANY, rarity=COMMON, mana=3]
[name=Fen Creeper, class=ANY, rarity=COMMON, mana=5]
[name=Spider, class=HUNTER, rarity=FREE, mana=1]
[name=Wisp, class=ANY, rarity=COMMON, mana=0]
[name=Dream, class=ANY, rarity=FREE, mana=0]
[name=Snake, class=HUNTER, rarity=EPIC, mana=1]
[name=Beckoner of Evil, class=ANY, rarity=COMMON, mana=2]
[name=Rat, class=HUNTER, rarity=FREE, mana=1]
[name=Call of the Wild, class=HUNTER, rarity=EPIC, mana=9]
[name=King Mukla, class=ANY, rarity=LEGENDARY, mana=3]
[name=Baron Geddon, class=ANY, rarity=LEGENDARY, mana=7]
[name=Dire Wolf Alpha, class=ANY, rarity=COMMON, mana=2]
[name=Chillwind Yeti, class=ANY, rarity=FREE, mana=4]
[name=Angry Chicken, class=ANY, rarity=RARE, mana=1]
[name=Scarlet Crusader, class=ANY, rarity=COMMON, mana=3]
[name=Mukla, Tyrant of the Vale, class=ANY, rarity=LEGENDARY, mana=6]
[name=Gurubashi Berserker, class=ANY, rarity=FREE, mana=5]
[name=Faceless Behemoth, class=ANY, rarity=COMMON, mana=10]


=====
MANA CURVE
=====
1=6
2=3
3=3
4=1
5=4
6=3
7=4
7 or more=6

=====
FITNESS=117
=====

=====
GAME STATISTICS
=====

opponent=Purple Rank #1 Legend Midrange Hunter
WIN_RATE=100.00%DAMAGE_DEALT=18.6875HEALING_DONE=0.5MANA_SPENT=21.9375CARDS_PLAYED=11.3125TURNS_TAKEN=7.625MINIONS_PLAYED=14.9375SPELLS_CAST=2.0625HERO_POWER_USED=1.9375

opponent=MatGagne Shadow Madness Priest
WIN_RATE=75.00%DAMAGE_DEALT=33.25HEALING_DONE=1.0MANA_SPENT=26.625CARDS_PLAYED=12.9375TURNS_TAKEN=8.0625MINIONS_PLAYED=17.5SPELLS_CAST=2.1875HERO_POWER_USED=2.1875

opponent=Toefoo Rank 1 Cwarrior
WIN_RATE=93.75%DAMAGE_DEALT=24.9375HEALING_DONE=0.625MANA_SPENT=22.0625CARDS_PLAYED=11.6875TURNS_TAKEN=7.5625MINIONS_PLAYED=16.375SPELLS_CAST=1.5HERO_POWER_USED=2.0

opponent=Phonetap's Mech Shaman
WIN_RATE=87.50%DAMAGE_DEALT=25.6875HEALING_DONE=1.0MANA_SPENT=25.9375CARDS_PLAYED=12.4375TURNS_TAKEN=7.875MINIONS_PLAYED=16.125SPELLS_CAST=2.0625HERO_POWER_USED=2.4375

opponent=Aggro Paladin Meta Snapshot #17
WIN_RATE=100.00%DAMAGE_DEALT=35.1875HEALING_DONE=1.375MANA_SPENT=29.25CARDS_PLAYED=12.25TURNS_TAKEN=8.5MINIONS_PLAYED=18.25SPELLS_CAST=1.5HERO_POWER_USED=1.8125

opponent=Hyunher Tempo Mage
WIN_RATE=100.00%DAMAGE_DEALT=19.5625HEALING_DONE=0.875MANA_SPENT=24.4375CARDS_PLAYED=10.5TURNS_TAKEN=7.4375MINIONS_PLAYED=16.6875SPELLS_CAST=1.25HERO_POWER_USED=0.9375

opponent=Mid-Range Druid Meta Snapshot #16
WIN_RATE=93.75%DAMAGE_DEALT=25.875HEALING_DONE=0.8125MANA_SPENT=26.0625CARDS_PLAYED=11.9375TURNS_TAKEN=7.9375MINIONS_PLAYED=16.5SPELLS_CAST=2.0625HERO_POWER_USED=1.8125

opponent=Toefoo Rank 1 Oil Rogue
WIN_RATE=75.00%DAMAGE_DEALT=29.9375HEALING_DONE=1.0MANA_SPENT=25.9375CARDS_PLAYED=12.5TURNS_TAKEN=7.8125MINIONS_PLAYED=17.4375SPELLS_CAST=2.0625HERO_POWER_USED=1.8125

opponent=Neviilz MalyGod Meta Snapshot #18
WIN_RATE=93.75%DAMAGE_DEALT=26.625HEALING_DONE=0.625MANA_SPENT=24.5625CARDS_PLAYED=11.75TURNS_TAKEN=7.75MINIONS_PLAYED=15.875SPELLS_CAST=1.9375HERO_POWER_USED=2.0

=====
JENETICS STATISTICS
=====
+---------------------------------------------------------------------------+
|  Time statistics                                                          |
+---------------------------------------------------------------------------+
|             Selection: sum=0.002049633000 s; mean=0.000040992660 s        |
|              Altering: sum=0.007520679000 s; mean=0.000150413580 s        |
|   Fitness calculation: sum=223.102990645000 s; mean=4.462059812900 s      |
|     Overall execution: sum=223.117023345000 s; mean=4.462340466900 s      |
+---------------------------------------------------------------------------+
|  Evolution statistics                                                     |
+---------------------------------------------------------------------------+
|           Generations: 50                                                 |
|               Altered: sum=181; mean=3.620000000                          |
|                Killed: sum=0; mean=0.000000000                            |
|              Invalids: sum=0; mean=0.000000000                            |
+---------------------------------------------------------------------------+
|  Population statistics                                                    |
+---------------------------------------------------------------------------+
|                   Age: max=48; mean=17.092000; var=263.177892             |
|               Fitness:                                                    |
|                      min  = 0.000000000000                                |
|                      max  = 117.000000000000                              |
|                      mean = 96.302000000000                               |
|                      var  = 1131.862521042084                             |
|                      std  = 33.643164551541                               |
+---------------------------------------------------------------------------+
infeasible rate=231
