
=====
(10, 10)-EA
=====
population size=10
max generations=0.9
max fitness=128
number of games=16.0
hero class=HUNTER

opponents=[Aggro Paladin Meta Snapshot #17, Toefoo Rank 1 Cwarrior, Neviilz MalyGod Meta Snapshot #18, Phonetap's Mech Shaman, Mid-Range Druid Meta Snapshot #16, Purple Rank #1 Legend Midrange Hunter, Toefoo Rank 1 Oil Rogue, MatGagne Shadow Madness Priest, Hyunher Tempo Mage]
=====
Initial Deck
=====
[name=Eaglehorn Bow, class=HUNTER, rarity=RARE, mana=3]
[name=Unleash the Hounds, class=HUNTER, rarity=COMMON, mana=3]
[name=Mad Scientist, class=ANY, rarity=COMMON, mana=2]
[name=Mad Scientist, class=ANY, rarity=COMMON, mana=2]
[name=Knife Juggler, class=ANY, rarity=RARE, mana=2]
[name=Leper Gnome, class=ANY, rarity=COMMON, mana=1]
[name=Leper Gnome, class=ANY, rarity=COMMON, mana=1]
[name=Freezing Trap, class=HUNTER, rarity=COMMON, mana=2]
[name=Knife Juggler, class=ANY, rarity=RARE, mana=2]
[name=Houndmaster, class=HUNTER, rarity=FREE, mana=4]
[name=Hunter's Mark, class=HUNTER, rarity=FREE, mana=1]
[name=Sludge Belcher, class=ANY, rarity=RARE, mana=5]
[name=Kill Command, class=HUNTER, rarity=FREE, mana=3]
[name=Abusive Sergeant, class=ANY, rarity=COMMON, mana=1]
[name=Animal Companion, class=HUNTER, rarity=FREE, mana=3]
[name=Mad Scientist, class=ANY, rarity=COMMON, mana=2]
[name=Animal Companion, class=HUNTER, rarity=FREE, mana=3]
[name=Animal Companion, class=HUNTER, rarity=FREE, mana=3]
[name=Piloted Shredder, class=ANY, rarity=COMMON, mana=4]
[name=Kill Command, class=HUNTER, rarity=FREE, mana=3]
[name=Mad Scientist, class=ANY, rarity=COMMON, mana=2]
[name=Knife Juggler, class=ANY, rarity=RARE, mana=2]
[name=Abusive Sergeant, class=ANY, rarity=COMMON, mana=1]
[name=Leper Gnome, class=ANY, rarity=COMMON, mana=1]
[name=Explosive Trap, class=HUNTER, rarity=COMMON, mana=2]
[name=Hunter's Mark, class=HUNTER, rarity=FREE, mana=1]
[name=Piloted Shredder, class=ANY, rarity=COMMON, mana=4]
[name=Freezing Trap, class=HUNTER, rarity=COMMON, mana=2]
[name=Houndmaster, class=HUNTER, rarity=FREE, mana=4]
[name=Animal Companion, class=HUNTER, rarity=FREE, mana=3]


=====
GENERATION 0
=====
best=109
avg=81.3
worst=39.0
infeasible rate=0.0
mutation rate=0.45
=====

=====
GENERATION 5
=====
best=109
avg=85.5
worst=14.0
infeasible rate=0.1
mutation rate=0.225
=====

=====
GENERATION 10
=====
best=109
avg=86.4
worst=24.0
infeasible rate=0.3
mutation rate=0.1125
=====

=====
GENERATION 15
=====
best=109
avg=93.5
worst=31.0
infeasible rate=0.6
mutation rate=0.05625
=====

=====
GENERATION 20
=====
best=109
avg=100.9
worst=55.0
infeasible rate=0.7
mutation rate=0.028125
=====

=====
GENERATION 25
=====
best=109
avg=101.7
worst=36.0
infeasible rate=0.8
mutation rate=0.0140625
=====

=====
GENERATION 30
=====
best=109
avg=91.9
worst=47.0
infeasible rate=1.0
mutation rate=0.00703125
=====

=====
GENERATION 35
=====
best=109
avg=76.7
worst=19.0
infeasible rate=1.1
mutation rate=0.003515625
=====

=====
GENERATION 40
=====
best=109
avg=82.5
worst=21.0
infeasible rate=1.2
mutation rate=0.0017578125
=====

=====
GENERATION 45
=====
best=109
avg=70.7
worst=9.0
infeasible rate=1.4
mutation rate=8.7890625E-4
=====

=====
BEST
=====
[name=Abusive Sergeant, class=ANY, rarity=COMMON, mana=1]
[name=Nozdormu, class=ANY, rarity=LEGENDARY, mana=9]
[name=Piranha, class=HUNTER, rarity=FREE, mana=1]
[name=Blood of The Ancient One, class=ANY, rarity=EPIC, mana=9]
[name=Baine Bloodhoof, class=ANY, rarity=LEGENDARY, mana=4]
[name=Giant Sand Worm, class=HUNTER, rarity=EPIC, mana=8]
[name=Menagerie Magician, class=ANY, rarity=COMMON, mana=5]
[name=Nightblade, class=ANY, rarity=FREE, mana=5]
[name=Murloc, class=ANY, rarity=FREE, mana=1]
[name=Wild Pyromancer, class=ANY, rarity=RARE, mana=2]
[name=Ravenholdt Assassin, class=ANY, rarity=RARE, mana=7]
[name=Acidic Swamp Ooze, class=ANY, rarity=FREE, mana=2]
[name=Ancient Harbinger, class=ANY, rarity=EPIC, mana=6]
[name=Oasis Snapjaw, class=ANY, rarity=FREE, mana=4]
[name=Spellbreaker, class=ANY, rarity=COMMON, mana=4]
[name=Squire, class=ANY, rarity=COMMON, mana=1]
[name=Dragonling Mechanic, class=ANY, rarity=FREE, mana=4]
[name=C'Thun, class=ANY, rarity=LEGENDARY, mana=10]
[name=Beckoner of Evil, class=ANY, rarity=COMMON, mana=2]
[name=Madam Goya, class=ANY, rarity=LEGENDARY, mana=6]
[name=Zealous Initiate, class=ANY, rarity=COMMON, mana=1]
[name=Cult Master, class=ANY, rarity=COMMON, mana=4]
[name=Stampeding Kodo, class=ANY, rarity=RARE, mana=5]
[name=Princess Huhuran, class=HUNTER, rarity=LEGENDARY, mana=5]
[name=Scarlet Crusader, class=ANY, rarity=COMMON, mana=3]
[name=The Boogeymonster, class=ANY, rarity=LEGENDARY, mana=8]
[name=Coldlight Seer, class=ANY, rarity=RARE, mana=3]
[name=Loot Hoarder, class=ANY, rarity=COMMON, mana=2]
[name=Mad Bomber, class=ANY, rarity=COMMON, mana=2]
[name=Arcanosmith, class=ANY, rarity=COMMON, mana=4]


=====
MANA CURVE
=====
1=5
2=5
3=2
4=6
5=4
6=2
7=1
7 or more=5

=====
FITNESS=109
=====

=====
GAME STATISTICS
=====

opponent=Purple Rank #1 Legend Midrange Hunter
WIN_RATE=81.25%DAMAGE_DEALT=42.25MANA_SPENT=20.9375CARDS_PLAYED=11.875TURNS_TAKEN=8.1875MINIONS_PLAYED=15.75SPELLS_CAST=2.375HERO_POWER_USED=2.875

opponent=MatGagne Shadow Madness Priest
WIN_RATE=93.75%DAMAGE_DEALT=31.8125MANA_SPENT=20.25CARDS_PLAYED=10.3125TURNS_TAKEN=7.625MINIONS_PLAYED=14.5625SPELLS_CAST=2.8125HERO_POWER_USED=1.8125

opponent=Toefoo Rank 1 Cwarrior
WIN_RATE=93.75%DAMAGE_DEALT=39.9375MANA_SPENT=20.25CARDS_PLAYED=10.8125TURNS_TAKEN=7.625MINIONS_PLAYED=14.875SPELLS_CAST=2.8125HERO_POWER_USED=2.5

opponent=Phonetap's Mech Shaman
WIN_RATE=87.50%DAMAGE_DEALT=29.0MANA_SPENT=20.375CARDS_PLAYED=10.0625TURNS_TAKEN=7.375MINIONS_PLAYED=15.125SPELLS_CAST=3.0625HERO_POWER_USED=1.8125

opponent=Aggro Paladin Meta Snapshot #17
WIN_RATE=93.75%DAMAGE_DEALT=25.0625MANA_SPENT=18.3125CARDS_PLAYED=8.5625TURNS_TAKEN=6.9375MINIONS_PLAYED=13.0625SPELLS_CAST=2.3125HERO_POWER_USED=1.4375

opponent=Hyunher Tempo Mage
WIN_RATE=68.75%DAMAGE_DEALT=45.125MANA_SPENT=20.6875CARDS_PLAYED=11.6875TURNS_TAKEN=8.3125MINIONS_PLAYED=14.25SPELLS_CAST=2.5HERO_POWER_USED=3.25

opponent=Mid-Range Druid Meta Snapshot #16
WIN_RATE=87.50%DAMAGE_DEALT=37.625MANA_SPENT=20.8125CARDS_PLAYED=11.25TURNS_TAKEN=7.9375MINIONS_PLAYED=14.1875SPELLS_CAST=3.6875HERO_POWER_USED=2.4375

opponent=Toefoo Rank 1 Oil Rogue
WIN_RATE=81.25%DAMAGE_DEALT=34.0MANA_SPENT=19.4375CARDS_PLAYED=10.375TURNS_TAKEN=7.5MINIONS_PLAYED=14.6875SPELLS_CAST=2.25HERO_POWER_USED=1.9375

opponent=Neviilz MalyGod Meta Snapshot #18
WIN_RATE=75.00%DAMAGE_DEALT=42.6875HEALING_DONE=0.375MANA_SPENT=21.25CARDS_PLAYED=10.75TURNS_TAKEN=7.6875MINIONS_PLAYED=15.0625SPELLS_CAST=2.6875HERO_POWER_USED=2.0

=====
JENETICS STATISTICS
=====
+---------------------------------------------------------------------------+
|  Time statistics                                                          |
+---------------------------------------------------------------------------+
|             Selection: sum=0.002633982000 s; mean=0.000052679640 s        |
|              Altering: sum=0.007038990000 s; mean=0.000140779800 s        |
|   Fitness calculation: sum=211.096026312000 s; mean=4.221920526240 s      |
|     Overall execution: sum=211.110053841000 s; mean=4.222201076820 s      |
+---------------------------------------------------------------------------+
|  Evolution statistics                                                     |
+---------------------------------------------------------------------------+
|           Generations: 50                                                 |
|               Altered: sum=199; mean=3.980000000                          |
|                Killed: sum=0; mean=0.000000000                            |
|              Invalids: sum=0; mean=0.000000000                            |
+---------------------------------------------------------------------------+
|  Population statistics                                                    |
+---------------------------------------------------------------------------+
|                   Age: max=49; mean=17.916000; var=263.227399             |
|               Fitness:                                                    |
|                      min  = 0.000000000000                                |
|                      max  = 109.000000000000                              |
|                      mean = 89.648000000000                               |
|                      var  = 1158.925947895792                             |
|                      std  = 34.043001452513                               |
+---------------------------------------------------------------------------+
infeasible rate=105
