
=====
(10, 10)-EA
=====
population size=10
max generations=0.9
max fitness=128
number of games=16.0
hero class=HUNTER

opponents=[Aggro Paladin Meta Snapshot #17, Toefoo Rank 1 Cwarrior, Neviilz MalyGod Meta Snapshot #18, Phonetap's Mech Shaman, Mid-Range Druid Meta Snapshot #16, Purple Rank #1 Legend Midrange Hunter, Toefoo Rank 1 Oil Rogue, MatGagne Shadow Madness Priest, Hyunher Tempo Mage]
=====
Initial Deck
=====
[name=Abusive Sergeant, class=ANY, rarity=COMMON, mana=1]
[name=Houndmaster, class=HUNTER, rarity=FREE, mana=4]
[name=Piloted Shredder, class=ANY, rarity=COMMON, mana=4]
[name=Hunter's Mark, class=HUNTER, rarity=FREE, mana=1]
[name=Mad Scientist, class=ANY, rarity=COMMON, mana=2]
[name=Piloted Shredder, class=ANY, rarity=COMMON, mana=4]
[name=Eaglehorn Bow, class=HUNTER, rarity=RARE, mana=3]
[name=Unleash the Hounds, class=HUNTER, rarity=COMMON, mana=3]
[name=Leper Gnome, class=ANY, rarity=COMMON, mana=1]
[name=Freezing Trap, class=HUNTER, rarity=COMMON, mana=2]
[name=Freezing Trap, class=HUNTER, rarity=COMMON, mana=2]
[name=Abusive Sergeant, class=ANY, rarity=COMMON, mana=1]
[name=Kill Command, class=HUNTER, rarity=FREE, mana=3]
[name=Leper Gnome, class=ANY, rarity=COMMON, mana=1]
[name=Sludge Belcher, class=ANY, rarity=RARE, mana=5]
[name=Eaglehorn Bow, class=HUNTER, rarity=RARE, mana=3]
[name=Eaglehorn Bow, class=HUNTER, rarity=RARE, mana=3]
[name=Savannah Highmane, class=HUNTER, rarity=RARE, mana=6]
[name=Freezing Trap, class=HUNTER, rarity=COMMON, mana=2]
[name=Haunted Creeper, class=ANY, rarity=COMMON, mana=2]
[name=Mad Scientist, class=ANY, rarity=COMMON, mana=2]
[name=Mad Scientist, class=ANY, rarity=COMMON, mana=2]
[name=Leper Gnome, class=ANY, rarity=COMMON, mana=1]
[name=Abusive Sergeant, class=ANY, rarity=COMMON, mana=1]
[name=Sludge Belcher, class=ANY, rarity=RARE, mana=5]
[name=Mad Scientist, class=ANY, rarity=COMMON, mana=2]
[name=Kill Command, class=HUNTER, rarity=FREE, mana=3]
[name=Explosive Trap, class=HUNTER, rarity=COMMON, mana=2]
[name=Freezing Trap, class=HUNTER, rarity=COMMON, mana=2]
[name=Freezing Trap, class=HUNTER, rarity=COMMON, mana=2]


=====
GENERATION 0
=====
best=99
avg=82.8
worst=65.0
infeasible rate=0.2
mutation rate=0.45
=====

=====
GENERATION 5
=====
best=104
avg=92.9
worst=58.0
infeasible rate=0.2
mutation rate=0.225
=====

=====
GENERATION 10
=====
best=104
avg=79.5
worst=22.0
infeasible rate=0.3
mutation rate=0.1125
=====

=====
GENERATION 15
=====
best=115
avg=84.3
worst=104.0
infeasible rate=0.7
mutation rate=0.05625
=====

=====
GENERATION 20
=====
best=115
avg=101.3
worst=38.0
infeasible rate=0.9
mutation rate=0.028125
=====

=====
GENERATION 25
=====
best=115
avg=115.0
worst=115.0
infeasible rate=1.1
mutation rate=0.0140625
=====

=====
GENERATION 30
=====
best=115
avg=89.1
worst=19.0
infeasible rate=1.2
mutation rate=0.00703125
=====

=====
GENERATION 35
=====
best=115
avg=97.2
worst=52.0
infeasible rate=1.3
mutation rate=0.003515625
=====

=====
GENERATION 40
=====
best=115
avg=87.9
worst=44.0
infeasible rate=1.6
mutation rate=0.0017578125
=====

=====
GENERATION 45
=====
best=115
avg=103.6
worst=20.0
infeasible rate=1.6
mutation rate=8.7890625E-4
=====

=====
BEST
=====
[name=Flare, class=HUNTER, rarity=RARE, mana=2]
[name=Archmage, class=ANY, rarity=FREE, mana=6]
[name=Gnomish Inventor, class=ANY, rarity=FREE, mana=4]
[name=Scaled Nightmare, class=ANY, rarity=EPIC, mana=6]
[name=Smuggler's Crate, class=HUNTER, rarity=COMMON, mana=1]
[name=Whelp, class=ANY, rarity=FREE, mana=1]
[name=Raid Leader, class=ANY, rarity=FREE, mana=3]
[name=Doomcaller, class=ANY, rarity=RARE, mana=8]
[name=Blackwater Pirate, class=ANY, rarity=RARE, mana=4]
[name=Twin Emperor Vek'lor, class=ANY, rarity=LEGENDARY, mana=7]
[name=Twilight Elder, class=ANY, rarity=COMMON, mana=3]
[name=Bloodfen Raptor, class=ANY, rarity=FREE, mana=2]
[name=Infest, class=HUNTER, rarity=RARE, mana=3]
[name=C'Thun, class=ANY, rarity=LEGENDARY, mana=10]
[name=Beckoner of Evil, class=ANY, rarity=COMMON, mana=2]
[name=Tanaris Hogchopper, class=ANY, rarity=COMMON, mana=4]
[name=Flame of Azzinoth, class=ANY, rarity=FREE, mana=1]
[name=Emerald Drake, class=ANY, rarity=FREE, mana=4]
[name=Murloc Scout, class=ANY, rarity=FREE, mana=1]
[name=Madam Goya, class=ANY, rarity=LEGENDARY, mana=6]
[name=Devilsaur, class=ANY, rarity=COMMON, mana=5]
[name=Voodoo Doctor, class=ANY, rarity=FREE, mana=1]
[name=Hound, class=HUNTER, rarity=COMMON, mana=1]
[name=Captain Greenskin, class=ANY, rarity=LEGENDARY, mana=5]
[name=Big Game Hunter, class=ANY, rarity=EPIC, mana=5]
[name=Animal Companion, class=HUNTER, rarity=FREE, mana=3]
[name=Finkle Einhorn, class=ANY, rarity=LEGENDARY, mana=3]
[name=Mana Wraith, class=ANY, rarity=RARE, mana=2]
[name=Wrathion, class=ANY, rarity=LEGENDARY, mana=6]
[name=Disciple of C'Thun, class=ANY, rarity=RARE, mana=3]


=====
MANA CURVE
=====
1=6
2=4
3=6
4=4
5=3
6=4
7=1
7 or more=2

=====
FITNESS=115
=====

=====
GAME STATISTICS
=====

opponent=Purple Rank #1 Legend Midrange Hunter
WIN_RATE=100.00%DAMAGE_DEALT=22.0625MANA_SPENT=36.75CARDS_PLAYED=10.625TURNS_TAKEN=8.9375MINIONS_PLAYED=18.75SPELLS_CAST=0.375HERO_POWER_USED=1.25

opponent=MatGagne Shadow Madness Priest
WIN_RATE=75.00%DAMAGE_DEALT=34.8125HEALING_DONE=0.375MANA_SPENT=39.25CARDS_PLAYED=12.0TURNS_TAKEN=9.3125MINIONS_PLAYED=20.875SPELLS_CAST=0.375HERO_POWER_USED=1.5

opponent=Toefoo Rank 1 Cwarrior
WIN_RATE=87.50%DAMAGE_DEALT=26.5625HEALING_DONE=0.375MANA_SPENT=36.0625CARDS_PLAYED=11.625TURNS_TAKEN=8.9375MINIONS_PLAYED=20.75SPELLS_CAST=0.3125HERO_POWER_USED=1.25

opponent=Phonetap's Mech Shaman
WIN_RATE=87.50%DAMAGE_DEALT=27.3125HEALING_DONE=0.375MANA_SPENT=41.0625CARDS_PLAYED=12.5TURNS_TAKEN=9.5625MINIONS_PLAYED=21.875SPELLS_CAST=0.5625HERO_POWER_USED=1.5

opponent=Aggro Paladin Meta Snapshot #17
WIN_RATE=87.50%DAMAGE_DEALT=33.4375HEALING_DONE=0.375MANA_SPENT=42.75CARDS_PLAYED=12.6875TURNS_TAKEN=9.6875MINIONS_PLAYED=21.9375SPELLS_CAST=0.3125HERO_POWER_USED=1.625

opponent=Hyunher Tempo Mage
WIN_RATE=100.00%DAMAGE_DEALT=19.3125HEALING_DONE=0.5MANA_SPENT=40.9375CARDS_PLAYED=12.3125TURNS_TAKEN=9.4375MINIONS_PLAYED=21.4375SPELLS_CAST=0.4375HERO_POWER_USED=1.4375

opponent=Mid-Range Druid Meta Snapshot #16
WIN_RATE=87.50%DAMAGE_DEALT=19.9375HEALING_DONE=0.25MANA_SPENT=31.875CARDS_PLAYED=9.625TURNS_TAKEN=8.25MINIONS_PLAYED=16.875SPELLS_CAST=0.5HERO_POWER_USED=1.0625

opponent=Toefoo Rank 1 Oil Rogue
WIN_RATE=93.75%DAMAGE_DEALT=23.125HEALING_DONE=0.125MANA_SPENT=35.4375CARDS_PLAYED=11.0625TURNS_TAKEN=8.875MINIONS_PLAYED=18.75SPELLS_CAST=0.5HERO_POWER_USED=1.5

opponent=Neviilz MalyGod Meta Snapshot #18
WIN_RATE=87.50%DAMAGE_DEALT=27.0625HEALING_DONE=0.5MANA_SPENT=38.3125CARDS_PLAYED=11.4375TURNS_TAKEN=8.9375MINIONS_PLAYED=20.625SPELLS_CAST=0.5HERO_POWER_USED=0.9375

=====
JENETICS STATISTICS
=====
+---------------------------------------------------------------------------+
|  Time statistics                                                          |
+---------------------------------------------------------------------------+
|             Selection: sum=0.002459406000 s; mean=0.000049188120 s        |
|              Altering: sum=0.008131125000 s; mean=0.000162622500 s        |
|   Fitness calculation: sum=201.306247243000 s; mean=4.026124944860 s      |
|     Overall execution: sum=201.321485676000 s; mean=4.026429713520 s      |
+---------------------------------------------------------------------------+
|  Evolution statistics                                                     |
+---------------------------------------------------------------------------+
|           Generations: 50                                                 |
|               Altered: sum=161; mean=3.220000000                          |
|                Killed: sum=0; mean=0.000000000                            |
|              Invalids: sum=0; mean=0.000000000                            |
+---------------------------------------------------------------------------+
|  Population statistics                                                    |
+---------------------------------------------------------------------------+
|                   Age: max=34; mean=10.532000; var=109.331639             |
|               Fitness:                                                    |
|                      min  = 0.000000000000                                |
|                      max  = 115.000000000000                              |
|                      mean = 95.008000000000                               |
|                      var  = 945.591118236473                              |
|                      std  = 30.750465333658                               |
+---------------------------------------------------------------------------+
infeasible rate=153
