
=====
(10, 10)-EA
=====
population size=10
max generations=0.9
max fitness=128
number of games=16.0
hero class=HUNTER

opponents=[Aggro Paladin Meta Snapshot #17, Toefoo Rank 1 Cwarrior, Neviilz MalyGod Meta Snapshot #18, Phonetap's Mech Shaman, Mid-Range Druid Meta Snapshot #16, Purple Rank #1 Legend Midrange Hunter, Toefoo Rank 1 Oil Rogue, MatGagne Shadow Madness Priest, Hyunher Tempo Mage]
=====
Initial Deck
=====
[name=Savannah Highmane, class=HUNTER, rarity=RARE, mana=6]
[name=Mad Scientist, class=ANY, rarity=COMMON, mana=2]
[name=Glaivezooka, class=HUNTER, rarity=COMMON, mana=2]
[name=Mad Scientist, class=ANY, rarity=COMMON, mana=2]
[name=Houndmaster, class=HUNTER, rarity=FREE, mana=4]
[name=Animal Companion, class=HUNTER, rarity=FREE, mana=3]
[name=Savannah Highmane, class=HUNTER, rarity=RARE, mana=6]
[name=Haunted Creeper, class=ANY, rarity=COMMON, mana=2]
[name=Explosive Trap, class=HUNTER, rarity=COMMON, mana=2]
[name=Piloted Shredder, class=ANY, rarity=COMMON, mana=4]
[name=Freezing Trap, class=HUNTER, rarity=COMMON, mana=2]
[name=Leper Gnome, class=ANY, rarity=COMMON, mana=1]
[name=Unleash the Hounds, class=HUNTER, rarity=COMMON, mana=3]
[name=Haunted Creeper, class=ANY, rarity=COMMON, mana=2]
[name=Hunter's Mark, class=HUNTER, rarity=FREE, mana=1]
[name=Eaglehorn Bow, class=HUNTER, rarity=RARE, mana=3]
[name=Sludge Belcher, class=ANY, rarity=RARE, mana=5]
[name=Leper Gnome, class=ANY, rarity=COMMON, mana=1]
[name=Piloted Shredder, class=ANY, rarity=COMMON, mana=4]
[name=Animal Companion, class=HUNTER, rarity=FREE, mana=3]
[name=Savannah Highmane, class=HUNTER, rarity=RARE, mana=6]
[name=Animal Companion, class=HUNTER, rarity=FREE, mana=3]
[name=Haunted Creeper, class=ANY, rarity=COMMON, mana=2]
[name=Savannah Highmane, class=HUNTER, rarity=RARE, mana=6]
[name=Savannah Highmane, class=HUNTER, rarity=RARE, mana=6]
[name=Animal Companion, class=HUNTER, rarity=FREE, mana=3]
[name=Loatheb, class=ANY, rarity=LEGENDARY, mana=5]
[name=Unleash the Hounds, class=HUNTER, rarity=COMMON, mana=3]
[name=Piloted Shredder, class=ANY, rarity=COMMON, mana=4]
[name=Abusive Sergeant, class=ANY, rarity=COMMON, mana=1]


=====
GENERATION 0
=====
best=94
avg=59.6
worst=28.0
infeasible rate=0.0
mutation rate=0.45
=====

=====
GENERATION 5
=====
best=109
avg=72.5
worst=28.0
infeasible rate=0.1
mutation rate=0.225
=====

=====
GENERATION 10
=====
best=109
avg=90.2
worst=11.0
infeasible rate=0.2
mutation rate=0.1125
=====

=====
GENERATION 15
=====
best=111
avg=89.6
worst=21.0
infeasible rate=0.2
mutation rate=0.05625
=====

=====
GENERATION 20
=====
best=111
avg=103.4
worst=47.0
infeasible rate=0.3
mutation rate=0.028125
=====

=====
GENERATION 25
=====
best=111
avg=98.6
worst=55.0
infeasible rate=0.3
mutation rate=0.0140625
=====

=====
GENERATION 30
=====
best=111
avg=93.2
worst=21.0
infeasible rate=0.6
mutation rate=0.00703125
=====

=====
GENERATION 35
=====
best=111
avg=95.6
worst=68.0
infeasible rate=0.9
mutation rate=0.003515625
=====

=====
GENERATION 40
=====
best=111
avg=83.6
worst=9.0
infeasible rate=1.0
mutation rate=0.0017578125
=====

=====
GENERATION 45
=====
best=114
avg=99.7
worst=45.0
infeasible rate=1.0
mutation rate=8.7890625E-4
=====

=====
BEST
=====
[name=Twilight Geomancer, class=ANY, rarity=COMMON, mana=2]
[name=Cat in a Hat, class=HUNTER, rarity=COMMON, mana=3]
[name=Giant Sand Worm, class=HUNTER, rarity=EPIC, mana=8]
[name=Steady Shot, class=HUNTER, rarity=FREE, mana=2]
[name=Silithid Swarmer, class=ANY, rarity=RARE, mana=3]
[name=Mechanical Dragonling, class=ANY, rarity=FREE, mana=1]
[name=Mountain Giant, class=ANY, rarity=EPIC, mana=12]
[name=Wild Pyromancer, class=ANY, rarity=RARE, mana=2]
[name=Darkscale Healer, class=ANY, rarity=FREE, mana=5]
[name=Novice Engineer, class=ANY, rarity=FREE, mana=2]
[name=Twilight Elder, class=ANY, rarity=COMMON, mana=3]
[name=Dream, class=ANY, rarity=FREE, mana=0]
[name=Squire, class=ANY, rarity=COMMON, mana=1]
[name=Mana Addict, class=ANY, rarity=RARE, mana=2]
[name=Pompous Thespian, class=ANY, rarity=COMMON, mana=2]
[name=Tanaris Hogchopper, class=ANY, rarity=COMMON, mana=4]
[name=Dire Wolf Alpha, class=ANY, rarity=COMMON, mana=2]
[name=Savannah Highmane, class=HUNTER, rarity=RARE, mana=6]
[name=Tinkmaster Overspark, class=ANY, rarity=LEGENDARY, mana=3]
[name=Carrion Grub, class=HUNTER, rarity=COMMON, mana=3]
[name=Big Bad Wolf, class=HUNTER, rarity=COMMON, mana=2]
[name=Shifter Zerus, class=ANY, rarity=LEGENDARY, mana=1]
[name=Polluted Hoarder, class=ANY, rarity=COMMON, mana=4]
[name=Twisted Worgen, class=ANY, rarity=COMMON, mana=2]
[name=Faceless Behemoth, class=ANY, rarity=COMMON, mana=10]
[name=Genzo, the Shark, class=ANY, rarity=LEGENDARY, mana=4]
[name=Razorfen Hunter, class=ANY, rarity=FREE, mana=3]
[name=Molten Giant, class=ANY, rarity=EPIC, mana=25]
[name=Animated Shield, class=ANY, rarity=COMMON, mana=2]
[name=Infested Tauren, class=ANY, rarity=COMMON, mana=4]


=====
MANA CURVE
=====
1=3
2=10
3=6
4=4
5=1
6=1
7=0
7 or more=5

=====
FITNESS=114
=====

=====
GAME STATISTICS
=====

opponent=Purple Rank #1 Legend Midrange Hunter
WIN_RATE=75.00%DAMAGE_DEALT=31.9375MANA_SPENT=21.6875CARDS_PLAYED=11.625TURNS_TAKEN=7.8125MINIONS_PLAYED=17.6875SPELLS_CAST=0.75HERO_POWER_USED=2.625

opponent=MatGagne Shadow Madness Priest
WIN_RATE=93.75%DAMAGE_DEALT=21.875MANA_SPENT=21.0625CARDS_PLAYED=10.5TURNS_TAKEN=7.6875MINIONS_PLAYED=16.6875SPELLS_CAST=1.0HERO_POWER_USED=2.0625

opponent=Toefoo Rank 1 Cwarrior
WIN_RATE=87.50%DAMAGE_DEALT=28.5MANA_SPENT=21.5CARDS_PLAYED=11.125TURNS_TAKEN=7.625MINIONS_PLAYED=17.6875SPELLS_CAST=0.9375HERO_POWER_USED=1.9375

opponent=Phonetap's Mech Shaman
WIN_RATE=81.25%DAMAGE_DEALT=29.75MANA_SPENT=20.625CARDS_PLAYED=11.4375TURNS_TAKEN=7.75MINIONS_PLAYED=16.1875SPELLS_CAST=0.9375HERO_POWER_USED=3.0625

opponent=Aggro Paladin Meta Snapshot #17
WIN_RATE=100.00%DAMAGE_DEALT=27.4375MANA_SPENT=21.25CARDS_PLAYED=11.5625TURNS_TAKEN=7.9375MINIONS_PLAYED=16.875SPELLS_CAST=0.9375HERO_POWER_USED=2.9375

opponent=Hyunher Tempo Mage
WIN_RATE=93.75%DAMAGE_DEALT=26.8125HEALING_DONE=0.375MANA_SPENT=22.75CARDS_PLAYED=11.625TURNS_TAKEN=7.75MINIONS_PLAYED=17.6875SPELLS_CAST=0.9375HERO_POWER_USED=2.4375

opponent=Mid-Range Druid Meta Snapshot #16
WIN_RATE=100.00%DAMAGE_DEALT=28.0HEALING_DONE=0.5625MANA_SPENT=20.25CARDS_PLAYED=11.5625TURNS_TAKEN=7.5625MINIONS_PLAYED=17.25SPELLS_CAST=0.8125HERO_POWER_USED=2.75

opponent=Toefoo Rank 1 Oil Rogue
WIN_RATE=87.50%DAMAGE_DEALT=27.0MANA_SPENT=20.6875CARDS_PLAYED=11.5TURNS_TAKEN=7.6875MINIONS_PLAYED=16.9375SPELLS_CAST=1.0HERO_POWER_USED=2.5625

opponent=Neviilz MalyGod Meta Snapshot #18
WIN_RATE=81.25%DAMAGE_DEALT=34.4375MANA_SPENT=21.625CARDS_PLAYED=12.125TURNS_TAKEN=7.75MINIONS_PLAYED=18.25SPELLS_CAST=0.625HERO_POWER_USED=2.9375

=====
JENETICS STATISTICS
=====
+---------------------------------------------------------------------------+
|  Time statistics                                                          |
+---------------------------------------------------------------------------+
|             Selection: sum=0.007169277000 s; mean=0.000143385540 s        |
|              Altering: sum=0.009134583000 s; mean=0.000182691660 s        |
|   Fitness calculation: sum=286.785829230000 s; mean=5.735716584600 s      |
|     Overall execution: sum=286.805367710000 s; mean=5.736107354200 s      |
+---------------------------------------------------------------------------+
|  Evolution statistics                                                     |
+---------------------------------------------------------------------------+
|           Generations: 50                                                 |
|               Altered: sum=150; mean=3.000000000                          |
|                Killed: sum=0; mean=0.000000000                            |
|              Invalids: sum=0; mean=0.000000000                            |
+---------------------------------------------------------------------------+
|  Population statistics                                                    |
+---------------------------------------------------------------------------+
|                   Age: max=35; mean=8.756000; var=93.271006               |
|               Fitness:                                                    |
|                      min  = 0.000000000000                                |
|                      max  = 114.000000000000                              |
|                      mean = 91.878000000000                               |
|                      var  = 847.546208416834                              |
|                      std  = 29.112646880983                               |
+---------------------------------------------------------------------------+
infeasible rate=55
