
=====
(10, 10)-EA
=====
population size=10
max generations=0.9
max fitness=128
number of games=16.0
hero class=HUNTER

opponents=[Aggro Paladin Meta Snapshot #17, Toefoo Rank 1 Cwarrior, Neviilz MalyGod Meta Snapshot #18, Phonetap's Mech Shaman, Mid-Range Druid Meta Snapshot #16, Purple Rank #1 Legend Midrange Hunter, Toefoo Rank 1 Oil Rogue, MatGagne Shadow Madness Priest, Hyunher Tempo Mage]
=====
Initial Deck
=====
[name=Haunted Creeper, class=ANY, rarity=COMMON, mana=2]
[name=Haunted Creeper, class=ANY, rarity=COMMON, mana=2]
[name=Animal Companion, class=HUNTER, rarity=FREE, mana=3]
[name=Abusive Sergeant, class=ANY, rarity=COMMON, mana=1]
[name=Savannah Highmane, class=HUNTER, rarity=RARE, mana=6]
[name=Kill Command, class=HUNTER, rarity=FREE, mana=3]
[name=Animal Companion, class=HUNTER, rarity=FREE, mana=3]
[name=Haunted Creeper, class=ANY, rarity=COMMON, mana=2]
[name=Leper Gnome, class=ANY, rarity=COMMON, mana=1]
[name=Haunted Creeper, class=ANY, rarity=COMMON, mana=2]
[name=Loatheb, class=ANY, rarity=LEGENDARY, mana=5]
[name=Piloted Shredder, class=ANY, rarity=COMMON, mana=4]
[name=Unleash the Hounds, class=HUNTER, rarity=COMMON, mana=3]
[name=Leper Gnome, class=ANY, rarity=COMMON, mana=1]
[name=Glaivezooka, class=HUNTER, rarity=COMMON, mana=2]
[name=Abusive Sergeant, class=ANY, rarity=COMMON, mana=1]
[name=Loatheb, class=ANY, rarity=LEGENDARY, mana=5]
[name=Eaglehorn Bow, class=HUNTER, rarity=RARE, mana=3]
[name=Kill Command, class=HUNTER, rarity=FREE, mana=3]
[name=Piloted Shredder, class=ANY, rarity=COMMON, mana=4]
[name=Piloted Shredder, class=ANY, rarity=COMMON, mana=4]
[name=Haunted Creeper, class=ANY, rarity=COMMON, mana=2]
[name=Mad Scientist, class=ANY, rarity=COMMON, mana=2]
[name=Savannah Highmane, class=HUNTER, rarity=RARE, mana=6]
[name=Haunted Creeper, class=ANY, rarity=COMMON, mana=2]
[name=Haunted Creeper, class=ANY, rarity=COMMON, mana=2]
[name=Hunter's Mark, class=HUNTER, rarity=FREE, mana=1]
[name=Freezing Trap, class=HUNTER, rarity=COMMON, mana=2]
[name=Savannah Highmane, class=HUNTER, rarity=RARE, mana=6]
[name=Freezing Trap, class=HUNTER, rarity=COMMON, mana=2]


=====
GENERATION 0
=====
best=78
avg=51.1
worst=23.0
infeasible rate=0.1
mutation rate=0.45
=====

=====
GENERATION 5
=====
best=104
avg=86.0
worst=44.0
infeasible rate=0.1
mutation rate=0.45
=====

=====
GENERATION 10
=====
best=110
avg=91.6
worst=44.0
infeasible rate=0.1
mutation rate=0.225
=====

=====
GENERATION 15
=====
best=104
avg=76.1
worst=36.0
infeasible rate=0.2
mutation rate=0.1125
=====

=====
GENERATION 20
=====
best=115
avg=93.0
worst=38.0
infeasible rate=0.2
mutation rate=0.05625
=====

=====
GENERATION 25
=====
best=123
avg=102.1
worst=54.0
infeasible rate=0.4
mutation rate=0.028125
=====

=====
GENERATION 30
=====
best=123
avg=106.5
worst=40.0
infeasible rate=0.6
mutation rate=0.0140625
=====

=====
GENERATION 35
=====
best=123
avg=116.0
worst=53.0
infeasible rate=0.7
mutation rate=0.00703125
=====

=====
GENERATION 40
=====
best=123
avg=100.9
worst=34.0
infeasible rate=0.8
mutation rate=0.003515625
=====

=====
GENERATION 45
=====
best=123
avg=102.3
worst=60.0
infeasible rate=0.8
mutation rate=0.0017578125
=====

=====
BEST
=====
[name=Pantry Spider, class=ANY, rarity=COMMON, mana=3]
[name=Ysera, class=ANY, rarity=LEGENDARY, mana=9]
[name=Cat in a Hat, class=HUNTER, rarity=COMMON, mana=3]
[name=Snake Trap, class=HUNTER, rarity=EPIC, mana=2]
[name=Chicken, class=ANY, rarity=FREE, mana=0]
[name=Blood of The Ancient One, class=ANY, rarity=EPIC, mana=9]
[name=Steward, class=ANY, rarity=LEGENDARY, mana=1]
[name=Secretkeeper, class=ANY, rarity=RARE, mana=1]
[name=Validated Doomsayer, class=ANY, rarity=EPIC, mana=5]
[name=Silver Hand Knight, class=ANY, rarity=COMMON, mana=5]
[name=Midnight Drake, class=ANY, rarity=RARE, mana=4]
[name=Stonetusk Boar, class=ANY, rarity=FREE, mana=1]
[name=Hozen Healer, class=ANY, rarity=COMMON, mana=4]
[name=Hozen Healer, class=ANY, rarity=COMMON, mana=4]
[name=Murloc Tidehunter, class=ANY, rarity=FREE, mana=2]
[name=Ancient Mage, class=ANY, rarity=RARE, mana=4]
[name=Fel Orc Soulfiend, class=ANY, rarity=EPIC, mana=3]
[name=Dream, class=ANY, rarity=FREE, mana=0]
[name=Spawn of N'Zoth, class=ANY, rarity=COMMON, mana=3]
[name=On the Hunt, class=HUNTER, rarity=COMMON, mana=1]
[name=Corrupted Seer, class=ANY, rarity=RARE, mana=6]
[name=Grook Fu Master, class=ANY, rarity=COMMON, mana=5]
[name=Silvermoon Guardian, class=ANY, rarity=COMMON, mana=4]
[name=Boar, class=ANY, rarity=FREE, mana=1]
[name=Dark Iron Dwarf, class=ANY, rarity=COMMON, mana=4]
[name=Laughing Sister, class=ANY, rarity=FREE, mana=3]
[name=Injured Blademaster, class=ANY, rarity=RARE, mana=3]
[name=Faceless Behemoth, class=ANY, rarity=COMMON, mana=10]
[name=Am'gam Rager, class=ANY, rarity=COMMON, mana=3]
[name=Infested Tauren, class=ANY, rarity=COMMON, mana=4]


=====
MANA CURVE
=====
1=5
2=2
3=7
4=7
5=3
6=1
7=0
7 or more=5

=====
FITNESS=123
=====

=====
GAME STATISTICS
=====

opponent=Purple Rank #1 Legend Midrange Hunter
WIN_RATE=93.75%DAMAGE_DEALT=35.0HEALING_DONE=1.9375MANA_SPENT=25.8125CARDS_PLAYED=11.5625TURNS_TAKEN=8.1875MINIONS_PLAYED=17.8125SPELLS_CAST=1.6875HERO_POWER_USED=2.3125

opponent=MatGagne Shadow Madness Priest
WIN_RATE=93.75%DAMAGE_DEALT=31.6875HEALING_DONE=2.1875MANA_SPENT=25.875CARDS_PLAYED=11.0625TURNS_TAKEN=8.1875MINIONS_PLAYED=18.0625SPELLS_CAST=1.4375HERO_POWER_USED=1.9375

opponent=Toefoo Rank 1 Cwarrior
WIN_RATE=100.00%DAMAGE_DEALT=24.875HEALING_DONE=2.6875MANA_SPENT=23.8125CARDS_PLAYED=11.5625TURNS_TAKEN=7.875MINIONS_PLAYED=18.1875SPELLS_CAST=1.75HERO_POWER_USED=2.0

opponent=Phonetap's Mech Shaman
WIN_RATE=100.00%DAMAGE_DEALT=36.25HEALING_DONE=2.875MANA_SPENT=29.25CARDS_PLAYED=11.9375TURNS_TAKEN=8.5MINIONS_PLAYED=19.375SPELLS_CAST=1.5625HERO_POWER_USED=1.8125

opponent=Aggro Paladin Meta Snapshot #17
WIN_RATE=87.50%DAMAGE_DEALT=34.1875HEALING_DONE=0.75MANA_SPENT=28.0CARDS_PLAYED=11.1875TURNS_TAKEN=8.3125MINIONS_PLAYED=19.25SPELLS_CAST=1.4375HERO_POWER_USED=1.6875

opponent=Hyunher Tempo Mage
WIN_RATE=93.75%DAMAGE_DEALT=33.75HEALING_DONE=3.5MANA_SPENT=23.5625CARDS_PLAYED=10.6875TURNS_TAKEN=7.9375MINIONS_PLAYED=16.9375SPELLS_CAST=1.1875HERO_POWER_USED=2.25

opponent=Mid-Range Druid Meta Snapshot #16
WIN_RATE=100.00%DAMAGE_DEALT=29.5HEALING_DONE=2.125MANA_SPENT=25.5CARDS_PLAYED=12.0625TURNS_TAKEN=8.125MINIONS_PLAYED=18.3125SPELLS_CAST=1.8125HERO_POWER_USED=2.4375

opponent=Toefoo Rank 1 Oil Rogue
WIN_RATE=93.75%DAMAGE_DEALT=28.875HEALING_DONE=4.1875MANA_SPENT=25.375CARDS_PLAYED=11.5625TURNS_TAKEN=8.25MINIONS_PLAYED=17.5625SPELLS_CAST=1.8125HERO_POWER_USED=2.125

opponent=Neviilz MalyGod Meta Snapshot #18
WIN_RATE=100.00%DAMAGE_DEALT=30.6875HEALING_DONE=3.0MANA_SPENT=23.5625CARDS_PLAYED=10.875TURNS_TAKEN=8.0MINIONS_PLAYED=17.125SPELLS_CAST=1.6875HERO_POWER_USED=1.9375

=====
JENETICS STATISTICS
=====
+---------------------------------------------------------------------------+
|  Time statistics                                                          |
+---------------------------------------------------------------------------+
|             Selection: sum=0.047751805000 s; mean=0.000955036100 s        |
|              Altering: sum=0.054932671000 s; mean=0.001098653420 s        |
|   Fitness calculation: sum=261.755556137000 s; mean=5.235111122740 s      |
|     Overall execution: sum=261.845575969000 s; mean=5.236911519380 s      |
+---------------------------------------------------------------------------+
|  Evolution statistics                                                     |
+---------------------------------------------------------------------------+
|           Generations: 50                                                 |
|               Altered: sum=134; mean=2.680000000                          |
|                Killed: sum=0; mean=0.000000000                            |
|              Invalids: sum=0; mean=0.000000000                            |
+---------------------------------------------------------------------------+
|  Population statistics                                                    |
+---------------------------------------------------------------------------+
|                   Age: max=25; mean=6.732000; var=50.120417               |
|               Fitness:                                                    |
|                      min  = 0.000000000000                                |
|                      max  = 123.000000000000                              |
|                      mean = 96.368000000000                               |
|                      var  = 985.860296593186                              |
|                      std  = 31.398412325995                               |
+---------------------------------------------------------------------------+
infeasible rate=45
