
=====
(10, 20)-EA
=====
population size=20
max generations=0.9
max fitness=128
number of games=16.0
hero class=HUNTER

opponents=[Aggro Paladin Meta Snapshot #17, Toefoo Rank 1 Cwarrior, Neviilz MalyGod Meta Snapshot #18, Phonetap's Mech Shaman, Mid-Range Druid Meta Snapshot #16, Purple Rank #1 Legend Midrange Hunter, Toefoo Rank 1 Oil Rogue, MatGagne Shadow Madness Priest, Hyunher Tempo Mage]
=====
GENERATION 0
=====
best=113
worst=0
infeasible rate=0.2
mutation rate=0.45
=====

=====
GENERATION 5
=====
best=113
worst=94
infeasible rate=0.3
mutation rate=0.225
=====

=====
GENERATION 10
=====
best=118
worst=0
infeasible rate=0.55
mutation rate=0.1125
=====

=====
GENERATION 15
=====
best=125
worst=18
infeasible rate=0.65
mutation rate=0.05625
=====

=====
GENERATION 20
=====
best=125
worst=0
infeasible rate=1.1
mutation rate=0.028125
=====

=====
GENERATION 25
=====
best=125
worst=0
infeasible rate=1.3
mutation rate=0.0140625
=====

=====
GENERATION 30
=====
best=125
worst=29
infeasible rate=1.45
mutation rate=0.00703125
=====

=====
GENERATION 35
=====
best=125
worst=0
infeasible rate=1.55
mutation rate=0.003515625
=====

=====
GENERATION 40
=====
best=125
worst=0
infeasible rate=1.85
mutation rate=0.0017578125
=====

=====
GENERATION 45
=====
best=125
worst=8
infeasible rate=1.95
mutation rate=8.7890625E-4
=====

=====
BEST
=====
[name=Dragon Egg, class=ANY, rarity=RARE, mana=1]
[name=Bestial Wrath, class=HUNTER, rarity=EPIC, mana=1]
[name=Backstreet Leper, class=ANY, rarity=COMMON, mana=3]
[name=Sylvanas Windrunner, class=ANY, rarity=LEGENDARY, mana=6]
[name=Southsea Deckhand, class=ANY, rarity=COMMON, mana=1]
[name=Injured Kvaldir, class=ANY, rarity=RARE, mana=1]
[name=Brann Bronzebeard, class=ANY, rarity=LEGENDARY, mana=3]
[name=Drakonid Crusher, class=ANY, rarity=COMMON, mana=6]
[name=Wily Runt, class=ANY, rarity=FREE, mana=2]
[name=Ironfur Grizzly, class=ANY, rarity=FREE, mana=3]
[name=Doomcaller, class=ANY, rarity=RARE, mana=8]
[name=Gilblin Stalker, class=ANY, rarity=COMMON, mana=2]
[name=Dalaran Mage, class=ANY, rarity=FREE, mana=3]
[name=Streetwise Investigator, class=ANY, rarity=COMMON, mana=5]
[name=Streetwise Investigator, class=ANY, rarity=COMMON, mana=5]
[name=Explosive Trap, class=HUNTER, rarity=COMMON, mana=2]
[name=Faceless Destroyer, class=ANY, rarity=FREE, mana=4]
[name=Call of the Wild, class=HUNTER, rarity=EPIC, mana=9]
[name=Damaged Golem, class=ANY, rarity=COMMON, mana=1]
[name=Spiked Hogrider, class=ANY, rarity=RARE, mana=5]
[name=Dread Corsair, class=ANY, rarity=COMMON, mana=4]
[name=Bloodsail Raider, class=ANY, rarity=COMMON, mana=2]
[name=Piloted Shredder, class=ANY, rarity=COMMON, mana=4]
[name=DIE, INSECT!, class=ANY, rarity=FREE, mana=2]
[name=Molten Giant, class=ANY, rarity=EPIC, mana=25]
[name=Clockwork Gnome, class=ANY, rarity=COMMON, mana=1]
[name=Poultryizer, class=ANY, rarity=FREE, mana=1]
[name=Animated Shield, class=ANY, rarity=COMMON, mana=2]
[name=Crowd Favorite, class=ANY, rarity=EPIC, mana=4]
[name=Runic Egg, class=ANY, rarity=COMMON, mana=1]


=====
MANA CURVE
=====
1=8
2=6
3=4
4=4
5=3
6=2
7=0
7 or more=3

=====
FITNESS=125
=====

=====
GAME STATISTICS
=====

opponent=Purple Rank #1 Legend Midrange Hunter
WIN_RATE=93.75%DAMAGE_DEALT=40.3125MANA_SPENT=22.1875CARDS_PLAYED=9.75TURNS_TAKEN=7.8125MINIONS_PLAYED=11.625SPELLS_CAST=0.25HERO_POWER_USED=3.875

opponent=MatGagne Shadow Madness Priest
WIN_RATE=100.00%DAMAGE_DEALT=43.5MANA_SPENT=22.375CARDS_PLAYED=9.8125TURNS_TAKEN=7.6875MINIONS_PLAYED=11.375SPELLS_CAST=0.25HERO_POWER_USED=4.0625

opponent=Toefoo Rank 1 Cwarrior
WIN_RATE=100.00%DAMAGE_DEALT=33.3125MANA_SPENT=30.0CARDS_PLAYED=10.3125TURNS_TAKEN=8.4375MINIONS_PLAYED=15.875SPELLS_CAST=0.3125HERO_POWER_USED=2.4375

opponent=Phonetap's Mech Shaman
WIN_RATE=100.00%DAMAGE_DEALT=42.5625MANA_SPENT=26.625CARDS_PLAYED=10.5TURNS_TAKEN=8.3125MINIONS_PLAYED=13.625SPELLS_CAST=0.4375HERO_POWER_USED=3.625

opponent=Aggro Paladin Meta Snapshot #17
WIN_RATE=100.00%DAMAGE_DEALT=40.9375MANA_SPENT=22.0625CARDS_PLAYED=10.0TURNS_TAKEN=7.9375MINIONS_PLAYED=12.625HERO_POWER_USED=3.6875

opponent=Hyunher Tempo Mage
WIN_RATE=87.50%DAMAGE_DEALT=40.75MANA_SPENT=24.875CARDS_PLAYED=10.25TURNS_TAKEN=8.0625MINIONS_PLAYED=13.3125SPELLS_CAST=0.125HERO_POWER_USED=3.5625

opponent=Mid-Range Druid Meta Snapshot #16
WIN_RATE=100.00%DAMAGE_DEALT=45.8125MANA_SPENT=19.5CARDS_PLAYED=10.1875TURNS_TAKEN=7.75MINIONS_PLAYED=10.375SPELLS_CAST=0.3125HERO_POWER_USED=4.875

opponent=Toefoo Rank 1 Oil Rogue
WIN_RATE=100.00%DAMAGE_DEALT=43.125MANA_SPENT=20.8125CARDS_PLAYED=9.75TURNS_TAKEN=7.6875MINIONS_PLAYED=10.75SPELLS_CAST=0.375HERO_POWER_USED=4.1875

opponent=Neviilz MalyGod Meta Snapshot #18
WIN_RATE=93.75%DAMAGE_DEALT=28.125MANA_SPENT=23.4375CARDS_PLAYED=9.8125TURNS_TAKEN=7.8125MINIONS_PLAYED=14.0SPELLS_CAST=0.25HERO_POWER_USED=2.75

=====
JENETICS STATISTICS
=====
+---------------------------------------------------------------------------+
|  Time statistics                                                          |
+---------------------------------------------------------------------------+
|             Selection: sum=0.006212394000 s; mean=0.000124247880 s        |
|              Altering: sum=0.048299833000 s; mean=0.000965996660 s        |
|   Fitness calculation: sum=764.559517204000 s; mean=15.291190344080 s     |
|     Overall execution: sum=764.630387086000 s; mean=15.292607741720 s     |
+---------------------------------------------------------------------------+
|  Evolution statistics                                                     |
+---------------------------------------------------------------------------+
|           Generations: 50                                                 |
|               Altered: sum=482; mean=9.640000000                          |
|                Killed: sum=0; mean=0.000000000                            |
|              Invalids: sum=0; mean=0.000000000                            |
+---------------------------------------------------------------------------+
|  Population statistics                                                    |
+---------------------------------------------------------------------------+
|                   Age: max=35; mean=9.142000; var=109.401237              |
|               Fitness:                                                    |
|                      min  = 0.000000000000                                |
|                      max  = 125.000000000000                              |
|                      mean = 96.628000000000                               |
|                      var  = 1407.801417417417                             |
|                      std  = 37.520679863476                               |
+---------------------------------------------------------------------------+
infeasible rate=946
