
=====
(10, 20)-EA
=====
population size=20
max generations=0.9
max fitness=128
number of games=16.0
hero class=HUNTER

opponents=[Aggro Paladin Meta Snapshot #17, Toefoo Rank 1 Cwarrior, Neviilz MalyGod Meta Snapshot #18, Phonetap's Mech Shaman, Mid-Range Druid Meta Snapshot #16, Purple Rank #1 Legend Midrange Hunter, Toefoo Rank 1 Oil Rogue, MatGagne Shadow Madness Priest, Hyunher Tempo Mage]
=====
Initial Deck
=====
[name=Animal Companion, class=HUNTER, rarity=FREE, mana=3]
[name=Houndmaster, class=HUNTER, rarity=FREE, mana=4]
[name=Glaivezooka, class=HUNTER, rarity=COMMON, mana=2]
[name=Savannah Highmane, class=HUNTER, rarity=RARE, mana=6]
[name=Mad Scientist, class=ANY, rarity=COMMON, mana=2]
[name=Houndmaster, class=HUNTER, rarity=FREE, mana=4]
[name=Glaivezooka, class=HUNTER, rarity=COMMON, mana=2]
[name=Kill Command, class=HUNTER, rarity=FREE, mana=3]
[name=Glaivezooka, class=HUNTER, rarity=COMMON, mana=2]
[name=Animal Companion, class=HUNTER, rarity=FREE, mana=3]
[name=Haunted Creeper, class=ANY, rarity=COMMON, mana=2]
[name=Eaglehorn Bow, class=HUNTER, rarity=RARE, mana=3]
[name=Glaivezooka, class=HUNTER, rarity=COMMON, mana=2]
[name=Leper Gnome, class=ANY, rarity=COMMON, mana=1]
[name=Haunted Creeper, class=ANY, rarity=COMMON, mana=2]
[name=Eaglehorn Bow, class=HUNTER, rarity=RARE, mana=3]
[name=Savannah Highmane, class=HUNTER, rarity=RARE, mana=6]
[name=Mad Scientist, class=ANY, rarity=COMMON, mana=2]
[name=Eaglehorn Bow, class=HUNTER, rarity=RARE, mana=3]
[name=Sludge Belcher, class=ANY, rarity=RARE, mana=5]
[name=Freezing Trap, class=HUNTER, rarity=COMMON, mana=2]
[name=Mad Scientist, class=ANY, rarity=COMMON, mana=2]
[name=Loatheb, class=ANY, rarity=LEGENDARY, mana=5]
[name=Freezing Trap, class=HUNTER, rarity=COMMON, mana=2]
[name=Abusive Sergeant, class=ANY, rarity=COMMON, mana=1]
[name=Eaglehorn Bow, class=HUNTER, rarity=RARE, mana=3]
[name=Freezing Trap, class=HUNTER, rarity=COMMON, mana=2]
[name=Leper Gnome, class=ANY, rarity=COMMON, mana=1]
[name=Explosive Trap, class=HUNTER, rarity=COMMON, mana=2]
[name=Leper Gnome, class=ANY, rarity=COMMON, mana=1]


=====
GENERATION 0
=====
best=99
avg=69.6
worst=26.0
infeasible rate=0.15
mutation rate=0.45
=====

=====
GENERATION 5
=====
best=99
avg=83.6
worst=26.0
infeasible rate=0.3
mutation rate=0.225
=====

=====
GENERATION 10
=====
best=104
avg=82.65
worst=40.0
infeasible rate=0.5
mutation rate=0.1125
=====

=====
GENERATION 15
=====
best=106
avg=93.9
worst=52.0
infeasible rate=0.6
mutation rate=0.05625
=====

=====
GENERATION 20
=====
best=115
avg=82.3
worst=33.0
infeasible rate=0.8
mutation rate=0.028125
=====

=====
GENERATION 25
=====
best=115
avg=108.15
worst=47.0
infeasible rate=0.8
mutation rate=0.0140625
=====

=====
GENERATION 30
=====
best=115
avg=99.85
worst=43.0
infeasible rate=0.85
mutation rate=0.00703125
=====

=====
GENERATION 35
=====
best=115
avg=101.9
worst=42.0
infeasible rate=0.85
mutation rate=0.003515625
=====

=====
GENERATION 40
=====
best=115
avg=96.0
worst=53.0
infeasible rate=1.05
mutation rate=0.0017578125
=====

=====
GENERATION 45
=====
best=115
avg=101.55
worst=43.0
infeasible rate=1.1
mutation rate=8.7890625E-4
=====

=====
BEST
=====
[name=Gadgetzan Socialite, class=ANY, rarity=COMMON, mana=2]
[name=Piranha, class=HUNTER, rarity=FREE, mana=1]
[name=Backstreet Leper, class=ANY, rarity=COMMON, mana=3]
[name=Lorewalker Cho, class=ANY, rarity=LEGENDARY, mana=2]
[name=Southsea Deckhand, class=ANY, rarity=COMMON, mana=1]
[name=Malygos, class=ANY, rarity=LEGENDARY, mana=9]
[name=Bloodmage Thalnos, class=ANY, rarity=LEGENDARY, mana=2]
[name=River Crocolisk, class=ANY, rarity=FREE, mana=2]
[name=River Crocolisk, class=ANY, rarity=FREE, mana=2]
[name=Murloc Tidehunter, class=ANY, rarity=FREE, mana=2]
[name=Cult Apothecary, class=ANY, rarity=COMMON, mana=5]
[name=Oasis Snapjaw, class=ANY, rarity=FREE, mana=4]
[name=Twin Emperor Vek'lor, class=ANY, rarity=LEGENDARY, mana=7]
[name=Demolisher, class=ANY, rarity=RARE, mana=3]
[name=Auctionmaster Beardo, class=ANY, rarity=LEGENDARY, mana=3]
[name=Dream, class=ANY, rarity=FREE, mana=0]
[name=Y'Shaarj, Rage Unbound, class=ANY, rarity=LEGENDARY, mana=10]
[name=Bilefin Tidehunter, class=ANY, rarity=COMMON, mana=2]
[name=Arcane Anomaly, class=ANY, rarity=COMMON, mana=1]
[name=Beckoner of Evil, class=ANY, rarity=COMMON, mana=2]
[name=Toxic Sewer Ooze, class=ANY, rarity=COMMON, mana=3]
[name=Lightwarden, class=ANY, rarity=RARE, mana=1]
[name=Scarlet Crusader, class=ANY, rarity=COMMON, mana=3]
[name=Voodoo Doctor, class=ANY, rarity=FREE, mana=1]
[name=Skeram Cultist, class=ANY, rarity=RARE, mana=6]
[name=Southsea Captain, class=ANY, rarity=EPIC, mana=3]
[name=Ancient of Blossoms, class=ANY, rarity=COMMON, mana=6]
[name=Duskboar, class=ANY, rarity=COMMON, mana=2]
[name=Arcane Golem, class=ANY, rarity=RARE, mana=3]
[name=Trogg Beastrager, class=HUNTER, rarity=RARE, mana=2]


=====
MANA CURVE
=====
1=5
2=10
3=7
4=1
5=1
6=2
7=1
7 or more=3

=====
FITNESS=115
=====

=====
GAME STATISTICS
=====

opponent=Purple Rank #1 Legend Midrange Hunter
WIN_RATE=93.75%DAMAGE_DEALT=31.375HEALING_DONE=4.875MANA_SPENT=27.625CARDS_PLAYED=11.375TURNS_TAKEN=8.1875MINIONS_PLAYED=21.5SPELLS_CAST=0.1875HERO_POWER_USED=1.125

opponent=MatGagne Shadow Madness Priest
WIN_RATE=81.25%DAMAGE_DEALT=32.75HEALING_DONE=3.75MANA_SPENT=27.625CARDS_PLAYED=12.0625TURNS_TAKEN=8.1875MINIONS_PLAYED=21.875SPELLS_CAST=0.5625HERO_POWER_USED=1.4375

opponent=Toefoo Rank 1 Cwarrior
WIN_RATE=87.50%DAMAGE_DEALT=39.625HEALING_DONE=4.75MANA_SPENT=30.0625CARDS_PLAYED=12.9375TURNS_TAKEN=8.9375MINIONS_PLAYED=23.4375SPELLS_CAST=0.4375HERO_POWER_USED=1.75

opponent=Phonetap's Mech Shaman
WIN_RATE=87.50%DAMAGE_DEALT=33.875HEALING_DONE=3.5MANA_SPENT=29.1875CARDS_PLAYED=12.25TURNS_TAKEN=8.25MINIONS_PLAYED=22.5SPELLS_CAST=0.3125HERO_POWER_USED=1.375

opponent=Aggro Paladin Meta Snapshot #17
WIN_RATE=87.50%DAMAGE_DEALT=37.25HEALING_DONE=4.75MANA_SPENT=27.0CARDS_PLAYED=12.75TURNS_TAKEN=8.6875MINIONS_PLAYED=22.125SPELLS_CAST=0.625HERO_POWER_USED=2.0

opponent=Hyunher Tempo Mage
WIN_RATE=100.00%DAMAGE_DEALT=37.75HEALING_DONE=5.375MANA_SPENT=31.0625CARDS_PLAYED=12.875TURNS_TAKEN=8.75MINIONS_PLAYED=23.875SPELLS_CAST=0.3125HERO_POWER_USED=1.5625

opponent=Mid-Range Druid Meta Snapshot #16
WIN_RATE=100.00%DAMAGE_DEALT=24.0625HEALING_DONE=2.375MANA_SPENT=24.0CARDS_PLAYED=10.1875TURNS_TAKEN=7.5625MINIONS_PLAYED=18.75SPELLS_CAST=0.4375HERO_POWER_USED=1.0

opponent=Toefoo Rank 1 Oil Rogue
WIN_RATE=81.25%DAMAGE_DEALT=33.0625HEALING_DONE=4.875MANA_SPENT=26.1875CARDS_PLAYED=11.875TURNS_TAKEN=8.0MINIONS_PLAYED=20.875SPELLS_CAST=0.375HERO_POWER_USED=1.75

opponent=Neviilz MalyGod Meta Snapshot #18
WIN_RATE=87.50%DAMAGE_DEALT=40.375HEALING_DONE=4.0MANA_SPENT=28.75CARDS_PLAYED=12.5625TURNS_TAKEN=8.3125MINIONS_PLAYED=23.125SPELLS_CAST=0.125HERO_POWER_USED=1.75

=====
JENETICS STATISTICS
=====
+---------------------------------------------------------------------------+
|  Time statistics                                                          |
+---------------------------------------------------------------------------+
|             Selection: sum=0.001736532000 s; mean=0.000034730640 s        |
|              Altering: sum=0.007957966000 s; mean=0.000159159320 s        |
|   Fitness calculation: sum=510.845315623000 s; mean=10.216906312460 s     |
|     Overall execution: sum=510.859834358000 s; mean=10.217196687160 s     |
+---------------------------------------------------------------------------+
|  Evolution statistics                                                     |
+---------------------------------------------------------------------------+
|           Generations: 50                                                 |
|               Altered: sum=332; mean=6.640000000                          |
|                Killed: sum=0; mean=0.000000000                            |
|              Invalids: sum=0; mean=0.000000000                            |
+---------------------------------------------------------------------------+
|  Population statistics                                                    |
+---------------------------------------------------------------------------+
|                   Age: max=31; mean=8.198000; var=82.307103               |
|               Fitness:                                                    |
|                      min  = 0.000000000000                                |
|                      max  = 115.000000000000                              |
|                      mean = 94.282000000000                               |
|                      var  = 783.690166166166                              |
|                      std  = 27.994466706229                               |
+---------------------------------------------------------------------------+
infeasible rate=300
