
=====
(10, 20)-EA
=====
population size=20
max generations=0.9
max fitness=128
number of games=16.0
hero class=HUNTER

opponents=[Aggro Paladin Meta Snapshot #17, Toefoo Rank 1 Cwarrior, Neviilz MalyGod Meta Snapshot #18, Phonetap's Mech Shaman, Mid-Range Druid Meta Snapshot #16, Purple Rank #1 Legend Midrange Hunter, Toefoo Rank 1 Oil Rogue, MatGagne Shadow Madness Priest, Hyunher Tempo Mage]
=====
Initial Deck
=====
[name=Mad Scientist, class=ANY, rarity=COMMON, mana=2]
[name=Haunted Creeper, class=ANY, rarity=COMMON, mana=2]
[name=Sludge Belcher, class=ANY, rarity=RARE, mana=5]
[name=Houndmaster, class=HUNTER, rarity=FREE, mana=4]
[name=Animal Companion, class=HUNTER, rarity=FREE, mana=3]
[name=Knife Juggler, class=ANY, rarity=RARE, mana=2]
[name=Houndmaster, class=HUNTER, rarity=FREE, mana=4]
[name=Leper Gnome, class=ANY, rarity=COMMON, mana=1]
[name=Leper Gnome, class=ANY, rarity=COMMON, mana=1]
[name=Piloted Shredder, class=ANY, rarity=COMMON, mana=4]
[name=Sludge Belcher, class=ANY, rarity=RARE, mana=5]
[name=Abusive Sergeant, class=ANY, rarity=COMMON, mana=1]
[name=Glaivezooka, class=HUNTER, rarity=COMMON, mana=2]
[name=Sludge Belcher, class=ANY, rarity=RARE, mana=5]
[name=Haunted Creeper, class=ANY, rarity=COMMON, mana=2]
[name=Sludge Belcher, class=ANY, rarity=RARE, mana=5]
[name=Haunted Creeper, class=ANY, rarity=COMMON, mana=2]
[name=Knife Juggler, class=ANY, rarity=RARE, mana=2]
[name=Haunted Creeper, class=ANY, rarity=COMMON, mana=2]
[name=Eaglehorn Bow, class=HUNTER, rarity=RARE, mana=3]
[name=Unleash the Hounds, class=HUNTER, rarity=COMMON, mana=3]
[name=Leper Gnome, class=ANY, rarity=COMMON, mana=1]
[name=Kill Command, class=HUNTER, rarity=FREE, mana=3]
[name=Eaglehorn Bow, class=HUNTER, rarity=RARE, mana=3]
[name=Abusive Sergeant, class=ANY, rarity=COMMON, mana=1]
[name=Kill Command, class=HUNTER, rarity=FREE, mana=3]
[name=Mad Scientist, class=ANY, rarity=COMMON, mana=2]
[name=Abusive Sergeant, class=ANY, rarity=COMMON, mana=1]
[name=Eaglehorn Bow, class=HUNTER, rarity=RARE, mana=3]
[name=Haunted Creeper, class=ANY, rarity=COMMON, mana=2]


=====
GENERATION 0
=====
best=87
avg=48.45
worst=10.0
infeasible rate=0.35
mutation rate=0.45
=====

=====
GENERATION 5
=====
best=89
avg=69.3
worst=38.0
infeasible rate=0.7
mutation rate=0.225
=====

=====
GENERATION 10
=====
best=87
avg=68.15
worst=15.0
infeasible rate=0.8
mutation rate=0.1125
=====

=====
GENERATION 15
=====
best=106
avg=89.75
worst=35.0
infeasible rate=1.0
mutation rate=0.05625
=====

=====
GENERATION 20
=====
best=106
avg=92.8
worst=37.0
infeasible rate=1.1
mutation rate=0.028125
=====

=====
GENERATION 25
=====
best=106
avg=96.85
worst=63.0
infeasible rate=1.2
mutation rate=0.0140625
=====

=====
GENERATION 30
=====
best=106
avg=87.25
worst=18.0
infeasible rate=1.3
mutation rate=0.00703125
=====

=====
GENERATION 35
=====
best=106
avg=76.1
worst=27.0
infeasible rate=1.3
mutation rate=0.003515625
=====

=====
GENERATION 40
=====
best=106
avg=86.2
worst=23.0
infeasible rate=1.4
mutation rate=0.0017578125
=====

=====
GENERATION 45
=====
best=106
avg=97.65
worst=27.0
infeasible rate=1.5
mutation rate=8.7890625E-4
=====

=====
BEST
=====
[name=Unleash the Hounds, class=HUNTER, rarity=COMMON, mana=3]
[name=Knuckles, class=HUNTER, rarity=LEGENDARY, mana=5]
[name=Archmage, class=ANY, rarity=FREE, mana=6]
[name=Reckless Rocketeer, class=ANY, rarity=FREE, mana=6]
[name=Illidan Stormrage, class=ANY, rarity=LEGENDARY, mana=6]
[name=Lotus Agents, class=ANY, rarity=RARE, mana=5]
[name=Dispatch Kodo, class=HUNTER, rarity=RARE, mana=4]
[name=Multi-Shot, class=HUNTER, rarity=FREE, mana=4]
[name=Steady Shot, class=HUNTER, rarity=FREE, mana=2]
[name=Silithid Swarmer, class=ANY, rarity=RARE, mana=3]
[name=Mechanical Dragonling, class=ANY, rarity=FREE, mana=1]
[name=Fight Promoter, class=ANY, rarity=EPIC, mana=6]
[name=Darkscale Healer, class=ANY, rarity=FREE, mana=5]
[name=River Crocolisk, class=ANY, rarity=FREE, mana=2]
[name=Twilight Drake, class=ANY, rarity=RARE, mana=4]
[name=Dream, class=ANY, rarity=FREE, mana=0]
[name=Grimestreet Informant, class=ANY, rarity=RARE, mana=2]
[name=Stormwind Champion, class=ANY, rarity=FREE, mana=7]
[name=Sunfury Protector, class=ANY, rarity=RARE, mana=2]
[name=Houndmaster, class=HUNTER, rarity=FREE, mana=4]
[name=Houndmaster, class=HUNTER, rarity=FREE, mana=4]
[name=Carrion Grub, class=HUNTER, rarity=COMMON, mana=3]
[name=Freezing Trap, class=HUNTER, rarity=COMMON, mana=2]
[name=Injured Blademaster, class=ANY, rarity=RARE, mana=3]
[name=Mogu'shan Warden, class=ANY, rarity=COMMON, mana=4]
[name=Polluted Hoarder, class=ANY, rarity=COMMON, mana=4]
[name=The Ancient One, class=ANY, rarity=EPIC, mana=9]
[name=Am'gam Rager, class=ANY, rarity=COMMON, mana=3]
[name=Animated Shield, class=ANY, rarity=COMMON, mana=2]
[name=Infested Tauren, class=ANY, rarity=COMMON, mana=4]


=====
MANA CURVE
=====
1=1
2=6
3=5
4=8
5=3
6=4
7=1
7 or more=2

=====
FITNESS=106
=====

=====
GAME STATISTICS
=====

opponent=Purple Rank #1 Legend Midrange Hunter
WIN_RATE=50.00%DAMAGE_DEALT=56.625HEALING_DONE=6.375MANA_SPENT=42.1875CARDS_PLAYED=13.75TURNS_TAKEN=9.9375MINIONS_PLAYED=22.375SPELLS_CAST=1.4375HERO_POWER_USED=2.0625

opponent=MatGagne Shadow Madness Priest
WIN_RATE=100.00%DAMAGE_DEALT=42.1875HEALING_DONE=5.375MANA_SPENT=37.1875CARDS_PLAYED=11.4375TURNS_TAKEN=9.125MINIONS_PLAYED=19.125SPELLS_CAST=1.75HERO_POWER_USED=1.1875

opponent=Toefoo Rank 1 Cwarrior
WIN_RATE=75.00%DAMAGE_DEALT=49.875HEALING_DONE=4.875MANA_SPENT=42.875CARDS_PLAYED=14.375TURNS_TAKEN=10.25MINIONS_PLAYED=21.9375SPELLS_CAST=1.9375HERO_POWER_USED=2.0625

opponent=Phonetap's Mech Shaman
WIN_RATE=100.00%DAMAGE_DEALT=44.0625HEALING_DONE=5.375MANA_SPENT=39.6875CARDS_PLAYED=12.5TURNS_TAKEN=9.625MINIONS_PLAYED=21.875SPELLS_CAST=1.4375HERO_POWER_USED=1.125

opponent=Aggro Paladin Meta Snapshot #17
WIN_RATE=100.00%DAMAGE_DEALT=35.5HEALING_DONE=7.375MANA_SPENT=38.25CARDS_PLAYED=12.3125TURNS_TAKEN=9.5625MINIONS_PLAYED=20.75SPELLS_CAST=1.4375HERO_POWER_USED=1.3125

opponent=Hyunher Tempo Mage
WIN_RATE=81.25%DAMAGE_DEALT=49.8125HEALING_DONE=7.125MANA_SPENT=45.1875CARDS_PLAYED=14.0625TURNS_TAKEN=10.5MINIONS_PLAYED=23.1875SPELLS_CAST=1.5625HERO_POWER_USED=1.4375

opponent=Mid-Range Druid Meta Snapshot #16
WIN_RATE=93.75%DAMAGE_DEALT=39.0625HEALING_DONE=5.75MANA_SPENT=38.0625CARDS_PLAYED=12.0625TURNS_TAKEN=9.375MINIONS_PLAYED=20.5SPELLS_CAST=1.9375HERO_POWER_USED=0.875

opponent=Toefoo Rank 1 Oil Rogue
WIN_RATE=50.00%DAMAGE_DEALT=61.9375HEALING_DONE=7.0625MANA_SPENT=49.4375CARDS_PLAYED=15.6875TURNS_TAKEN=10.6875MINIONS_PLAYED=24.5SPELLS_CAST=2.5625HERO_POWER_USED=1.875

opponent=Neviilz MalyGod Meta Snapshot #18
WIN_RATE=93.75%DAMAGE_DEALT=41.875HEALING_DONE=5.25MANA_SPENT=41.25CARDS_PLAYED=12.25TURNS_TAKEN=9.5625MINIONS_PLAYED=21.5SPELLS_CAST=1.9375HERO_POWER_USED=0.8125

=====
JENETICS STATISTICS
=====
+---------------------------------------------------------------------------+
|  Time statistics                                                          |
+---------------------------------------------------------------------------+
|             Selection: sum=0.001895042000 s; mean=0.000037900840 s        |
|              Altering: sum=0.006646938000 s; mean=0.000132938760 s        |
|   Fitness calculation: sum=456.310325579000 s; mean=9.126206511580 s      |
|     Overall execution: sum=456.324402787000 s; mean=9.126488055740 s      |
+---------------------------------------------------------------------------+
|  Evolution statistics                                                     |
+---------------------------------------------------------------------------+
|           Generations: 50                                                 |
|               Altered: sum=261; mean=5.220000000                          |
|                Killed: sum=0; mean=0.000000000                            |
|              Invalids: sum=0; mean=0.000000000                            |
+---------------------------------------------------------------------------+
|  Population statistics                                                    |
+---------------------------------------------------------------------------+
|                   Age: max=37; mean=11.309000; var=129.000520             |
|               Fitness:                                                    |
|                      min  = 0.000000000000                                |
|                      max  = 106.000000000000                              |
|                      mean = 84.692000000000                               |
|                      var  = 749.150286286286                              |
|                      std  = 27.370609899786                               |
+---------------------------------------------------------------------------+
infeasible rate=496
