
=====
(10, 20)-EA
=====
population size=20
max generations=0.9
max fitness=128
number of games=16.0
hero class=HUNTER

opponents=[Aggro Paladin Meta Snapshot #17, Toefoo Rank 1 Cwarrior, Neviilz MalyGod Meta Snapshot #18, Phonetap's Mech Shaman, Mid-Range Druid Meta Snapshot #16, Purple Rank #1 Legend Midrange Hunter, Toefoo Rank 1 Oil Rogue, MatGagne Shadow Madness Priest, Hyunher Tempo Mage]
=====
Initial Deck
=====
[name=Sludge Belcher, class=ANY, rarity=RARE, mana=5]
[name=Kill Command, class=HUNTER, rarity=FREE, mana=3]
[name=Hunter's Mark, class=HUNTER, rarity=FREE, mana=1]
[name=Explosive Trap, class=HUNTER, rarity=COMMON, mana=2]
[name=Loatheb, class=ANY, rarity=LEGENDARY, mana=5]
[name=Freezing Trap, class=HUNTER, rarity=COMMON, mana=2]
[name=Sludge Belcher, class=ANY, rarity=RARE, mana=5]
[name=Hunter's Mark, class=HUNTER, rarity=FREE, mana=1]
[name=Hunter's Mark, class=HUNTER, rarity=FREE, mana=1]
[name=Hunter's Mark, class=HUNTER, rarity=FREE, mana=1]
[name=Glaivezooka, class=HUNTER, rarity=COMMON, mana=2]
[name=Sludge Belcher, class=ANY, rarity=RARE, mana=5]
[name=Leper Gnome, class=ANY, rarity=COMMON, mana=1]
[name=Piloted Shredder, class=ANY, rarity=COMMON, mana=4]
[name=Hunter's Mark, class=HUNTER, rarity=FREE, mana=1]
[name=Leper Gnome, class=ANY, rarity=COMMON, mana=1]
[name=Piloted Shredder, class=ANY, rarity=COMMON, mana=4]
[name=Kill Command, class=HUNTER, rarity=FREE, mana=3]
[name=Freezing Trap, class=HUNTER, rarity=COMMON, mana=2]
[name=Abusive Sergeant, class=ANY, rarity=COMMON, mana=1]
[name=Eaglehorn Bow, class=HUNTER, rarity=RARE, mana=3]
[name=Piloted Shredder, class=ANY, rarity=COMMON, mana=4]
[name=Mad Scientist, class=ANY, rarity=COMMON, mana=2]
[name=Freezing Trap, class=HUNTER, rarity=COMMON, mana=2]
[name=Hunter's Mark, class=HUNTER, rarity=FREE, mana=1]
[name=Houndmaster, class=HUNTER, rarity=FREE, mana=4]
[name=Savannah Highmane, class=HUNTER, rarity=RARE, mana=6]
[name=Savannah Highmane, class=HUNTER, rarity=RARE, mana=6]
[name=Eaglehorn Bow, class=HUNTER, rarity=RARE, mana=3]
[name=Unleash the Hounds, class=HUNTER, rarity=COMMON, mana=3]


=====
GENERATION 0
=====
best=95
avg=70.6
worst=25.0
infeasible rate=0.25
mutation rate=0.45
=====

=====
GENERATION 5
=====
best=95
avg=83.3
worst=40.0
infeasible rate=0.45
mutation rate=0.225
=====

=====
GENERATION 10
=====
best=95
avg=82.5
worst=54.0
infeasible rate=0.55
mutation rate=0.1125
=====

=====
GENERATION 15
=====
best=95
avg=84.45
worst=38.0
infeasible rate=0.75
mutation rate=0.05625
=====

=====
GENERATION 20
=====
best=110
avg=97.7
worst=69.0
infeasible rate=0.9
mutation rate=0.028125
=====

=====
GENERATION 25
=====
best=110
avg=91.4
worst=34.0
infeasible rate=0.95
mutation rate=0.0140625
=====

=====
GENERATION 30
=====
best=110
avg=94.35
worst=27.0
infeasible rate=1.1
mutation rate=0.00703125
=====

=====
GENERATION 35
=====
best=110
avg=95.95
worst=21.0
infeasible rate=1.3
mutation rate=0.003515625
=====

=====
GENERATION 40
=====
best=114
avg=91.4
worst=41.0
infeasible rate=1.3
mutation rate=0.0017578125
=====

=====
GENERATION 45
=====
best=114
avg=97.0
worst=40.0
infeasible rate=1.6
mutation rate=8.7890625E-4
=====

=====
BEST
=====
[name=Nat, the Darkfisher, class=ANY, rarity=LEGENDARY, mana=2]
[name=Nightmare, class=ANY, rarity=FREE, mana=0]
[name=Millhouse Manastorm, class=ANY, rarity=LEGENDARY, mana=2]
[name=Earthen Ring Farseer, class=ANY, rarity=COMMON, mana=3]
[name=Squirrel, class=ANY, rarity=COMMON, mana=1]
[name=Mountain Giant, class=ANY, rarity=EPIC, mana=12]
[name=Sunwalker, class=ANY, rarity=RARE, mana=6]
[name=Violet Teacher, class=ANY, rarity=RARE, mana=4]
[name=Acidic Swamp Ooze, class=ANY, rarity=FREE, mana=2]
[name=Acidic Swamp Ooze, class=ANY, rarity=FREE, mana=2]
[name=Ironfur Grizzly, class=ANY, rarity=FREE, mana=3]
[name=Cloaked Huntress, class=HUNTER, rarity=COMMON, mana=3]
[name=Deathwing, class=ANY, rarity=LEGENDARY, mana=10]
[name=Youthful Brewmaster, class=ANY, rarity=COMMON, mana=2]
[name=Spawn of N'Zoth, class=ANY, rarity=COMMON, mana=3]
[name=Dragonling Mechanic, class=ANY, rarity=FREE, mana=4]
[name=Dragonling Mechanic, class=ANY, rarity=FREE, mana=4]
[name=Tundra Rhino, class=HUNTER, rarity=FREE, mana=5]
[name=Rat, class=HUNTER, rarity=FREE, mana=1]
[name=Rat, class=HUNTER, rarity=FREE, mana=1]
[name=Savannah Highmane, class=HUNTER, rarity=RARE, mana=6]
[name=Alexstrasza, class=ANY, rarity=LEGENDARY, mana=9]
[name=Cult Master, class=ANY, rarity=COMMON, mana=4]
[name=Damaged Golem, class=ANY, rarity=COMMON, mana=1]
[name=Crazed Worshipper, class=ANY, rarity=EPIC, mana=5]
[name=Animal Companion, class=HUNTER, rarity=FREE, mana=3]
[name=Mana Wraith, class=ANY, rarity=RARE, mana=2]
[name=Am'gam Rager, class=ANY, rarity=COMMON, mana=3]
[name=Infested Tauren, class=ANY, rarity=COMMON, mana=4]
[name=Imp Master, class=ANY, rarity=RARE, mana=3]


=====
MANA CURVE
=====
1=4
2=6
3=7
4=5
5=2
6=2
7=0
7 or more=4

=====
FITNESS=114
=====

=====
GAME STATISTICS
=====

opponent=Purple Rank #1 Legend Midrange Hunter
WIN_RATE=81.25%DAMAGE_DEALT=33.9375HEALING_DONE=1.6875MANA_SPENT=40.3125CARDS_PLAYED=10.625TURNS_TAKEN=9.5MINIONS_PLAYED=20.25SPELLS_CAST=0.6875HERO_POWER_USED=1.0

opponent=MatGagne Shadow Madness Priest
WIN_RATE=87.50%DAMAGE_DEALT=32.25HEALING_DONE=1.3125MANA_SPENT=38.0CARDS_PLAYED=10.875TURNS_TAKEN=9.3125MINIONS_PLAYED=20.625SPELLS_CAST=0.8125HERO_POWER_USED=0.9375

opponent=Toefoo Rank 1 Cwarrior
WIN_RATE=93.75%DAMAGE_DEALT=32.1875HEALING_DONE=2.0625MANA_SPENT=38.6875CARDS_PLAYED=11.125TURNS_TAKEN=9.5625MINIONS_PLAYED=20.5SPELLS_CAST=0.875HERO_POWER_USED=1.1875

opponent=Phonetap's Mech Shaman
WIN_RATE=87.50%DAMAGE_DEALT=28.8125HEALING_DONE=1.5MANA_SPENT=35.0625CARDS_PLAYED=10.75TURNS_TAKEN=8.9375MINIONS_PLAYED=20.875SPELLS_CAST=0.75HERO_POWER_USED=0.9375

opponent=Aggro Paladin Meta Snapshot #17
WIN_RATE=93.75%DAMAGE_DEALT=30.9375HEALING_DONE=2.25MANA_SPENT=36.3125CARDS_PLAYED=11.0625TURNS_TAKEN=9.25MINIONS_PLAYED=19.8125SPELLS_CAST=0.8125HERO_POWER_USED=1.3125

opponent=Hyunher Tempo Mage
WIN_RATE=81.25%DAMAGE_DEALT=28.375HEALING_DONE=1.3125MANA_SPENT=32.75CARDS_PLAYED=10.125TURNS_TAKEN=8.6875MINIONS_PLAYED=18.0625SPELLS_CAST=0.875HERO_POWER_USED=1.5625

opponent=Mid-Range Druid Meta Snapshot #16
WIN_RATE=81.25%DAMAGE_DEALT=35.625HEALING_DONE=1.6875MANA_SPENT=37.5625CARDS_PLAYED=11.0TURNS_TAKEN=9.375MINIONS_PLAYED=19.9375SPELLS_CAST=0.75HERO_POWER_USED=1.5625

opponent=Toefoo Rank 1 Oil Rogue
WIN_RATE=93.75%DAMAGE_DEALT=34.0HEALING_DONE=1.5MANA_SPENT=36.9375CARDS_PLAYED=11.125TURNS_TAKEN=9.25MINIONS_PLAYED=19.8125SPELLS_CAST=0.6875HERO_POWER_USED=1.625

opponent=Neviilz MalyGod Meta Snapshot #18
WIN_RATE=100.00%DAMAGE_DEALT=27.3125HEALING_DONE=1.125MANA_SPENT=37.3125CARDS_PLAYED=10.8125TURNS_TAKEN=9.0MINIONS_PLAYED=20.4375SPELLS_CAST=0.9375HERO_POWER_USED=0.8125

=====
JENETICS STATISTICS
=====
+---------------------------------------------------------------------------+
|  Time statistics                                                          |
+---------------------------------------------------------------------------+
|             Selection: sum=0.009561091000 s; mean=0.000191221820 s        |
|              Altering: sum=0.016738300000 s; mean=0.000334766000 s        |
|   Fitness calculation: sum=481.197904225000 s; mean=9.623958084500 s      |
|     Overall execution: sum=481.228306001000 s; mean=9.624566120020 s      |
+---------------------------------------------------------------------------+
|  Evolution statistics                                                     |
+---------------------------------------------------------------------------+
|           Generations: 50                                                 |
|               Altered: sum=326; mean=6.520000000                          |
|                Killed: sum=0; mean=0.000000000                            |
|              Invalids: sum=0; mean=0.000000000                            |
+---------------------------------------------------------------------------+
|  Population statistics                                                    |
+---------------------------------------------------------------------------+
|                   Age: max=29; mean=7.517000; var=55.487198               |
|               Fitness:                                                    |
|                      min  = 0.000000000000                                |
|                      max  = 114.000000000000                              |
|                      mean = 89.176000000000                               |
|                      var  = 772.111135135135                              |
|                      std  = 27.786887827447                               |
+---------------------------------------------------------------------------+
infeasible rate=630
