
=====
(10, 20)-EA
=====
population size=20
max generations=0.9
max fitness=128
number of games=16.0
hero class=HUNTER

opponents=[Aggro Paladin Meta Snapshot #17, Toefoo Rank 1 Cwarrior, Neviilz MalyGod Meta Snapshot #18, Phonetap's Mech Shaman, Mid-Range Druid Meta Snapshot #16, Purple Rank #1 Legend Midrange Hunter, Toefoo Rank 1 Oil Rogue, MatGagne Shadow Madness Priest, Hyunher Tempo Mage]
=====
Initial Deck
=====
[name=Piloted Shredder, class=ANY, rarity=COMMON, mana=4]
[name=Leper Gnome, class=ANY, rarity=COMMON, mana=1]
[name=Mad Scientist, class=ANY, rarity=COMMON, mana=2]
[name=Haunted Creeper, class=ANY, rarity=COMMON, mana=2]
[name=Savannah Highmane, class=HUNTER, rarity=RARE, mana=6]
[name=Savannah Highmane, class=HUNTER, rarity=RARE, mana=6]
[name=Knife Juggler, class=ANY, rarity=RARE, mana=2]
[name=Mad Scientist, class=ANY, rarity=COMMON, mana=2]
[name=Sludge Belcher, class=ANY, rarity=RARE, mana=5]
[name=Leper Gnome, class=ANY, rarity=COMMON, mana=1]
[name=Sludge Belcher, class=ANY, rarity=RARE, mana=5]
[name=Houndmaster, class=HUNTER, rarity=FREE, mana=4]
[name=Abusive Sergeant, class=ANY, rarity=COMMON, mana=1]
[name=Animal Companion, class=HUNTER, rarity=FREE, mana=3]
[name=Knife Juggler, class=ANY, rarity=RARE, mana=2]
[name=Kill Command, class=HUNTER, rarity=FREE, mana=3]
[name=Leper Gnome, class=ANY, rarity=COMMON, mana=1]
[name=Loatheb, class=ANY, rarity=LEGENDARY, mana=5]
[name=Explosive Trap, class=HUNTER, rarity=COMMON, mana=2]
[name=Freezing Trap, class=HUNTER, rarity=COMMON, mana=2]
[name=Abusive Sergeant, class=ANY, rarity=COMMON, mana=1]
[name=Mad Scientist, class=ANY, rarity=COMMON, mana=2]
[name=Explosive Trap, class=HUNTER, rarity=COMMON, mana=2]
[name=Mad Scientist, class=ANY, rarity=COMMON, mana=2]
[name=Mad Scientist, class=ANY, rarity=COMMON, mana=2]
[name=Leper Gnome, class=ANY, rarity=COMMON, mana=1]
[name=Hunter's Mark, class=HUNTER, rarity=FREE, mana=1]
[name=Kill Command, class=HUNTER, rarity=FREE, mana=3]
[name=Leper Gnome, class=ANY, rarity=COMMON, mana=1]
[name=Knife Juggler, class=ANY, rarity=RARE, mana=2]


=====
GENERATION 0
=====
best=114
avg=60.05
worst=24.0
infeasible rate=0.25
mutation rate=0.45
=====

=====
GENERATION 5
=====
best=114
avg=100.35
worst=5.0
infeasible rate=0.35
mutation rate=0.225
=====

=====
GENERATION 10
=====
best=114
avg=95.45
worst=17.0
infeasible rate=0.55
mutation rate=0.1125
=====

=====
GENERATION 15
=====
best=114
avg=108.55
worst=5.0
infeasible rate=0.55
mutation rate=0.05625
=====

=====
GENERATION 20
=====
best=114
avg=89.65
worst=4.0
infeasible rate=0.65
mutation rate=0.028125
=====

=====
GENERATION 25
=====
best=114
avg=92.95
worst=9.0
infeasible rate=0.7
mutation rate=0.0140625
=====

=====
GENERATION 30
=====
best=114
avg=84.65
worst=4.0
infeasible rate=0.8
mutation rate=0.00703125
=====

=====
GENERATION 35
=====
best=114
avg=94.95
worst=13.0
infeasible rate=0.85
mutation rate=0.003515625
=====

=====
GENERATION 40
=====
best=114
avg=96.1
worst=25.0
infeasible rate=1.05
mutation rate=0.0017578125
=====

=====
GENERATION 45
=====
best=114
avg=109.35
worst=21.0
infeasible rate=1.1
mutation rate=8.7890625E-4
=====

=====
BEST
=====
[name=Nat, the Darkfisher, class=ANY, rarity=LEGENDARY, mana=2]
[name=Flare, class=HUNTER, rarity=RARE, mana=2]
[name=Deadly Shot, class=HUNTER, rarity=COMMON, mana=3]
[name=Deadly Shot, class=HUNTER, rarity=COMMON, mana=3]
[name=Avian Watcher, class=ANY, rarity=COMMON, mana=5]
[name=Harvest Golem, class=ANY, rarity=COMMON, mana=3]
[name=Harvest Golem, class=ANY, rarity=COMMON, mana=3]
[name=Huffer, class=HUNTER, rarity=FREE, mana=3]
[name=Onyxia, class=ANY, rarity=LEGENDARY, mana=9]
[name=Magma Rager, class=ANY, rarity=COMMON, mana=3]
[name=Flesheating Ghoul, class=ANY, rarity=COMMON, mana=3]
[name=Murloc, class=ANY, rarity=FREE, mana=1]
[name=The Beast, class=ANY, rarity=LEGENDARY, mana=6]
[name=Arcane Giant, class=ANY, rarity=EPIC, mana=12]
[name=Coldlight Oracle, class=ANY, rarity=RARE, mana=3]
[name=Cloaked Huntress, class=HUNTER, rarity=COMMON, mana=3]
[name=Prince Malchezaar, class=ANY, rarity=LEGENDARY, mana=5]
[name=Aberrant Berserker, class=ANY, rarity=COMMON, mana=4]
[name=Book Wyrm, class=ANY, rarity=RARE, mana=6]
[name=Murloc Scout, class=ANY, rarity=FREE, mana=1]
[name=Corrupted Seer, class=ANY, rarity=RARE, mana=6]
[name=Cult Master, class=ANY, rarity=COMMON, mana=4]
[name=Mukla, Tyrant of the Vale, class=ANY, rarity=LEGENDARY, mana=6]
[name=Frostwolf Grunt, class=ANY, rarity=FREE, mana=2]
[name="Little Friend", class=ANY, rarity=FREE, mana=6]
[name=Injured Blademaster, class=ANY, rarity=RARE, mana=3]
[name=Worgen Infiltrator, class=ANY, rarity=COMMON, mana=1]
[name=Don Han'Cho, class=ANY, rarity=LEGENDARY, mana=7]
[name=Duskboar, class=ANY, rarity=COMMON, mana=2]
[name=Runic Egg, class=ANY, rarity=COMMON, mana=1]


=====
MANA CURVE
=====
1=4
2=4
3=10
4=2
5=2
6=5
7=1
7 or more=2

=====
FITNESS=114
=====

=====
GAME STATISTICS
=====

opponent=Purple Rank #1 Legend Midrange Hunter
WIN_RATE=87.50%DAMAGE_DEALT=52.9375MANA_SPENT=28.0CARDS_PLAYED=14.4375TURNS_TAKEN=9.375MINIONS_PLAYED=20.9375SPELLS_CAST=1.8125HERO_POWER_USED=3.625

opponent=MatGagne Shadow Madness Priest
WIN_RATE=93.75%DAMAGE_DEALT=50.6875MANA_SPENT=24.8125CARDS_PLAYED=12.75TURNS_TAKEN=8.625MINIONS_PLAYED=20.5625SPELLS_CAST=1.3125HERO_POWER_USED=2.5

opponent=Toefoo Rank 1 Cwarrior
WIN_RATE=75.00%DAMAGE_DEALT=50.125MANA_SPENT=24.0625CARDS_PLAYED=12.375TURNS_TAKEN=8.1875MINIONS_PLAYED=19.125SPELLS_CAST=1.625HERO_POWER_USED=2.5625

opponent=Phonetap's Mech Shaman
WIN_RATE=87.50%DAMAGE_DEALT=48.625MANA_SPENT=25.4375CARDS_PLAYED=13.1875TURNS_TAKEN=8.75MINIONS_PLAYED=20.8125SPELLS_CAST=1.0625HERO_POWER_USED=3.0

opponent=Aggro Paladin Meta Snapshot #17
WIN_RATE=81.25%DAMAGE_DEALT=46.1875MANA_SPENT=24.9375CARDS_PLAYED=12.375TURNS_TAKEN=8.5MINIONS_PLAYED=18.875SPELLS_CAST=1.8125HERO_POWER_USED=2.5

opponent=Hyunher Tempo Mage
WIN_RATE=93.75%DAMAGE_DEALT=53.3125MANA_SPENT=25.125CARDS_PLAYED=13.8125TURNS_TAKEN=8.8125MINIONS_PLAYED=21.125SPELLS_CAST=1.375HERO_POWER_USED=3.3125

opponent=Mid-Range Druid Meta Snapshot #16
WIN_RATE=100.00%DAMAGE_DEALT=50.5625MANA_SPENT=28.625CARDS_PLAYED=14.8125TURNS_TAKEN=10.0MINIONS_PLAYED=20.9375SPELLS_CAST=1.75HERO_POWER_USED=3.9375

opponent=Toefoo Rank 1 Oil Rogue
WIN_RATE=93.75%DAMAGE_DEALT=58.0625MANA_SPENT=30.1875CARDS_PLAYED=16.8125TURNS_TAKEN=10.25MINIONS_PLAYED=23.75SPELLS_CAST=1.875HERO_POWER_USED=4.625

opponent=Neviilz MalyGod Meta Snapshot #18
WIN_RATE=87.50%DAMAGE_DEALT=51.0625MANA_SPENT=27.0625CARDS_PLAYED=13.875TURNS_TAKEN=9.3125MINIONS_PLAYED=20.5SPELLS_CAST=1.5HERO_POWER_USED=3.5625

=====
JENETICS STATISTICS
=====
+---------------------------------------------------------------------------+
|  Time statistics                                                          |
+---------------------------------------------------------------------------+
|             Selection: sum=0.006569528000 s; mean=0.000131390560 s        |
|              Altering: sum=0.012717794000 s; mean=0.000254355880 s        |
|   Fitness calculation: sum=424.009249027000 s; mean=8.480184980540 s      |
|     Overall execution: sum=424.033458658000 s; mean=8.480669173160 s      |
+---------------------------------------------------------------------------+
|  Evolution statistics                                                     |
+---------------------------------------------------------------------------+
|           Generations: 50                                                 |
|               Altered: sum=264; mean=5.280000000                          |
|                Killed: sum=0; mean=0.000000000                            |
|              Invalids: sum=0; mean=0.000000000                            |
+---------------------------------------------------------------------------+
|  Population statistics                                                    |
+---------------------------------------------------------------------------+
|                   Age: max=49; mean=18.721000; var=269.897056             |
|               Fitness:                                                    |
|                      min  = 0.000000000000                                |
|                      max  = 114.000000000000                              |
|                      mean = 93.509000000000                               |
|                      var  = 1321.201120120120                             |
|                      std  = 36.348330362207                               |
+---------------------------------------------------------------------------+
infeasible rate=300
