
=====
(10, 20)-EA
=====
population size=20
max generations=0.9
max fitness=128
number of games=16.0
hero class=HUNTER

opponents=[Aggro Paladin Meta Snapshot #17, Toefoo Rank 1 Cwarrior, Neviilz MalyGod Meta Snapshot #18, Phonetap's Mech Shaman, Mid-Range Druid Meta Snapshot #16, Purple Rank #1 Legend Midrange Hunter, Toefoo Rank 1 Oil Rogue, MatGagne Shadow Madness Priest, Hyunher Tempo Mage]
=====
Initial Deck
=====
[name=Mad Scientist, class=ANY, rarity=COMMON, mana=2]
[name=Knife Juggler, class=ANY, rarity=RARE, mana=2]
[name=Houndmaster, class=HUNTER, rarity=FREE, mana=4]
[name=Loatheb, class=ANY, rarity=LEGENDARY, mana=5]
[name=Piloted Shredder, class=ANY, rarity=COMMON, mana=4]
[name=Animal Companion, class=HUNTER, rarity=FREE, mana=3]
[name=Animal Companion, class=HUNTER, rarity=FREE, mana=3]
[name=Mad Scientist, class=ANY, rarity=COMMON, mana=2]
[name=Knife Juggler, class=ANY, rarity=RARE, mana=2]
[name=Kill Command, class=HUNTER, rarity=FREE, mana=3]
[name=Unleash the Hounds, class=HUNTER, rarity=COMMON, mana=3]
[name=Explosive Trap, class=HUNTER, rarity=COMMON, mana=2]
[name=Abusive Sergeant, class=ANY, rarity=COMMON, mana=1]
[name=Sludge Belcher, class=ANY, rarity=RARE, mana=5]
[name=Knife Juggler, class=ANY, rarity=RARE, mana=2]
[name=Loatheb, class=ANY, rarity=LEGENDARY, mana=5]
[name=Haunted Creeper, class=ANY, rarity=COMMON, mana=2]
[name=Animal Companion, class=HUNTER, rarity=FREE, mana=3]
[name=Savannah Highmane, class=HUNTER, rarity=RARE, mana=6]
[name=Kill Command, class=HUNTER, rarity=FREE, mana=3]
[name=Explosive Trap, class=HUNTER, rarity=COMMON, mana=2]
[name=Haunted Creeper, class=ANY, rarity=COMMON, mana=2]
[name=Knife Juggler, class=ANY, rarity=RARE, mana=2]
[name=Animal Companion, class=HUNTER, rarity=FREE, mana=3]
[name=Kill Command, class=HUNTER, rarity=FREE, mana=3]
[name=Sludge Belcher, class=ANY, rarity=RARE, mana=5]
[name=Animal Companion, class=HUNTER, rarity=FREE, mana=3]
[name=Haunted Creeper, class=ANY, rarity=COMMON, mana=2]
[name=Abusive Sergeant, class=ANY, rarity=COMMON, mana=1]
[name=Glaivezooka, class=HUNTER, rarity=COMMON, mana=2]


=====
GENERATION 0
=====
best=103
avg=80.15
worst=39.0
infeasible rate=0.25
mutation rate=0.45
=====

=====
GENERATION 5
=====
best=103
avg=94.95
worst=74.0
infeasible rate=0.4
mutation rate=0.225
=====

=====
GENERATION 10
=====
best=109
avg=93.95
worst=37.0
infeasible rate=0.45
mutation rate=0.1125
=====

=====
GENERATION 15
=====
best=109
avg=97.45
worst=60.0
infeasible rate=0.5
mutation rate=0.05625
=====

=====
GENERATION 20
=====
best=109
avg=101.85
worst=66.0
infeasible rate=0.55
mutation rate=0.028125
=====

=====
GENERATION 25
=====
best=109
avg=98.15
worst=64.0
infeasible rate=0.85
mutation rate=0.0140625
=====

=====
GENERATION 30
=====
best=111
avg=100.95
worst=68.0
infeasible rate=0.95
mutation rate=0.00703125
=====

=====
GENERATION 35
=====
best=111
avg=101.65
worst=42.0
infeasible rate=0.95
mutation rate=0.003515625
=====

=====
GENERATION 40
=====
best=112
avg=106.4
worst=50.0
infeasible rate=1.05
mutation rate=0.0017578125
=====

=====
GENERATION 45
=====
best=112
avg=96.9
worst=34.0
infeasible rate=1.15
mutation rate=8.7890625E-4
=====

=====
BEST
=====
[name=Naga Corsair, class=ANY, rarity=COMMON, mana=4]
[name=Pantry Spider, class=ANY, rarity=COMMON, mana=3]
[name=Gadgetzan Auctioneer, class=ANY, rarity=RARE, mana=6]
[name=Illidan Stormrage, class=ANY, rarity=LEGENDARY, mana=6]
[name=Multi-Shot, class=HUNTER, rarity=FREE, mana=4]
[name=Giant Sand Worm, class=HUNTER, rarity=EPIC, mana=8]
[name=Knife Juggler, class=ANY, rarity=RARE, mana=2]
[name=Stonetusk Boar, class=ANY, rarity=FREE, mana=1]
[name=Arcane Shot, class=HUNTER, rarity=FREE, mana=1]
[name=Bog Creeper, class=ANY, rarity=COMMON, mana=7]
[name=Acidic Swamp Ooze, class=ANY, rarity=FREE, mana=2]
[name=Blackwater Pirate, class=ANY, rarity=RARE, mana=4]
[name=Oasis Snapjaw, class=ANY, rarity=FREE, mana=4]
[name=Argent Squire, class=ANY, rarity=COMMON, mana=1]
[name=Demolisher, class=ANY, rarity=RARE, mana=3]
[name=Auctionmaster Beardo, class=ANY, rarity=LEGENDARY, mana=3]
[name=Blowgill Sniper, class=ANY, rarity=COMMON, mana=2]
[name=C'Thun, class=ANY, rarity=LEGENDARY, mana=10]
[name=Pompous Thespian, class=ANY, rarity=COMMON, mana=2]
[name=Flame of Azzinoth, class=ANY, rarity=FREE, mana=1]
[name=Forlorn Stalker, class=HUNTER, rarity=RARE, mana=3]
[name=Silverback Patriarch, class=ANY, rarity=FREE, mana=3]
[name=The Curator, class=ANY, rarity=LEGENDARY, mana=7]
[name=Backroom Bouncer, class=ANY, rarity=RARE, mana=4]
[name=Lightwarden, class=ANY, rarity=RARE, mana=1]
[name=Voodoo Doctor, class=ANY, rarity=FREE, mana=1]
[name=Spiked Hogrider, class=ANY, rarity=RARE, mana=5]
[name=Faceless Manipulator, class=ANY, rarity=EPIC, mana=5]
[name=Loot Hoarder, class=ANY, rarity=COMMON, mana=2]
[name=Trogg Beastrager, class=HUNTER, rarity=RARE, mana=2]


=====
MANA CURVE
=====
1=6
2=6
3=5
4=5
5=2
6=2
7=2
7 or more=2

=====
FITNESS=112
=====

=====
GAME STATISTICS
=====

opponent=Purple Rank #1 Legend Midrange Hunter
WIN_RATE=68.75%DAMAGE_DEALT=27.25MANA_SPENT=42.125CARDS_PLAYED=11.3125TURNS_TAKEN=9.5625MINIONS_PLAYED=21.0SPELLS_CAST=0.5HERO_POWER_USED=0.5625

opponent=MatGagne Shadow Madness Priest
WIN_RATE=87.50%DAMAGE_DEALT=21.875MANA_SPENT=35.5625CARDS_PLAYED=10.5625TURNS_TAKEN=8.8125MINIONS_PLAYED=20.0SPELLS_CAST=0.3125HERO_POWER_USED=0.5625

opponent=Toefoo Rank 1 Cwarrior
WIN_RATE=75.00%DAMAGE_DEALT=35.0MANA_SPENT=40.5625CARDS_PLAYED=11.125TURNS_TAKEN=9.3125MINIONS_PLAYED=21.0625SPELLS_CAST=0.375HERO_POWER_USED=0.4375

opponent=Phonetap's Mech Shaman
WIN_RATE=81.25%DAMAGE_DEALT=27.6875MANA_SPENT=40.9375CARDS_PLAYED=11.8125TURNS_TAKEN=9.625MINIONS_PLAYED=21.625SPELLS_CAST=0.4375HERO_POWER_USED=0.875

opponent=Aggro Paladin Meta Snapshot #17
WIN_RATE=93.75%DAMAGE_DEALT=23.1875MANA_SPENT=36.6875CARDS_PLAYED=10.25TURNS_TAKEN=9.0MINIONS_PLAYED=19.0SPELLS_CAST=0.0625HERO_POWER_USED=0.9375

opponent=Hyunher Tempo Mage
WIN_RATE=100.00%DAMAGE_DEALT=14.4375MANA_SPENT=26.75CARDS_PLAYED=8.5TURNS_TAKEN=8.0MINIONS_PLAYED=15.375SPELLS_CAST=0.0625HERO_POWER_USED=1.0

opponent=Mid-Range Druid Meta Snapshot #16
WIN_RATE=87.50%DAMAGE_DEALT=24.875MANA_SPENT=36.9375CARDS_PLAYED=9.625TURNS_TAKEN=8.75MINIONS_PLAYED=18.0SPELLS_CAST=0.3125HERO_POWER_USED=0.5

opponent=Toefoo Rank 1 Oil Rogue
WIN_RATE=100.00%DAMAGE_DEALT=14.875MANA_SPENT=31.1875CARDS_PLAYED=9.0625TURNS_TAKEN=8.125MINIONS_PLAYED=16.6875SPELLS_CAST=0.3125HERO_POWER_USED=0.4375

opponent=Neviilz MalyGod Meta Snapshot #18
WIN_RATE=93.75%DAMAGE_DEALT=19.5MANA_SPENT=39.375CARDS_PLAYED=10.75TURNS_TAKEN=9.25MINIONS_PLAYED=20.1875SPELLS_CAST=0.4375HERO_POWER_USED=0.5

=====
JENETICS STATISTICS
=====
+---------------------------------------------------------------------------+
|  Time statistics                                                          |
+---------------------------------------------------------------------------+
|             Selection: sum=0.027937258000 s; mean=0.000558745160 s        |
|              Altering: sum=0.042148780000 s; mean=0.000842975600 s        |
|   Fitness calculation: sum=386.988891232000 s; mean=7.739777824640 s      |
|     Overall execution: sum=387.053597700000 s; mean=7.741071954000 s      |
+---------------------------------------------------------------------------+
|  Evolution statistics                                                     |
+---------------------------------------------------------------------------+
|           Generations: 50                                                 |
|               Altered: sum=237; mean=4.740000000                          |
|                Killed: sum=0; mean=0.000000000                            |
|              Invalids: sum=0; mean=0.000000000                            |
+---------------------------------------------------------------------------+
|  Population statistics                                                    |
+---------------------------------------------------------------------------+
|                   Age: max=27; mean=7.046000; var=40.434318               |
|               Fitness:                                                    |
|                      min  = 0.000000000000                                |
|                      max  = 112.000000000000                              |
|                      mean = 97.744000000000                               |
|                      var  = 544.206670670671                              |
|                      std  = 23.328237624619                               |
+---------------------------------------------------------------------------+
infeasible rate=351
