
=====
(10, 20)-EA
=====
population size=20
max generations=0.9
max fitness=128
number of games=16.0
hero class=HUNTER

opponents=[Aggro Paladin Meta Snapshot #17, Toefoo Rank 1 Cwarrior, Neviilz MalyGod Meta Snapshot #18, Phonetap's Mech Shaman, Mid-Range Druid Meta Snapshot #16, Purple Rank #1 Legend Midrange Hunter, Toefoo Rank 1 Oil Rogue, MatGagne Shadow Madness Priest, Hyunher Tempo Mage]
=====
Initial Deck
=====
[name=Knife Juggler, class=ANY, rarity=RARE, mana=2]
[name=Knife Juggler, class=ANY, rarity=RARE, mana=2]
[name=Freezing Trap, class=HUNTER, rarity=COMMON, mana=2]
[name=Kill Command, class=HUNTER, rarity=FREE, mana=3]
[name=Glaivezooka, class=HUNTER, rarity=COMMON, mana=2]
[name=Mad Scientist, class=ANY, rarity=COMMON, mana=2]
[name=Savannah Highmane, class=HUNTER, rarity=RARE, mana=6]
[name=Haunted Creeper, class=ANY, rarity=COMMON, mana=2]
[name=Glaivezooka, class=HUNTER, rarity=COMMON, mana=2]
[name=Mad Scientist, class=ANY, rarity=COMMON, mana=2]
[name=Leper Gnome, class=ANY, rarity=COMMON, mana=1]
[name=Loatheb, class=ANY, rarity=LEGENDARY, mana=5]
[name=Savannah Highmane, class=HUNTER, rarity=RARE, mana=6]
[name=Explosive Trap, class=HUNTER, rarity=COMMON, mana=2]
[name=Freezing Trap, class=HUNTER, rarity=COMMON, mana=2]
[name=Animal Companion, class=HUNTER, rarity=FREE, mana=3]
[name=Loatheb, class=ANY, rarity=LEGENDARY, mana=5]
[name=Haunted Creeper, class=ANY, rarity=COMMON, mana=2]
[name=Loatheb, class=ANY, rarity=LEGENDARY, mana=5]
[name=Savannah Highmane, class=HUNTER, rarity=RARE, mana=6]
[name=Kill Command, class=HUNTER, rarity=FREE, mana=3]
[name=Explosive Trap, class=HUNTER, rarity=COMMON, mana=2]
[name=Leper Gnome, class=ANY, rarity=COMMON, mana=1]
[name=Freezing Trap, class=HUNTER, rarity=COMMON, mana=2]
[name=Leper Gnome, class=ANY, rarity=COMMON, mana=1]
[name=Loatheb, class=ANY, rarity=LEGENDARY, mana=5]
[name=Eaglehorn Bow, class=HUNTER, rarity=RARE, mana=3]
[name=Abusive Sergeant, class=ANY, rarity=COMMON, mana=1]
[name=Freezing Trap, class=HUNTER, rarity=COMMON, mana=2]
[name=Kill Command, class=HUNTER, rarity=FREE, mana=3]


=====
GENERATION 0
=====
best=103
avg=78.3
worst=40.0
infeasible rate=0.2
mutation rate=0.45
=====

=====
GENERATION 5
=====
best=114
avg=95.1
worst=48.0
infeasible rate=0.3
mutation rate=0.225
=====

=====
GENERATION 10
=====
best=114
avg=103.75
worst=66.0
infeasible rate=0.35
mutation rate=0.1125
=====

=====
GENERATION 15
=====
best=118
avg=95.05
worst=17.0
infeasible rate=0.6
mutation rate=0.05625
=====

=====
GENERATION 20
=====
best=118
avg=96.65
worst=39.0
infeasible rate=0.65
mutation rate=0.028125
=====

=====
GENERATION 25
=====
best=118
avg=103.5
worst=17.0
infeasible rate=0.8
mutation rate=0.0140625
=====

=====
GENERATION 30
=====
best=118
avg=99.05
worst=19.0
infeasible rate=0.9
mutation rate=0.00703125
=====

=====
GENERATION 35
=====
best=118
avg=106.85
worst=32.0
infeasible rate=1.0
mutation rate=0.003515625
=====

=====
GENERATION 40
=====
best=118
avg=105.8
worst=39.0
infeasible rate=1.1
mutation rate=0.0017578125
=====

=====
GENERATION 45
=====
best=118
avg=104.6
worst=15.0
infeasible rate=1.1
mutation rate=8.7890625E-4
=====

=====
BEST
=====
[name=Nat, the Darkfisher, class=ANY, rarity=LEGENDARY, mana=2]
[name=Flare, class=HUNTER, rarity=RARE, mana=2]
[name=Grimestreet Smuggler, class=ANY, rarity=COMMON, mana=3]
[name=Twilight Geomancer, class=ANY, rarity=COMMON, mana=2]
[name=Faceless Shambler, class=ANY, rarity=EPIC, mana=4]
[name=Faceless Shambler, class=ANY, rarity=EPIC, mana=4]
[name=Defender of Argus, class=ANY, rarity=RARE, mana=4]
[name=Daring Reporter, class=ANY, rarity=COMMON, mana=4]
[name=Giant Sand Worm, class=HUNTER, rarity=EPIC, mana=8]
[name=Hired Gun, class=ANY, rarity=COMMON, mana=3]
[name=Silver Hand Knight, class=ANY, rarity=COMMON, mana=5]
[name=The Beast, class=ANY, rarity=LEGENDARY, mana=6]
[name=Gruul, class=ANY, rarity=LEGENDARY, mana=8]
[name=Knife Juggler, class=ANY, rarity=RARE, mana=2]
[name=Arcane Giant, class=ANY, rarity=EPIC, mana=12]
[name=Coldlight Oracle, class=ANY, rarity=RARE, mana=3]
[name=Tauren Warrior, class=ANY, rarity=COMMON, mana=3]
[name=Demolisher, class=ANY, rarity=RARE, mana=3]
[name=Auctionmaster Beardo, class=ANY, rarity=LEGENDARY, mana=3]
[name=Blowgill Sniper, class=ANY, rarity=COMMON, mana=2]
[name=Call of the Wild, class=HUNTER, rarity=EPIC, mana=9]
[name=Darkspeaker, class=ANY, rarity=EPIC, mana=5]
[name=Dark Iron Dwarf, class=ANY, rarity=COMMON, mana=4]
[name=Defias Cleaner, class=ANY, rarity=EPIC, mana=6]
[name=Defias Cleaner, class=ANY, rarity=EPIC, mana=6]
[name=Hyena, class=HUNTER, rarity=RARE, mana=2]
[name=Dread Corsair, class=ANY, rarity=COMMON, mana=4]
[name=Finkle Einhorn, class=ANY, rarity=LEGENDARY, mana=3]
[name=Mana Wraith, class=ANY, rarity=RARE, mana=2]
[name=Arcane Golem, class=ANY, rarity=RARE, mana=3]


=====
MANA CURVE
=====
1=0
2=7
3=8
4=6
5=2
6=3
7=0
7 or more=4

=====
FITNESS=118
=====

=====
GAME STATISTICS
=====

opponent=Purple Rank #1 Legend Midrange Hunter
WIN_RATE=87.50%DAMAGE_DEALT=31.0625MANA_SPENT=38.0625CARDS_PLAYED=10.75TURNS_TAKEN=9.0625MINIONS_PLAYED=21.25HERO_POWER_USED=0.1875

opponent=MatGagne Shadow Madness Priest
WIN_RATE=87.50%DAMAGE_DEALT=27.5625MANA_SPENT=34.25CARDS_PLAYED=10.25TURNS_TAKEN=8.4375MINIONS_PLAYED=19.9375HERO_POWER_USED=0.4375

opponent=Toefoo Rank 1 Cwarrior
WIN_RATE=93.75%DAMAGE_DEALT=28.5625MANA_SPENT=34.875CARDS_PLAYED=9.8125TURNS_TAKEN=8.9375MINIONS_PLAYED=19.375HERO_POWER_USED=0.3125

opponent=Phonetap's Mech Shaman
WIN_RATE=93.75%DAMAGE_DEALT=32.75MANA_SPENT=38.625CARDS_PLAYED=11.4375TURNS_TAKEN=9.4375MINIONS_PLAYED=22.375HERO_POWER_USED=0.375

opponent=Aggro Paladin Meta Snapshot #17
WIN_RATE=87.50%DAMAGE_DEALT=29.1875MANA_SPENT=34.0CARDS_PLAYED=10.25TURNS_TAKEN=8.75MINIONS_PLAYED=20.4375HERO_POWER_USED=0.3125

opponent=Hyunher Tempo Mage
WIN_RATE=100.00%DAMAGE_DEALT=30.625MANA_SPENT=35.625CARDS_PLAYED=10.625TURNS_TAKEN=9.0MINIONS_PLAYED=20.8125HERO_POWER_USED=0.4375

opponent=Mid-Range Druid Meta Snapshot #16
WIN_RATE=93.75%DAMAGE_DEALT=27.75MANA_SPENT=35.0CARDS_PLAYED=10.9375TURNS_TAKEN=8.875MINIONS_PLAYED=21.0HERO_POWER_USED=0.5

opponent=Toefoo Rank 1 Oil Rogue
WIN_RATE=81.25%DAMAGE_DEALT=30.4375MANA_SPENT=34.25CARDS_PLAYED=10.1875TURNS_TAKEN=8.8125MINIONS_PLAYED=19.75HERO_POWER_USED=0.4375

opponent=Neviilz MalyGod Meta Snapshot #18
WIN_RATE=100.00%DAMAGE_DEALT=25.6875MANA_SPENT=32.25CARDS_PLAYED=9.5625TURNS_TAKEN=8.625MINIONS_PLAYED=18.875HERO_POWER_USED=0.3125

=====
JENETICS STATISTICS
=====
+---------------------------------------------------------------------------+
|  Time statistics                                                          |
+---------------------------------------------------------------------------+
|             Selection: sum=0.005255628000 s; mean=0.000105112560 s        |
|              Altering: sum=0.010044748000 s; mean=0.000200894960 s        |
|   Fitness calculation: sum=411.292240800000 s; mean=8.225844816000 s      |
|     Overall execution: sum=411.314770912000 s; mean=8.226295418240 s      |
+---------------------------------------------------------------------------+
|  Evolution statistics                                                     |
+---------------------------------------------------------------------------+
|           Generations: 50                                                 |
|               Altered: sum=285; mean=5.700000000                          |
|                Killed: sum=0; mean=0.000000000                            |
|              Invalids: sum=0; mean=0.000000000                            |
+---------------------------------------------------------------------------+
|  Population statistics                                                    |
+---------------------------------------------------------------------------+
|                   Age: max=38; mean=11.971000; var=140.082241             |
|               Fitness:                                                    |
|                      min  = 0.000000000000                                |
|                      max  = 118.000000000000                              |
|                      mean = 99.256000000000                               |
|                      var  = 905.317781781782                              |
|                      std  = 30.088499161337                               |
+---------------------------------------------------------------------------+
infeasible rate=276
