
=====
(10, 20)-EA
=====
population size=20
max generations=0.9
max fitness=128
number of games=16.0
hero class=HUNTER

opponents=[Aggro Paladin Meta Snapshot #17, Toefoo Rank 1 Cwarrior, Neviilz MalyGod Meta Snapshot #18, Phonetap's Mech Shaman, Mid-Range Druid Meta Snapshot #16, Purple Rank #1 Legend Midrange Hunter, Toefoo Rank 1 Oil Rogue, MatGagne Shadow Madness Priest, Hyunher Tempo Mage]
=====
Initial Deck
=====
[name=Savannah Highmane, class=HUNTER, rarity=RARE, mana=6]
[name=Haunted Creeper, class=ANY, rarity=COMMON, mana=2]
[name=Mad Scientist, class=ANY, rarity=COMMON, mana=2]
[name=Leper Gnome, class=ANY, rarity=COMMON, mana=1]
[name=Mad Scientist, class=ANY, rarity=COMMON, mana=2]
[name=Mad Scientist, class=ANY, rarity=COMMON, mana=2]
[name=Mad Scientist, class=ANY, rarity=COMMON, mana=2]
[name=Freezing Trap, class=HUNTER, rarity=COMMON, mana=2]
[name=Abusive Sergeant, class=ANY, rarity=COMMON, mana=1]
[name=Loatheb, class=ANY, rarity=LEGENDARY, mana=5]
[name=Abusive Sergeant, class=ANY, rarity=COMMON, mana=1]
[name=Animal Companion, class=HUNTER, rarity=FREE, mana=3]
[name=Piloted Shredder, class=ANY, rarity=COMMON, mana=4]
[name=Abusive Sergeant, class=ANY, rarity=COMMON, mana=1]
[name=Glaivezooka, class=HUNTER, rarity=COMMON, mana=2]
[name=Leper Gnome, class=ANY, rarity=COMMON, mana=1]
[name=Piloted Shredder, class=ANY, rarity=COMMON, mana=4]
[name=Unleash the Hounds, class=HUNTER, rarity=COMMON, mana=3]
[name=Haunted Creeper, class=ANY, rarity=COMMON, mana=2]
[name=Knife Juggler, class=ANY, rarity=RARE, mana=2]
[name=Unleash the Hounds, class=HUNTER, rarity=COMMON, mana=3]
[name=Animal Companion, class=HUNTER, rarity=FREE, mana=3]
[name=Savannah Highmane, class=HUNTER, rarity=RARE, mana=6]
[name=Mad Scientist, class=ANY, rarity=COMMON, mana=2]
[name=Mad Scientist, class=ANY, rarity=COMMON, mana=2]
[name=Knife Juggler, class=ANY, rarity=RARE, mana=2]
[name=Leper Gnome, class=ANY, rarity=COMMON, mana=1]
[name=Leper Gnome, class=ANY, rarity=COMMON, mana=1]
[name=Mad Scientist, class=ANY, rarity=COMMON, mana=2]
[name=Unleash the Hounds, class=HUNTER, rarity=COMMON, mana=3]


=====
GENERATION 0
=====
best=123
avg=71.1
worst=19.0
infeasible rate=0.25
mutation rate=0.45
=====

=====
GENERATION 5
=====
best=123
avg=97.35
worst=26.0
infeasible rate=0.45
mutation rate=0.225
=====

=====
GENERATION 10
=====
best=123
avg=110.35
worst=54.0
infeasible rate=0.6
mutation rate=0.1125
=====

=====
GENERATION 15
=====
best=123
avg=110.35
worst=42.0
infeasible rate=0.7
mutation rate=0.05625
=====

=====
GENERATION 20
=====
best=123
avg=114.2
worst=31.0
infeasible rate=0.8
mutation rate=0.028125
=====

=====
GENERATION 25
=====
best=123
avg=106.35
worst=48.0
infeasible rate=0.85
mutation rate=0.0140625
=====

=====
GENERATION 30
=====
best=123
avg=102.6
worst=23.0
infeasible rate=0.9
mutation rate=0.00703125
=====

=====
GENERATION 35
=====
best=124
avg=106.45
worst=34.0
infeasible rate=1.1
mutation rate=0.003515625
=====

=====
GENERATION 40
=====
best=124
avg=114.6
worst=37.0
infeasible rate=1.2
mutation rate=0.0017578125
=====

=====
GENERATION 45
=====
best=124
avg=116.55
worst=59.0
infeasible rate=1.3
mutation rate=8.7890625E-4
=====

=====
BEST
=====
[name=Wolfrider, class=ANY, rarity=FREE, mana=3]
[name=Jade Spirit, class=ANY, rarity=COMMON, mana=4]
[name=Ooze, class=ANY, rarity=COMMON, mana=1]
[name=Southsea Deckhand, class=ANY, rarity=COMMON, mana=1]
[name=Raid Leader, class=ANY, rarity=FREE, mana=3]
[name=Knife Juggler, class=ANY, rarity=RARE, mana=2]
[name=Coldlight Oracle, class=ANY, rarity=RARE, mana=3]
[name=Demolisher, class=ANY, rarity=RARE, mana=3]
[name=Second-Rate Bruiser, class=ANY, rarity=RARE, mana=5]
[name=Squire, class=ANY, rarity=COMMON, mana=1]
[name=Cat Trick, class=HUNTER, rarity=RARE, mana=2]
[name=Bloodfen Raptor, class=ANY, rarity=FREE, mana=2]
[name=Pompous Thespian, class=ANY, rarity=COMMON, mana=2]
[name=Toxic Sewer Ooze, class=ANY, rarity=COMMON, mana=3]
[name=Tanaris Hogchopper, class=ANY, rarity=COMMON, mana=4]
[name=Abomination, class=ANY, rarity=RARE, mana=5]
[name=Forlorn Stalker, class=HUNTER, rarity=RARE, mana=3]
[name=King Mukla, class=ANY, rarity=LEGENDARY, mana=3]
[name=Murloc Scout, class=ANY, rarity=FREE, mana=1]
[name=Deathwing, Dragonlord, class=ANY, rarity=LEGENDARY, mana=10]
[name=Ancient Brewmaster, class=ANY, rarity=COMMON, mana=4]
[name=Fiery Bat, class=HUNTER, rarity=COMMON, mana=1]
[name=Big Bad Wolf, class=HUNTER, rarity=COMMON, mana=2]
[name=Violet Illusionist, class=ANY, rarity=RARE, mana=3]
[name=Worgen Infiltrator, class=ANY, rarity=COMMON, mana=1]
[name=Twisted Worgen, class=ANY, rarity=COMMON, mana=2]
[name=Razorfen Hunter, class=ANY, rarity=FREE, mana=3]
[name=Evolved Kobold, class=ANY, rarity=COMMON, mana=4]
[name=Patches the Pirate, class=ANY, rarity=LEGENDARY, mana=1]
[name=Core Hound, class=ANY, rarity=FREE, mana=7]


=====
MANA CURVE
=====
1=7
2=6
3=9
4=4
5=2
6=0
7=1
7 or more=1

=====
FITNESS=124
=====

=====
GAME STATISTICS
=====

opponent=Purple Rank #1 Legend Midrange Hunter
WIN_RATE=100.00%DAMAGE_DEALT=26.5MANA_SPENT=23.5625CARDS_PLAYED=11.3125TURNS_TAKEN=7.6875MINIONS_PLAYED=20.625HERO_POWER_USED=1.25

opponent=MatGagne Shadow Madness Priest
WIN_RATE=93.75%DAMAGE_DEALT=28.375MANA_SPENT=23.4375CARDS_PLAYED=11.0TURNS_TAKEN=7.5625MINIONS_PLAYED=20.5625HERO_POWER_USED=0.9375

opponent=Toefoo Rank 1 Cwarrior
WIN_RATE=100.00%DAMAGE_DEALT=28.0625MANA_SPENT=26.6875CARDS_PLAYED=11.0625TURNS_TAKEN=7.9375MINIONS_PLAYED=20.25HERO_POWER_USED=1.125

opponent=Phonetap's Mech Shaman
WIN_RATE=93.75%DAMAGE_DEALT=25.5625MANA_SPENT=21.375CARDS_PLAYED=9.875TURNS_TAKEN=7.125MINIONS_PLAYED=18.1875HERO_POWER_USED=1.0

opponent=Aggro Paladin Meta Snapshot #17
WIN_RATE=93.75%DAMAGE_DEALT=26.4375MANA_SPENT=21.25CARDS_PLAYED=10.1875TURNS_TAKEN=7.25MINIONS_PLAYED=18.875HERO_POWER_USED=0.9375

opponent=Hyunher Tempo Mage
WIN_RATE=93.75%DAMAGE_DEALT=22.5MANA_SPENT=21.1875CARDS_PLAYED=9.8125TURNS_TAKEN=6.9375MINIONS_PLAYED=18.6875HERO_POWER_USED=0.6875

opponent=Mid-Range Druid Meta Snapshot #16
WIN_RATE=100.00%DAMAGE_DEALT=22.5MANA_SPENT=19.75CARDS_PLAYED=9.4375TURNS_TAKEN=6.8125MINIONS_PLAYED=18.1875HERO_POWER_USED=0.5

opponent=Toefoo Rank 1 Oil Rogue
WIN_RATE=100.00%DAMAGE_DEALT=25.3125MANA_SPENT=25.0CARDS_PLAYED=10.375TURNS_TAKEN=7.5625MINIONS_PLAYED=20.0HERO_POWER_USED=0.625

opponent=Neviilz MalyGod Meta Snapshot #18
WIN_RATE=93.75%DAMAGE_DEALT=27.4375MANA_SPENT=21.3125CARDS_PLAYED=10.0TURNS_TAKEN=7.4375MINIONS_PLAYED=18.5625HERO_POWER_USED=0.875

=====
JENETICS STATISTICS
=====
+---------------------------------------------------------------------------+
|  Time statistics                                                          |
+---------------------------------------------------------------------------+
|             Selection: sum=0.001948189000 s; mean=0.000038963780 s        |
|              Altering: sum=0.006241017000 s; mean=0.000124820340 s        |
|   Fitness calculation: sum=387.968193145000 s; mean=7.759363862900 s      |
|     Overall execution: sum=387.981916901000 s; mean=7.759638338020 s      |
+---------------------------------------------------------------------------+
|  Evolution statistics                                                     |
+---------------------------------------------------------------------------+
|           Generations: 50                                                 |
|               Altered: sum=268; mean=5.360000000                          |
|                Killed: sum=0; mean=0.000000000                            |
|              Invalids: sum=0; mean=0.000000000                            |
+---------------------------------------------------------------------------+
|  Population statistics                                                    |
+---------------------------------------------------------------------------+
|                   Age: max=40; mean=11.462000; var=115.892448             |
|               Fitness:                                                    |
|                      min  = 0.000000000000                                |
|                      max  = 124.000000000000                              |
|                      mean = 107.190000000000                              |
|                      var  = 936.588488488489                              |
|                      std  = 30.603733244304                               |
+---------------------------------------------------------------------------+
infeasible rate=378
