
=====
(10, 20)-EA
=====
population size=20
max generations=0.9
max fitness=128
number of games=16.0
hero class=HUNTER

opponents=[Aggro Paladin Meta Snapshot #17, Toefoo Rank 1 Cwarrior, Neviilz MalyGod Meta Snapshot #18, Phonetap's Mech Shaman, Mid-Range Druid Meta Snapshot #16, Purple Rank #1 Legend Midrange Hunter, Toefoo Rank 1 Oil Rogue, MatGagne Shadow Madness Priest, Hyunher Tempo Mage]
=====
Initial Deck
=====
[name=Eaglehorn Bow, class=HUNTER, rarity=RARE, mana=3]
[name=Haunted Creeper, class=ANY, rarity=COMMON, mana=2]
[name=Kill Command, class=HUNTER, rarity=FREE, mana=3]
[name=Kill Command, class=HUNTER, rarity=FREE, mana=3]
[name=Mad Scientist, class=ANY, rarity=COMMON, mana=2]
[name=Sludge Belcher, class=ANY, rarity=RARE, mana=5]
[name=Piloted Shredder, class=ANY, rarity=COMMON, mana=4]
[name=Piloted Shredder, class=ANY, rarity=COMMON, mana=4]
[name=Mad Scientist, class=ANY, rarity=COMMON, mana=2]
[name=Unleash the Hounds, class=HUNTER, rarity=COMMON, mana=3]
[name=Sludge Belcher, class=ANY, rarity=RARE, mana=5]
[name=Animal Companion, class=HUNTER, rarity=FREE, mana=3]
[name=Piloted Shredder, class=ANY, rarity=COMMON, mana=4]
[name=Loatheb, class=ANY, rarity=LEGENDARY, mana=5]
[name=Eaglehorn Bow, class=HUNTER, rarity=RARE, mana=3]
[name=Explosive Trap, class=HUNTER, rarity=COMMON, mana=2]
[name=Sludge Belcher, class=ANY, rarity=RARE, mana=5]
[name=Kill Command, class=HUNTER, rarity=FREE, mana=3]
[name=Unleash the Hounds, class=HUNTER, rarity=COMMON, mana=3]
[name=Loatheb, class=ANY, rarity=LEGENDARY, mana=5]
[name=Leper Gnome, class=ANY, rarity=COMMON, mana=1]
[name=Eaglehorn Bow, class=HUNTER, rarity=RARE, mana=3]
[name=Eaglehorn Bow, class=HUNTER, rarity=RARE, mana=3]
[name=Mad Scientist, class=ANY, rarity=COMMON, mana=2]
[name=Abusive Sergeant, class=ANY, rarity=COMMON, mana=1]
[name=Leper Gnome, class=ANY, rarity=COMMON, mana=1]
[name=Abusive Sergeant, class=ANY, rarity=COMMON, mana=1]
[name=Animal Companion, class=HUNTER, rarity=FREE, mana=3]
[name=Mad Scientist, class=ANY, rarity=COMMON, mana=2]
[name=Mad Scientist, class=ANY, rarity=COMMON, mana=2]


=====
GENERATION 0
=====
best=116
avg=66.4
worst=21.0
infeasible rate=0.2
mutation rate=0.45
=====

=====
GENERATION 5
=====
best=116
avg=96.25
worst=29.0
infeasible rate=0.3
mutation rate=0.225
=====

=====
GENERATION 10
=====
best=116
avg=101.7
worst=36.0
infeasible rate=0.3
mutation rate=0.1125
=====

=====
GENERATION 15
=====
best=116
avg=96.0
worst=24.0
infeasible rate=0.5
mutation rate=0.05625
=====

=====
GENERATION 20
=====
best=116
avg=97.5
worst=44.0
infeasible rate=0.6
mutation rate=0.028125
=====

=====
GENERATION 25
=====
best=116
avg=97.95
worst=27.0
infeasible rate=0.7
mutation rate=0.0140625
=====

=====
GENERATION 30
=====
best=116
avg=84.65
worst=30.0
infeasible rate=0.8
mutation rate=0.00703125
=====

=====
GENERATION 35
=====
best=116
avg=103.45
worst=48.0
infeasible rate=0.85
mutation rate=0.003515625
=====

=====
GENERATION 40
=====
best=116
avg=95.9
worst=26.0
infeasible rate=1.1
mutation rate=0.0017578125
=====

=====
GENERATION 45
=====
best=116
avg=92.0
worst=31.0
infeasible rate=1.25
mutation rate=8.7890625E-4
=====

=====
BEST
=====
[name=Ysera Awakens, class=ANY, rarity=FREE, mana=2]
[name=Archmage, class=ANY, rarity=FREE, mana=6]
[name=Deadly Shot, class=HUNTER, rarity=COMMON, mana=3]
[name=Amani Berserker, class=ANY, rarity=COMMON, mana=2]
[name=Amani Berserker, class=ANY, rarity=COMMON, mana=2]
[name=Gadgetzan Socialite, class=ANY, rarity=COMMON, mana=2]
[name=Priestess of Elune, class=ANY, rarity=COMMON, mana=6]
[name=Cat in a Hat, class=HUNTER, rarity=COMMON, mana=3]
[name=Wind-up Burglebot, class=ANY, rarity=EPIC, mana=5]
[name=Earthen Ring Farseer, class=ANY, rarity=COMMON, mana=3]
[name=Weasel Tunneler, class=ANY, rarity=EPIC, mana=1]
[name=Young Priestess, class=ANY, rarity=RARE, mana=1]
[name=Mistress of Mixtures, class=ANY, rarity=COMMON, mana=1]
[name=Knife Juggler, class=ANY, rarity=RARE, mana=2]
[name=Cult Apothecary, class=ANY, rarity=COMMON, mana=5]
[name=Kabal Chemist, class=ANY, rarity=COMMON, mana=4]
[name=Spellbreaker, class=ANY, rarity=COMMON, mana=4]
[name=Stranglethorn Tiger, class=ANY, rarity=COMMON, mana=5]
[name=Blowgill Sniper, class=ANY, rarity=COMMON, mana=2]
[name=Infest, class=HUNTER, rarity=RARE, mana=3]
[name=Flame of Azzinoth, class=ANY, rarity=FREE, mana=1]
[name=Stormwind Champion, class=ANY, rarity=FREE, mana=7]
[name=Grotesque Dragonhawk, class=ANY, rarity=COMMON, mana=7]
[name=Silvermoon Guardian, class=ANY, rarity=COMMON, mana=4]
[name=Angry Chicken, class=ANY, rarity=RARE, mana=1]
[name=Voodoo Doctor, class=ANY, rarity=FREE, mana=1]
[name=Captain Greenskin, class=ANY, rarity=LEGENDARY, mana=5]
[name=Cairne Bloodhoof, class=ANY, rarity=LEGENDARY, mana=6]
[name=Genzo, the Shark, class=ANY, rarity=LEGENDARY, mana=4]
[name=The Boogeymonster, class=ANY, rarity=LEGENDARY, mana=8]


=====
MANA CURVE
=====
1=6
2=6
3=4
4=4
5=4
6=3
7=2
7 or more=1

=====
FITNESS=116
=====

=====
GAME STATISTICS
=====

opponent=Purple Rank #1 Legend Midrange Hunter
WIN_RATE=93.75%DAMAGE_DEALT=45.0625HEALING_DONE=7.375MANA_SPENT=34.9375CARDS_PLAYED=12.4375TURNS_TAKEN=8.9375MINIONS_PLAYED=20.125SPELLS_CAST=0.375HERO_POWER_USED=2.0

opponent=MatGagne Shadow Madness Priest
WIN_RATE=81.25%DAMAGE_DEALT=44.5625HEALING_DONE=6.0625MANA_SPENT=29.0CARDS_PLAYED=10.75TURNS_TAKEN=8.25MINIONS_PLAYED=17.375SPELLS_CAST=0.4375HERO_POWER_USED=1.625

opponent=Toefoo Rank 1 Cwarrior
WIN_RATE=93.75%DAMAGE_DEALT=52.3125HEALING_DONE=10.625MANA_SPENT=35.8125CARDS_PLAYED=13.8125TURNS_TAKEN=9.5625MINIONS_PLAYED=22.0625SPELLS_CAST=0.4375HERO_POWER_USED=2.375

opponent=Phonetap's Mech Shaman
WIN_RATE=75.00%DAMAGE_DEALT=50.25HEALING_DONE=7.5MANA_SPENT=32.4375CARDS_PLAYED=13.0TURNS_TAKEN=8.875MINIONS_PLAYED=19.375SPELLS_CAST=0.5HERO_POWER_USED=2.8125

opponent=Aggro Paladin Meta Snapshot #17
WIN_RATE=93.75%DAMAGE_DEALT=44.0HEALING_DONE=8.625MANA_SPENT=33.375CARDS_PLAYED=12.125TURNS_TAKEN=8.75MINIONS_PLAYED=20.0625SPELLS_CAST=0.4375HERO_POWER_USED=1.6875

opponent=Hyunher Tempo Mage
WIN_RATE=87.50%DAMAGE_DEALT=42.4375HEALING_DONE=7.6875MANA_SPENT=32.125CARDS_PLAYED=10.875TURNS_TAKEN=8.4375MINIONS_PLAYED=17.8125SPELLS_CAST=0.4375HERO_POWER_USED=1.625

opponent=Mid-Range Druid Meta Snapshot #16
WIN_RATE=100.00%DAMAGE_DEALT=50.0625HEALING_DONE=11.0625MANA_SPENT=35.0CARDS_PLAYED=13.75TURNS_TAKEN=9.25MINIONS_PLAYED=21.1875SPELLS_CAST=0.625HERO_POWER_USED=2.5625

opponent=Toefoo Rank 1 Oil Rogue
WIN_RATE=87.50%DAMAGE_DEALT=53.375HEALING_DONE=8.4375MANA_SPENT=32.8125CARDS_PLAYED=13.6875TURNS_TAKEN=9.1875MINIONS_PLAYED=20.5SPELLS_CAST=0.4375HERO_POWER_USED=3.0625

opponent=Neviilz MalyGod Meta Snapshot #18
WIN_RATE=100.00%DAMAGE_DEALT=47.9375HEALING_DONE=9.4375MANA_SPENT=34.6875CARDS_PLAYED=12.625TURNS_TAKEN=9.125MINIONS_PLAYED=20.6875SPELLS_CAST=0.5HERO_POWER_USED=1.8125

=====
JENETICS STATISTICS
=====
+---------------------------------------------------------------------------+
|  Time statistics                                                          |
+---------------------------------------------------------------------------+
|             Selection: sum=0.005385275000 s; mean=0.000107705500 s        |
|              Altering: sum=0.009542414000 s; mean=0.000190848280 s        |
|   Fitness calculation: sum=540.049206085000 s; mean=10.800984121700 s     |
|     Overall execution: sum=540.067480160000 s; mean=10.801349603200 s     |
+---------------------------------------------------------------------------+
|  Evolution statistics                                                     |
+---------------------------------------------------------------------------+
|           Generations: 50                                                 |
|               Altered: sum=328; mean=6.560000000                          |
|                Killed: sum=0; mean=0.000000000                            |
|              Invalids: sum=0; mean=0.000000000                            |
+---------------------------------------------------------------------------+
|  Population statistics                                                    |
+---------------------------------------------------------------------------+
|                   Age: max=49; mean=16.620000; var=267.266867             |
|               Fitness:                                                    |
|                      min  = 0.000000000000                                |
|                      max  = 116.000000000000                              |
|                      mean = 96.792000000000                               |
|                      var  = 1017.510246246246                             |
|                      std  = 31.898436423221                               |
+---------------------------------------------------------------------------+
infeasible rate=378
