
=====
(10, 20)-EA
=====
population size=20
max generations=0.9
max fitness=128
number of games=16.0
hero class=HUNTER

opponents=[Aggro Paladin Meta Snapshot #17, Toefoo Rank 1 Cwarrior, Neviilz MalyGod Meta Snapshot #18, Phonetap's Mech Shaman, Mid-Range Druid Meta Snapshot #16, Purple Rank #1 Legend Midrange Hunter, Toefoo Rank 1 Oil Rogue, MatGagne Shadow Madness Priest, Hyunher Tempo Mage]
=====
Initial Deck
=====
[name=Eaglehorn Bow, class=HUNTER, rarity=RARE, mana=3]
[name=Explosive Trap, class=HUNTER, rarity=COMMON, mana=2]
[name=Freezing Trap, class=HUNTER, rarity=COMMON, mana=2]
[name=Haunted Creeper, class=ANY, rarity=COMMON, mana=2]
[name=Sludge Belcher, class=ANY, rarity=RARE, mana=5]
[name=Savannah Highmane, class=HUNTER, rarity=RARE, mana=6]
[name=Explosive Trap, class=HUNTER, rarity=COMMON, mana=2]
[name=Kill Command, class=HUNTER, rarity=FREE, mana=3]
[name=Freezing Trap, class=HUNTER, rarity=COMMON, mana=2]
[name=Eaglehorn Bow, class=HUNTER, rarity=RARE, mana=3]
[name=Kill Command, class=HUNTER, rarity=FREE, mana=3]
[name=Piloted Shredder, class=ANY, rarity=COMMON, mana=4]
[name=Houndmaster, class=HUNTER, rarity=FREE, mana=4]
[name=Savannah Highmane, class=HUNTER, rarity=RARE, mana=6]
[name=Knife Juggler, class=ANY, rarity=RARE, mana=2]
[name=Sludge Belcher, class=ANY, rarity=RARE, mana=5]
[name=Freezing Trap, class=HUNTER, rarity=COMMON, mana=2]
[name=Loatheb, class=ANY, rarity=LEGENDARY, mana=5]
[name=Piloted Shredder, class=ANY, rarity=COMMON, mana=4]
[name=Sludge Belcher, class=ANY, rarity=RARE, mana=5]
[name=Animal Companion, class=HUNTER, rarity=FREE, mana=3]
[name=Piloted Shredder, class=ANY, rarity=COMMON, mana=4]
[name=Eaglehorn Bow, class=HUNTER, rarity=RARE, mana=3]
[name=Loatheb, class=ANY, rarity=LEGENDARY, mana=5]
[name=Mad Scientist, class=ANY, rarity=COMMON, mana=2]
[name=Knife Juggler, class=ANY, rarity=RARE, mana=2]
[name=Leper Gnome, class=ANY, rarity=COMMON, mana=1]
[name=Savannah Highmane, class=HUNTER, rarity=RARE, mana=6]
[name=Eaglehorn Bow, class=HUNTER, rarity=RARE, mana=3]
[name=Unleash the Hounds, class=HUNTER, rarity=COMMON, mana=3]


=====
GENERATION 0
=====
best=90
avg=50.25
worst=22.0
infeasible rate=0.2
mutation rate=0.45
=====

=====
GENERATION 5
=====
best=90
avg=79.0
worst=23.0
infeasible rate=0.3
mutation rate=0.225
=====

=====
GENERATION 10
=====
best=105
avg=81.6
worst=19.0
infeasible rate=0.4
mutation rate=0.1125
=====

=====
GENERATION 15
=====
best=105
avg=95.3
worst=51.0
infeasible rate=0.6
mutation rate=0.05625
=====

=====
GENERATION 20
=====
best=105
avg=94.05
worst=18.0
infeasible rate=0.6
mutation rate=0.028125
=====

=====
GENERATION 25
=====
best=109
avg=100.8
worst=73.0
infeasible rate=0.7
mutation rate=0.0140625
=====

=====
GENERATION 30
=====
best=105
avg=93.75
worst=18.0
infeasible rate=0.7
mutation rate=0.00703125
=====

=====
GENERATION 35
=====
best=105
avg=80.4
worst=7.0
infeasible rate=0.8
mutation rate=0.003515625
=====

=====
GENERATION 40
=====
best=105
avg=95.7
worst=14.0
infeasible rate=0.85
mutation rate=0.0017578125
=====

=====
GENERATION 45
=====
best=105
avg=91.95
worst=15.0
infeasible rate=0.9
mutation rate=8.7890625E-4
=====

=====
BEST
=====
[name=Harrison Jones, class=ANY, rarity=LEGENDARY, mana=5]
[name=Dispatch Kodo, class=HUNTER, rarity=RARE, mana=4]
[name=Ooze, class=ANY, rarity=COMMON, mana=1]
[name=Raid Leader, class=ANY, rarity=FREE, mana=3]
[name=Cyclopian Horror, class=ANY, rarity=EPIC, mana=4]
[name=Cyclopian Horror, class=ANY, rarity=EPIC, mana=4]
[name=Faerie Dragon, class=ANY, rarity=COMMON, mana=2]
[name=Tracking, class=HUNTER, rarity=FREE, mana=1]
[name=Kobold Geomancer, class=ANY, rarity=FREE, mana=2]
[name=Kobold Geomancer, class=ANY, rarity=FREE, mana=2]
[name=Elven Archer, class=ANY, rarity=FREE, mana=1]
[name=Bomb Squad, class=ANY, rarity=RARE, mana=5]
[name=Leokk, class=HUNTER, rarity=FREE, mana=3]
[name=River Crocolisk, class=ANY, rarity=FREE, mana=2]
[name=Twin Emperor Vek'lor, class=ANY, rarity=LEGENDARY, mana=7]
[name=Spider, class=HUNTER, rarity=FREE, mana=1]
[name=Fel Orc Soulfiend, class=ANY, rarity=EPIC, mana=3]
[name=Dream, class=ANY, rarity=FREE, mana=0]
[name=Aberrant Berserker, class=ANY, rarity=COMMON, mana=4]
[name=Bloodfen Raptor, class=ANY, rarity=FREE, mana=2]
[name=Flame of Azzinoth, class=ANY, rarity=FREE, mana=1]
[name=Flame of Azzinoth, class=ANY, rarity=FREE, mana=1]
[name=Dire Wolf Alpha, class=ANY, rarity=COMMON, mana=2]
[name=Stormwind Champion, class=ANY, rarity=FREE, mana=7]
[name=Frostwolf Warlord, class=ANY, rarity=FREE, mana=5]
[name=Hidden Cache, class=HUNTER, rarity=RARE, mana=2]
[name=Boar, class=ANY, rarity=FREE, mana=1]
[name=Shifter Zerus, class=ANY, rarity=LEGENDARY, mana=1]
[name=Faceless Manipulator, class=ANY, rarity=EPIC, mana=5]
[name=The Boogeymonster, class=ANY, rarity=LEGENDARY, mana=8]


=====
MANA CURVE
=====
1=8
2=7
3=3
4=4
5=4
6=0
7=2
7 or more=2

=====
FITNESS=109
=====

=====
GAME STATISTICS
=====

opponent=Purple Rank #1 Legend Midrange Hunter
WIN_RATE=87.50%DAMAGE_DEALT=25.1875MANA_SPENT=32.9375CARDS_PLAYED=13.8125TURNS_TAKEN=8.5625MINIONS_PLAYED=22.625SPELLS_CAST=0.875HERO_POWER_USED=1.625

opponent=MatGagne Shadow Madness Priest
WIN_RATE=87.50%DAMAGE_DEALT=20.25MANA_SPENT=27.0CARDS_PLAYED=13.125TURNS_TAKEN=8.125MINIONS_PLAYED=21.1875SPELLS_CAST=1.1875HERO_POWER_USED=1.375

opponent=Toefoo Rank 1 Cwarrior
WIN_RATE=68.75%DAMAGE_DEALT=26.0MANA_SPENT=31.375CARDS_PLAYED=12.5TURNS_TAKEN=8.125MINIONS_PLAYED=22.25SPELLS_CAST=0.5HERO_POWER_USED=0.875

opponent=Phonetap's Mech Shaman
WIN_RATE=93.75%DAMAGE_DEALT=24.4375MANA_SPENT=28.4375CARDS_PLAYED=12.375TURNS_TAKEN=8.0MINIONS_PLAYED=20.625SPELLS_CAST=0.6875HERO_POWER_USED=1.375

opponent=Aggro Paladin Meta Snapshot #17
WIN_RATE=100.00%DAMAGE_DEALT=25.8125MANA_SPENT=32.8125CARDS_PLAYED=13.6875TURNS_TAKEN=8.625MINIONS_PLAYED=23.0SPELLS_CAST=0.8125HERO_POWER_USED=1.375

opponent=Hyunher Tempo Mage
WIN_RATE=68.75%DAMAGE_DEALT=31.375MANA_SPENT=32.375CARDS_PLAYED=13.75TURNS_TAKEN=8.4375MINIONS_PLAYED=22.625SPELLS_CAST=1.0625HERO_POWER_USED=1.375

opponent=Mid-Range Druid Meta Snapshot #16
WIN_RATE=87.50%DAMAGE_DEALT=24.125MANA_SPENT=29.375CARDS_PLAYED=12.75TURNS_TAKEN=8.3125MINIONS_PLAYED=20.375SPELLS_CAST=1.125HERO_POWER_USED=1.4375

opponent=Toefoo Rank 1 Oil Rogue
WIN_RATE=87.50%DAMAGE_DEALT=25.0625HEALING_DONE=1.0MANA_SPENT=28.9375CARDS_PLAYED=12.4375TURNS_TAKEN=7.9375MINIONS_PLAYED=21.875SPELLS_CAST=0.5HERO_POWER_USED=1.0

opponent=Neviilz MalyGod Meta Snapshot #18
WIN_RATE=81.25%DAMAGE_DEALT=21.5625MANA_SPENT=32.0CARDS_PLAYED=13.1875TURNS_TAKEN=8.375MINIONS_PLAYED=22.5SPELLS_CAST=0.75HERO_POWER_USED=1.1875

=====
JENETICS STATISTICS
=====
+---------------------------------------------------------------------------+
|  Time statistics                                                          |
+---------------------------------------------------------------------------+
|             Selection: sum=0.001699161000 s; mean=0.000033983220 s        |
|              Altering: sum=0.005840799000 s; mean=0.000116815980 s        |
|   Fitness calculation: sum=412.643577321000 s; mean=8.252871546420 s      |
|     Overall execution: sum=412.656983911000 s; mean=8.253139678220 s      |
+---------------------------------------------------------------------------+
|  Evolution statistics                                                     |
+---------------------------------------------------------------------------+
|           Generations: 50                                                 |
|               Altered: sum=281; mean=5.620000000                          |
|                Killed: sum=0; mean=0.000000000                            |
|              Invalids: sum=0; mean=0.000000000                            |
+---------------------------------------------------------------------------+
|  Population statistics                                                    |
+---------------------------------------------------------------------------+
|                   Age: max=39; mean=12.423000; var=150.562634             |
|               Fitness:                                                    |
|                      min  = 0.000000000000                                |
|                      max  = 109.000000000000                              |
|                      mean = 87.384000000000                               |
|                      var  = 720.080624624625                              |
|                      std  = 26.834318039120                               |
+---------------------------------------------------------------------------+
infeasible rate=253
