
=====
(10, 20)-EA
=====
population size=20
max generations=0.9
max fitness=128
number of games=16.0
hero class=HUNTER

opponents=[Aggro Paladin Meta Snapshot #17, Toefoo Rank 1 Cwarrior, Neviilz MalyGod Meta Snapshot #18, Phonetap's Mech Shaman, Mid-Range Druid Meta Snapshot #16, Purple Rank #1 Legend Midrange Hunter, Toefoo Rank 1 Oil Rogue, MatGagne Shadow Madness Priest, Hyunher Tempo Mage]
=====
Initial Deck
=====
[name=Savannah Highmane, class=HUNTER, rarity=RARE, mana=6]
[name=Eaglehorn Bow, class=HUNTER, rarity=RARE, mana=3]
[name=Freezing Trap, class=HUNTER, rarity=COMMON, mana=2]
[name=Eaglehorn Bow, class=HUNTER, rarity=RARE, mana=3]
[name=Kill Command, class=HUNTER, rarity=FREE, mana=3]
[name=Kill Command, class=HUNTER, rarity=FREE, mana=3]
[name=Eaglehorn Bow, class=HUNTER, rarity=RARE, mana=3]
[name=Eaglehorn Bow, class=HUNTER, rarity=RARE, mana=3]
[name=Knife Juggler, class=ANY, rarity=RARE, mana=2]
[name=Abusive Sergeant, class=ANY, rarity=COMMON, mana=1]
[name=Piloted Shredder, class=ANY, rarity=COMMON, mana=4]
[name=Piloted Shredder, class=ANY, rarity=COMMON, mana=4]
[name=Leper Gnome, class=ANY, rarity=COMMON, mana=1]
[name=Kill Command, class=HUNTER, rarity=FREE, mana=3]
[name=Knife Juggler, class=ANY, rarity=RARE, mana=2]
[name=Abusive Sergeant, class=ANY, rarity=COMMON, mana=1]
[name=Savannah Highmane, class=HUNTER, rarity=RARE, mana=6]
[name=Leper Gnome, class=ANY, rarity=COMMON, mana=1]
[name=Unleash the Hounds, class=HUNTER, rarity=COMMON, mana=3]
[name=Abusive Sergeant, class=ANY, rarity=COMMON, mana=1]
[name=Sludge Belcher, class=ANY, rarity=RARE, mana=5]
[name=Mad Scientist, class=ANY, rarity=COMMON, mana=2]
[name=Haunted Creeper, class=ANY, rarity=COMMON, mana=2]
[name=Mad Scientist, class=ANY, rarity=COMMON, mana=2]
[name=Knife Juggler, class=ANY, rarity=RARE, mana=2]
[name=Leper Gnome, class=ANY, rarity=COMMON, mana=1]
[name=Haunted Creeper, class=ANY, rarity=COMMON, mana=2]
[name=Mad Scientist, class=ANY, rarity=COMMON, mana=2]
[name=Eaglehorn Bow, class=HUNTER, rarity=RARE, mana=3]
[name=Sludge Belcher, class=ANY, rarity=RARE, mana=5]


=====
GENERATION 0
=====
best=89
avg=56.4
worst=23.0
infeasible rate=0.15
mutation rate=0.45
=====

=====
GENERATION 5
=====
best=89
avg=65.1
worst=23.0
infeasible rate=0.2
mutation rate=0.225
=====

=====
GENERATION 10
=====
best=89
avg=82.05
worst=39.0
infeasible rate=0.3
mutation rate=0.1125
=====

=====
GENERATION 15
=====
best=89
avg=75.25
worst=17.0
infeasible rate=0.3
mutation rate=0.05625
=====

=====
GENERATION 20
=====
best=92
avg=70.4
worst=15.0
infeasible rate=0.4
mutation rate=0.028125
=====

=====
GENERATION 25
=====
best=104
avg=85.15
worst=12.0
infeasible rate=0.55
mutation rate=0.0140625
=====

=====
GENERATION 30
=====
best=104
avg=90.4
worst=20.0
infeasible rate=0.65
mutation rate=0.00703125
=====

=====
GENERATION 35
=====
best=104
avg=93.3
worst=34.0
infeasible rate=0.75
mutation rate=0.003515625
=====

=====
GENERATION 40
=====
best=104
avg=90.05
worst=27.0
infeasible rate=0.95
mutation rate=0.0017578125
=====

=====
GENERATION 45
=====
best=104
avg=89.55
worst=17.0
infeasible rate=1.0
mutation rate=8.7890625E-4
=====

=====
BEST
=====
[name=Flare, class=HUNTER, rarity=RARE, mana=2]
[name=Gadgetzan Socialite, class=ANY, rarity=COMMON, mana=2]
[name=Shieldbearer, class=ANY, rarity=COMMON, mana=1]
[name=Cat in a Hat, class=HUNTER, rarity=COMMON, mana=3]
[name=Leper Gnome, class=ANY, rarity=COMMON, mana=1]
[name=Multi-Shot, class=HUNTER, rarity=FREE, mana=4]
[name=Giant Sand Worm, class=HUNTER, rarity=EPIC, mana=8]
[name=Menagerie Magician, class=ANY, rarity=COMMON, mana=5]
[name=Eaglehorn Bow, class=HUNTER, rarity=RARE, mana=3]
[name=Twilight Summoner, class=ANY, rarity=EPIC, mana=4]
[name=Thrallmar Farseer, class=ANY, rarity=COMMON, mana=3]
[name=Gladiator's Longbow, class=HUNTER, rarity=EPIC, mana=7]
[name=Gladiator's Longbow, class=HUNTER, rarity=EPIC, mana=7]
[name=Ancient Harbinger, class=ANY, rarity=EPIC, mana=6]
[name=Fen Creeper, class=ANY, rarity=COMMON, mana=5]
[name=Mana Addict, class=ANY, rarity=RARE, mana=2]
[name=Bilefin Tidehunter, class=ANY, rarity=COMMON, mana=2]
[name=Call of the Wild, class=HUNTER, rarity=EPIC, mana=9]
[name=Chillwind Yeti, class=ANY, rarity=FREE, mana=4]
[name=Grotesque Dragonhawk, class=ANY, rarity=COMMON, mana=7]
[name=Devilsaur, class=ANY, rarity=COMMON, mana=5]
[name=Acolyte of Pain, class=ANY, rarity=COMMON, mana=3]
[name=Fiery Bat, class=HUNTER, rarity=COMMON, mana=1]
[name=Zoobot, class=ANY, rarity=COMMON, mana=3]
[name=Zoobot, class=ANY, rarity=COMMON, mana=3]
[name=Big Bad Wolf, class=HUNTER, rarity=COMMON, mana=2]
[name=Worgen Greaser, class=ANY, rarity=COMMON, mana=4]
[name=Shifter Zerus, class=ANY, rarity=LEGENDARY, mana=1]
[name=War Golem, class=ANY, rarity=FREE, mana=7]
[name=Am'gam Rager, class=ANY, rarity=COMMON, mana=3]


=====
MANA CURVE
=====
1=4
2=5
3=7
4=4
5=3
6=1
7=4
7 or more=2

=====
FITNESS=104
=====

=====
GAME STATISTICS
=====

opponent=Purple Rank #1 Legend Midrange Hunter
WIN_RATE=87.50%DAMAGE_DEALT=30.9375HEALING_DONE=0.25MANA_SPENT=21.8125CARDS_PLAYED=8.6875TURNS_TAKEN=7.375MINIONS_PLAYED=16.1875SPELLS_CAST=0.125HERO_POWER_USED=1.3125

opponent=MatGagne Shadow Madness Priest
WIN_RATE=75.00%DAMAGE_DEALT=33.25HEALING_DONE=0.25MANA_SPENT=22.8125CARDS_PLAYED=8.4375TURNS_TAKEN=7.375MINIONS_PLAYED=15.875HERO_POWER_USED=1.3125

opponent=Toefoo Rank 1 Cwarrior
WIN_RATE=75.00%DAMAGE_DEALT=32.5625HEALING_DONE=0.875MANA_SPENT=20.9375CARDS_PLAYED=8.6875TURNS_TAKEN=7.125MINIONS_PLAYED=16.0625SPELLS_CAST=0.125HERO_POWER_USED=1.25

opponent=Phonetap's Mech Shaman
WIN_RATE=87.50%DAMAGE_DEALT=27.125HEALING_DONE=0.25MANA_SPENT=22.0625CARDS_PLAYED=8.1875TURNS_TAKEN=7.0625MINIONS_PLAYED=15.875SPELLS_CAST=0.0625HERO_POWER_USED=0.875

opponent=Aggro Paladin Meta Snapshot #17
WIN_RATE=81.25%DAMAGE_DEALT=36.25HEALING_DONE=0.75MANA_SPENT=22.75CARDS_PLAYED=9.6875TURNS_TAKEN=7.6875MINIONS_PLAYED=17.125SPELLS_CAST=0.0625HERO_POWER_USED=1.6875

opponent=Hyunher Tempo Mage
WIN_RATE=81.25%DAMAGE_DEALT=36.75HEALING_DONE=0.625MANA_SPENT=24.625CARDS_PLAYED=9.75TURNS_TAKEN=7.6875MINIONS_PLAYED=17.6875SPELLS_CAST=0.1875HERO_POWER_USED=1.375

opponent=Mid-Range Druid Meta Snapshot #16
WIN_RATE=81.25%DAMAGE_DEALT=35.625HEALING_DONE=0.5MANA_SPENT=26.25CARDS_PLAYED=9.4375TURNS_TAKEN=7.6875MINIONS_PLAYED=18.1875SPELLS_CAST=0.0625HERO_POWER_USED=1.125

opponent=Toefoo Rank 1 Oil Rogue
WIN_RATE=81.25%DAMAGE_DEALT=36.25HEALING_DONE=0.375MANA_SPENT=22.75CARDS_PLAYED=9.0625TURNS_TAKEN=7.3125MINIONS_PLAYED=17.125SPELLS_CAST=0.1875HERO_POWER_USED=1.0625

opponent=Neviilz MalyGod Meta Snapshot #18
WIN_RATE=75.00%DAMAGE_DEALT=33.0HEALING_DONE=0.5MANA_SPENT=24.75CARDS_PLAYED=9.5TURNS_TAKEN=7.5625MINIONS_PLAYED=17.1875SPELLS_CAST=0.125HERO_POWER_USED=1.3125

=====
JENETICS STATISTICS
=====
+---------------------------------------------------------------------------+
|  Time statistics                                                          |
+---------------------------------------------------------------------------+
|             Selection: sum=0.001757078000 s; mean=0.000035141560 s        |
|              Altering: sum=0.005288058000 s; mean=0.000105761160 s        |
|   Fitness calculation: sum=361.723839940000 s; mean=7.234476798800 s      |
|     Overall execution: sum=361.737669759000 s; mean=7.234753395180 s      |
+---------------------------------------------------------------------------+
|  Evolution statistics                                                     |
+---------------------------------------------------------------------------+
|           Generations: 50                                                 |
|               Altered: sum=232; mean=4.640000000                          |
|                Killed: sum=0; mean=0.000000000                            |
|              Invalids: sum=0; mean=0.000000000                            |
+---------------------------------------------------------------------------+
|  Population statistics                                                    |
+---------------------------------------------------------------------------+
|                   Age: max=29; mean=9.879000; var=69.838197               |
|               Fitness:                                                    |
|                      min  = 0.000000000000                                |
|                      max  = 104.000000000000                              |
|                      mean = 82.385000000000                               |
|                      var  = 690.080855855856                              |
|                      std  = 26.269390092955                               |
+---------------------------------------------------------------------------+
infeasible rate=210
