
=====
(10, 20)-EA
=====
population size=20
max generations=0.9
max fitness=128
number of games=16.0
hero class=HUNTER

opponents=[Aggro Paladin Meta Snapshot #17, Toefoo Rank 1 Cwarrior, Neviilz MalyGod Meta Snapshot #18, Phonetap's Mech Shaman, Mid-Range Druid Meta Snapshot #16, Purple Rank #1 Legend Midrange Hunter, Toefoo Rank 1 Oil Rogue, MatGagne Shadow Madness Priest, Hyunher Tempo Mage]
=====
Initial Deck
=====
[name=Mad Scientist, class=ANY, rarity=COMMON, mana=2]
[name=Glaivezooka, class=HUNTER, rarity=COMMON, mana=2]
[name=Eaglehorn Bow, class=HUNTER, rarity=RARE, mana=3]
[name=Haunted Creeper, class=ANY, rarity=COMMON, mana=2]
[name=Eaglehorn Bow, class=HUNTER, rarity=RARE, mana=3]
[name=Glaivezooka, class=HUNTER, rarity=COMMON, mana=2]
[name=Animal Companion, class=HUNTER, rarity=FREE, mana=3]
[name=Animal Companion, class=HUNTER, rarity=FREE, mana=3]
[name=Abusive Sergeant, class=ANY, rarity=COMMON, mana=1]
[name=Mad Scientist, class=ANY, rarity=COMMON, mana=2]
[name=Houndmaster, class=HUNTER, rarity=FREE, mana=4]
[name=Knife Juggler, class=ANY, rarity=RARE, mana=2]
[name=Hunter's Mark, class=HUNTER, rarity=FREE, mana=1]
[name=Mad Scientist, class=ANY, rarity=COMMON, mana=2]
[name=Piloted Shredder, class=ANY, rarity=COMMON, mana=4]
[name=Eaglehorn Bow, class=HUNTER, rarity=RARE, mana=3]
[name=Leper Gnome, class=ANY, rarity=COMMON, mana=1]
[name=Freezing Trap, class=HUNTER, rarity=COMMON, mana=2]
[name=Loatheb, class=ANY, rarity=LEGENDARY, mana=5]
[name=Mad Scientist, class=ANY, rarity=COMMON, mana=2]
[name=Freezing Trap, class=HUNTER, rarity=COMMON, mana=2]
[name=Animal Companion, class=HUNTER, rarity=FREE, mana=3]
[name=Freezing Trap, class=HUNTER, rarity=COMMON, mana=2]
[name=Mad Scientist, class=ANY, rarity=COMMON, mana=2]
[name=Leper Gnome, class=ANY, rarity=COMMON, mana=1]
[name=Hunter's Mark, class=HUNTER, rarity=FREE, mana=1]
[name=Hunter's Mark, class=HUNTER, rarity=FREE, mana=1]
[name=Hunter's Mark, class=HUNTER, rarity=FREE, mana=1]
[name=Leper Gnome, class=ANY, rarity=COMMON, mana=1]
[name=Hunter's Mark, class=HUNTER, rarity=FREE, mana=1]


=====
GENERATION 0
=====
best=106
avg=64.9
worst=18.0
infeasible rate=0.05
mutation rate=0.45
=====

=====
GENERATION 5
=====
best=112
avg=91.25
worst=28.0
infeasible rate=0.2
mutation rate=0.225
=====

=====
GENERATION 10
=====
best=112
avg=98.6
worst=22.0
infeasible rate=0.25
mutation rate=0.1125
=====

=====
GENERATION 15
=====
best=112
avg=80.8
worst=18.0
infeasible rate=0.55
mutation rate=0.05625
=====

=====
GENERATION 20
=====
best=112
avg=96.8
worst=40.0
infeasible rate=0.6
mutation rate=0.028125
=====

=====
GENERATION 25
=====
best=112
avg=100.05
worst=22.0
infeasible rate=0.7
mutation rate=0.0140625
=====

=====
GENERATION 30
=====
best=112
avg=94.25
worst=27.0
infeasible rate=0.8
mutation rate=0.00703125
=====

=====
GENERATION 35
=====
best=112
avg=108.5
worst=42.0
infeasible rate=0.85
mutation rate=0.003515625
=====

=====
GENERATION 40
=====
best=112
avg=91.1
worst=17.0
infeasible rate=0.85
mutation rate=0.0017578125
=====

=====
GENERATION 45
=====
best=112
avg=86.7
worst=39.0
infeasible rate=0.85
mutation rate=8.7890625E-4
=====

=====
BEST
=====
[name=Flare, class=HUNTER, rarity=RARE, mana=2]
[name=Amani Berserker, class=ANY, rarity=COMMON, mana=2]
[name=Eldritch Horror, class=ANY, rarity=COMMON, mana=8]
[name=Faceless Shambler, class=ANY, rarity=EPIC, mana=4]
[name=Nightmare, class=ANY, rarity=FREE, mana=0]
[name=Lotus Agents, class=ANY, rarity=RARE, mana=5]
[name=Lorewalker Cho, class=ANY, rarity=LEGENDARY, mana=2]
[name=Gruul, class=ANY, rarity=LEGENDARY, mana=8]
[name=Midnight Drake, class=ANY, rarity=RARE, mana=4]
[name=Darkscale Healer, class=ANY, rarity=FREE, mana=5]
[name=Snipe, class=HUNTER, rarity=COMMON, mana=2]
[name=Venture Co. Mercenary, class=ANY, rarity=COMMON, mana=5]
[name=Blackwater Pirate, class=ANY, rarity=RARE, mana=4]
[name=Cult Apothecary, class=ANY, rarity=COMMON, mana=5]
[name=Shattered Sun Cleric, class=ANY, rarity=FREE, mana=3]
[name=Spawn of N'Zoth, class=ANY, rarity=COMMON, mana=3]
[name=Raging Worgen, class=ANY, rarity=COMMON, mana=3]
[name=Dragonling Mechanic, class=ANY, rarity=FREE, mana=4]
[name=Tanaris Hogchopper, class=ANY, rarity=COMMON, mana=4]
[name=Lord of the Arena, class=ANY, rarity=FREE, mana=6]
[name=Chillwind Yeti, class=ANY, rarity=FREE, mana=4]
[name=Alleycat, class=HUNTER, rarity=COMMON, mana=1]
[name=Dark Iron Dwarf, class=ANY, rarity=COMMON, mana=4]
[name=Shifter Zerus, class=ANY, rarity=LEGENDARY, mana=1]
[name=Bloodsail Raider, class=ANY, rarity=COMMON, mana=2]
[name=Crazed Worshipper, class=ANY, rarity=EPIC, mana=5]
[name=Blood Knight, class=ANY, rarity=EPIC, mana=3]
[name=Twisted Worgen, class=ANY, rarity=COMMON, mana=2]
[name=Pint-Sized Summoner, class=ANY, rarity=RARE, mana=2]
[name=Mad Bomber, class=ANY, rarity=COMMON, mana=2]


=====
MANA CURVE
=====
1=2
2=8
3=4
4=7
5=5
6=1
7=0
7 or more=3

=====
FITNESS=112
=====

=====
GAME STATISTICS
=====

opponent=Purple Rank #1 Legend Midrange Hunter
WIN_RATE=81.25%DAMAGE_DEALT=34.6875HEALING_DONE=1.0MANA_SPENT=31.625CARDS_PLAYED=10.375TURNS_TAKEN=8.25MINIONS_PLAYED=19.625SPELLS_CAST=0.375HERO_POWER_USED=0.6875

opponent=MatGagne Shadow Madness Priest
WIN_RATE=81.25%DAMAGE_DEALT=31.1875HEALING_DONE=1.25MANA_SPENT=28.75CARDS_PLAYED=9.5TURNS_TAKEN=8.125MINIONS_PLAYED=17.5625SPELLS_CAST=0.5HERO_POWER_USED=0.75

opponent=Toefoo Rank 1 Cwarrior
WIN_RATE=81.25%DAMAGE_DEALT=36.75HEALING_DONE=3.0MANA_SPENT=34.5CARDS_PLAYED=10.8125TURNS_TAKEN=8.5625MINIONS_PLAYED=19.8125SPELLS_CAST=0.375HERO_POWER_USED=0.875

opponent=Phonetap's Mech Shaman
WIN_RATE=87.50%DAMAGE_DEALT=30.875HEALING_DONE=2.625MANA_SPENT=28.8125CARDS_PLAYED=9.25TURNS_TAKEN=7.9375MINIONS_PLAYED=17.8125SPELLS_CAST=0.4375HERO_POWER_USED=0.4375

opponent=Aggro Paladin Meta Snapshot #17
WIN_RATE=100.00%DAMAGE_DEALT=25.75HEALING_DONE=1.75MANA_SPENT=27.3125CARDS_PLAYED=9.0TURNS_TAKEN=8.0MINIONS_PLAYED=17.3125SPELLS_CAST=0.4375HERO_POWER_USED=0.5

opponent=Hyunher Tempo Mage
WIN_RATE=93.75%DAMAGE_DEALT=26.0625HEALING_DONE=2.625MANA_SPENT=25.75CARDS_PLAYED=8.8125TURNS_TAKEN=7.75MINIONS_PLAYED=17.4375SPELLS_CAST=0.125HERO_POWER_USED=0.5

opponent=Mid-Range Druid Meta Snapshot #16
WIN_RATE=93.75%DAMAGE_DEALT=31.6875HEALING_DONE=3.375MANA_SPENT=32.8125CARDS_PLAYED=9.9375TURNS_TAKEN=8.375MINIONS_PLAYED=19.6875SPELLS_CAST=0.4375HERO_POWER_USED=0.3125

opponent=Toefoo Rank 1 Oil Rogue
WIN_RATE=81.25%DAMAGE_DEALT=29.5HEALING_DONE=2.0MANA_SPENT=29.75CARDS_PLAYED=9.625TURNS_TAKEN=8.0MINIONS_PLAYED=18.5625SPELLS_CAST=0.5HERO_POWER_USED=0.5

opponent=Neviilz MalyGod Meta Snapshot #18
WIN_RATE=81.25%DAMAGE_DEALT=30.4375HEALING_DONE=2.0MANA_SPENT=28.4375CARDS_PLAYED=8.625TURNS_TAKEN=7.8125MINIONS_PLAYED=17.0SPELLS_CAST=0.3125HERO_POWER_USED=0.25

=====
JENETICS STATISTICS
=====
+---------------------------------------------------------------------------+
|  Time statistics                                                          |
+---------------------------------------------------------------------------+
|             Selection: sum=0.005019105000 s; mean=0.000100382100 s        |
|              Altering: sum=0.008275780000 s; mean=0.000165515600 s        |
|   Fitness calculation: sum=429.841024602000 s; mean=8.596820492040 s      |
|     Overall execution: sum=429.858294090000 s; mean=8.597165881800 s      |
+---------------------------------------------------------------------------+
|  Evolution statistics                                                     |
+---------------------------------------------------------------------------+
|           Generations: 50                                                 |
|               Altered: sum=205; mean=4.100000000                          |
|                Killed: sum=0; mean=0.000000000                            |
|              Invalids: sum=0; mean=0.000000000                            |
+---------------------------------------------------------------------------+
|  Population statistics                                                    |
+---------------------------------------------------------------------------+
|                   Age: max=47; mean=17.655000; var=247.727703             |
|               Fitness:                                                    |
|                      min  = 0.000000000000                                |
|                      max  = 112.000000000000                              |
|                      mean = 94.481000000000                               |
|                      var  = 949.058697697698                              |
|                      std  = 30.806796290716                               |
+---------------------------------------------------------------------------+
infeasible rate=171
