
=====
(10, 20)-EA
=====
population size=20
max generations=0.9
max fitness=128
number of games=16.0
hero class=HUNTER

opponents=[Aggro Paladin Meta Snapshot #17, Toefoo Rank 1 Cwarrior, Neviilz MalyGod Meta Snapshot #18, Phonetap's Mech Shaman, Mid-Range Druid Meta Snapshot #16, Purple Rank #1 Legend Midrange Hunter, Toefoo Rank 1 Oil Rogue, MatGagne Shadow Madness Priest, Hyunher Tempo Mage]
=====
Initial Deck
=====
[name=Leper Gnome, class=ANY, rarity=COMMON, mana=1]
[name=Abusive Sergeant, class=ANY, rarity=COMMON, mana=1]
[name=Mad Scientist, class=ANY, rarity=COMMON, mana=2]
[name=Freezing Trap, class=HUNTER, rarity=COMMON, mana=2]
[name=Savannah Highmane, class=HUNTER, rarity=RARE, mana=6]
[name=Unleash the Hounds, class=HUNTER, rarity=COMMON, mana=3]
[name=Houndmaster, class=HUNTER, rarity=FREE, mana=4]
[name=Abusive Sergeant, class=ANY, rarity=COMMON, mana=1]
[name=Abusive Sergeant, class=ANY, rarity=COMMON, mana=1]
[name=Haunted Creeper, class=ANY, rarity=COMMON, mana=2]
[name=Haunted Creeper, class=ANY, rarity=COMMON, mana=2]
[name=Leper Gnome, class=ANY, rarity=COMMON, mana=1]
[name=Animal Companion, class=HUNTER, rarity=FREE, mana=3]
[name=Glaivezooka, class=HUNTER, rarity=COMMON, mana=2]
[name=Kill Command, class=HUNTER, rarity=FREE, mana=3]
[name=Knife Juggler, class=ANY, rarity=RARE, mana=2]
[name=Sludge Belcher, class=ANY, rarity=RARE, mana=5]
[name=Explosive Trap, class=HUNTER, rarity=COMMON, mana=2]
[name=Eaglehorn Bow, class=HUNTER, rarity=RARE, mana=3]
[name=Hunter's Mark, class=HUNTER, rarity=FREE, mana=1]
[name=Savannah Highmane, class=HUNTER, rarity=RARE, mana=6]
[name=Savannah Highmane, class=HUNTER, rarity=RARE, mana=6]
[name=Abusive Sergeant, class=ANY, rarity=COMMON, mana=1]
[name=Knife Juggler, class=ANY, rarity=RARE, mana=2]
[name=Freezing Trap, class=HUNTER, rarity=COMMON, mana=2]
[name=Eaglehorn Bow, class=HUNTER, rarity=RARE, mana=3]
[name=Haunted Creeper, class=ANY, rarity=COMMON, mana=2]
[name=Animal Companion, class=HUNTER, rarity=FREE, mana=3]
[name=Abusive Sergeant, class=ANY, rarity=COMMON, mana=1]
[name=Animal Companion, class=HUNTER, rarity=FREE, mana=3]


=====
GENERATION 0
=====
best=108
avg=71.3
worst=17.0
infeasible rate=0.25
mutation rate=0.45
=====

=====
GENERATION 5
=====
best=119
avg=99.25
worst=32.0
infeasible rate=0.35
mutation rate=0.45
=====

=====
GENERATION 10
=====
best=121
avg=91.4
worst=16.0
infeasible rate=0.45
mutation rate=0.225
=====

=====
GENERATION 15
=====
best=121
avg=109.15
worst=6.0
infeasible rate=0.65
mutation rate=0.1125
=====

=====
GENERATION 20
=====
best=121
avg=84.85
worst=20.0
infeasible rate=0.75
mutation rate=0.05625
=====

=====
GENERATION 25
=====
best=121
avg=90.75
worst=24.0
infeasible rate=0.95
mutation rate=0.028125
=====

=====
GENERATION 30
=====
best=121
avg=102.7
worst=12.0
infeasible rate=1.05
mutation rate=0.0140625
=====

=====
GENERATION 35
=====
best=121
avg=102.95
worst=28.0
infeasible rate=1.15
mutation rate=0.00703125
=====

=====
GENERATION 40
=====
best=121
avg=107.25
worst=11.0
infeasible rate=1.25
mutation rate=0.003515625
=====

=====
GENERATION 45
=====
best=121
avg=96.05
worst=18.0
infeasible rate=1.35
mutation rate=0.0017578125
=====

=====
BEST
=====
[name=Wolfrider, class=ANY, rarity=FREE, mana=3]
[name=Jungle Panther, class=ANY, rarity=COMMON, mana=3]
[name=Jade Spirit, class=ANY, rarity=COMMON, mana=4]
[name=Hogger, class=ANY, rarity=LEGENDARY, mana=6]
[name=Ooze, class=ANY, rarity=COMMON, mana=1]
[name=Hunter's Mark, class=HUNTER, rarity=FREE, mana=1]
[name=Violet Teacher, class=ANY, rarity=RARE, mana=4]
[name=Kobold Geomancer, class=ANY, rarity=FREE, mana=2]
[name=Ogre Magi, class=ANY, rarity=FREE, mana=4]
[name=Cloaked Huntress, class=HUNTER, rarity=COMMON, mana=3]
[name=N'Zoth, the Corruptor, class=ANY, rarity=LEGENDARY, mana=10]
[name=Wisp, class=ANY, rarity=COMMON, mana=0]
[name=Aberrant Berserker, class=ANY, rarity=COMMON, mana=4]
[name=Snake, class=HUNTER, rarity=EPIC, mana=1]
[name=Windfury Harpy, class=ANY, rarity=COMMON, mana=6]
[name=Pompous Thespian, class=ANY, rarity=COMMON, mana=2]
[name=Ancient Brewmaster, class=ANY, rarity=COMMON, mana=4]
[name=Mastiff, class=HUNTER, rarity=COMMON, mana=1]
[name=Hidden Cache, class=HUNTER, rarity=RARE, mana=2]
[name=Nerubian Prophet, class=ANY, rarity=COMMON, mana=6]
[name=Cult Master, class=ANY, rarity=COMMON, mana=4]
[name=Boar, class=ANY, rarity=FREE, mana=1]
[name=Squirming Tentacle, class=ANY, rarity=COMMON, mana=3]
[name=Squirming Tentacle, class=ANY, rarity=COMMON, mana=3]
[name=Lightwarden, class=ANY, rarity=RARE, mana=1]
[name=Razorfen Hunter, class=ANY, rarity=FREE, mana=3]
[name=Kabal Courier, class=ANY, rarity=RARE, mana=3]
[name=Duskboar, class=ANY, rarity=COMMON, mana=2]
[name=Arcane Golem, class=ANY, rarity=RARE, mana=3]
[name=Evolved Kobold, class=ANY, rarity=COMMON, mana=4]


=====
MANA CURVE
=====
1=6
2=4
3=8
4=7
5=0
6=3
7=0
7 or more=2

=====
FITNESS=121
=====

=====
GAME STATISTICS
=====

opponent=Purple Rank #1 Legend Midrange Hunter
WIN_RATE=87.50%DAMAGE_DEALT=29.875MANA_SPENT=33.8125CARDS_PLAYED=13.625TURNS_TAKEN=8.8125MINIONS_PLAYED=24.625HERO_POWER_USED=1.6875

opponent=MatGagne Shadow Madness Priest
WIN_RATE=100.00%DAMAGE_DEALT=21.0625MANA_SPENT=28.375CARDS_PLAYED=11.3125TURNS_TAKEN=8.0MINIONS_PLAYED=20.8125HERO_POWER_USED=1.125

opponent=Toefoo Rank 1 Cwarrior
WIN_RATE=81.25%DAMAGE_DEALT=29.0625MANA_SPENT=27.875CARDS_PLAYED=13.1875TURNS_TAKEN=8.375MINIONS_PLAYED=22.25HERO_POWER_USED=2.125

opponent=Phonetap's Mech Shaman
WIN_RATE=100.00%DAMAGE_DEALT=19.6875MANA_SPENT=26.875CARDS_PLAYED=11.5625TURNS_TAKEN=8.0MINIONS_PLAYED=20.875HERO_POWER_USED=1.375

opponent=Aggro Paladin Meta Snapshot #17
WIN_RATE=100.00%DAMAGE_DEALT=31.875MANA_SPENT=31.75CARDS_PLAYED=13.3125TURNS_TAKEN=8.6875MINIONS_PLAYED=23.4375HERO_POWER_USED=1.8125

opponent=Hyunher Tempo Mage
WIN_RATE=87.50%DAMAGE_DEALT=33.0MANA_SPENT=32.0CARDS_PLAYED=14.1875TURNS_TAKEN=8.75MINIONS_PLAYED=24.125HERO_POWER_USED=2.25

opponent=Mid-Range Druid Meta Snapshot #16
WIN_RATE=93.75%DAMAGE_DEALT=25.8125MANA_SPENT=28.6875CARDS_PLAYED=11.8125TURNS_TAKEN=8.375MINIONS_PLAYED=20.6875HERO_POWER_USED=1.625

opponent=Toefoo Rank 1 Oil Rogue
WIN_RATE=100.00%DAMAGE_DEALT=26.625MANA_SPENT=30.75CARDS_PLAYED=13.4375TURNS_TAKEN=8.75MINIONS_PLAYED=23.1875HERO_POWER_USED=2.0

opponent=Neviilz MalyGod Meta Snapshot #18
WIN_RATE=100.00%DAMAGE_DEALT=21.6875MANA_SPENT=27.0625CARDS_PLAYED=11.875TURNS_TAKEN=8.3125MINIONS_PLAYED=20.5625HERO_POWER_USED=1.75

=====
JENETICS STATISTICS
=====
+---------------------------------------------------------------------------+
|  Time statistics                                                          |
+---------------------------------------------------------------------------+
|             Selection: sum=0.005884108000 s; mean=0.000117682160 s        |
|              Altering: sum=0.014689660000 s; mean=0.000293793200 s        |
|   Fitness calculation: sum=518.932337110000 s; mean=10.378646742200 s     |
|     Overall execution: sum=518.958096920000 s; mean=10.379161938400 s     |
+---------------------------------------------------------------------------+
|  Evolution statistics                                                     |
+---------------------------------------------------------------------------+
|           Generations: 50                                                 |
|               Altered: sum=336; mean=6.720000000                          |
|                Killed: sum=0; mean=0.000000000                            |
|              Invalids: sum=0; mean=0.000000000                            |
+---------------------------------------------------------------------------+
|  Population statistics                                                    |
+---------------------------------------------------------------------------+
|                   Age: max=42; mean=13.764000; var=194.749053             |
|               Fitness:                                                    |
|                      min  = 0.000000000000                                |
|                      max  = 121.000000000000                              |
|                      mean = 96.441000000000                               |
|                      var  = 1478.711230230230                             |
|                      std  = 38.454014487830                               |
+---------------------------------------------------------------------------+
infeasible rate=406
