
=====
(10, 20)-EA
=====
population size=20
max generations=0.9
max fitness=128
number of games=16.0
hero class=HUNTER

opponents=[Aggro Paladin Meta Snapshot #17, Toefoo Rank 1 Cwarrior, Neviilz MalyGod Meta Snapshot #18, Phonetap's Mech Shaman, Mid-Range Druid Meta Snapshot #16, Purple Rank #1 Legend Midrange Hunter, Toefoo Rank 1 Oil Rogue, MatGagne Shadow Madness Priest, Hyunher Tempo Mage]
=====
Initial Deck
=====
[name=Eaglehorn Bow, class=HUNTER, rarity=RARE, mana=3]
[name=Knife Juggler, class=ANY, rarity=RARE, mana=2]
[name=Eaglehorn Bow, class=HUNTER, rarity=RARE, mana=3]
[name=Savannah Highmane, class=HUNTER, rarity=RARE, mana=6]
[name=Haunted Creeper, class=ANY, rarity=COMMON, mana=2]
[name=Animal Companion, class=HUNTER, rarity=FREE, mana=3]
[name=Knife Juggler, class=ANY, rarity=RARE, mana=2]
[name=Loatheb, class=ANY, rarity=LEGENDARY, mana=5]
[name=Kill Command, class=HUNTER, rarity=FREE, mana=3]
[name=Mad Scientist, class=ANY, rarity=COMMON, mana=2]
[name=Glaivezooka, class=HUNTER, rarity=COMMON, mana=2]
[name=Abusive Sergeant, class=ANY, rarity=COMMON, mana=1]
[name=Loatheb, class=ANY, rarity=LEGENDARY, mana=5]
[name=Abusive Sergeant, class=ANY, rarity=COMMON, mana=1]
[name=Leper Gnome, class=ANY, rarity=COMMON, mana=1]
[name=Explosive Trap, class=HUNTER, rarity=COMMON, mana=2]
[name=Freezing Trap, class=HUNTER, rarity=COMMON, mana=2]
[name=Savannah Highmane, class=HUNTER, rarity=RARE, mana=6]
[name=Freezing Trap, class=HUNTER, rarity=COMMON, mana=2]
[name=Haunted Creeper, class=ANY, rarity=COMMON, mana=2]
[name=Eaglehorn Bow, class=HUNTER, rarity=RARE, mana=3]
[name=Kill Command, class=HUNTER, rarity=FREE, mana=3]
[name=Knife Juggler, class=ANY, rarity=RARE, mana=2]
[name=Sludge Belcher, class=ANY, rarity=RARE, mana=5]
[name=Eaglehorn Bow, class=HUNTER, rarity=RARE, mana=3]
[name=Abusive Sergeant, class=ANY, rarity=COMMON, mana=1]
[name=Loatheb, class=ANY, rarity=LEGENDARY, mana=5]
[name=Eaglehorn Bow, class=HUNTER, rarity=RARE, mana=3]
[name=Explosive Trap, class=HUNTER, rarity=COMMON, mana=2]
[name=Glaivezooka, class=HUNTER, rarity=COMMON, mana=2]


=====
GENERATION 0
=====
best=104
avg=69.95
worst=31.0
infeasible rate=0.15
mutation rate=0.45
=====

=====
GENERATION 5
=====
best=104
avg=99.6
worst=46.0
infeasible rate=0.2
mutation rate=0.225
=====

=====
GENERATION 10
=====
best=110
avg=93.55
worst=34.0
infeasible rate=0.3
mutation rate=0.1125
=====

=====
GENERATION 15
=====
best=115
avg=101.9
worst=30.0
infeasible rate=0.35
mutation rate=0.05625
=====

=====
GENERATION 20
=====
best=115
avg=110.65
worst=78.0
infeasible rate=0.4
mutation rate=0.028125
=====

=====
GENERATION 25
=====
best=115
avg=105.2
worst=76.0
infeasible rate=0.6
mutation rate=0.0140625
=====

=====
GENERATION 30
=====
best=115
avg=109.6
worst=65.0
infeasible rate=0.7
mutation rate=0.00703125
=====

=====
GENERATION 35
=====
best=115
avg=105.35
worst=18.0
infeasible rate=0.9
mutation rate=0.003515625
=====

=====
GENERATION 40
=====
best=115
avg=98.85
worst=27.0
infeasible rate=0.95
mutation rate=0.0017578125
=====

=====
GENERATION 45
=====
best=115
avg=91.3
worst=30.0
infeasible rate=1.15
mutation rate=8.7890625E-4
=====

=====
BEST
=====
[name=Burgly Bully, class=ANY, rarity=EPIC, mana=5]
[name=Kill Command, class=HUNTER, rarity=FREE, mana=3]
[name=Faceless Shambler, class=ANY, rarity=EPIC, mana=4]
[name=Onyxia, class=ANY, rarity=LEGENDARY, mana=9]
[name=Leper Gnome, class=ANY, rarity=COMMON, mana=1]
[name=Earthen Ring Farseer, class=ANY, rarity=COMMON, mana=3]
[name=Mountain Giant, class=ANY, rarity=EPIC, mana=12]
[name=Midnight Drake, class=ANY, rarity=RARE, mana=4]
[name=Knife Juggler, class=ANY, rarity=RARE, mana=2]
[name=Arcane Giant, class=ANY, rarity=EPIC, mana=12]
[name=Acidic Swamp Ooze, class=ANY, rarity=FREE, mana=2]
[name=Fen Creeper, class=ANY, rarity=COMMON, mana=5]
[name=Master Swordsmith, class=ANY, rarity=RARE, mana=2]
[name=Dalaran Mage, class=ANY, rarity=FREE, mana=3]
[name=Demolisher, class=ANY, rarity=RARE, mana=3]
[name=Frost Elemental, class=ANY, rarity=COMMON, mana=6]
[name=Infest, class=HUNTER, rarity=RARE, mana=3]
[name=Call of the Wild, class=HUNTER, rarity=EPIC, mana=9]
[name=Chillwind Yeti, class=ANY, rarity=FREE, mana=4]
[name=Chillwind Yeti, class=ANY, rarity=FREE, mana=4]
[name=Dark Iron Dwarf, class=ANY, rarity=COMMON, mana=4]
[name=Lightwarden, class=ANY, rarity=RARE, mana=1]
[name=Nat Pagle, class=ANY, rarity=LEGENDARY, mana=2]
[name=Animal Companion, class=HUNTER, rarity=FREE, mana=3]
[name=Animal Companion, class=HUNTER, rarity=FREE, mana=3]
[name=Moat Lurker, class=ANY, rarity=RARE, mana=6]
[name=Genzo, the Shark, class=ANY, rarity=LEGENDARY, mana=4]
[name=Coldlight Seer, class=ANY, rarity=RARE, mana=3]
[name=Animated Shield, class=ANY, rarity=COMMON, mana=2]
[name=Disciple of C'Thun, class=ANY, rarity=RARE, mana=3]


=====
MANA CURVE
=====
1=2
2=5
3=9
4=6
5=2
6=2
7=0
7 or more=4

=====
FITNESS=115
=====

=====
GAME STATISTICS
=====

opponent=Purple Rank #1 Legend Midrange Hunter
WIN_RATE=100.00%DAMAGE_DEALT=20.5MANA_SPENT=27.0625CARDS_PLAYED=8.6875TURNS_TAKEN=7.4375MINIONS_PLAYED=14.5SPELLS_CAST=1.5HERO_POWER_USED=0.5

opponent=MatGagne Shadow Madness Priest
WIN_RATE=100.00%DAMAGE_DEALT=22.6875MANA_SPENT=28.0625CARDS_PLAYED=8.5TURNS_TAKEN=7.5625MINIONS_PLAYED=14.3125SPELLS_CAST=1.8125HERO_POWER_USED=0.5

opponent=Toefoo Rank 1 Cwarrior
WIN_RATE=87.50%DAMAGE_DEALT=41.0625MANA_SPENT=34.125CARDS_PLAYED=10.375TURNS_TAKEN=8.4375MINIONS_PLAYED=17.375SPELLS_CAST=2.5HERO_POWER_USED=0.625

opponent=Phonetap's Mech Shaman
WIN_RATE=93.75%DAMAGE_DEALT=24.1875MANA_SPENT=27.1875CARDS_PLAYED=8.8125TURNS_TAKEN=7.5MINIONS_PLAYED=14.875SPELLS_CAST=1.75HERO_POWER_USED=0.5

opponent=Aggro Paladin Meta Snapshot #17
WIN_RATE=87.50%DAMAGE_DEALT=29.375MANA_SPENT=25.5CARDS_PLAYED=8.8125TURNS_TAKEN=7.125MINIONS_PLAYED=15.3125SPELLS_CAST=1.375HERO_POWER_USED=0.375

opponent=Hyunher Tempo Mage
WIN_RATE=87.50%DAMAGE_DEALT=31.375MANA_SPENT=31.25CARDS_PLAYED=9.75TURNS_TAKEN=8.125MINIONS_PLAYED=16.375SPELLS_CAST=1.5625HERO_POWER_USED=0.625

opponent=Mid-Range Druid Meta Snapshot #16
WIN_RATE=81.25%DAMAGE_DEALT=37.9375MANA_SPENT=32.125CARDS_PLAYED=10.5TURNS_TAKEN=8.3125MINIONS_PLAYED=17.5625SPELLS_CAST=1.6875HERO_POWER_USED=0.8125

opponent=Toefoo Rank 1 Oil Rogue
WIN_RATE=75.00%DAMAGE_DEALT=37.1875MANA_SPENT=27.6875CARDS_PLAYED=9.5TURNS_TAKEN=7.6875MINIONS_PLAYED=15.0625SPELLS_CAST=1.8125HERO_POWER_USED=0.875

opponent=Neviilz MalyGod Meta Snapshot #18
WIN_RATE=93.75%DAMAGE_DEALT=26.8125MANA_SPENT=27.8125CARDS_PLAYED=9.4375TURNS_TAKEN=7.6875MINIONS_PLAYED=15.0625SPELLS_CAST=1.9375HERO_POWER_USED=0.75

=====
JENETICS STATISTICS
=====
+---------------------------------------------------------------------------+
|  Time statistics                                                          |
+---------------------------------------------------------------------------+
|             Selection: sum=0.002212146000 s; mean=0.000044242920 s        |
|              Altering: sum=0.007797368000 s; mean=0.000155947360 s        |
|   Fitness calculation: sum=442.034263585000 s; mean=8.840685271700 s      |
|     Overall execution: sum=442.049693692000 s; mean=8.840993873840 s      |
+---------------------------------------------------------------------------+
|  Evolution statistics                                                     |
+---------------------------------------------------------------------------+
|           Generations: 50                                                 |
|               Altered: sum=270; mean=5.400000000                          |
|                Killed: sum=0; mean=0.000000000                            |
|              Invalids: sum=0; mean=0.000000000                            |
+---------------------------------------------------------------------------+
|  Population statistics                                                    |
+---------------------------------------------------------------------------+
|                   Age: max=37; mean=11.237000; var=126.679511             |
|               Fitness:                                                    |
|                      min  = 0.000000000000                                |
|                      max  = 115.000000000000                              |
|                      mean = 97.867000000000                               |
|                      var  = 715.364675675676                              |
|                      std  = 26.746302093480                               |
+---------------------------------------------------------------------------+
infeasible rate=276
