
=====
(10, 20)-EA
=====
population size=20
max generations=0.9
max fitness=128
number of games=16.0
hero class=HUNTER

opponents=[Aggro Paladin Meta Snapshot #17, Toefoo Rank 1 Cwarrior, Neviilz MalyGod Meta Snapshot #18, Phonetap's Mech Shaman, Mid-Range Druid Meta Snapshot #16, Purple Rank #1 Legend Midrange Hunter, Toefoo Rank 1 Oil Rogue, MatGagne Shadow Madness Priest, Hyunher Tempo Mage]
=====
Initial Deck
=====
[name=Glaivezooka, class=HUNTER, rarity=COMMON, mana=2]
[name=Hunter's Mark, class=HUNTER, rarity=FREE, mana=1]
[name=Eaglehorn Bow, class=HUNTER, rarity=RARE, mana=3]
[name=Haunted Creeper, class=ANY, rarity=COMMON, mana=2]
[name=Leper Gnome, class=ANY, rarity=COMMON, mana=1]
[name=Houndmaster, class=HUNTER, rarity=FREE, mana=4]
[name=Haunted Creeper, class=ANY, rarity=COMMON, mana=2]
[name=Freezing Trap, class=HUNTER, rarity=COMMON, mana=2]
[name=Abusive Sergeant, class=ANY, rarity=COMMON, mana=1]
[name=Haunted Creeper, class=ANY, rarity=COMMON, mana=2]
[name=Eaglehorn Bow, class=HUNTER, rarity=RARE, mana=3]
[name=Animal Companion, class=HUNTER, rarity=FREE, mana=3]
[name=Abusive Sergeant, class=ANY, rarity=COMMON, mana=1]
[name=Animal Companion, class=HUNTER, rarity=FREE, mana=3]
[name=Savannah Highmane, class=HUNTER, rarity=RARE, mana=6]
[name=Haunted Creeper, class=ANY, rarity=COMMON, mana=2]
[name=Piloted Shredder, class=ANY, rarity=COMMON, mana=4]
[name=Savannah Highmane, class=HUNTER, rarity=RARE, mana=6]
[name=Savannah Highmane, class=HUNTER, rarity=RARE, mana=6]
[name=Freezing Trap, class=HUNTER, rarity=COMMON, mana=2]
[name=Explosive Trap, class=HUNTER, rarity=COMMON, mana=2]
[name=Piloted Shredder, class=ANY, rarity=COMMON, mana=4]
[name=Sludge Belcher, class=ANY, rarity=RARE, mana=5]
[name=Eaglehorn Bow, class=HUNTER, rarity=RARE, mana=3]
[name=Freezing Trap, class=HUNTER, rarity=COMMON, mana=2]
[name=Abusive Sergeant, class=ANY, rarity=COMMON, mana=1]
[name=Leper Gnome, class=ANY, rarity=COMMON, mana=1]
[name=Animal Companion, class=HUNTER, rarity=FREE, mana=3]
[name=Hunter's Mark, class=HUNTER, rarity=FREE, mana=1]
[name=Sludge Belcher, class=ANY, rarity=RARE, mana=5]


=====
GENERATION 0
=====
best=96
avg=68.05
worst=40.0
infeasible rate=0.2
mutation rate=0.45
=====

=====
GENERATION 5
=====
best=100
avg=85.4
worst=13.0
infeasible rate=0.4
mutation rate=0.225
=====

=====
GENERATION 10
=====
best=102
avg=89.15
worst=8.0
infeasible rate=0.45
mutation rate=0.1125
=====

=====
GENERATION 15
=====
best=104
avg=88.25
worst=19.0
infeasible rate=0.45
mutation rate=0.05625
=====

=====
GENERATION 20
=====
best=104
avg=99.05
worst=75.0
infeasible rate=0.6
mutation rate=0.028125
=====

=====
GENERATION 25
=====
best=104
avg=97.4
worst=57.0
infeasible rate=0.65
mutation rate=0.0140625
=====

=====
GENERATION 30
=====
best=104
avg=96.5
worst=66.0
infeasible rate=0.75
mutation rate=0.00703125
=====

=====
GENERATION 35
=====
best=104
avg=88.55
worst=9.0
infeasible rate=0.8
mutation rate=0.003515625
=====

=====
GENERATION 40
=====
best=104
avg=91.85
worst=15.0
infeasible rate=0.85
mutation rate=0.0017578125
=====

=====
GENERATION 45
=====
best=104
avg=98.95
worst=24.0
infeasible rate=0.95
mutation rate=8.7890625E-4
=====

=====
BEST
=====
[name=Twilight Geomancer, class=ANY, rarity=COMMON, mana=2]
[name=Blood of The Ancient One, class=ANY, rarity=EPIC, mana=9]
[name=Baine Bloodhoof, class=ANY, rarity=LEGENDARY, mana=4]
[name=Whelp, class=ANY, rarity=FREE, mana=1]
[name=Kobold Geomancer, class=ANY, rarity=FREE, mana=2]
[name=Arcane Shot, class=HUNTER, rarity=FREE, mana=1]
[name=Bog Creeper, class=ANY, rarity=COMMON, mana=7]
[name=Stormwind Knight, class=ANY, rarity=FREE, mana=4]
[name=Snipe, class=HUNTER, rarity=COMMON, mana=2]
[name=Ironbeak Owl, class=ANY, rarity=COMMON, mana=3]
[name=Twilight Elder, class=ANY, rarity=COMMON, mana=3]
[name=Grimestreet Informant, class=ANY, rarity=RARE, mana=2]
[name=Grimscale Oracle, class=ANY, rarity=FREE, mana=1]
[name=Bilefin Tidehunter, class=ANY, rarity=COMMON, mana=2]
[name=Infest, class=HUNTER, rarity=RARE, mana=3]
[name=Infest, class=HUNTER, rarity=RARE, mana=3]
[name=Aya Blackpaw, class=ANY, rarity=LEGENDARY, mana=6]
[name=Forlorn Stalker, class=HUNTER, rarity=RARE, mana=3]
[name=Emerald Drake, class=ANY, rarity=FREE, mana=4]
[name=Frostwolf Warlord, class=ANY, rarity=FREE, mana=5]
[name=Acolyte of Pain, class=ANY, rarity=COMMON, mana=3]
[name=Backroom Bouncer, class=ANY, rarity=RARE, mana=4]
[name=Squirming Tentacle, class=ANY, rarity=COMMON, mana=3]
[name=Piranha Launcher, class=HUNTER, rarity=EPIC, mana=5]
[name=Nat Pagle, class=ANY, rarity=LEGENDARY, mana=2]
[name=Captain Greenskin, class=ANY, rarity=LEGENDARY, mana=5]
[name=Polluted Hoarder, class=ANY, rarity=COMMON, mana=4]
[name=War Golem, class=ANY, rarity=FREE, mana=7]
[name=Infested Tauren, class=ANY, rarity=COMMON, mana=4]
[name=Murloc Raider, class=ANY, rarity=FREE, mana=1]


=====
MANA CURVE
=====
1=4
2=6
3=7
4=6
5=3
6=1
7=2
7 or more=1

=====
FITNESS=104
=====

=====
GAME STATISTICS
=====

opponent=Purple Rank #1 Legend Midrange Hunter
WIN_RATE=75.00%DAMAGE_DEALT=34.625MANA_SPENT=23.4375CARDS_PLAYED=10.9375TURNS_TAKEN=7.9375MINIONS_PLAYED=17.9375SPELLS_CAST=0.4375HERO_POWER_USED=2.0625

opponent=MatGagne Shadow Madness Priest
WIN_RATE=81.25%DAMAGE_DEALT=31.1875MANA_SPENT=24.3125CARDS_PLAYED=9.375TURNS_TAKEN=7.4375MINIONS_PLAYED=16.8125SPELLS_CAST=0.25HERO_POWER_USED=1.1875

opponent=Toefoo Rank 1 Cwarrior
WIN_RATE=81.25%DAMAGE_DEALT=32.0625MANA_SPENT=22.25CARDS_PLAYED=10.0625TURNS_TAKEN=7.75MINIONS_PLAYED=16.8125SPELLS_CAST=0.4375HERO_POWER_USED=1.5625

opponent=Phonetap's Mech Shaman
WIN_RATE=68.75%DAMAGE_DEALT=31.0625MANA_SPENT=21.6875CARDS_PLAYED=9.9375TURNS_TAKEN=7.625MINIONS_PLAYED=16.625SPELLS_CAST=0.25HERO_POWER_USED=1.6875

opponent=Aggro Paladin Meta Snapshot #17
WIN_RATE=75.00%DAMAGE_DEALT=30.875MANA_SPENT=21.5625CARDS_PLAYED=9.5TURNS_TAKEN=7.3125MINIONS_PLAYED=15.3125SPELLS_CAST=0.5HERO_POWER_USED=1.625

opponent=Hyunher Tempo Mage
WIN_RATE=68.75%DAMAGE_DEALT=32.25MANA_SPENT=19.6875CARDS_PLAYED=9.25TURNS_TAKEN=7.0625MINIONS_PLAYED=15.5625SPELLS_CAST=0.25HERO_POWER_USED=1.6875

opponent=Mid-Range Druid Meta Snapshot #16
WIN_RATE=93.75%DAMAGE_DEALT=21.1875MANA_SPENT=22.25CARDS_PLAYED=9.1875TURNS_TAKEN=7.375MINIONS_PLAYED=15.9375SPELLS_CAST=0.125HERO_POWER_USED=1.5

opponent=Toefoo Rank 1 Oil Rogue
WIN_RATE=87.50%DAMAGE_DEALT=25.625MANA_SPENT=22.375CARDS_PLAYED=10.3125TURNS_TAKEN=7.3125MINIONS_PLAYED=17.75SPELLS_CAST=0.375HERO_POWER_USED=1.4375

opponent=Neviilz MalyGod Meta Snapshot #18
WIN_RATE=100.00%DAMAGE_DEALT=23.75MANA_SPENT=23.375CARDS_PLAYED=10.3125TURNS_TAKEN=7.5625MINIONS_PLAYED=17.875SPELLS_CAST=0.3125HERO_POWER_USED=1.5625

=====
JENETICS STATISTICS
=====
+---------------------------------------------------------------------------+
|  Time statistics                                                          |
+---------------------------------------------------------------------------+
|             Selection: sum=0.005556735000 s; mean=0.000111134700 s        |
|              Altering: sum=0.008558564000 s; mean=0.000171171280 s        |
|   Fitness calculation: sum=496.419398836000 s; mean=9.928387976720 s      |
|     Overall execution: sum=496.437196865000 s; mean=9.928743937300 s      |
+---------------------------------------------------------------------------+
|  Evolution statistics                                                     |
+---------------------------------------------------------------------------+
|           Generations: 50                                                 |
|               Altered: sum=265; mean=5.300000000                          |
|                Killed: sum=0; mean=0.000000000                            |
|              Invalids: sum=0; mean=0.000000000                            |
+---------------------------------------------------------------------------+
|  Population statistics                                                    |
+---------------------------------------------------------------------------+
|                   Age: max=34; mean=9.794000; var=110.309874              |
|               Fitness:                                                    |
|                      min  = 0.000000000000                                |
|                      max  = 104.000000000000                              |
|                      mean = 88.574000000000                               |
|                      var  = 625.968492492493                              |
|                      std  = 25.019362351836                               |
+---------------------------------------------------------------------------+
infeasible rate=190
