
=====
(10, 20)-EA
=====
population size=20
max generations=0.9
max fitness=128
number of games=16.0
hero class=HUNTER

opponents=[Aggro Paladin Meta Snapshot #17, Toefoo Rank 1 Cwarrior, Neviilz MalyGod Meta Snapshot #18, Phonetap's Mech Shaman, Mid-Range Druid Meta Snapshot #16, Purple Rank #1 Legend Midrange Hunter, Toefoo Rank 1 Oil Rogue, MatGagne Shadow Madness Priest, Hyunher Tempo Mage]
=====
Initial Deck
=====
[name=Abusive Sergeant, class=ANY, rarity=COMMON, mana=1]
[name=Sludge Belcher, class=ANY, rarity=RARE, mana=5]
[name=Haunted Creeper, class=ANY, rarity=COMMON, mana=2]
[name=Mad Scientist, class=ANY, rarity=COMMON, mana=2]
[name=Savannah Highmane, class=HUNTER, rarity=RARE, mana=6]
[name=Knife Juggler, class=ANY, rarity=RARE, mana=2]
[name=Savannah Highmane, class=HUNTER, rarity=RARE, mana=6]
[name=Houndmaster, class=HUNTER, rarity=FREE, mana=4]
[name=Mad Scientist, class=ANY, rarity=COMMON, mana=2]
[name=Abusive Sergeant, class=ANY, rarity=COMMON, mana=1]
[name=Unleash the Hounds, class=HUNTER, rarity=COMMON, mana=3]
[name=Savannah Highmane, class=HUNTER, rarity=RARE, mana=6]
[name=Leper Gnome, class=ANY, rarity=COMMON, mana=1]
[name=Sludge Belcher, class=ANY, rarity=RARE, mana=5]
[name=Explosive Trap, class=HUNTER, rarity=COMMON, mana=2]
[name=Sludge Belcher, class=ANY, rarity=RARE, mana=5]
[name=Sludge Belcher, class=ANY, rarity=RARE, mana=5]
[name=Piloted Shredder, class=ANY, rarity=COMMON, mana=4]
[name=Haunted Creeper, class=ANY, rarity=COMMON, mana=2]
[name=Freezing Trap, class=HUNTER, rarity=COMMON, mana=2]
[name=Leper Gnome, class=ANY, rarity=COMMON, mana=1]
[name=Leper Gnome, class=ANY, rarity=COMMON, mana=1]
[name=Loatheb, class=ANY, rarity=LEGENDARY, mana=5]
[name=Savannah Highmane, class=HUNTER, rarity=RARE, mana=6]
[name=Eaglehorn Bow, class=HUNTER, rarity=RARE, mana=3]
[name=Houndmaster, class=HUNTER, rarity=FREE, mana=4]
[name=Savannah Highmane, class=HUNTER, rarity=RARE, mana=6]
[name=Unleash the Hounds, class=HUNTER, rarity=COMMON, mana=3]
[name=Sludge Belcher, class=ANY, rarity=RARE, mana=5]
[name=Freezing Trap, class=HUNTER, rarity=COMMON, mana=2]


=====
GENERATION 0
=====
best=108
avg=71.55
worst=22.0
infeasible rate=0.05
mutation rate=0.45
=====

=====
GENERATION 5
=====
best=108
avg=90.25
worst=11.0
infeasible rate=0.2
mutation rate=0.225
=====

=====
GENERATION 10
=====
best=108
avg=87.15
worst=39.0
infeasible rate=0.35
mutation rate=0.1125
=====

=====
GENERATION 15
=====
best=108
avg=96.35
worst=6.0
infeasible rate=0.4
mutation rate=0.05625
=====

=====
GENERATION 20
=====
best=108
avg=92.2
worst=8.0
infeasible rate=0.45
mutation rate=0.028125
=====

=====
GENERATION 25
=====
best=108
avg=93.75
worst=19.0
infeasible rate=0.5
mutation rate=0.0140625
=====

=====
GENERATION 30
=====
best=108
avg=89.45
worst=43.0
infeasible rate=0.95
mutation rate=0.00703125
=====

=====
GENERATION 35
=====
best=108
avg=86.25
worst=3.0
infeasible rate=1.05
mutation rate=0.003515625
=====

=====
GENERATION 40
=====
best=108
avg=97.3
worst=38.0
infeasible rate=1.15
mutation rate=0.0017578125
=====

=====
GENERATION 45
=====
best=108
avg=96.75
worst=15.0
infeasible rate=1.3
mutation rate=8.7890625E-4
=====

=====
BEST
=====
[name=Amani Berserker, class=ANY, rarity=COMMON, mana=2]
[name=Illidan Stormrage, class=ANY, rarity=LEGENDARY, mana=6]
[name=Onyxia, class=ANY, rarity=LEGENDARY, mana=9]
[name=Backstreet Leper, class=ANY, rarity=COMMON, mana=3]
[name=Hired Gun, class=ANY, rarity=COMMON, mana=3]
[name=Silithid Swarmer, class=ANY, rarity=RARE, mana=3]
[name=Eaglehorn Bow, class=HUNTER, rarity=RARE, mana=3]
[name=Eater of Secrets, class=ANY, rarity=RARE, mana=4]
[name=Sunwalker, class=ANY, rarity=RARE, mana=6]
[name=Knife Juggler, class=ANY, rarity=RARE, mana=2]
[name=Gladiator's Longbow, class=HUNTER, rarity=EPIC, mana=7]
[name=Doomsayer, class=ANY, rarity=EPIC, mana=2]
[name=Small-Time Buccaneer, class=ANY, rarity=RARE, mana=1]
[name=Dalaran Mage, class=ANY, rarity=FREE, mana=3]
[name=Spellbreaker, class=ANY, rarity=COMMON, mana=4]
[name=Second-Rate Bruiser, class=ANY, rarity=RARE, mana=5]
[name=On the Hunt, class=HUNTER, rarity=COMMON, mana=1]
[name=Madam Goya, class=ANY, rarity=LEGENDARY, mana=6]
[name=Dire Wolf Alpha, class=ANY, rarity=COMMON, mana=2]
[name=Chillwind Yeti, class=ANY, rarity=FREE, mana=4]
[name=Ancient Brewmaster, class=ANY, rarity=COMMON, mana=4]
[name=Atiesh, class=ANY, rarity=LEGENDARY, mana=3]
[name=King Krush, class=HUNTER, rarity=LEGENDARY, mana=9]
[name=Big Game Hunter, class=ANY, rarity=EPIC, mana=5]
[name=Big Game Hunter, class=ANY, rarity=EPIC, mana=5]
[name=Spiked Hogrider, class=ANY, rarity=RARE, mana=5]
[name=Polluted Hoarder, class=ANY, rarity=COMMON, mana=4]
[name=Worgen Infiltrator, class=ANY, rarity=COMMON, mana=1]
[name=Kabal Courier, class=ANY, rarity=RARE, mana=3]
[name=Loot Hoarder, class=ANY, rarity=COMMON, mana=2]


=====
MANA CURVE
=====
1=3
2=5
3=7
4=5
5=4
6=3
7=1
7 or more=2

=====
FITNESS=108
=====

=====
GAME STATISTICS
=====

opponent=Purple Rank #1 Legend Midrange Hunter
WIN_RATE=100.00%DAMAGE_DEALT=35.25MANA_SPENT=24.1875CARDS_PLAYED=8.625TURNS_TAKEN=7.75MINIONS_PLAYED=16.8125SPELLS_CAST=0.9375HERO_POWER_USED=1.625

opponent=MatGagne Shadow Madness Priest
WIN_RATE=93.75%DAMAGE_DEALT=44.8125HEALING_DONE=0.25MANA_SPENT=28.4375CARDS_PLAYED=10.6875TURNS_TAKEN=8.5625MINIONS_PLAYED=20.9375SPELLS_CAST=0.5625HERO_POWER_USED=2.375

opponent=Toefoo Rank 1 Cwarrior
WIN_RATE=81.25%DAMAGE_DEALT=40.375MANA_SPENT=24.9375CARDS_PLAYED=9.4375TURNS_TAKEN=8.0MINIONS_PLAYED=18.625SPELLS_CAST=1.0625HERO_POWER_USED=1.875

opponent=Phonetap's Mech Shaman
WIN_RATE=81.25%DAMAGE_DEALT=35.625MANA_SPENT=23.0625CARDS_PLAYED=9.125TURNS_TAKEN=7.5MINIONS_PLAYED=16.75SPELLS_CAST=0.75HERO_POWER_USED=1.9375

opponent=Aggro Paladin Meta Snapshot #17
WIN_RATE=68.75%DAMAGE_DEALT=44.0625MANA_SPENT=26.9375CARDS_PLAYED=10.4375TURNS_TAKEN=8.1875MINIONS_PLAYED=19.8125SPELLS_CAST=0.75HERO_POWER_USED=2.25

opponent=Hyunher Tempo Mage
WIN_RATE=87.50%DAMAGE_DEALT=45.4375MANA_SPENT=25.25CARDS_PLAYED=10.4375TURNS_TAKEN=8.125MINIONS_PLAYED=19.3125SPELLS_CAST=0.9375HERO_POWER_USED=2.6875

opponent=Mid-Range Druid Meta Snapshot #16
WIN_RATE=87.50%DAMAGE_DEALT=36.375MANA_SPENT=22.1875CARDS_PLAYED=9.75TURNS_TAKEN=7.75MINIONS_PLAYED=17.625SPELLS_CAST=1.125HERO_POWER_USED=2.5625

opponent=Toefoo Rank 1 Oil Rogue
WIN_RATE=68.75%DAMAGE_DEALT=40.75MANA_SPENT=22.1875CARDS_PLAYED=8.8125TURNS_TAKEN=7.625MINIONS_PLAYED=16.4375SPELLS_CAST=0.75HERO_POWER_USED=2.25

opponent=Neviilz MalyGod Meta Snapshot #18
WIN_RATE=87.50%DAMAGE_DEALT=38.25MANA_SPENT=20.3125CARDS_PLAYED=9.125TURNS_TAKEN=7.625MINIONS_PLAYED=17.3125SPELLS_CAST=0.75HERO_POWER_USED=2.3125

=====
JENETICS STATISTICS
=====
+---------------------------------------------------------------------------+
|  Time statistics                                                          |
+---------------------------------------------------------------------------+
|             Selection: sum=0.002102766000 s; mean=0.000042055320 s        |
|              Altering: sum=0.007213273000 s; mean=0.000144265460 s        |
|   Fitness calculation: sum=419.630026633000 s; mean=8.392600532660 s      |
|     Overall execution: sum=419.644186627000 s; mean=8.392883732540 s      |
+---------------------------------------------------------------------------+
|  Evolution statistics                                                     |
+---------------------------------------------------------------------------+
|           Generations: 50                                                 |
|               Altered: sum=325; mean=6.500000000                          |
|                Killed: sum=0; mean=0.000000000                            |
|              Invalids: sum=0; mean=0.000000000                            |
+---------------------------------------------------------------------------+
|  Population statistics                                                    |
+---------------------------------------------------------------------------+
|                   Age: max=49; mean=17.629000; var=267.793152             |
|               Fitness:                                                    |
|                      min  = 0.000000000000                                |
|                      max  = 108.000000000000                              |
|                      mean = 90.493000000000                               |
|                      var  = 923.897848848849                              |
|                      std  = 30.395687997623                               |
+---------------------------------------------------------------------------+
infeasible rate=465
