
=====
(10, 20)-EA
=====
population size=20
max generations=0.9
max fitness=128
number of games=16.0
hero class=HUNTER

opponents=[Aggro Paladin Meta Snapshot #17, Toefoo Rank 1 Cwarrior, Neviilz MalyGod Meta Snapshot #18, Phonetap's Mech Shaman, Mid-Range Druid Meta Snapshot #16, Purple Rank #1 Legend Midrange Hunter, Toefoo Rank 1 Oil Rogue, MatGagne Shadow Madness Priest, Hyunher Tempo Mage]
=====
Initial Deck
=====
[name=Knife Juggler, class=ANY, rarity=RARE, mana=2]
[name=Mad Scientist, class=ANY, rarity=COMMON, mana=2]
[name=Abusive Sergeant, class=ANY, rarity=COMMON, mana=1]
[name=Knife Juggler, class=ANY, rarity=RARE, mana=2]
[name=Savannah Highmane, class=HUNTER, rarity=RARE, mana=6]
[name=Animal Companion, class=HUNTER, rarity=FREE, mana=3]
[name=Animal Companion, class=HUNTER, rarity=FREE, mana=3]
[name=Leper Gnome, class=ANY, rarity=COMMON, mana=1]
[name=Animal Companion, class=HUNTER, rarity=FREE, mana=3]
[name=Freezing Trap, class=HUNTER, rarity=COMMON, mana=2]
[name=Piloted Shredder, class=ANY, rarity=COMMON, mana=4]
[name=Haunted Creeper, class=ANY, rarity=COMMON, mana=2]
[name=Haunted Creeper, class=ANY, rarity=COMMON, mana=2]
[name=Eaglehorn Bow, class=HUNTER, rarity=RARE, mana=3]
[name=Animal Companion, class=HUNTER, rarity=FREE, mana=3]
[name=Haunted Creeper, class=ANY, rarity=COMMON, mana=2]
[name=Freezing Trap, class=HUNTER, rarity=COMMON, mana=2]
[name=Knife Juggler, class=ANY, rarity=RARE, mana=2]
[name=Abusive Sergeant, class=ANY, rarity=COMMON, mana=1]
[name=Haunted Creeper, class=ANY, rarity=COMMON, mana=2]
[name=Sludge Belcher, class=ANY, rarity=RARE, mana=5]
[name=Eaglehorn Bow, class=HUNTER, rarity=RARE, mana=3]
[name=Savannah Highmane, class=HUNTER, rarity=RARE, mana=6]
[name=Savannah Highmane, class=HUNTER, rarity=RARE, mana=6]
[name=Mad Scientist, class=ANY, rarity=COMMON, mana=2]
[name=Haunted Creeper, class=ANY, rarity=COMMON, mana=2]
[name=Mad Scientist, class=ANY, rarity=COMMON, mana=2]
[name=Sludge Belcher, class=ANY, rarity=RARE, mana=5]
[name=Leper Gnome, class=ANY, rarity=COMMON, mana=1]
[name=Haunted Creeper, class=ANY, rarity=COMMON, mana=2]


=====
GENERATION 0
=====
best=103
avg=59.7
worst=30.0
infeasible rate=0.2
mutation rate=0.45
=====

=====
GENERATION 5
=====
best=103
avg=77.45
worst=37.0
infeasible rate=0.35
mutation rate=0.225
=====

=====
GENERATION 10
=====
best=107
avg=88.05
worst=26.0
infeasible rate=0.4
mutation rate=0.1125
=====

=====
GENERATION 15
=====
best=107
avg=97.0
worst=30.0
infeasible rate=0.5
mutation rate=0.05625
=====

=====
GENERATION 20
=====
best=107
avg=92.1
worst=46.0
infeasible rate=0.65
mutation rate=0.028125
=====

=====
GENERATION 25
=====
best=107
avg=89.8
worst=41.0
infeasible rate=0.9
mutation rate=0.0140625
=====

=====
GENERATION 30
=====
best=107
avg=100.05
worst=41.0
infeasible rate=0.95
mutation rate=0.00703125
=====

=====
GENERATION 35
=====
best=107
avg=90.75
worst=41.0
infeasible rate=1.15
mutation rate=0.003515625
=====

=====
GENERATION 40
=====
best=107
avg=87.45
worst=25.0
infeasible rate=1.25
mutation rate=0.0017578125
=====

=====
GENERATION 45
=====
best=107
avg=92.5
worst=47.0
infeasible rate=1.5
mutation rate=8.7890625E-4
=====

=====
BEST
=====
[name=Flare, class=HUNTER, rarity=RARE, mana=2]
[name=Earthen Ring Farseer, class=ANY, rarity=COMMON, mana=3]
[name=Smuggler's Crate, class=HUNTER, rarity=COMMON, mana=1]
[name=Timber Wolf, class=HUNTER, rarity=FREE, mana=1]
[name=Mechanical Dragonling, class=ANY, rarity=FREE, mana=1]
[name=Cyclopian Horror, class=ANY, rarity=EPIC, mana=4]
[name=Cyclopian Horror, class=ANY, rarity=EPIC, mana=4]
[name=Stormwind Knight, class=ANY, rarity=FREE, mana=4]
[name=Doomsayer, class=ANY, rarity=EPIC, mana=2]
[name=Blackwater Pirate, class=ANY, rarity=RARE, mana=4]
[name=Cloaked Huntress, class=HUNTER, rarity=COMMON, mana=3]
[name=Twin Emperor Vek'lor, class=ANY, rarity=LEGENDARY, mana=7]
[name=Master Swordsmith, class=ANY, rarity=RARE, mana=2]
[name=Spider, class=HUNTER, rarity=FREE, mana=1]
[name=Fel Orc Soulfiend, class=ANY, rarity=EPIC, mana=3]
[name=Blubber Baron, class=ANY, rarity=EPIC, mana=3]
[name=Second-Rate Bruiser, class=ANY, rarity=RARE, mana=5]
[name=C'Thun, class=ANY, rarity=LEGENDARY, mana=10]
[name=Rat, class=HUNTER, rarity=FREE, mana=1]
[name=Frostwolf Warlord, class=ANY, rarity=FREE, mana=5]
[name=Alleycat, class=HUNTER, rarity=COMMON, mana=1]
[name=Cult Master, class=ANY, rarity=COMMON, mana=4]
[name=Boar, class=ANY, rarity=FREE, mana=1]
[name=Leatherclad Hogleader, class=ANY, rarity=EPIC, mana=6]
[name=Spiked Hogrider, class=ANY, rarity=RARE, mana=5]
[name=Blood Knight, class=ANY, rarity=EPIC, mana=3]
[name=Blood Knight, class=ANY, rarity=EPIC, mana=3]
[name=Ancient of Blossoms, class=ANY, rarity=COMMON, mana=6]
[name=Mana Wraith, class=ANY, rarity=RARE, mana=2]
[name=Scavenging Hyena, class=HUNTER, rarity=COMMON, mana=2]


=====
MANA CURVE
=====
1=7
2=5
3=6
4=5
5=3
6=2
7=1
7 or more=1

=====
FITNESS=107
=====

=====
GAME STATISTICS
=====

opponent=Purple Rank #1 Legend Midrange Hunter
WIN_RATE=62.50%DAMAGE_DEALT=41.3125HEALING_DONE=3.9375MANA_SPENT=26.5CARDS_PLAYED=12.6875TURNS_TAKEN=8.0625MINIONS_PLAYED=22.5625SPELLS_CAST=0.25HERO_POWER_USED=2.25

opponent=MatGagne Shadow Madness Priest
WIN_RATE=93.75%DAMAGE_DEALT=37.1875HEALING_DONE=4.3125MANA_SPENT=27.4375CARDS_PLAYED=13.5TURNS_TAKEN=8.6875MINIONS_PLAYED=22.9375SPELLS_CAST=0.375HERO_POWER_USED=2.625

opponent=Toefoo Rank 1 Cwarrior
WIN_RATE=87.50%DAMAGE_DEALT=32.6875HEALING_DONE=4.5MANA_SPENT=25.375CARDS_PLAYED=12.4375TURNS_TAKEN=8.0625MINIONS_PLAYED=22.0SPELLS_CAST=0.1875HERO_POWER_USED=2.1875

opponent=Phonetap's Mech Shaman
WIN_RATE=93.75%DAMAGE_DEALT=33.9375HEALING_DONE=3.75MANA_SPENT=26.5625CARDS_PLAYED=12.0TURNS_TAKEN=8.125MINIONS_PLAYED=21.5625HERO_POWER_USED=2.0625

opponent=Aggro Paladin Meta Snapshot #17
WIN_RATE=87.50%DAMAGE_DEALT=34.8125HEALING_DONE=4.875MANA_SPENT=27.875CARDS_PLAYED=13.8125TURNS_TAKEN=8.375MINIONS_PLAYED=24.25SPELLS_CAST=0.1875HERO_POWER_USED=2.3125

opponent=Hyunher Tempo Mage
WIN_RATE=75.00%DAMAGE_DEALT=37.5HEALING_DONE=5.625MANA_SPENT=28.5625CARDS_PLAYED=12.625TURNS_TAKEN=8.25MINIONS_PLAYED=23.3125SPELLS_CAST=0.0625HERO_POWER_USED=1.8125

opponent=Mid-Range Druid Meta Snapshot #16
WIN_RATE=81.25%DAMAGE_DEALT=35.875HEALING_DONE=5.625MANA_SPENT=28.375CARDS_PLAYED=13.375TURNS_TAKEN=8.4375MINIONS_PLAYED=23.6875SPELLS_CAST=0.0625HERO_POWER_USED=2.3125

opponent=Toefoo Rank 1 Oil Rogue
WIN_RATE=81.25%DAMAGE_DEALT=38.75HEALING_DONE=4.5MANA_SPENT=26.375CARDS_PLAYED=12.875TURNS_TAKEN=8.1875MINIONS_PLAYED=21.8125SPELLS_CAST=0.125HERO_POWER_USED=2.5625

opponent=Neviilz MalyGod Meta Snapshot #18
WIN_RATE=87.50%DAMAGE_DEALT=32.75HEALING_DONE=4.875MANA_SPENT=25.8125CARDS_PLAYED=12.75TURNS_TAKEN=8.125MINIONS_PLAYED=22.25SPELLS_CAST=0.25HERO_POWER_USED=2.3125

=====
JENETICS STATISTICS
=====
+---------------------------------------------------------------------------+
|  Time statistics                                                          |
+---------------------------------------------------------------------------+
|             Selection: sum=0.001634407000 s; mean=0.000032688140 s        |
|              Altering: sum=0.006068539000 s; mean=0.000121370780 s        |
|   Fitness calculation: sum=405.434284496000 s; mean=8.108685689920 s      |
|     Overall execution: sum=405.448088252000 s; mean=8.108961765040 s      |
+---------------------------------------------------------------------------+
|  Evolution statistics                                                     |
+---------------------------------------------------------------------------+
|           Generations: 50                                                 |
|               Altered: sum=277; mean=5.540000000                          |
|                Killed: sum=0; mean=0.000000000                            |
|              Invalids: sum=0; mean=0.000000000                            |
+---------------------------------------------------------------------------+
|  Population statistics                                                    |
+---------------------------------------------------------------------------+
|                   Age: max=39; mean=12.361000; var=144.567246             |
|               Fitness:                                                    |
|                      min  = 0.000000000000                                |
|                      max  = 107.000000000000                              |
|                      mean = 89.166000000000                               |
|                      var  = 796.635079079079                              |
|                      std  = 28.224724605903                               |
+---------------------------------------------------------------------------+
infeasible rate=465
