
=====
(2, 10)-EA
=====
population size=10
max generations=1.8
max fitness=128
number of games=16.0
hero class=HUNTER

opponents=[Aggro Paladin Meta Snapshot #17, Toefoo Rank 1 Cwarrior, Neviilz MalyGod Meta Snapshot #18, Phonetap's Mech Shaman, Mid-Range Druid Meta Snapshot #16, Purple Rank #1 Legend Midrange Hunter, Toefoo Rank 1 Oil Rogue, MatGagne Shadow Madness Priest, Hyunher Tempo Mage]
=====
Initial Deck
=====
[name=Freezing Trap, class=HUNTER, rarity=COMMON, mana=2]
[name=Kill Command, class=HUNTER, rarity=FREE, mana=3]
[name=Houndmaster, class=HUNTER, rarity=FREE, mana=4]
[name=Piloted Shredder, class=ANY, rarity=COMMON, mana=4]
[name=Abusive Sergeant, class=ANY, rarity=COMMON, mana=1]
[name=Freezing Trap, class=HUNTER, rarity=COMMON, mana=2]
[name=Savannah Highmane, class=HUNTER, rarity=RARE, mana=6]
[name=Mad Scientist, class=ANY, rarity=COMMON, mana=2]
[name=Loatheb, class=ANY, rarity=LEGENDARY, mana=5]
[name=Leper Gnome, class=ANY, rarity=COMMON, mana=1]
[name=Animal Companion, class=HUNTER, rarity=FREE, mana=3]
[name=Animal Companion, class=HUNTER, rarity=FREE, mana=3]
[name=Glaivezooka, class=HUNTER, rarity=COMMON, mana=2]
[name=Sludge Belcher, class=ANY, rarity=RARE, mana=5]
[name=Loatheb, class=ANY, rarity=LEGENDARY, mana=5]
[name=Freezing Trap, class=HUNTER, rarity=COMMON, mana=2]
[name=Piloted Shredder, class=ANY, rarity=COMMON, mana=4]
[name=Kill Command, class=HUNTER, rarity=FREE, mana=3]
[name=Unleash the Hounds, class=HUNTER, rarity=COMMON, mana=3]
[name=Mad Scientist, class=ANY, rarity=COMMON, mana=2]
[name=Piloted Shredder, class=ANY, rarity=COMMON, mana=4]
[name=Kill Command, class=HUNTER, rarity=FREE, mana=3]
[name=Leper Gnome, class=ANY, rarity=COMMON, mana=1]
[name=Animal Companion, class=HUNTER, rarity=FREE, mana=3]
[name=Glaivezooka, class=HUNTER, rarity=COMMON, mana=2]
[name=Glaivezooka, class=HUNTER, rarity=COMMON, mana=2]
[name=Eaglehorn Bow, class=HUNTER, rarity=RARE, mana=3]
[name=Mad Scientist, class=ANY, rarity=COMMON, mana=2]
[name=Abusive Sergeant, class=ANY, rarity=COMMON, mana=1]
[name=Glaivezooka, class=HUNTER, rarity=COMMON, mana=2]


=====
GENERATION 0
=====
best=89
avg=65.0
worst=17.0
infeasible rate=0.0
mutation rate=0.9
=====

=====
GENERATION 5
=====
best=89
avg=68.9
worst=9.0
infeasible rate=0.0
mutation rate=1.8
=====

=====
GENERATION 10
=====
best=89
avg=65.9
worst=19.0
infeasible rate=0.0
mutation rate=1.8
=====

=====
GENERATION 15
=====
best=89
avg=79.9
worst=10.0
infeasible rate=0.0
mutation rate=3.6
=====

=====
GENERATION 20
=====
best=89
avg=88.6
worst=85.0
infeasible rate=0.0
mutation rate=3.6
=====

=====
GENERATION 25
=====
best=89
avg=89.0
worst=89.0
infeasible rate=0.0
mutation rate=1.8
=====

=====
GENERATION 30
=====
best=89
avg=71.7
worst=33.0
infeasible rate=0.0
mutation rate=0.9
=====

=====
GENERATION 35
=====
best=89
avg=81.2
worst=29.0
infeasible rate=0.0
mutation rate=1.8
=====

=====
GENERATION 40
=====
best=89
avg=67.9
worst=11.0
infeasible rate=0.0
mutation rate=0.9
=====

=====
GENERATION 45
=====
best=89
avg=79.6
worst=33.0
infeasible rate=0.0
mutation rate=1.8
=====

=====
BEST
=====
[name=Pantry Spider, class=ANY, rarity=COMMON, mana=3]
[name=Bluegill Warrior, class=ANY, rarity=FREE, mana=2]
[name=Avian Watcher, class=ANY, rarity=COMMON, mana=5]
[name=Gnomish Inventor, class=ANY, rarity=FREE, mana=4]
[name=Bestial Wrath, class=HUNTER, rarity=EPIC, mana=1]
[name=Kazakus, class=ANY, rarity=LEGENDARY, mana=4]
[name=Murloc Tidecaller, class=ANY, rarity=RARE, mana=1]
[name=Wind-up Burglebot, class=ANY, rarity=EPIC, mana=5]
[name=Mountain Giant, class=ANY, rarity=EPIC, mana=12]
[name=Southsea Deckhand, class=ANY, rarity=COMMON, mana=1]
[name=Booty Bay Bodyguard, class=ANY, rarity=FREE, mana=5]
[name=Venture Co. Mercenary, class=ANY, rarity=COMMON, mana=5]
[name=Twin Emperor Vek'lor, class=ANY, rarity=LEGENDARY, mana=7]
[name=Raging Worgen, class=ANY, rarity=COMMON, mana=3]
[name=Grimscale Oracle, class=ANY, rarity=FREE, mana=1]
[name=Shaky Zipgunner, class=HUNTER, rarity=COMMON, mana=3]
[name=C'Thun, class=ANY, rarity=LEGENDARY, mana=10]
[name=Arcane Anomaly, class=ANY, rarity=COMMON, mana=1]
[name=Chillwind Yeti, class=ANY, rarity=FREE, mana=4]
[name=Alarm-o-Bot, class=ANY, rarity=RARE, mana=3]
[name=Mukla, Tyrant of the Vale, class=ANY, rarity=LEGENDARY, mana=6]
[name=Captain Greenskin, class=ANY, rarity=LEGENDARY, mana=5]
[name=Worgen Greaser, class=ANY, rarity=COMMON, mana=4]
[name=Southsea Captain, class=ANY, rarity=EPIC, mana=3]
[name=Cairne Bloodhoof, class=ANY, rarity=LEGENDARY, mana=6]
[name=Polluted Hoarder, class=ANY, rarity=COMMON, mana=4]
[name=Gurubashi Berserker, class=ANY, rarity=FREE, mana=5]
[name=Twisted Worgen, class=ANY, rarity=COMMON, mana=2]
[name=Molten Giant, class=ANY, rarity=EPIC, mana=25]
[name=Scavenging Hyena, class=HUNTER, rarity=COMMON, mana=2]


=====
MANA CURVE
=====
1=5
2=3
3=5
4=5
5=6
6=2
7=1
7 or more=3

=====
FITNESS=89
=====

=====
GAME STATISTICS
=====

opponent=Purple Rank #1 Legend Midrange Hunter
actually played games=16WIN_RATE=68.75%DAMAGE_DEALT=38MANA_SPENT=22CARDS_PLAYED=9TURNS_TAKEN=8MINIONS_PLAYED=13SPELLS_CAST=2HERO_POWER_USED=2

opponent=MatGagne Shadow Madness Priest
actually played games=16WIN_RATE=87.50%DAMAGE_DEALT=35MANA_SPENT=20CARDS_PLAYED=9TURNS_TAKEN=7MINIONS_PLAYED=11SPELLS_CAST=2HERO_POWER_USED=2WEAPONS_EQUIPPED=0

opponent=Toefoo Rank 1 Cwarrior
actually played games=16WIN_RATE=75.00%DAMAGE_DEALT=46MANA_SPENT=22CARDS_PLAYED=10TURNS_TAKEN=8MINIONS_PLAYED=13SPELLS_CAST=3HERO_POWER_USED=3WEAPONS_EQUIPPED=0

opponent=Phonetap's Mech Shaman
actually played games=16WIN_RATE=75.00%DAMAGE_DEALT=43HEALING_DONE=0MANA_SPENT=22CARDS_PLAYED=10TURNS_TAKEN=8MINIONS_PLAYED=13SPELLS_CAST=2HERO_POWER_USED=2WEAPONS_EQUIPPED=0

opponent=Aggro Paladin Meta Snapshot #17
actually played games=16WIN_RATE=43.75%DAMAGE_DEALT=47MANA_SPENT=19CARDS_PLAYED=9TURNS_TAKEN=7MINIONS_PLAYED=11SPELLS_CAST=2HERO_POWER_USED=2

opponent=Hyunher Tempo Mage
actually played games=16WIN_RATE=75.00%DAMAGE_DEALT=45MANA_SPENT=22CARDS_PLAYED=10TURNS_TAKEN=8MINIONS_PLAYED=14SPELLS_CAST=2HERO_POWER_USED=2WEAPONS_EQUIPPED=0

opponent=Mid-Range Druid Meta Snapshot #16
actually played games=16WIN_RATE=75.00%DAMAGE_DEALT=42HEALING_DONE=0MANA_SPENT=22CARDS_PLAYED=10TURNS_TAKEN=7MINIONS_PLAYED=14SPELLS_CAST=2HERO_POWER_USED=2

opponent=Toefoo Rank 1 Oil Rogue
actually played games=16WIN_RATE=75.00%DAMAGE_DEALT=46MANA_SPENT=23CARDS_PLAYED=10TURNS_TAKEN=8MINIONS_PLAYED=13SPELLS_CAST=2HERO_POWER_USED=3WEAPONS_EQUIPPED=0

opponent=Neviilz MalyGod Meta Snapshot #18
actually played games=16WIN_RATE=50.00%DAMAGE_DEALT=45MANA_SPENT=22CARDS_PLAYED=10TURNS_TAKEN=7MINIONS_PLAYED=13SPELLS_CAST=2HERO_POWER_USED=2WEAPONS_EQUIPPED=0

=====
JENETICS STATISTICS
=====
+---------------------------------------------------------------------------+
|  Time statistics                                                          |
+---------------------------------------------------------------------------+
|             Selection: sum=0.007141785000 s; mean=0.000142835700 s        |
|              Altering: sum=0.020891337000 s; mean=0.000417826740 s        |
|   Fitness calculation: sum=317.808958426000 s; mean=6.356179168520 s      |
|     Overall execution: sum=317.839859197000 s; mean=6.356797183940 s      |
+---------------------------------------------------------------------------+
|  Evolution statistics                                                     |
+---------------------------------------------------------------------------+
|           Generations: 50                                                 |
|               Altered: sum=116; mean=2.320000000                          |
|                Killed: sum=0; mean=0.000000000                            |
|              Invalids: sum=7; mean=0.140000000                            |
+---------------------------------------------------------------------------+
|  Population statistics                                                    |
+---------------------------------------------------------------------------+
|                   Age: max=49; mean=17.868000; var=262.579735             |
|               Fitness:                                                    |
|                      min  = 8.000000000000                                |
|                      max  = 89.000000000000                               |
|                      mean = 76.346000000000                               |
|                      var  = 493.653591182365                              |
|                      std  = 22.218316569497                               |
+---------------------------------------------------------------------------+
infeasible rate=0
