
=====
(2, 10)-EA
=====
population size=10
max generations=1.8
max fitness=128
number of games=16.0
hero class=HUNTER

opponents=[Aggro Paladin Meta Snapshot #17, Toefoo Rank 1 Cwarrior, Neviilz MalyGod Meta Snapshot #18, Phonetap's Mech Shaman, Mid-Range Druid Meta Snapshot #16, Purple Rank #1 Legend Midrange Hunter, Toefoo Rank 1 Oil Rogue, MatGagne Shadow Madness Priest, Hyunher Tempo Mage]
=====
Initial Deck
=====
[name=Savannah Highmane, class=HUNTER, rarity=RARE, mana=6]
[name=Eaglehorn Bow, class=HUNTER, rarity=RARE, mana=3]
[name=Savannah Highmane, class=HUNTER, rarity=RARE, mana=6]
[name=Haunted Creeper, class=ANY, rarity=COMMON, mana=2]
[name=Houndmaster, class=HUNTER, rarity=FREE, mana=4]
[name=Freezing Trap, class=HUNTER, rarity=COMMON, mana=2]
[name=Animal Companion, class=HUNTER, rarity=FREE, mana=3]
[name=Hunter's Mark, class=HUNTER, rarity=FREE, mana=1]
[name=Kill Command, class=HUNTER, rarity=FREE, mana=3]
[name=Sludge Belcher, class=ANY, rarity=RARE, mana=5]
[name=Mad Scientist, class=ANY, rarity=COMMON, mana=2]
[name=Piloted Shredder, class=ANY, rarity=COMMON, mana=4]
[name=Freezing Trap, class=HUNTER, rarity=COMMON, mana=2]
[name=Houndmaster, class=HUNTER, rarity=FREE, mana=4]
[name=Leper Gnome, class=ANY, rarity=COMMON, mana=1]
[name=Animal Companion, class=HUNTER, rarity=FREE, mana=3]
[name=Abusive Sergeant, class=ANY, rarity=COMMON, mana=1]
[name=Freezing Trap, class=HUNTER, rarity=COMMON, mana=2]
[name=Haunted Creeper, class=ANY, rarity=COMMON, mana=2]
[name=Savannah Highmane, class=HUNTER, rarity=RARE, mana=6]
[name=Knife Juggler, class=ANY, rarity=RARE, mana=2]
[name=Unleash the Hounds, class=HUNTER, rarity=COMMON, mana=3]
[name=Animal Companion, class=HUNTER, rarity=FREE, mana=3]
[name=Kill Command, class=HUNTER, rarity=FREE, mana=3]
[name=Leper Gnome, class=ANY, rarity=COMMON, mana=1]
[name=Mad Scientist, class=ANY, rarity=COMMON, mana=2]
[name=Sludge Belcher, class=ANY, rarity=RARE, mana=5]
[name=Explosive Trap, class=HUNTER, rarity=COMMON, mana=2]
[name=Kill Command, class=HUNTER, rarity=FREE, mana=3]
[name=Animal Companion, class=HUNTER, rarity=FREE, mana=3]


=====
GENERATION 0
=====
best=104
avg=83.8
worst=39.0
infeasible rate=0.0
mutation rate=0.9
=====

=====
GENERATION 5
=====
best=104
avg=79.5
worst=24.0
infeasible rate=0.0
mutation rate=0.45
=====

=====
GENERATION 10
=====
best=104
avg=85.4
worst=23.0
infeasible rate=0.0
mutation rate=0.45
=====

=====
GENERATION 15
=====
best=104
avg=84.4
worst=28.0
infeasible rate=0.0
mutation rate=0.225
=====

=====
GENERATION 20
=====
best=104
avg=90.6
worst=30.0
infeasible rate=0.0
mutation rate=0.45
=====

=====
GENERATION 25
=====
best=104
avg=89.2
worst=22.0
infeasible rate=0.0
mutation rate=0.225
=====

=====
GENERATION 30
=====
best=109
avg=87.2
worst=36.0
infeasible rate=0.0
mutation rate=0.45
=====

=====
GENERATION 35
=====
best=109
avg=79.1
worst=24.0
infeasible rate=0.0
mutation rate=0.9
=====

=====
GENERATION 40
=====
best=109
avg=86.6
worst=42.0
infeasible rate=0.0
mutation rate=1.8
=====

=====
GENERATION 45
=====
best=109
avg=79.7
worst=34.0
infeasible rate=0.0
mutation rate=0.9
=====

=====
BEST
=====
[name=Pantry Spider, class=ANY, rarity=COMMON, mana=3]
[name=Knuckles, class=HUNTER, rarity=LEGENDARY, mana=5]
[name=Abusive Sergeant, class=ANY, rarity=COMMON, mana=1]
[name=Priestess of Elune, class=ANY, rarity=COMMON, mana=6]
[name=Twilight Geomancer, class=ANY, rarity=COMMON, mana=2]
[name=Multi-Shot, class=HUNTER, rarity=FREE, mana=4]
[name=Timber Wolf, class=HUNTER, rarity=FREE, mana=1]
[name=Silithid Swarmer, class=ANY, rarity=RARE, mana=3]
[name=Southsea Deckhand, class=ANY, rarity=COMMON, mana=1]
[name=Mind Control Tech, class=ANY, rarity=RARE, mana=3]
[name=Booty Bay Bodyguard, class=ANY, rarity=FREE, mana=5]
[name=Snipe, class=HUNTER, rarity=COMMON, mana=2]
[name=Doomcaller, class=ANY, rarity=RARE, mana=8]
[name=Twilight Drake, class=ANY, rarity=RARE, mana=4]
[name=Second-Rate Bruiser, class=ANY, rarity=RARE, mana=5]
[name=Mana Addict, class=ANY, rarity=RARE, mana=2]
[name=Shaky Zipgunner, class=HUNTER, rarity=COMMON, mana=3]
[name=Aya Blackpaw, class=ANY, rarity=LEGENDARY, mana=6]
[name=Book Wyrm, class=ANY, rarity=RARE, mana=6]
[name=Forlorn Stalker, class=HUNTER, rarity=RARE, mana=3]
[name=Yogg-Saron, Hope's End, class=ANY, rarity=LEGENDARY, mana=10]
[name=Savannah Highmane, class=HUNTER, rarity=RARE, mana=6]
[name=Alleycat, class=HUNTER, rarity=COMMON, mana=1]
[name=Zoobot, class=ANY, rarity=COMMON, mana=3]
[name=Crazed Alchemist, class=ANY, rarity=RARE, mana=2]
[name=Skeram Cultist, class=ANY, rarity=RARE, mana=6]
[name=Blood Knight, class=ANY, rarity=EPIC, mana=3]
[name=The Boogeymonster, class=ANY, rarity=LEGENDARY, mana=8]
[name=Pint-Sized Summoner, class=ANY, rarity=RARE, mana=2]
[name=Patches the Pirate, class=ANY, rarity=LEGENDARY, mana=1]


=====
MANA CURVE
=====
1=5
2=5
3=7
4=2
5=3
6=5
7=0
7 or more=3

=====
FITNESS=109
=====

=====
GAME STATISTICS
=====

opponent=Purple Rank #1 Legend Midrange Hunter
actually played games=16WIN_RATE=87.50%DAMAGE_DEALT=25MANA_SPENT=14CARDS_PLAYED=7TURNS_TAKEN=6MINIONS_PLAYED=15SPELLS_CAST=0HERO_POWER_USED=1

opponent=MatGagne Shadow Madness Priest
actually played games=16WIN_RATE=100.00%DAMAGE_DEALT=19MANA_SPENT=12CARDS_PLAYED=7TURNS_TAKEN=5MINIONS_PLAYED=15SPELLS_CAST=0HERO_POWER_USED=1

opponent=Toefoo Rank 1 Cwarrior
actually played games=16WIN_RATE=81.25%DAMAGE_DEALT=26MANA_SPENT=13CARDS_PLAYED=6TURNS_TAKEN=5MINIONS_PLAYED=13SPELLS_CAST=0HERO_POWER_USED=1

opponent=Phonetap's Mech Shaman
actually played games=16WIN_RATE=75.00%DAMAGE_DEALT=23MANA_SPENT=12CARDS_PLAYED=6TURNS_TAKEN=5MINIONS_PLAYED=14SPELLS_CAST=0HERO_POWER_USED=1

opponent=Aggro Paladin Meta Snapshot #17
actually played games=16WIN_RATE=87.50%DAMAGE_DEALT=22MANA_SPENT=16CARDS_PLAYED=7TURNS_TAKEN=6MINIONS_PLAYED=15SPELLS_CAST=0HERO_POWER_USED=1

opponent=Hyunher Tempo Mage
actually played games=16WIN_RATE=100.00%DAMAGE_DEALT=23MANA_SPENT=14CARDS_PLAYED=7TURNS_TAKEN=6MINIONS_PLAYED=15SPELLS_CAST=0HERO_POWER_USED=1

opponent=Mid-Range Druid Meta Snapshot #16
actually played games=16WIN_RATE=81.25%DAMAGE_DEALT=28MANA_SPENT=14CARDS_PLAYED=6TURNS_TAKEN=6MINIONS_PLAYED=14SPELLS_CAST=0HERO_POWER_USED=1

opponent=Toefoo Rank 1 Oil Rogue
actually played games=16WIN_RATE=68.75%DAMAGE_DEALT=29MANA_SPENT=15CARDS_PLAYED=7TURNS_TAKEN=6MINIONS_PLAYED=15SPELLS_CAST=0HERO_POWER_USED=1

opponent=Neviilz MalyGod Meta Snapshot #18
actually played games=16WIN_RATE=81.25%DAMAGE_DEALT=25MANA_SPENT=13CARDS_PLAYED=6TURNS_TAKEN=5MINIONS_PLAYED=14SPELLS_CAST=0HERO_POWER_USED=1

=====
JENETICS STATISTICS
=====
+---------------------------------------------------------------------------+
|  Time statistics                                                          |
+---------------------------------------------------------------------------+
|             Selection: sum=0.009270196000 s; mean=0.000185403920 s        |
|              Altering: sum=0.028978678000 s; mean=0.000579573560 s        |
|   Fitness calculation: sum=284.002048395000 s; mean=5.680040967900 s      |
|     Overall execution: sum=284.043650121000 s; mean=5.680873002420 s      |
+---------------------------------------------------------------------------+
|  Evolution statistics                                                     |
+---------------------------------------------------------------------------+
|           Generations: 50                                                 |
|               Altered: sum=204; mean=4.080000000                          |
|                Killed: sum=0; mean=0.000000000                            |
|              Invalids: sum=16; mean=0.320000000                           |
+---------------------------------------------------------------------------+
|  Population statistics                                                    |
+---------------------------------------------------------------------------+
|                   Age: max=32; mean=9.868000; var=78.603784               |
|               Fitness:                                                    |
|                      min  = 7.000000000000                                |
|                      max  = 109.000000000000                              |
|                      mean = 89.912000000000                               |
|                      var  = 775.266789579158                              |
|                      std  = 27.843613084138                               |
+---------------------------------------------------------------------------+
infeasible rate=0
