
=====
(2, 10)-EA
=====
population size=10
max generations=1.8
max fitness=128
number of games=16.0
hero class=HUNTER

opponents=[Aggro Paladin Meta Snapshot #17, Toefoo Rank 1 Cwarrior, Neviilz MalyGod Meta Snapshot #18, Phonetap's Mech Shaman, Mid-Range Druid Meta Snapshot #16, Purple Rank #1 Legend Midrange Hunter, Toefoo Rank 1 Oil Rogue, MatGagne Shadow Madness Priest, Hyunher Tempo Mage]
=====
Initial Deck
=====
[name=Eaglehorn Bow, class=HUNTER, rarity=RARE, mana=3]
[name=Glaivezooka, class=HUNTER, rarity=COMMON, mana=2]
[name=Animal Companion, class=HUNTER, rarity=FREE, mana=3]
[name=Kill Command, class=HUNTER, rarity=FREE, mana=3]
[name=Leper Gnome, class=ANY, rarity=COMMON, mana=1]
[name=Piloted Shredder, class=ANY, rarity=COMMON, mana=4]
[name=Leper Gnome, class=ANY, rarity=COMMON, mana=1]
[name=Eaglehorn Bow, class=HUNTER, rarity=RARE, mana=3]
[name=Loatheb, class=ANY, rarity=LEGENDARY, mana=5]
[name=Abusive Sergeant, class=ANY, rarity=COMMON, mana=1]
[name=Mad Scientist, class=ANY, rarity=COMMON, mana=2]
[name=Hunter's Mark, class=HUNTER, rarity=FREE, mana=1]
[name=Piloted Shredder, class=ANY, rarity=COMMON, mana=4]
[name=Unleash the Hounds, class=HUNTER, rarity=COMMON, mana=3]
[name=Kill Command, class=HUNTER, rarity=FREE, mana=3]
[name=Freezing Trap, class=HUNTER, rarity=COMMON, mana=2]
[name=Eaglehorn Bow, class=HUNTER, rarity=RARE, mana=3]
[name=Mad Scientist, class=ANY, rarity=COMMON, mana=2]
[name=Eaglehorn Bow, class=HUNTER, rarity=RARE, mana=3]
[name=Eaglehorn Bow, class=HUNTER, rarity=RARE, mana=3]
[name=Sludge Belcher, class=ANY, rarity=RARE, mana=5]
[name=Freezing Trap, class=HUNTER, rarity=COMMON, mana=2]
[name=Loatheb, class=ANY, rarity=LEGENDARY, mana=5]
[name=Abusive Sergeant, class=ANY, rarity=COMMON, mana=1]
[name=Knife Juggler, class=ANY, rarity=RARE, mana=2]
[name=Animal Companion, class=HUNTER, rarity=FREE, mana=3]
[name=Haunted Creeper, class=ANY, rarity=COMMON, mana=2]
[name=Savannah Highmane, class=HUNTER, rarity=RARE, mana=6]
[name=Savannah Highmane, class=HUNTER, rarity=RARE, mana=6]
[name=Abusive Sergeant, class=ANY, rarity=COMMON, mana=1]


=====
GENERATION 0
=====
best=115
avg=76.0
worst=24.0
infeasible rate=0.0
mutation rate=0.9
=====

=====
GENERATION 5
=====
best=115
avg=88.2
worst=20.0
infeasible rate=0.0
mutation rate=1.8
=====

=====
GENERATION 10
=====
best=115
avg=98.2
worst=30.0
infeasible rate=0.0
mutation rate=3.6
=====

=====
GENERATION 15
=====
best=115
avg=82.1
worst=21.0
infeasible rate=0.0
mutation rate=1.8
=====

=====
GENERATION 20
=====
best=115
avg=87.2
worst=9.0
infeasible rate=0.0
mutation rate=1.8
=====

=====
GENERATION 25
=====
best=115
avg=101.8
worst=45.0
infeasible rate=0.0
mutation rate=3.6
=====

=====
GENERATION 30
=====
best=115
avg=101.1
worst=29.0
infeasible rate=0.0
mutation rate=1.8
=====

=====
GENERATION 35
=====
best=115
avg=104.8
worst=13.0
infeasible rate=0.0
mutation rate=0.9
=====

=====
GENERATION 40
=====
best=122
avg=88.7
worst=10.0
infeasible rate=0.0
mutation rate=0.45
=====

=====
GENERATION 45
=====
best=122
avg=69.0
worst=22.0
infeasible rate=0.0
mutation rate=0.9
=====

=====
BEST
=====
[name=Deadly Shot, class=HUNTER, rarity=COMMON, mana=3]
[name=Avian Watcher, class=ANY, rarity=COMMON, mana=5]
[name=Snake Trap, class=HUNTER, rarity=EPIC, mana=2]
[name=Darkscale Healer, class=ANY, rarity=FREE, mana=5]
[name=Snipe, class=HUNTER, rarity=COMMON, mana=2]
[name=Ancient Harbinger, class=ANY, rarity=EPIC, mana=6]
[name=Cult Apothecary, class=ANY, rarity=COMMON, mana=5]
[name=Twin Emperor Vek'lor, class=ANY, rarity=LEGENDARY, mana=7]
[name=Tauren Warrior, class=ANY, rarity=COMMON, mana=3]
[name=Mana Addict, class=ANY, rarity=RARE, mana=2]
[name=Grimscale Oracle, class=ANY, rarity=FREE, mana=1]
[name=C'Thun, class=ANY, rarity=LEGENDARY, mana=10]
[name=Infested Wolf, class=HUNTER, rarity=RARE, mana=4]
[name=Deathwing, Dragonlord, class=ANY, rarity=LEGENDARY, mana=10]
[name=Tinkmaster Overspark, class=ANY, rarity=LEGENDARY, mana=3]
[name=Angry Chicken, class=ANY, rarity=RARE, mana=1]
[name=Psych-o-Tron, class=ANY, rarity=COMMON, mana=5]
[name=Lightwarden, class=ANY, rarity=RARE, mana=1]
[name=Alarm-o-Bot, class=ANY, rarity=RARE, mana=3]
[name=Skeram Cultist, class=ANY, rarity=RARE, mana=6]
[name=Worgen Greaser, class=ANY, rarity=COMMON, mana=4]
[name=Animal Companion, class=HUNTER, rarity=FREE, mana=3]
[name=The Black Knight, class=ANY, rarity=LEGENDARY, mana=6]
[name=Cairne Bloodhoof, class=ANY, rarity=LEGENDARY, mana=6]
[name=Gurubashi Berserker, class=ANY, rarity=FREE, mana=5]
[name=Tentacle of N'Zoth, class=ANY, rarity=COMMON, mana=1]
[name=Duskboar, class=ANY, rarity=COMMON, mana=2]
[name=Evolved Kobold, class=ANY, rarity=COMMON, mana=4]
[name=Trogg Beastrager, class=HUNTER, rarity=RARE, mana=2]
[name=Core Hound, class=ANY, rarity=FREE, mana=7]


=====
MANA CURVE
=====
1=4
2=5
3=5
4=3
5=5
6=4
7=2
7 or more=2

=====
FITNESS=122
=====

=====
GAME STATISTICS
=====

opponent=Purple Rank #1 Legend Midrange Hunter
actually played games=16WIN_RATE=87.50%DAMAGE_DEALT=27HEALING_DONE=2MANA_SPENT=32CARDS_PLAYED=11TURNS_TAKEN=9MINIONS_PLAYED=18SPELLS_CAST=0HERO_POWER_USED=1

opponent=MatGagne Shadow Madness Priest
actually played games=16WIN_RATE=100.00%DAMAGE_DEALT=20HEALING_DONE=2MANA_SPENT=33CARDS_PLAYED=11TURNS_TAKEN=9MINIONS_PLAYED=18SPELLS_CAST=0HERO_POWER_USED=1

opponent=Toefoo Rank 1 Cwarrior
actually played games=16WIN_RATE=93.75%DAMAGE_DEALT=22HEALING_DONE=2MANA_SPENT=29CARDS_PLAYED=9TURNS_TAKEN=8MINIONS_PLAYED=16SPELLS_CAST=0HERO_POWER_USED=1

opponent=Phonetap's Mech Shaman
actually played games=16WIN_RATE=100.00%DAMAGE_DEALT=26HEALING_DONE=3MANA_SPENT=31CARDS_PLAYED=10TURNS_TAKEN=8MINIONS_PLAYED=17SPELLS_CAST=0HERO_POWER_USED=1

opponent=Aggro Paladin Meta Snapshot #17
actually played games=16WIN_RATE=93.75%DAMAGE_DEALT=29HEALING_DONE=1MANA_SPENT=34CARDS_PLAYED=10TURNS_TAKEN=9MINIONS_PLAYED=18SPELLS_CAST=0HERO_POWER_USED=1

opponent=Hyunher Tempo Mage
actually played games=16WIN_RATE=100.00%DAMAGE_DEALT=22HEALING_DONE=1MANA_SPENT=29CARDS_PLAYED=10TURNS_TAKEN=8MINIONS_PLAYED=16SPELLS_CAST=0HERO_POWER_USED=1

opponent=Mid-Range Druid Meta Snapshot #16
actually played games=16WIN_RATE=93.75%DAMAGE_DEALT=37HEALING_DONE=3MANA_SPENT=39CARDS_PLAYED=13TURNS_TAKEN=10MINIONS_PLAYED=21SPELLS_CAST=1HERO_POWER_USED=1

opponent=Toefoo Rank 1 Oil Rogue
actually played games=16WIN_RATE=93.75%DAMAGE_DEALT=23HEALING_DONE=2MANA_SPENT=32CARDS_PLAYED=10TURNS_TAKEN=8MINIONS_PLAYED=18SPELLS_CAST=0HERO_POWER_USED=1

opponent=Neviilz MalyGod Meta Snapshot #18
actually played games=16WIN_RATE=93.75%DAMAGE_DEALT=21HEALING_DONE=1MANA_SPENT=27CARDS_PLAYED=8TURNS_TAKEN=8MINIONS_PLAYED=15SPELLS_CAST=0HERO_POWER_USED=0

=====
JENETICS STATISTICS
=====
+---------------------------------------------------------------------------+
|  Time statistics                                                          |
+---------------------------------------------------------------------------+
|             Selection: sum=0.006475086000 s; mean=0.000129501720 s        |
|              Altering: sum=0.028136614000 s; mean=0.000562732280 s        |
|   Fitness calculation: sum=255.831162853000 s; mean=5.116623257060 s      |
|     Overall execution: sum=255.870206430000 s; mean=5.117404128600 s      |
+---------------------------------------------------------------------------+
|  Evolution statistics                                                     |
+---------------------------------------------------------------------------+
|           Generations: 50                                                 |
|               Altered: sum=208; mean=4.160000000                          |
|                Killed: sum=0; mean=0.000000000                            |
|              Invalids: sum=25; mean=0.500000000                           |
+---------------------------------------------------------------------------+
|  Population statistics                                                    |
+---------------------------------------------------------------------------+
|                   Age: max=43; mean=14.132000; var=185.461499             |
|               Fitness:                                                    |
|                      min  = 7.000000000000                                |
|                      max  = 122.000000000000                              |
|                      mean = 97.568000000000                               |
|                      var  = 1191.035446893788                             |
|                      std  = 34.511381410975                               |
+---------------------------------------------------------------------------+
infeasible rate=0
