
=====
(2, 10)-EA
=====
population size=10
max generations=1.8
max fitness=128
number of games=16.0
hero class=HUNTER

opponents=[Aggro Paladin Meta Snapshot #17, Toefoo Rank 1 Cwarrior, Neviilz MalyGod Meta Snapshot #18, Phonetap's Mech Shaman, Mid-Range Druid Meta Snapshot #16, Purple Rank #1 Legend Midrange Hunter, Toefoo Rank 1 Oil Rogue, MatGagne Shadow Madness Priest, Hyunher Tempo Mage]
=====
Initial Deck
=====
[name=Eaglehorn Bow, class=HUNTER, rarity=RARE, mana=3]
[name=Piloted Shredder, class=ANY, rarity=COMMON, mana=4]
[name=Piloted Shredder, class=ANY, rarity=COMMON, mana=4]
[name=Knife Juggler, class=ANY, rarity=RARE, mana=2]
[name=Knife Juggler, class=ANY, rarity=RARE, mana=2]
[name=Piloted Shredder, class=ANY, rarity=COMMON, mana=4]
[name=Abusive Sergeant, class=ANY, rarity=COMMON, mana=1]
[name=Kill Command, class=HUNTER, rarity=FREE, mana=3]
[name=Loatheb, class=ANY, rarity=LEGENDARY, mana=5]
[name=Haunted Creeper, class=ANY, rarity=COMMON, mana=2]
[name=Houndmaster, class=HUNTER, rarity=FREE, mana=4]
[name=Savannah Highmane, class=HUNTER, rarity=RARE, mana=6]
[name=Freezing Trap, class=HUNTER, rarity=COMMON, mana=2]
[name=Eaglehorn Bow, class=HUNTER, rarity=RARE, mana=3]
[name=Haunted Creeper, class=ANY, rarity=COMMON, mana=2]
[name=Explosive Trap, class=HUNTER, rarity=COMMON, mana=2]
[name=Sludge Belcher, class=ANY, rarity=RARE, mana=5]
[name=Loatheb, class=ANY, rarity=LEGENDARY, mana=5]
[name=Unleash the Hounds, class=HUNTER, rarity=COMMON, mana=3]
[name=Loatheb, class=ANY, rarity=LEGENDARY, mana=5]
[name=Piloted Shredder, class=ANY, rarity=COMMON, mana=4]
[name=Kill Command, class=HUNTER, rarity=FREE, mana=3]
[name=Eaglehorn Bow, class=HUNTER, rarity=RARE, mana=3]
[name=Animal Companion, class=HUNTER, rarity=FREE, mana=3]
[name=Mad Scientist, class=ANY, rarity=COMMON, mana=2]
[name=Haunted Creeper, class=ANY, rarity=COMMON, mana=2]
[name=Explosive Trap, class=HUNTER, rarity=COMMON, mana=2]
[name=Piloted Shredder, class=ANY, rarity=COMMON, mana=4]
[name=Houndmaster, class=HUNTER, rarity=FREE, mana=4]
[name=Freezing Trap, class=HUNTER, rarity=COMMON, mana=2]


=====
GENERATION 0
=====
best=83
avg=69.8
worst=53.0
infeasible rate=0.0
mutation rate=0.9
=====

=====
GENERATION 5
=====
best=90
avg=82.5
worst=58.0
infeasible rate=0.0
mutation rate=1.8
=====

=====
GENERATION 10
=====
best=116
avg=76.0
worst=18.0
infeasible rate=0.0
mutation rate=0.9
=====

=====
GENERATION 15
=====
best=116
avg=98.2
worst=63.0
infeasible rate=0.0
mutation rate=1.8
=====

=====
GENERATION 20
=====
best=116
avg=116.0
worst=116.0
infeasible rate=0.0
mutation rate=3.6
=====

=====
GENERATION 25
=====
best=116
avg=91.3
worst=20.0
infeasible rate=0.0
mutation rate=1.8
=====

=====
GENERATION 30
=====
best=116
avg=93.3
worst=48.0
infeasible rate=0.0
mutation rate=1.8
=====

=====
GENERATION 35
=====
best=116
avg=102.9
worst=50.0
infeasible rate=0.0
mutation rate=3.6
=====

=====
GENERATION 40
=====
best=116
avg=88.0
worst=38.0
infeasible rate=0.0
mutation rate=1.8
=====

=====
GENERATION 45
=====
best=116
avg=111.9
worst=75.0
infeasible rate=0.0
mutation rate=3.6
=====

=====
BEST
=====
[name=Burgly Bully, class=ANY, rarity=EPIC, mana=5]
[name=Bestial Wrath, class=HUNTER, rarity=EPIC, mana=1]
[name=Boulderfist Ogre, class=ANY, rarity=FREE, mana=6]
[name=Validated Doomsayer, class=ANY, rarity=EPIC, mana=5]
[name=Mountain Giant, class=ANY, rarity=EPIC, mana=12]
[name=Wild Pyromancer, class=ANY, rarity=RARE, mana=2]
[name=Ogre Magi, class=ANY, rarity=FREE, mana=4]
[name=Bog Creeper, class=ANY, rarity=COMMON, mana=7]
[name=Bomb Squad, class=ANY, rarity=RARE, mana=5]
[name=Doomsayer, class=ANY, rarity=EPIC, mana=2]
[name=Blackwater Pirate, class=ANY, rarity=RARE, mana=4]
[name=Novice Engineer, class=ANY, rarity=FREE, mana=2]
[name=Dragonling Mechanic, class=ANY, rarity=FREE, mana=4]
[name=Explosive Trap, class=HUNTER, rarity=COMMON, mana=2]
[name=Infested Wolf, class=HUNTER, rarity=RARE, mana=4]
[name=Forlorn Stalker, class=HUNTER, rarity=RARE, mana=3]
[name=Soggoth the Slitherer, class=ANY, rarity=LEGENDARY, mana=9]
[name=Madam Goya, class=ANY, rarity=LEGENDARY, mana=6]
[name=Houndmaster, class=HUNTER, rarity=FREE, mana=4]
[name=Fiery Bat, class=HUNTER, rarity=COMMON, mana=1]
[name=Fiery Bat, class=HUNTER, rarity=COMMON, mana=1]
[name=C'Thun's Chosen, class=ANY, rarity=COMMON, mana=4]
[name=Kindly Grandmother, class=HUNTER, rarity=COMMON, mana=2]
[name=Corrupted Healbot, class=ANY, rarity=RARE, mana=5]
[name=Big Game Hunter, class=ANY, rarity=EPIC, mana=5]
[name=Crazed Worshipper, class=ANY, rarity=EPIC, mana=5]
[name=Animal Companion, class=HUNTER, rarity=FREE, mana=3]
[name=Polluted Hoarder, class=ANY, rarity=COMMON, mana=4]
[name=Don Han'Cho, class=ANY, rarity=LEGENDARY, mana=7]
[name=Wrathion, class=ANY, rarity=LEGENDARY, mana=6]


=====
MANA CURVE
=====
1=3
2=5
3=2
4=7
5=6
6=3
7=2
7 or more=2

=====
FITNESS=116
=====

=====
GAME STATISTICS
=====

opponent=Purple Rank #1 Legend Midrange Hunter
actually played games=16WIN_RATE=93.75%DAMAGE_DEALT=39HEALING_DONE=2MANA_SPENT=46CARDS_PLAYED=11TURNS_TAKEN=10MINIONS_PLAYED=21SPELLS_CAST=0HERO_POWER_USED=0

opponent=MatGagne Shadow Madness Priest
actually played games=16WIN_RATE=81.25%DAMAGE_DEALT=37HEALING_DONE=0MANA_SPENT=37CARDS_PLAYED=10TURNS_TAKEN=9MINIONS_PLAYED=18SPELLS_CAST=0HERO_POWER_USED=0

opponent=Toefoo Rank 1 Cwarrior
actually played games=16WIN_RATE=87.50%DAMAGE_DEALT=38HEALING_DONE=0MANA_SPENT=40CARDS_PLAYED=10TURNS_TAKEN=9MINIONS_PLAYED=19SPELLS_CAST=0HERO_POWER_USED=0

opponent=Phonetap's Mech Shaman
actually played games=16WIN_RATE=81.25%DAMAGE_DEALT=37HEALING_DONE=1MANA_SPENT=41CARDS_PLAYED=10TURNS_TAKEN=9MINIONS_PLAYED=20SPELLS_CAST=0HERO_POWER_USED=0

opponent=Aggro Paladin Meta Snapshot #17
actually played games=16WIN_RATE=93.75%DAMAGE_DEALT=32HEALING_DONE=1MANA_SPENT=34CARDS_PLAYED=9TURNS_TAKEN=8MINIONS_PLAYED=17SPELLS_CAST=0HERO_POWER_USED=0

opponent=Hyunher Tempo Mage
actually played games=16WIN_RATE=93.75%DAMAGE_DEALT=39HEALING_DONE=0MANA_SPENT=46CARDS_PLAYED=11TURNS_TAKEN=10MINIONS_PLAYED=22SPELLS_CAST=0HERO_POWER_USED=0

opponent=Mid-Range Druid Meta Snapshot #16
actually played games=16WIN_RATE=100.00%DAMAGE_DEALT=48HEALING_DONE=2MANA_SPENT=51CARDS_PLAYED=12TURNS_TAKEN=10MINIONS_PLAYED=24SPELLS_CAST=0HERO_POWER_USED=0

opponent=Toefoo Rank 1 Oil Rogue
actually played games=16WIN_RATE=93.75%DAMAGE_DEALT=38HEALING_DONE=0MANA_SPENT=36CARDS_PLAYED=10TURNS_TAKEN=9MINIONS_PLAYED=19SPELLS_CAST=0HERO_POWER_USED=0

opponent=Neviilz MalyGod Meta Snapshot #18
actually played games=16WIN_RATE=87.50%DAMAGE_DEALT=38HEALING_DONE=0MANA_SPENT=39CARDS_PLAYED=10TURNS_TAKEN=9MINIONS_PLAYED=19SPELLS_CAST=0HERO_POWER_USED=0

=====
JENETICS STATISTICS
=====
+---------------------------------------------------------------------------+
|  Time statistics                                                          |
+---------------------------------------------------------------------------+
|             Selection: sum=0.006319433000 s; mean=0.000126388660 s        |
|              Altering: sum=0.022168046000 s; mean=0.000443360920 s        |
|   Fitness calculation: sum=255.223091571000 s; mean=5.104461831420 s      |
|     Overall execution: sum=255.255993984000 s; mean=5.105119879680 s      |
+---------------------------------------------------------------------------+
|  Evolution statistics                                                     |
+---------------------------------------------------------------------------+
|           Generations: 50                                                 |
|               Altered: sum=168; mean=3.360000000                          |
|                Killed: sum=0; mean=0.000000000                            |
|              Invalids: sum=15; mean=0.300000000                           |
+---------------------------------------------------------------------------+
|  Population statistics                                                    |
+---------------------------------------------------------------------------+
|                   Age: max=39; mean=11.688000; var=151.629916             |
|               Fitness:                                                    |
|                      min  = 12.000000000000                               |
|                      max  = 116.000000000000                              |
|                      mean = 95.598000000000                               |
|                      var  = 663.651699398798                              |
|                      std  = 25.761438224579                               |
+---------------------------------------------------------------------------+
infeasible rate=0
