
=====
(2, 10)-EA
=====
population size=10
max generations=1.8
max fitness=128
number of games=16.0
hero class=HUNTER

opponents=[Aggro Paladin Meta Snapshot #17, Toefoo Rank 1 Cwarrior, Neviilz MalyGod Meta Snapshot #18, Phonetap's Mech Shaman, Mid-Range Druid Meta Snapshot #16, Purple Rank #1 Legend Midrange Hunter, Toefoo Rank 1 Oil Rogue, MatGagne Shadow Madness Priest, Hyunher Tempo Mage]
=====
Initial Deck
=====
[name=Knife Juggler, class=ANY, rarity=RARE, mana=2]
[name=Mad Scientist, class=ANY, rarity=COMMON, mana=2]
[name=Kill Command, class=HUNTER, rarity=FREE, mana=3]
[name=Sludge Belcher, class=ANY, rarity=RARE, mana=5]
[name=Sludge Belcher, class=ANY, rarity=RARE, mana=5]
[name=Explosive Trap, class=HUNTER, rarity=COMMON, mana=2]
[name=Knife Juggler, class=ANY, rarity=RARE, mana=2]
[name=Hunter's Mark, class=HUNTER, rarity=FREE, mana=1]
[name=Glaivezooka, class=HUNTER, rarity=COMMON, mana=2]
[name=Eaglehorn Bow, class=HUNTER, rarity=RARE, mana=3]
[name=Abusive Sergeant, class=ANY, rarity=COMMON, mana=1]
[name=Sludge Belcher, class=ANY, rarity=RARE, mana=5]
[name=Kill Command, class=HUNTER, rarity=FREE, mana=3]
[name=Houndmaster, class=HUNTER, rarity=FREE, mana=4]
[name=Knife Juggler, class=ANY, rarity=RARE, mana=2]
[name=Animal Companion, class=HUNTER, rarity=FREE, mana=3]
[name=Piloted Shredder, class=ANY, rarity=COMMON, mana=4]
[name=Abusive Sergeant, class=ANY, rarity=COMMON, mana=1]
[name=Eaglehorn Bow, class=HUNTER, rarity=RARE, mana=3]
[name=Mad Scientist, class=ANY, rarity=COMMON, mana=2]
[name=Houndmaster, class=HUNTER, rarity=FREE, mana=4]
[name=Mad Scientist, class=ANY, rarity=COMMON, mana=2]
[name=Savannah Highmane, class=HUNTER, rarity=RARE, mana=6]
[name=Savannah Highmane, class=HUNTER, rarity=RARE, mana=6]
[name=Leper Gnome, class=ANY, rarity=COMMON, mana=1]
[name=Piloted Shredder, class=ANY, rarity=COMMON, mana=4]
[name=Freezing Trap, class=HUNTER, rarity=COMMON, mana=2]
[name=Houndmaster, class=HUNTER, rarity=FREE, mana=4]
[name=Animal Companion, class=HUNTER, rarity=FREE, mana=3]
[name=Kill Command, class=HUNTER, rarity=FREE, mana=3]


=====
GENERATION 0
=====
best=108
avg=69.6
worst=32.0
infeasible rate=0.0
mutation rate=0.9
=====

=====
GENERATION 5
=====
best=108
avg=96.4
worst=22.0
infeasible rate=0.0
mutation rate=1.8
=====

=====
GENERATION 10
=====
best=108
avg=88.8
worst=22.0
infeasible rate=0.0
mutation rate=0.9
=====

=====
GENERATION 15
=====
best=108
avg=100.9
worst=61.0
infeasible rate=0.0
mutation rate=1.8
=====

=====
GENERATION 20
=====
best=108
avg=85.4
worst=37.0
infeasible rate=0.0
mutation rate=0.9
=====

=====
GENERATION 25
=====
best=108
avg=99.0
worst=18.0
infeasible rate=0.0
mutation rate=1.8
=====

=====
GENERATION 30
=====
best=108
avg=108.0
worst=108.0
infeasible rate=0.0
mutation rate=0.9
=====

=====
GENERATION 35
=====
best=108
avg=84.1
worst=17.0
infeasible rate=0.0
mutation rate=0.45
=====

=====
GENERATION 40
=====
best=108
avg=82.6
worst=26.0
infeasible rate=0.0
mutation rate=0.45
=====

=====
GENERATION 45
=====
best=108
avg=78.0
worst=17.0
infeasible rate=0.0
mutation rate=0.225
=====

=====
BEST
=====
[name=Burgly Bully, class=ANY, rarity=EPIC, mana=5]
[name=Nat, the Darkfisher, class=ANY, rarity=LEGENDARY, mana=2]
[name=Archmage, class=ANY, rarity=FREE, mana=6]
[name=Priestess of Elune, class=ANY, rarity=COMMON, mana=6]
[name=Millhouse Manastorm, class=ANY, rarity=LEGENDARY, mana=2]
[name=Hogger, class=ANY, rarity=LEGENDARY, mana=6]
[name=Doppelgangster, class=ANY, rarity=RARE, mana=5]
[name=Midnight Drake, class=ANY, rarity=RARE, mana=4]
[name=Malygos, class=ANY, rarity=LEGENDARY, mana=9]
[name=Fen Creeper, class=ANY, rarity=COMMON, mana=5]
[name=Spellbreaker, class=ANY, rarity=COMMON, mana=4]
[name=Streetwise Investigator, class=ANY, rarity=COMMON, mana=5]
[name=Spawn of N'Zoth, class=ANY, rarity=COMMON, mana=3]
[name=Stranglethorn Tiger, class=ANY, rarity=COMMON, mana=5]
[name=Blowgill Sniper, class=ANY, rarity=COMMON, mana=2]
[name=Shaky Zipgunner, class=HUNTER, rarity=COMMON, mana=3]
[name=Hungry Crab, class=ANY, rarity=EPIC, mana=1]
[name=Tundra Rhino, class=HUNTER, rarity=FREE, mana=5]
[name=Tanaris Hogchopper, class=ANY, rarity=COMMON, mana=4]
[name=Silverback Patriarch, class=ANY, rarity=FREE, mana=3]
[name=Kooky Chemist, class=ANY, rarity=COMMON, mana=4]
[name=Alleycat, class=HUNTER, rarity=COMMON, mana=1]
[name=Alarm-o-Bot, class=ANY, rarity=RARE, mana=3]
[name=King Krush, class=HUNTER, rarity=LEGENDARY, mana=9]
[name=Injured Blademaster, class=ANY, rarity=RARE, mana=3]
[name=Dread Corsair, class=ANY, rarity=COMMON, mana=4]
[name=Bloodsail Raider, class=ANY, rarity=COMMON, mana=2]
[name=Crazed Worshipper, class=ANY, rarity=EPIC, mana=5]
[name=Southsea Captain, class=ANY, rarity=EPIC, mana=3]
[name=The Boogeymonster, class=ANY, rarity=LEGENDARY, mana=8]


=====
MANA CURVE
=====
1=2
2=4
3=6
4=5
5=7
6=3
7=0
7 or more=3

=====
FITNESS=108
=====

=====
GAME STATISTICS
=====

opponent=Purple Rank #1 Legend Midrange Hunter
actually played games=16WIN_RATE=87.50%DAMAGE_DEALT=38MANA_SPENT=26CARDS_PLAYED=11TURNS_TAKEN=8MINIONS_PLAYED=15SPELLS_CAST=2HERO_POWER_USED=2

opponent=MatGagne Shadow Madness Priest
actually played games=16WIN_RATE=81.25%DAMAGE_DEALT=47MANA_SPENT=25CARDS_PLAYED=11TURNS_TAKEN=8MINIONS_PLAYED=15SPELLS_CAST=1HERO_POWER_USED=2

opponent=Toefoo Rank 1 Cwarrior
actually played games=16WIN_RATE=87.50%DAMAGE_DEALT=49MANA_SPENT=31CARDS_PLAYED=13TURNS_TAKEN=9MINIONS_PLAYED=18SPELLS_CAST=2HERO_POWER_USED=3WEAPONS_EQUIPPED=0

opponent=Phonetap's Mech Shaman
actually played games=16WIN_RATE=81.25%DAMAGE_DEALT=36MANA_SPENT=25CARDS_PLAYED=10TURNS_TAKEN=8MINIONS_PLAYED=16SPELLS_CAST=1HERO_POWER_USED=1

opponent=Aggro Paladin Meta Snapshot #17
actually played games=16WIN_RATE=93.75%DAMAGE_DEALT=45HEALING_DONE=0MANA_SPENT=32CARDS_PLAYED=12TURNS_TAKEN=9MINIONS_PLAYED=18SPELLS_CAST=2HERO_POWER_USED=2WEAPONS_EQUIPPED=0

opponent=Hyunher Tempo Mage
actually played games=16WIN_RATE=87.50%DAMAGE_DEALT=36MANA_SPENT=24CARDS_PLAYED=10TURNS_TAKEN=7MINIONS_PLAYED=15SPELLS_CAST=2HERO_POWER_USED=1

opponent=Mid-Range Druid Meta Snapshot #16
actually played games=16WIN_RATE=81.25%DAMAGE_DEALT=50MANA_SPENT=28CARDS_PLAYED=11TURNS_TAKEN=8MINIONS_PLAYED=17SPELLS_CAST=1HERO_POWER_USED=2WEAPONS_EQUIPPED=0

opponent=Toefoo Rank 1 Oil Rogue
actually played games=16WIN_RATE=62.50%DAMAGE_DEALT=36MANA_SPENT=22CARDS_PLAYED=8TURNS_TAKEN=7MINIONS_PLAYED=13SPELLS_CAST=1HERO_POWER_USED=1

opponent=Neviilz MalyGod Meta Snapshot #18
actually played games=16WIN_RATE=93.75%DAMAGE_DEALT=43MANA_SPENT=28CARDS_PLAYED=12TURNS_TAKEN=9MINIONS_PLAYED=17SPELLS_CAST=1HERO_POWER_USED=2

=====
JENETICS STATISTICS
=====
+---------------------------------------------------------------------------+
|  Time statistics                                                          |
+---------------------------------------------------------------------------+
|             Selection: sum=0.010184667000 s; mean=0.000203693340 s        |
|              Altering: sum=0.028465092000 s; mean=0.000569301840 s        |
|   Fitness calculation: sum=323.283233889000 s; mean=6.465664677780 s      |
|     Overall execution: sum=323.324032596000 s; mean=6.466480651920 s      |
+---------------------------------------------------------------------------+
|  Evolution statistics                                                     |
+---------------------------------------------------------------------------+
|           Generations: 50                                                 |
|               Altered: sum=130; mean=2.600000000                          |
|                Killed: sum=0; mean=0.000000000                            |
|              Invalids: sum=11; mean=0.220000000                           |
+---------------------------------------------------------------------------+
|  Population statistics                                                    |
+---------------------------------------------------------------------------+
|                   Age: max=49; mean=17.360000; var=268.483367             |
|               Fitness:                                                    |
|                      min  = 13.000000000000                               |
|                      max  = 108.000000000000                              |
|                      mean = 90.678000000000                               |
|                      var  = 840.856028056112                              |
|                      std  = 28.997517618860                               |
+---------------------------------------------------------------------------+
infeasible rate=0
