
=====
(2, 10)-EA
=====
population size=10
max generations=1.8
max fitness=128
number of games=16.0
hero class=HUNTER

opponents=[Aggro Paladin Meta Snapshot #17, Toefoo Rank 1 Cwarrior, Neviilz MalyGod Meta Snapshot #18, Phonetap's Mech Shaman, Mid-Range Druid Meta Snapshot #16, Purple Rank #1 Legend Midrange Hunter, Toefoo Rank 1 Oil Rogue, MatGagne Shadow Madness Priest, Hyunher Tempo Mage]
=====
Initial Deck
=====
[name=Hunter's Mark, class=HUNTER, rarity=FREE, mana=1]
[name=Mad Scientist, class=ANY, rarity=COMMON, mana=2]
[name=Kill Command, class=HUNTER, rarity=FREE, mana=3]
[name=Haunted Creeper, class=ANY, rarity=COMMON, mana=2]
[name=Mad Scientist, class=ANY, rarity=COMMON, mana=2]
[name=Freezing Trap, class=HUNTER, rarity=COMMON, mana=2]
[name=Knife Juggler, class=ANY, rarity=RARE, mana=2]
[name=Knife Juggler, class=ANY, rarity=RARE, mana=2]
[name=Savannah Highmane, class=HUNTER, rarity=RARE, mana=6]
[name=Leper Gnome, class=ANY, rarity=COMMON, mana=1]
[name=Glaivezooka, class=HUNTER, rarity=COMMON, mana=2]
[name=Freezing Trap, class=HUNTER, rarity=COMMON, mana=2]
[name=Savannah Highmane, class=HUNTER, rarity=RARE, mana=6]
[name=Loatheb, class=ANY, rarity=LEGENDARY, mana=5]
[name=Leper Gnome, class=ANY, rarity=COMMON, mana=1]
[name=Hunter's Mark, class=HUNTER, rarity=FREE, mana=1]
[name=Leper Gnome, class=ANY, rarity=COMMON, mana=1]
[name=Glaivezooka, class=HUNTER, rarity=COMMON, mana=2]
[name=Freezing Trap, class=HUNTER, rarity=COMMON, mana=2]
[name=Freezing Trap, class=HUNTER, rarity=COMMON, mana=2]
[name=Kill Command, class=HUNTER, rarity=FREE, mana=3]
[name=Sludge Belcher, class=ANY, rarity=RARE, mana=5]
[name=Haunted Creeper, class=ANY, rarity=COMMON, mana=2]
[name=Leper Gnome, class=ANY, rarity=COMMON, mana=1]
[name=Freezing Trap, class=HUNTER, rarity=COMMON, mana=2]
[name=Eaglehorn Bow, class=HUNTER, rarity=RARE, mana=3]
[name=Mad Scientist, class=ANY, rarity=COMMON, mana=2]
[name=Loatheb, class=ANY, rarity=LEGENDARY, mana=5]
[name=Knife Juggler, class=ANY, rarity=RARE, mana=2]
[name=Loatheb, class=ANY, rarity=LEGENDARY, mana=5]


=====
GENERATION 0
=====
best=93
avg=76.1
worst=62.0
infeasible rate=0.0
mutation rate=0.9
=====

=====
GENERATION 5
=====
best=97
avg=75.6
worst=30.0
infeasible rate=0.0
mutation rate=1.8
=====

=====
GENERATION 10
=====
best=97
avg=68.9
worst=10.0
infeasible rate=0.0
mutation rate=3.6
=====

=====
GENERATION 15
=====
best=100
avg=78.5
worst=18.0
infeasible rate=0.0
mutation rate=7.2
=====

=====
GENERATION 20
=====
best=100
avg=91.4
worst=32.0
infeasible rate=0.0
mutation rate=14.4
=====

=====
GENERATION 25
=====
best=100
avg=99.4
worst=94.0
infeasible rate=0.0
mutation rate=14.4
=====

=====
GENERATION 30
=====
best=100
avg=93.1
worst=31.0
infeasible rate=0.0
mutation rate=7.2
=====

=====
GENERATION 35
=====
best=100
avg=70.1
worst=14.0
infeasible rate=0.0
mutation rate=3.6
=====

=====
GENERATION 40
=====
best=105
avg=99.3
worst=58.0
infeasible rate=0.0
mutation rate=7.2
=====

=====
GENERATION 45
=====
best=105
avg=98.5
worst=50.0
infeasible rate=0.0
mutation rate=3.6
=====

=====
BEST
=====
[name=Murloc Tidecaller, class=ANY, rarity=RARE, mana=1]
[name=Lorewalker Cho, class=ANY, rarity=LEGENDARY, mana=2]
[name=Fight Promoter, class=ANY, rarity=EPIC, mana=6]
[name=Flesheating Ghoul, class=ANY, rarity=COMMON, mana=3]
[name=Doppelgangster, class=ANY, rarity=RARE, mana=5]
[name=Mistress of Mixtures, class=ANY, rarity=COMMON, mana=1]
[name=Thrallmar Farseer, class=ANY, rarity=COMMON, mana=3]
[name=Elven Archer, class=ANY, rarity=FREE, mana=1]
[name=Darkscale Healer, class=ANY, rarity=FREE, mana=5]
[name=Doomsayer, class=ANY, rarity=EPIC, mana=2]
[name=Coldlight Oracle, class=ANY, rarity=RARE, mana=3]
[name=Fen Creeper, class=ANY, rarity=COMMON, mana=5]
[name=Novice Engineer, class=ANY, rarity=FREE, mana=2]
[name=Dragonling Mechanic, class=ANY, rarity=FREE, mana=4]
[name=On the Hunt, class=HUNTER, rarity=COMMON, mana=1]
[name=On the Hunt, class=HUNTER, rarity=COMMON, mana=1]
[name=Beckoner of Evil, class=ANY, rarity=COMMON, mana=2]
[name=King Mukla, class=ANY, rarity=LEGENDARY, mana=3]
[name=Soggoth the Slitherer, class=ANY, rarity=LEGENDARY, mana=9]
[name=Silverback Patriarch, class=ANY, rarity=FREE, mana=3]
[name=Frostwolf Warlord, class=ANY, rarity=FREE, mana=5]
[name=Frostwolf Warlord, class=ANY, rarity=FREE, mana=5]
[name=Kooky Chemist, class=ANY, rarity=COMMON, mana=4]
[name=Savannah Highmane, class=HUNTER, rarity=RARE, mana=6]
[name=Nerubian Prophet, class=ANY, rarity=COMMON, mana=6]
[name=Alarm-o-Bot, class=ANY, rarity=RARE, mana=3]
[name=Scarlet Crusader, class=ANY, rarity=COMMON, mana=3]
[name=Crazed Alchemist, class=ANY, rarity=RARE, mana=2]
[name=Gurubashi Berserker, class=ANY, rarity=FREE, mana=5]
[name=Tentacle of N'Zoth, class=ANY, rarity=COMMON, mana=1]


=====
MANA CURVE
=====
1=6
2=5
3=7
4=2
5=6
6=3
7=0
7 or more=1

=====
FITNESS=105
=====

=====
GAME STATISTICS
=====

opponent=Purple Rank #1 Legend Midrange Hunter
actually played games=16WIN_RATE=81.25%DAMAGE_DEALT=46HEALING_DONE=8MANA_SPENT=39CARDS_PLAYED=15TURNS_TAKEN=9MINIONS_PLAYED=25SPELLS_CAST=0HERO_POWER_USED=2

opponent=MatGagne Shadow Madness Priest
actually played games=16WIN_RATE=62.50%DAMAGE_DEALT=55HEALING_DONE=8MANA_SPENT=41CARDS_PLAYED=16TURNS_TAKEN=10MINIONS_PLAYED=27SPELLS_CAST=0HERO_POWER_USED=2

opponent=Toefoo Rank 1 Cwarrior
actually played games=16WIN_RATE=81.25%DAMAGE_DEALT=46HEALING_DONE=6MANA_SPENT=42CARDS_PLAYED=15TURNS_TAKEN=10MINIONS_PLAYED=26SPELLS_CAST=0HERO_POWER_USED=2

opponent=Phonetap's Mech Shaman
actually played games=16WIN_RATE=68.75%DAMAGE_DEALT=48HEALING_DONE=4MANA_SPENT=40CARDS_PLAYED=15TURNS_TAKEN=9MINIONS_PLAYED=27SPELLS_CAST=0HERO_POWER_USED=2

opponent=Aggro Paladin Meta Snapshot #17
actually played games=16WIN_RATE=87.50%DAMAGE_DEALT=43HEALING_DONE=5MANA_SPENT=42CARDS_PLAYED=16TURNS_TAKEN=10MINIONS_PLAYED=27SPELLS_CAST=0HERO_POWER_USED=2

opponent=Hyunher Tempo Mage
actually played games=16WIN_RATE=87.50%DAMAGE_DEALT=44HEALING_DONE=5MANA_SPENT=40CARDS_PLAYED=15TURNS_TAKEN=10MINIONS_PLAYED=26SPELLS_CAST=0HERO_POWER_USED=2

opponent=Mid-Range Druid Meta Snapshot #16
actually played games=16WIN_RATE=81.25%DAMAGE_DEALT=37HEALING_DONE=6MANA_SPENT=33CARDS_PLAYED=12TURNS_TAKEN=8MINIONS_PLAYED=22SPELLS_CAST=0HERO_POWER_USED=1

opponent=Toefoo Rank 1 Oil Rogue
actually played games=16WIN_RATE=93.75%DAMAGE_DEALT=39HEALING_DONE=7MANA_SPENT=39CARDS_PLAYED=14TURNS_TAKEN=9MINIONS_PLAYED=25SPELLS_CAST=0HERO_POWER_USED=1

opponent=Neviilz MalyGod Meta Snapshot #18
actually played games=16WIN_RATE=93.75%DAMAGE_DEALT=36HEALING_DONE=6MANA_SPENT=39CARDS_PLAYED=15TURNS_TAKEN=10MINIONS_PLAYED=25SPELLS_CAST=0HERO_POWER_USED=2

=====
JENETICS STATISTICS
=====
+---------------------------------------------------------------------------+
|  Time statistics                                                          |
+---------------------------------------------------------------------------+
|             Selection: sum=0.005115345000 s; mean=0.000102306900 s        |
|              Altering: sum=0.024236453000 s; mean=0.000484729060 s        |
|   Fitness calculation: sum=245.150109426000 s; mean=4.903002188520 s      |
|     Overall execution: sum=245.183449568000 s; mean=4.903668991360 s      |
+---------------------------------------------------------------------------+
|  Evolution statistics                                                     |
+---------------------------------------------------------------------------+
|           Generations: 50                                                 |
|               Altered: sum=138; mean=2.760000000                          |
|                Killed: sum=0; mean=0.000000000                            |
|              Invalids: sum=13; mean=0.260000000                           |
+---------------------------------------------------------------------------+
|  Population statistics                                                    |
+---------------------------------------------------------------------------+
|                   Age: max=26; mean=7.374000; var=48.863852               |
|               Fitness:                                                    |
|                      min  = 8.000000000000                                |
|                      max  = 105.000000000000                              |
|                      mean = 87.306000000000                               |
|                      var  = 586.409182364730                              |
|                      std  = 24.215886982820                               |
+---------------------------------------------------------------------------+
infeasible rate=0
