
=====
(2, 10)-EA
=====
population size=10
max generations=1.8
max fitness=128
number of games=16.0
hero class=HUNTER

opponents=[Aggro Paladin Meta Snapshot #17, Toefoo Rank 1 Cwarrior, Neviilz MalyGod Meta Snapshot #18, Phonetap's Mech Shaman, Mid-Range Druid Meta Snapshot #16, Purple Rank #1 Legend Midrange Hunter, Toefoo Rank 1 Oil Rogue, MatGagne Shadow Madness Priest, Hyunher Tempo Mage]
=====
Initial Deck
=====
[name=Piloted Shredder, class=ANY, rarity=COMMON, mana=4]
[name=Leper Gnome, class=ANY, rarity=COMMON, mana=1]
[name=Savannah Highmane, class=HUNTER, rarity=RARE, mana=6]
[name=Savannah Highmane, class=HUNTER, rarity=RARE, mana=6]
[name=Leper Gnome, class=ANY, rarity=COMMON, mana=1]
[name=Eaglehorn Bow, class=HUNTER, rarity=RARE, mana=3]
[name=Freezing Trap, class=HUNTER, rarity=COMMON, mana=2]
[name=Unleash the Hounds, class=HUNTER, rarity=COMMON, mana=3]
[name=Glaivezooka, class=HUNTER, rarity=COMMON, mana=2]
[name=Abusive Sergeant, class=ANY, rarity=COMMON, mana=1]
[name=Haunted Creeper, class=ANY, rarity=COMMON, mana=2]
[name=Eaglehorn Bow, class=HUNTER, rarity=RARE, mana=3]
[name=Haunted Creeper, class=ANY, rarity=COMMON, mana=2]
[name=Leper Gnome, class=ANY, rarity=COMMON, mana=1]
[name=Eaglehorn Bow, class=HUNTER, rarity=RARE, mana=3]
[name=Abusive Sergeant, class=ANY, rarity=COMMON, mana=1]
[name=Knife Juggler, class=ANY, rarity=RARE, mana=2]
[name=Kill Command, class=HUNTER, rarity=FREE, mana=3]
[name=Savannah Highmane, class=HUNTER, rarity=RARE, mana=6]
[name=Leper Gnome, class=ANY, rarity=COMMON, mana=1]
[name=Sludge Belcher, class=ANY, rarity=RARE, mana=5]
[name=Sludge Belcher, class=ANY, rarity=RARE, mana=5]
[name=Kill Command, class=HUNTER, rarity=FREE, mana=3]
[name=Sludge Belcher, class=ANY, rarity=RARE, mana=5]
[name=Freezing Trap, class=HUNTER, rarity=COMMON, mana=2]
[name=Animal Companion, class=HUNTER, rarity=FREE, mana=3]
[name=Eaglehorn Bow, class=HUNTER, rarity=RARE, mana=3]
[name=Leper Gnome, class=ANY, rarity=COMMON, mana=1]
[name=Loatheb, class=ANY, rarity=LEGENDARY, mana=5]
[name=Haunted Creeper, class=ANY, rarity=COMMON, mana=2]


=====
GENERATION 0
=====
best=71
avg=46.6
worst=29.0
infeasible rate=0.0
mutation rate=0.9
=====

=====
GENERATION 5
=====
best=97
avg=69.3
worst=21.0
infeasible rate=0.0
mutation rate=1.8
=====

=====
GENERATION 10
=====
best=97
avg=90.1
worst=62.0
infeasible rate=0.0
mutation rate=3.6
=====

=====
GENERATION 15
=====
best=97
avg=84.2
worst=19.0
infeasible rate=0.0
mutation rate=1.8
=====

=====
GENERATION 20
=====
best=99
avg=80.1
worst=38.0
infeasible rate=0.0
mutation rate=3.6
=====

=====
GENERATION 25
=====
best=99
avg=87.6
worst=15.0
infeasible rate=0.0
mutation rate=7.2
=====

=====
GENERATION 30
=====
best=99
avg=91.4
worst=66.0
infeasible rate=0.0
mutation rate=7.2
=====

=====
GENERATION 35
=====
best=100
avg=85.0
worst=44.0
infeasible rate=0.0
mutation rate=3.6
=====

=====
GENERATION 40
=====
best=100
avg=92.8
worst=65.0
infeasible rate=0.0
mutation rate=7.2
=====

=====
GENERATION 45
=====
best=100
avg=90.6
worst=68.0
infeasible rate=0.0
mutation rate=14.4
=====

=====
BEST
=====
[name=Nat, the Darkfisher, class=ANY, rarity=LEGENDARY, mana=2]
[name=Knuckles, class=HUNTER, rarity=LEGENDARY, mana=5]
[name=Twilight Geomancer, class=ANY, rarity=COMMON, mana=2]
[name=Daring Reporter, class=ANY, rarity=COMMON, mana=4]
[name=Silver Hand Knight, class=ANY, rarity=COMMON, mana=5]
[name=Hogger, Doom of Elwynn, class=ANY, rarity=LEGENDARY, mana=7]
[name=Mind Control Tech, class=ANY, rarity=RARE, mana=3]
[name=Arcane Shot, class=HUNTER, rarity=FREE, mana=1]
[name=Bog Creeper, class=ANY, rarity=COMMON, mana=7]
[name=Ancient Harbinger, class=ANY, rarity=EPIC, mana=6]
[name=Ancient Harbinger, class=ANY, rarity=EPIC, mana=6]
[name=N'Zoth, the Corruptor, class=ANY, rarity=LEGENDARY, mana=10]
[name=Youthful Brewmaster, class=ANY, rarity=COMMON, mana=2]
[name=Dragonling Mechanic, class=ANY, rarity=FREE, mana=4]
[name=Murloc Warleader, class=ANY, rarity=EPIC, mana=3]
[name=Blowgill Sniper, class=ANY, rarity=COMMON, mana=2]
[name=Pompous Thespian, class=ANY, rarity=COMMON, mana=2]
[name=Aya Blackpaw, class=ANY, rarity=LEGENDARY, mana=6]
[name=Beckoner of Evil, class=ANY, rarity=COMMON, mana=2]
[name=Hidden Cache, class=HUNTER, rarity=RARE, mana=2]
[name=Alexstrasza, class=ANY, rarity=LEGENDARY, mana=9]
[name=Zoobot, class=ANY, rarity=COMMON, mana=3]
[name=Squirming Tentacle, class=ANY, rarity=COMMON, mana=3]
[name=Southsea Captain, class=ANY, rarity=EPIC, mana=3]
[name=Animal Companion, class=HUNTER, rarity=FREE, mana=3]
[name=The Black Knight, class=ANY, rarity=LEGENDARY, mana=6]
[name=Worgen Infiltrator, class=ANY, rarity=COMMON, mana=1]
[name=Medivh, the Guardian, class=ANY, rarity=LEGENDARY, mana=8]
[name=Kabal Courier, class=ANY, rarity=RARE, mana=3]
[name=Kabal Courier, class=ANY, rarity=RARE, mana=3]


=====
MANA CURVE
=====
1=2
2=7
3=8
4=2
5=2
6=4
7=2
7 or more=3

=====
FITNESS=100
=====

=====
GAME STATISTICS
=====

opponent=Purple Rank #1 Legend Midrange Hunter
actually played games=16WIN_RATE=81.25%DAMAGE_DEALT=39MANA_SPENT=39CARDS_PLAYED=12TURNS_TAKEN=9MINIONS_PLAYED=24SPELLS_CAST=0HERO_POWER_USED=1

opponent=MatGagne Shadow Madness Priest
actually played games=16WIN_RATE=81.25%DAMAGE_DEALT=39MANA_SPENT=39CARDS_PLAYED=13TURNS_TAKEN=9MINIONS_PLAYED=24SPELLS_CAST=1HERO_POWER_USED=1

opponent=Toefoo Rank 1 Cwarrior
actually played games=16WIN_RATE=68.75%DAMAGE_DEALT=47MANA_SPENT=39CARDS_PLAYED=13TURNS_TAKEN=9MINIONS_PLAYED=25SPELLS_CAST=0HERO_POWER_USED=1

opponent=Phonetap's Mech Shaman
actually played games=16WIN_RATE=81.25%DAMAGE_DEALT=42MANA_SPENT=42CARDS_PLAYED=13TURNS_TAKEN=9MINIONS_PLAYED=25SPELLS_CAST=0HERO_POWER_USED=0

opponent=Aggro Paladin Meta Snapshot #17
actually played games=16WIN_RATE=62.50%DAMAGE_DEALT=55MANA_SPENT=45CARDS_PLAYED=14TURNS_TAKEN=10MINIONS_PLAYED=27SPELLS_CAST=1HERO_POWER_USED=1

opponent=Hyunher Tempo Mage
actually played games=16WIN_RATE=87.50%DAMAGE_DEALT=39MANA_SPENT=36CARDS_PLAYED=11TURNS_TAKEN=9MINIONS_PLAYED=22SPELLS_CAST=0HERO_POWER_USED=0

opponent=Mid-Range Druid Meta Snapshot #16
actually played games=16WIN_RATE=68.75%DAMAGE_DEALT=44MANA_SPENT=40CARDS_PLAYED=13TURNS_TAKEN=9MINIONS_PLAYED=26SPELLS_CAST=0HERO_POWER_USED=1

opponent=Toefoo Rank 1 Oil Rogue
actually played games=16WIN_RATE=68.75%DAMAGE_DEALT=46MANA_SPENT=41CARDS_PLAYED=13TURNS_TAKEN=9MINIONS_PLAYED=25SPELLS_CAST=1HERO_POWER_USED=0

opponent=Neviilz MalyGod Meta Snapshot #18
actually played games=16WIN_RATE=100.00%DAMAGE_DEALT=33MANA_SPENT=40CARDS_PLAYED=12TURNS_TAKEN=9MINIONS_PLAYED=24SPELLS_CAST=0HERO_POWER_USED=0

=====
JENETICS STATISTICS
=====
+---------------------------------------------------------------------------+
|  Time statistics                                                          |
+---------------------------------------------------------------------------+
|             Selection: sum=0.023211380000 s; mean=0.000464227600 s        |
|              Altering: sum=0.058221134000 s; mean=0.001164422680 s        |
|   Fitness calculation: sum=380.686157160000 s; mean=7.613723143200 s      |
|     Overall execution: sum=380.770138912000 s; mean=7.615402778240 s      |
+---------------------------------------------------------------------------+
|  Evolution statistics                                                     |
+---------------------------------------------------------------------------+
|           Generations: 50                                                 |
|               Altered: sum=149; mean=2.980000000                          |
|                Killed: sum=0; mean=0.000000000                            |
|              Invalids: sum=18; mean=0.360000000                           |
+---------------------------------------------------------------------------+
|  Population statistics                                                    |
+---------------------------------------------------------------------------+
|                   Age: max=24; mean=6.568000; var=38.794966               |
|               Fitness:                                                    |
|                      min  = 10.000000000000                               |
|                      max  = 100.000000000000                              |
|                      mean = 82.768000000000                               |
|                      var  = 490.246669338677                              |
|                      std  = 22.141514612571                               |
+---------------------------------------------------------------------------+
infeasible rate=0
