
=====
(2, 10)-EA
=====
population size=10
max generations=1.8
max fitness=128
number of games=16.0
hero class=HUNTER

opponents=[Aggro Paladin Meta Snapshot #17, Toefoo Rank 1 Cwarrior, Neviilz MalyGod Meta Snapshot #18, Phonetap's Mech Shaman, Mid-Range Druid Meta Snapshot #16, Purple Rank #1 Legend Midrange Hunter, Toefoo Rank 1 Oil Rogue, MatGagne Shadow Madness Priest, Hyunher Tempo Mage]
=====
Initial Deck
=====
[name=Explosive Trap, class=HUNTER, rarity=COMMON, mana=2]
[name=Mad Scientist, class=ANY, rarity=COMMON, mana=2]
[name=Savannah Highmane, class=HUNTER, rarity=RARE, mana=6]
[name=Explosive Trap, class=HUNTER, rarity=COMMON, mana=2]
[name=Knife Juggler, class=ANY, rarity=RARE, mana=2]
[name=Leper Gnome, class=ANY, rarity=COMMON, mana=1]
[name=Animal Companion, class=HUNTER, rarity=FREE, mana=3]
[name=Leper Gnome, class=ANY, rarity=COMMON, mana=1]
[name=Kill Command, class=HUNTER, rarity=FREE, mana=3]
[name=Abusive Sergeant, class=ANY, rarity=COMMON, mana=1]
[name=Sludge Belcher, class=ANY, rarity=RARE, mana=5]
[name=Abusive Sergeant, class=ANY, rarity=COMMON, mana=1]
[name=Leper Gnome, class=ANY, rarity=COMMON, mana=1]
[name=Explosive Trap, class=HUNTER, rarity=COMMON, mana=2]
[name=Abusive Sergeant, class=ANY, rarity=COMMON, mana=1]
[name=Savannah Highmane, class=HUNTER, rarity=RARE, mana=6]
[name=Freezing Trap, class=HUNTER, rarity=COMMON, mana=2]
[name=Freezing Trap, class=HUNTER, rarity=COMMON, mana=2]
[name=Savannah Highmane, class=HUNTER, rarity=RARE, mana=6]
[name=Glaivezooka, class=HUNTER, rarity=COMMON, mana=2]
[name=Piloted Shredder, class=ANY, rarity=COMMON, mana=4]
[name=Explosive Trap, class=HUNTER, rarity=COMMON, mana=2]
[name=Savannah Highmane, class=HUNTER, rarity=RARE, mana=6]
[name=Haunted Creeper, class=ANY, rarity=COMMON, mana=2]
[name=Abusive Sergeant, class=ANY, rarity=COMMON, mana=1]
[name=Sludge Belcher, class=ANY, rarity=RARE, mana=5]
[name=Loatheb, class=ANY, rarity=LEGENDARY, mana=5]
[name=Houndmaster, class=HUNTER, rarity=FREE, mana=4]
[name=Haunted Creeper, class=ANY, rarity=COMMON, mana=2]
[name=Sludge Belcher, class=ANY, rarity=RARE, mana=5]


=====
GENERATION 0
=====
best=79
avg=63.9
worst=36.0
infeasible rate=0.0
mutation rate=0.9
=====

=====
GENERATION 5
=====
best=90
avg=80.1
worst=77.0
infeasible rate=0.0
mutation rate=1.8
=====

=====
GENERATION 10
=====
best=90
avg=78.4
worst=46.0
infeasible rate=0.0
mutation rate=3.6
=====

=====
GENERATION 15
=====
best=90
avg=83.0
worst=63.0
infeasible rate=0.0
mutation rate=7.2
=====

=====
GENERATION 20
=====
best=90
avg=87.0
worst=60.0
infeasible rate=0.0
mutation rate=7.2
=====

=====
GENERATION 25
=====
best=90
avg=88.7
worst=77.0
infeasible rate=0.0
mutation rate=3.6
=====

=====
GENERATION 30
=====
best=90
avg=83.7
worst=51.0
infeasible rate=0.0
mutation rate=1.8
=====

=====
GENERATION 35
=====
best=96
avg=73.3
worst=45.0
infeasible rate=0.0
mutation rate=0.9
=====

=====
GENERATION 40
=====
best=90
avg=79.7
worst=45.0
infeasible rate=0.0
mutation rate=1.8
=====

=====
GENERATION 45
=====
best=90
avg=82.6
worst=61.0
infeasible rate=0.0
mutation rate=3.6
=====

=====
BEST
=====
[name=Harvest Golem, class=ANY, rarity=COMMON, mana=3]
[name=Gadgetzan Socialite, class=ANY, rarity=COMMON, mana=2]
[name=Gadgetzan Socialite, class=ANY, rarity=COMMON, mana=2]
[name=Priestess of Elune, class=ANY, rarity=COMMON, mana=6]
[name=Eldritch Horror, class=ANY, rarity=COMMON, mana=8]
[name=Menagerie Magician, class=ANY, rarity=COMMON, mana=5]
[name=Young Dragonhawk, class=ANY, rarity=COMMON, mana=1]
[name=Ogre Magi, class=ANY, rarity=FREE, mana=4]
[name=Darkscale Healer, class=ANY, rarity=FREE, mana=5]
[name=Bog Creeper, class=ANY, rarity=COMMON, mana=7]
[name=N'Zoth, the Corruptor, class=ANY, rarity=LEGENDARY, mana=10]
[name=Grimestreet Informant, class=ANY, rarity=RARE, mana=2]
[name=Raging Worgen, class=ANY, rarity=COMMON, mana=3]
[name=Dragonling Mechanic, class=ANY, rarity=FREE, mana=4]
[name=Tanaris Hogchopper, class=ANY, rarity=COMMON, mana=4]
[name=Abomination, class=ANY, rarity=RARE, mana=5]
[name=King Mukla, class=ANY, rarity=LEGENDARY, mana=3]
[name=Friendly Bartender, class=ANY, rarity=COMMON, mana=2]
[name=Fiery Bat, class=HUNTER, rarity=COMMON, mana=1]
[name=Silvermoon Guardian, class=ANY, rarity=COMMON, mana=4]
[name=Alexstrasza, class=ANY, rarity=LEGENDARY, mana=9]
[name=Psych-o-Tron, class=ANY, rarity=COMMON, mana=5]
[name=Scarlet Crusader, class=ANY, rarity=COMMON, mana=3]
[name=Nat Pagle, class=ANY, rarity=LEGENDARY, mana=2]
[name=Faceless Manipulator, class=ANY, rarity=EPIC, mana=5]
[name=War Golem, class=ANY, rarity=FREE, mana=7]
[name=Genzo, the Shark, class=ANY, rarity=LEGENDARY, mana=4]
[name=Pint-Sized Summoner, class=ANY, rarity=RARE, mana=2]
[name=Ironforge Rifleman, class=ANY, rarity=FREE, mana=3]
[name=Infested Tauren, class=ANY, rarity=COMMON, mana=4]


=====
MANA CURVE
=====
1=2
2=6
3=5
4=6
5=5
6=1
7=2
7 or more=3

=====
FITNESS=98
=====

=====
GAME STATISTICS
=====

opponent=Purple Rank #1 Legend Midrange Hunter
actually played games=16WIN_RATE=87.50%DAMAGE_DEALT=49HEALING_DONE=3MANA_SPENT=35CARDS_PLAYED=10TURNS_TAKEN=8MINIONS_PLAYED=21HERO_POWER_USED=0

opponent=MatGagne Shadow Madness Priest
actually played games=16WIN_RATE=75.00%DAMAGE_DEALT=40HEALING_DONE=1MANA_SPENT=31CARDS_PLAYED=9TURNS_TAKEN=7MINIONS_PLAYED=18HERO_POWER_USED=0

opponent=Toefoo Rank 1 Cwarrior
actually played games=16WIN_RATE=68.75%DAMAGE_DEALT=37HEALING_DONE=2MANA_SPENT=28CARDS_PLAYED=9TURNS_TAKEN=7MINIONS_PLAYED=17HERO_POWER_USED=0

opponent=Phonetap's Mech Shaman
actually played games=16WIN_RATE=75.00%DAMAGE_DEALT=42HEALING_DONE=2MANA_SPENT=29CARDS_PLAYED=9TURNS_TAKEN=8MINIONS_PLAYED=16HERO_POWER_USED=0

opponent=Aggro Paladin Meta Snapshot #17
actually played games=16WIN_RATE=68.75%DAMAGE_DEALT=43HEALING_DONE=2MANA_SPENT=30CARDS_PLAYED=9TURNS_TAKEN=8MINIONS_PLAYED=17HERO_POWER_USED=0

opponent=Hyunher Tempo Mage
actually played games=16WIN_RATE=81.25%DAMAGE_DEALT=47HEALING_DONE=3MANA_SPENT=30CARDS_PLAYED=9TURNS_TAKEN=8MINIONS_PLAYED=18HERO_POWER_USED=0

opponent=Mid-Range Druid Meta Snapshot #16
actually played games=16WIN_RATE=62.50%DAMAGE_DEALT=48HEALING_DONE=2MANA_SPENT=28CARDS_PLAYED=9TURNS_TAKEN=7MINIONS_PLAYED=17HERO_POWER_USED=1

opponent=Toefoo Rank 1 Oil Rogue
actually played games=16WIN_RATE=81.25%DAMAGE_DEALT=35HEALING_DONE=2MANA_SPENT=27CARDS_PLAYED=8TURNS_TAKEN=7MINIONS_PLAYED=17HERO_POWER_USED=0

opponent=Neviilz MalyGod Meta Snapshot #18
actually played games=16WIN_RATE=87.50%DAMAGE_DEALT=39HEALING_DONE=2MANA_SPENT=28CARDS_PLAYED=9TURNS_TAKEN=8MINIONS_PLAYED=17HERO_POWER_USED=0

=====
JENETICS STATISTICS
=====
+---------------------------------------------------------------------------+
|  Time statistics                                                          |
+---------------------------------------------------------------------------+
|             Selection: sum=0.005234264000 s; mean=0.000104685280 s        |
|              Altering: sum=0.021823560000 s; mean=0.000436471200 s        |
|   Fitness calculation: sum=289.845471163000 s; mean=5.796909423260 s      |
|     Overall execution: sum=289.876846352000 s; mean=5.797536927040 s      |
+---------------------------------------------------------------------------+
|  Evolution statistics                                                     |
+---------------------------------------------------------------------------+
|           Generations: 50                                                 |
|               Altered: sum=156; mean=3.120000000                          |
|                Killed: sum=0; mean=0.000000000                            |
|              Invalids: sum=15; mean=0.300000000                           |
+---------------------------------------------------------------------------+
|  Population statistics                                                    |
+---------------------------------------------------------------------------+
|                   Age: max=44; mean=13.134000; var=205.675395             |
|               Fitness:                                                    |
|                      min  = 12.000000000000                               |
|                      max  = 98.000000000000                               |
|                      mean = 79.928000000000                               |
|                      var  = 240.796408817635                              |
|                      std  = 15.517616080366                               |
+---------------------------------------------------------------------------+
infeasible rate=0
