
=====
(2, 10)-EA
=====
population size=10
max generations=1.8
max fitness=128
number of games=16.0
hero class=HUNTER

opponents=[Aggro Paladin Meta Snapshot #17, Toefoo Rank 1 Cwarrior, Neviilz MalyGod Meta Snapshot #18, Phonetap's Mech Shaman, Mid-Range Druid Meta Snapshot #16, Purple Rank #1 Legend Midrange Hunter, Toefoo Rank 1 Oil Rogue, MatGagne Shadow Madness Priest, Hyunher Tempo Mage]
=====
Initial Deck
=====
[name=Piloted Shredder, class=ANY, rarity=COMMON, mana=4]
[name=Knife Juggler, class=ANY, rarity=RARE, mana=2]
[name=Hunter's Mark, class=HUNTER, rarity=FREE, mana=1]
[name=Eaglehorn Bow, class=HUNTER, rarity=RARE, mana=3]
[name=Sludge Belcher, class=ANY, rarity=RARE, mana=5]
[name=Piloted Shredder, class=ANY, rarity=COMMON, mana=4]
[name=Sludge Belcher, class=ANY, rarity=RARE, mana=5]
[name=Sludge Belcher, class=ANY, rarity=RARE, mana=5]
[name=Savannah Highmane, class=HUNTER, rarity=RARE, mana=6]
[name=Glaivezooka, class=HUNTER, rarity=COMMON, mana=2]
[name=Eaglehorn Bow, class=HUNTER, rarity=RARE, mana=3]
[name=Freezing Trap, class=HUNTER, rarity=COMMON, mana=2]
[name=Eaglehorn Bow, class=HUNTER, rarity=RARE, mana=3]
[name=Abusive Sergeant, class=ANY, rarity=COMMON, mana=1]
[name=Unleash the Hounds, class=HUNTER, rarity=COMMON, mana=3]
[name=Eaglehorn Bow, class=HUNTER, rarity=RARE, mana=3]
[name=Haunted Creeper, class=ANY, rarity=COMMON, mana=2]
[name=Mad Scientist, class=ANY, rarity=COMMON, mana=2]
[name=Knife Juggler, class=ANY, rarity=RARE, mana=2]
[name=Eaglehorn Bow, class=HUNTER, rarity=RARE, mana=3]
[name=Kill Command, class=HUNTER, rarity=FREE, mana=3]
[name=Knife Juggler, class=ANY, rarity=RARE, mana=2]
[name=Sludge Belcher, class=ANY, rarity=RARE, mana=5]
[name=Savannah Highmane, class=HUNTER, rarity=RARE, mana=6]
[name=Animal Companion, class=HUNTER, rarity=FREE, mana=3]
[name=Mad Scientist, class=ANY, rarity=COMMON, mana=2]
[name=Abusive Sergeant, class=ANY, rarity=COMMON, mana=1]
[name=Knife Juggler, class=ANY, rarity=RARE, mana=2]
[name=Kill Command, class=HUNTER, rarity=FREE, mana=3]
[name=Eaglehorn Bow, class=HUNTER, rarity=RARE, mana=3]


=====
GENERATION 0
=====
best=96
avg=62.8
worst=32.0
infeasible rate=0.0
mutation rate=0.9
=====

=====
GENERATION 5
=====
best=108
avg=98.7
worst=67.0
infeasible rate=0.0
mutation rate=1.8
=====

=====
GENERATION 10
=====
best=108
avg=89.6
worst=22.0
infeasible rate=0.0
mutation rate=0.9
=====

=====
GENERATION 15
=====
best=108
avg=107.2
worst=104.0
infeasible rate=0.0
mutation rate=1.8
=====

=====
GENERATION 20
=====
best=108
avg=90.9
worst=15.0
infeasible rate=0.0
mutation rate=0.9
=====

=====
GENERATION 25
=====
best=108
avg=83.0
worst=27.0
infeasible rate=0.0
mutation rate=0.9
=====

=====
GENERATION 30
=====
best=108
avg=94.8
worst=23.0
infeasible rate=0.0
mutation rate=1.8
=====

=====
GENERATION 35
=====
best=108
avg=73.9
worst=26.0
infeasible rate=0.0
mutation rate=0.9
=====

=====
GENERATION 40
=====
best=108
avg=97.2
worst=17.0
infeasible rate=0.0
mutation rate=1.8
=====

=====
GENERATION 45
=====
best=108
avg=89.7
worst=44.0
infeasible rate=0.0
mutation rate=0.9
=====

=====
BEST
=====
[name=Avian Watcher, class=ANY, rarity=COMMON, mana=5]
[name=Twilight Geomancer, class=ANY, rarity=COMMON, mana=2]
[name=Jungle Panther, class=ANY, rarity=COMMON, mana=3]
[name=Murloc Tidecaller, class=ANY, rarity=RARE, mana=1]
[name=Boulderfist Ogre, class=ANY, rarity=FREE, mana=6]
[name=Twilight Summoner, class=ANY, rarity=EPIC, mana=4]
[name=Sunwalker, class=ANY, rarity=RARE, mana=6]
[name=Cyclopian Horror, class=ANY, rarity=EPIC, mana=4]
[name=Doppelgangster, class=ANY, rarity=RARE, mana=5]
[name=Violet Teacher, class=ANY, rarity=RARE, mana=4]
[name=Elven Archer, class=ANY, rarity=FREE, mana=1]
[name=Bloodmage Thalnos, class=ANY, rarity=LEGENDARY, mana=2]
[name=Snipe, class=HUNTER, rarity=COMMON, mana=2]
[name=Doomcaller, class=ANY, rarity=RARE, mana=8]
[name=Ironbeak Owl, class=ANY, rarity=COMMON, mana=3]
[name=Argent Squire, class=ANY, rarity=COMMON, mana=1]
[name=Fel Orc Soulfiend, class=ANY, rarity=EPIC, mana=3]
[name=Aberrant Berserker, class=ANY, rarity=COMMON, mana=4]
[name=Bloodfen Raptor, class=ANY, rarity=FREE, mana=2]
[name=Murloc Warleader, class=ANY, rarity=EPIC, mana=3]
[name=Shaky Zipgunner, class=HUNTER, rarity=COMMON, mana=3]
[name=C'Thun, class=ANY, rarity=LEGENDARY, mana=10]
[name=Madam Goya, class=ANY, rarity=LEGENDARY, mana=6]
[name=Backroom Bouncer, class=ANY, rarity=RARE, mana=4]
[name=Leatherclad Hogleader, class=ANY, rarity=EPIC, mana=6]
[name=Crazed Alchemist, class=ANY, rarity=RARE, mana=2]
[name=Skeram Cultist, class=ANY, rarity=RARE, mana=6]
[name=Dread Corsair, class=ANY, rarity=COMMON, mana=4]
[name=Southsea Captain, class=ANY, rarity=EPIC, mana=3]
[name=Ironforge Rifleman, class=ANY, rarity=FREE, mana=3]


=====
MANA CURVE
=====
1=3
2=5
3=7
4=6
5=2
6=5
7=0
7 or more=2

=====
FITNESS=110
=====

=====
GAME STATISTICS
=====

opponent=Purple Rank #1 Legend Midrange Hunter
actually played games=16WIN_RATE=100.00%DAMAGE_DEALT=24MANA_SPENT=29CARDS_PLAYED=9TURNS_TAKEN=8MINIONS_PLAYED=18HERO_POWER_USED=0

opponent=MatGagne Shadow Madness Priest
actually played games=16WIN_RATE=93.75%DAMAGE_DEALT=28MANA_SPENT=31CARDS_PLAYED=9TURNS_TAKEN=8MINIONS_PLAYED=18SPELLS_CAST=0HERO_POWER_USED=0

opponent=Toefoo Rank 1 Cwarrior
actually played games=16WIN_RATE=93.75%DAMAGE_DEALT=25MANA_SPENT=28CARDS_PLAYED=8TURNS_TAKEN=7MINIONS_PLAYED=18SPELLS_CAST=0HERO_POWER_USED=0

opponent=Phonetap's Mech Shaman
actually played games=16WIN_RATE=93.75%DAMAGE_DEALT=31MANA_SPENT=29CARDS_PLAYED=9TURNS_TAKEN=8MINIONS_PLAYED=18SPELLS_CAST=0HERO_POWER_USED=0

opponent=Aggro Paladin Meta Snapshot #17
actually played games=16WIN_RATE=75.00%DAMAGE_DEALT=32MANA_SPENT=30CARDS_PLAYED=9TURNS_TAKEN=8MINIONS_PLAYED=19SPELLS_CAST=0HERO_POWER_USED=0

opponent=Hyunher Tempo Mage
actually played games=16WIN_RATE=56.25%DAMAGE_DEALT=35MANA_SPENT=30CARDS_PLAYED=10TURNS_TAKEN=7MINIONS_PLAYED=19SPELLS_CAST=0HERO_POWER_USED=0

opponent=Mid-Range Druid Meta Snapshot #16
actually played games=16WIN_RATE=87.50%DAMAGE_DEALT=28MANA_SPENT=27CARDS_PLAYED=9TURNS_TAKEN=7MINIONS_PLAYED=18SPELLS_CAST=0HERO_POWER_USED=0

opponent=Toefoo Rank 1 Oil Rogue
actually played games=16WIN_RATE=75.00%DAMAGE_DEALT=30MANA_SPENT=28CARDS_PLAYED=9TURNS_TAKEN=8MINIONS_PLAYED=18HERO_POWER_USED=0

opponent=Neviilz MalyGod Meta Snapshot #18
actually played games=16WIN_RATE=93.75%DAMAGE_DEALT=30MANA_SPENT=28CARDS_PLAYED=9TURNS_TAKEN=8MINIONS_PLAYED=18HERO_POWER_USED=0

=====
JENETICS STATISTICS
=====
+---------------------------------------------------------------------------+
|  Time statistics                                                          |
+---------------------------------------------------------------------------+
|             Selection: sum=0.006864100000 s; mean=0.000137282000 s        |
|              Altering: sum=0.021295785000 s; mean=0.000425915700 s        |
|   Fitness calculation: sum=290.998754657000 s; mean=5.819975093140 s      |
|     Overall execution: sum=291.029995673000 s; mean=5.820599913460 s      |
+---------------------------------------------------------------------------+
|  Evolution statistics                                                     |
+---------------------------------------------------------------------------+
|           Generations: 50                                                 |
|               Altered: sum=111; mean=2.220000000                          |
|                Killed: sum=0; mean=0.000000000                            |
|              Invalids: sum=6; mean=0.120000000                            |
+---------------------------------------------------------------------------+
|  Population statistics                                                    |
+---------------------------------------------------------------------------+
|                   Age: max=48; mean=16.274000; var=259.345615             |
|               Fitness:                                                    |
|                      min  = 8.000000000000                                |
|                      max  = 110.000000000000                              |
|                      mean = 92.782000000000                               |
|                      var  = 659.541559118237                              |
|                      std  = 25.681541213841                               |
+---------------------------------------------------------------------------+
infeasible rate=0
