
=====
(2, 10)-EA
=====
population size=10
max generations=1.8
max fitness=128
number of games=16.0
hero class=HUNTER

opponents=[Aggro Paladin Meta Snapshot #17, Toefoo Rank 1 Cwarrior, Neviilz MalyGod Meta Snapshot #18, Phonetap's Mech Shaman, Mid-Range Druid Meta Snapshot #16, Purple Rank #1 Legend Midrange Hunter, Toefoo Rank 1 Oil Rogue, MatGagne Shadow Madness Priest, Hyunher Tempo Mage]
=====
Initial Deck
=====
[name=Knife Juggler, class=ANY, rarity=RARE, mana=2]
[name=Savannah Highmane, class=HUNTER, rarity=RARE, mana=6]
[name=Animal Companion, class=HUNTER, rarity=FREE, mana=3]
[name=Hunter's Mark, class=HUNTER, rarity=FREE, mana=1]
[name=Animal Companion, class=HUNTER, rarity=FREE, mana=3]
[name=Abusive Sergeant, class=ANY, rarity=COMMON, mana=1]
[name=Eaglehorn Bow, class=HUNTER, rarity=RARE, mana=3]
[name=Savannah Highmane, class=HUNTER, rarity=RARE, mana=6]
[name=Savannah Highmane, class=HUNTER, rarity=RARE, mana=6]
[name=Haunted Creeper, class=ANY, rarity=COMMON, mana=2]
[name=Sludge Belcher, class=ANY, rarity=RARE, mana=5]
[name=Leper Gnome, class=ANY, rarity=COMMON, mana=1]
[name=Freezing Trap, class=HUNTER, rarity=COMMON, mana=2]
[name=Freezing Trap, class=HUNTER, rarity=COMMON, mana=2]
[name=Haunted Creeper, class=ANY, rarity=COMMON, mana=2]
[name=Haunted Creeper, class=ANY, rarity=COMMON, mana=2]
[name=Abusive Sergeant, class=ANY, rarity=COMMON, mana=1]
[name=Animal Companion, class=HUNTER, rarity=FREE, mana=3]
[name=Kill Command, class=HUNTER, rarity=FREE, mana=3]
[name=Hunter's Mark, class=HUNTER, rarity=FREE, mana=1]
[name=Knife Juggler, class=ANY, rarity=RARE, mana=2]
[name=Mad Scientist, class=ANY, rarity=COMMON, mana=2]
[name=Mad Scientist, class=ANY, rarity=COMMON, mana=2]
[name=Knife Juggler, class=ANY, rarity=RARE, mana=2]
[name=Eaglehorn Bow, class=HUNTER, rarity=RARE, mana=3]
[name=Knife Juggler, class=ANY, rarity=RARE, mana=2]
[name=Eaglehorn Bow, class=HUNTER, rarity=RARE, mana=3]
[name=Loatheb, class=ANY, rarity=LEGENDARY, mana=5]
[name=Animal Companion, class=HUNTER, rarity=FREE, mana=3]
[name=Haunted Creeper, class=ANY, rarity=COMMON, mana=2]


=====
GENERATION 0
=====
best=104
avg=78.2
worst=51.0
infeasible rate=0.0
mutation rate=0.9
=====

=====
GENERATION 5
=====
best=111
avg=78.7
worst=32.0
infeasible rate=0.0
mutation rate=1.8
=====

=====
GENERATION 10
=====
best=113
avg=73.7
worst=10.0
infeasible rate=0.0
mutation rate=3.6
=====

=====
GENERATION 15
=====
best=114
avg=103.6
worst=22.0
infeasible rate=0.0
mutation rate=7.2
=====

=====
GENERATION 20
=====
best=114
avg=94.7
worst=33.0
infeasible rate=0.0
mutation rate=14.4
=====

=====
GENERATION 25
=====
best=114
avg=105.2
worst=44.0
infeasible rate=0.0
mutation rate=28.8
=====

=====
GENERATION 30
=====
best=114
avg=106.5
worst=53.0
infeasible rate=0.0
mutation rate=28.8
=====

=====
GENERATION 35
=====
best=116
avg=109.9
worst=83.0
infeasible rate=0.0
mutation rate=57.6
=====

=====
GENERATION 40
=====
best=116
avg=105.7
worst=63.0
infeasible rate=0.0
mutation rate=115.2
=====

=====
GENERATION 45
=====
best=116
avg=104.3
worst=51.0
infeasible rate=0.0
mutation rate=57.6
=====

=====
BEST
=====
[name=Nat, the Darkfisher, class=ANY, rarity=LEGENDARY, mana=2]
[name=Harvest Golem, class=ANY, rarity=COMMON, mana=3]
[name=Harvest Golem, class=ANY, rarity=COMMON, mana=3]
[name=Kill Command, class=HUNTER, rarity=FREE, mana=3]
[name=Bestial Wrath, class=HUNTER, rarity=EPIC, mana=1]
[name=Sergeant Sally, class=ANY, rarity=LEGENDARY, mana=3]
[name=Kazakus, class=ANY, rarity=LEGENDARY, mana=4]
[name=Shieldbearer, class=ANY, rarity=COMMON, mana=1]
[name=Lorewalker Cho, class=ANY, rarity=LEGENDARY, mana=2]
[name=Sunwalker, class=ANY, rarity=RARE, mana=6]
[name=Cyclopian Horror, class=ANY, rarity=EPIC, mana=4]
[name=Hogger, Doom of Elwynn, class=ANY, rarity=LEGENDARY, mana=7]
[name=Ogre Magi, class=ANY, rarity=FREE, mana=4]
[name=Arcane Giant, class=ANY, rarity=EPIC, mana=12]
[name=Small-Time Buccaneer, class=ANY, rarity=RARE, mana=1]
[name=Cloaked Huntress, class=HUNTER, rarity=COMMON, mana=3]
[name=N'Zoth, the Corruptor, class=ANY, rarity=LEGENDARY, mana=10]
[name=Aberrant Berserker, class=ANY, rarity=COMMON, mana=4]
[name=Windfury Harpy, class=ANY, rarity=COMMON, mana=6]
[name=Windfury Harpy, class=ANY, rarity=COMMON, mana=6]
[name=King Mukla, class=ANY, rarity=LEGENDARY, mana=3]
[name=Soggoth the Slitherer, class=ANY, rarity=LEGENDARY, mana=9]
[name=Grotesque Dragonhawk, class=ANY, rarity=COMMON, mana=7]
[name=Kindly Grandmother, class=HUNTER, rarity=COMMON, mana=2]
[name=Ancient of Blossoms, class=ANY, rarity=COMMON, mana=6]
[name=Mana Wraith, class=ANY, rarity=RARE, mana=2]
[name=Coldlight Seer, class=ANY, rarity=RARE, mana=3]
[name=Ironforge Rifleman, class=ANY, rarity=FREE, mana=3]
[name=Patches the Pirate, class=ANY, rarity=LEGENDARY, mana=1]
[name=Core Hound, class=ANY, rarity=FREE, mana=7]


=====
MANA CURVE
=====
1=4
2=4
3=8
4=4
5=0
6=4
7=3
7 or more=3

=====
FITNESS=116
=====

=====
GAME STATISTICS
=====

opponent=Purple Rank #1 Legend Midrange Hunter
actually played games=16WIN_RATE=93.75%DAMAGE_DEALT=25MANA_SPENT=35CARDS_PLAYED=11TURNS_TAKEN=9MINIONS_PLAYED=17SPELLS_CAST=0HERO_POWER_USED=1

opponent=MatGagne Shadow Madness Priest
actually played games=16WIN_RATE=87.50%DAMAGE_DEALT=27MANA_SPENT=37CARDS_PLAYED=10TURNS_TAKEN=9MINIONS_PLAYED=17SPELLS_CAST=0HERO_POWER_USED=1

opponent=Toefoo Rank 1 Cwarrior
actually played games=16WIN_RATE=68.75%DAMAGE_DEALT=31MANA_SPENT=37CARDS_PLAYED=11TURNS_TAKEN=9MINIONS_PLAYED=18SPELLS_CAST=0HERO_POWER_USED=2

opponent=Phonetap's Mech Shaman
actually played games=16WIN_RATE=81.25%DAMAGE_DEALT=23MANA_SPENT=32CARDS_PLAYED=9TURNS_TAKEN=8MINIONS_PLAYED=16SPELLS_CAST=0HERO_POWER_USED=1

opponent=Aggro Paladin Meta Snapshot #17
actually played games=16WIN_RATE=87.50%DAMAGE_DEALT=32MANA_SPENT=44CARDS_PLAYED=12TURNS_TAKEN=10MINIONS_PLAYED=21SPELLS_CAST=0HERO_POWER_USED=2

opponent=Hyunher Tempo Mage
actually played games=16WIN_RATE=100.00%DAMAGE_DEALT=31MANA_SPENT=40CARDS_PLAYED=11TURNS_TAKEN=10MINIONS_PLAYED=19SPELLS_CAST=0HERO_POWER_USED=2

opponent=Mid-Range Druid Meta Snapshot #16
actually played games=16WIN_RATE=100.00%DAMAGE_DEALT=31MANA_SPENT=43CARDS_PLAYED=12TURNS_TAKEN=10MINIONS_PLAYED=21SPELLS_CAST=0HERO_POWER_USED=1

opponent=Toefoo Rank 1 Oil Rogue
actually played games=16WIN_RATE=93.75%DAMAGE_DEALT=27MANA_SPENT=37CARDS_PLAYED=11TURNS_TAKEN=9MINIONS_PLAYED=19SPELLS_CAST=0HERO_POWER_USED=1

opponent=Neviilz MalyGod Meta Snapshot #18
actually played games=16WIN_RATE=100.00%DAMAGE_DEALT=22MANA_SPENT=40CARDS_PLAYED=11TURNS_TAKEN=9MINIONS_PLAYED=19SPELLS_CAST=0HERO_POWER_USED=1

=====
JENETICS STATISTICS
=====
+---------------------------------------------------------------------------+
|  Time statistics                                                          |
+---------------------------------------------------------------------------+
|             Selection: sum=0.006618269000 s; mean=0.000132365380 s        |
|              Altering: sum=0.021035315000 s; mean=0.000420706300 s        |
|   Fitness calculation: sum=261.824293484000 s; mean=5.236485869680 s      |
|     Overall execution: sum=261.856962392000 s; mean=5.237139247840 s      |
+---------------------------------------------------------------------------+
|  Evolution statistics                                                     |
+---------------------------------------------------------------------------+
|           Generations: 50                                                 |
|               Altered: sum=117; mean=2.340000000                          |
|                Killed: sum=0; mean=0.000000000                            |
|              Invalids: sum=7; mean=0.140000000                            |
+---------------------------------------------------------------------------+
|  Population statistics                                                    |
+---------------------------------------------------------------------------+
|                   Age: max=26; mean=7.288000; var=46.566188               |
|               Fitness:                                                    |
|                      min  = 4.000000000000                                |
|                      max  = 116.000000000000                              |
|                      mean = 98.760000000000                               |
|                      var  = 832.523446893788                              |
|                      std  = 28.853482404968                               |
+---------------------------------------------------------------------------+
infeasible rate=0
