
=====
(10, 20)-EA
=====
population size=20
max generations=0.9
max fitness=128
number of games=16.0
hero class=HUNTER

opponents=[Aggro Paladin Meta Snapshot #17, Toefoo Rank 1 Cwarrior, Neviilz MalyGod Meta Snapshot #18, Phonetap's Mech Shaman, Mid-Range Druid Meta Snapshot #16, Purple Rank #1 Legend Midrange Hunter, Toefoo Rank 1 Oil Rogue, MatGagne Shadow Madness Priest, Hyunher Tempo Mage]
=====
GENERATION 0
=====
best=97
worst=0
infeasible rate=0.2
mutation rate=0.45
=====

=====
GENERATION 5
=====
best=99
worst=0
infeasible rate=0.5
mutation rate=0.225
=====

=====
GENERATION 10
=====
best=103
worst=16
infeasible rate=0.55
mutation rate=0.1125
=====

=====
GENERATION 15
=====
best=103
worst=20
infeasible rate=0.75
mutation rate=0.05625
=====

=====
GENERATION 20
=====
best=103
worst=27
infeasible rate=0.8
mutation rate=0.028125
=====

=====
GENERATION 25
=====
best=103
worst=0
infeasible rate=1.25
mutation rate=0.0140625
=====

=====
GENERATION 30
=====
best=103
worst=0
infeasible rate=1.4
mutation rate=0.00703125
=====

=====
GENERATION 35
=====
best=103
worst=23
infeasible rate=1.65
mutation rate=0.003515625
=====

=====
GENERATION 40
=====
best=103
worst=16
infeasible rate=1.9
mutation rate=0.0017578125
=====

=====
GENERATION 45
=====
best=103
worst=0
infeasible rate=2.2
mutation rate=8.7890625E-4
=====

=====
BEST
=====
[name=Harvest Golem, class=ANY, rarity=COMMON, mana=3]
[name=Priestess of Elune, class=ANY, rarity=COMMON, mana=6]
[name=Tournament Attendee, class=ANY, rarity=COMMON, mana=1]
[name=Leper Gnome, class=ANY, rarity=COMMON, mana=1]
[name=Ancient Curse, class=ANY, rarity=COMMON, mana=0]
[name=Boulderfist Ogre, class=ANY, rarity=FREE, mana=6]
[name=Steady Shot, class=HUNTER, rarity=FREE, mana=2]
[name=Booty Bay Bodyguard, class=ANY, rarity=FREE, mana=5]
[name=Stormwind Knight, class=ANY, rarity=FREE, mana=4]
[name=Violet Apprentice, class=ANY, rarity=FREE, mana=1]
[name=Spellbreaker, class=ANY, rarity=COMMON, mana=4]
[name=Twin Emperor Vek'nilash, class=ANY, rarity=LEGENDARY, mana=7]
[name=Spider, class=HUNTER, rarity=FREE, mana=1]
[name=Wisp, class=ANY, rarity=COMMON, mana=0]
[name=Youthful Brewmaster, class=ANY, rarity=COMMON, mana=2]
[name=Pompous Thespian, class=ANY, rarity=COMMON, mana=2]
[name=On the Hunt, class=HUNTER, rarity=COMMON, mana=1]
[name=Infested Wolf, class=HUNTER, rarity=RARE, mana=4]
[name=Tundra Rhino, class=HUNTER, rarity=FREE, mana=5]
[name=Aya Blackpaw, class=ANY, rarity=LEGENDARY, mana=6]
[name=Soggoth the Slitherer, class=ANY, rarity=LEGENDARY, mana=9]
[name=Cogmaster, class=ANY, rarity=COMMON, mana=1]
[name=Stormwind Champion, class=ANY, rarity=FREE, mana=7]
[name=Mechwarper, class=ANY, rarity=COMMON, mana=2]
[name=Acolyte of Pain, class=ANY, rarity=COMMON, mana=3]
[name=The Curator, class=ANY, rarity=LEGENDARY, mana=7]
[name=King's Elekk, class=HUNTER, rarity=COMMON, mana=2]
[name=Dreadscale, class=HUNTER, rarity=LEGENDARY, mana=3]
[name=Dragonkin Sorcerer, class=ANY, rarity=RARE, mana=4]
[name=Mogor's Champion, class=ANY, rarity=RARE, mana=6]


=====
MANA CURVE
=====
1=6
2=5
3=3
4=4
5=2
6=4
7=3
7 or more=3

=====
FITNESS=108
=====

=====
GAME STATISTICS
=====

opponent=Purple Rank #1 Legend Midrange Hunter
WIN_RATE=93.75%DAMAGE_DEALT=35.4375HEALING_DONE=2.25MANA_SPENT=34.3125CARDS_PLAYED=14.1875TURNS_TAKEN=9.3125MINIONS_PLAYED=23.625HERO_POWER_USED=3.0625

opponent=MatGagne Shadow Madness Priest
WIN_RATE=81.25%DAMAGE_DEALT=43.3125HEALING_DONE=4.0MANA_SPENT=37.5CARDS_PLAYED=14.3125TURNS_TAKEN=9.5625MINIONS_PLAYED=24.8125SPELLS_CAST=0.125HERO_POWER_USED=2.75

opponent=Toefoo Rank 1 Cwarrior
WIN_RATE=100.00%DAMAGE_DEALT=34.875HEALING_DONE=4.0MANA_SPENT=37.9375CARDS_PLAYED=13.625TURNS_TAKEN=9.6875MINIONS_PLAYED=23.875HERO_POWER_USED=2.375

opponent=Phonetap's Mech Shaman
WIN_RATE=81.25%DAMAGE_DEALT=32.625HEALING_DONE=3.25MANA_SPENT=30.4375CARDS_PLAYED=11.125TURNS_TAKEN=8.375MINIONS_PLAYED=20.3125SPELLS_CAST=0.0625HERO_POWER_USED=1.6875

opponent=Aggro Paladin Meta Snapshot #17
WIN_RATE=81.25%DAMAGE_DEALT=35.4375HEALING_DONE=4.5MANA_SPENT=35.5CARDS_PLAYED=13.1875TURNS_TAKEN=9.25MINIONS_PLAYED=23.0625HERO_POWER_USED=2.6875

opponent=Hyunher Tempo Mage
WIN_RATE=93.75%DAMAGE_DEALT=31.875HEALING_DONE=3.25MANA_SPENT=31.5625CARDS_PLAYED=11.875TURNS_TAKEN=8.625MINIONS_PLAYED=21.9375HERO_POWER_USED=1.5

opponent=Mid-Range Druid Meta Snapshot #16
WIN_RATE=75.00%DAMAGE_DEALT=38.4375HEALING_DONE=2.0MANA_SPENT=30.625CARDS_PLAYED=12.6875TURNS_TAKEN=8.6875MINIONS_PLAYED=21.4375HERO_POWER_USED=2.75

opponent=Toefoo Rank 1 Oil Rogue
WIN_RATE=75.00%DAMAGE_DEALT=39.625HEALING_DONE=5.5MANA_SPENT=36.375CARDS_PLAYED=11.9375TURNS_TAKEN=9.0625MINIONS_PLAYED=22.8125SPELLS_CAST=0.0625HERO_POWER_USED=1.3125

opponent=Neviilz MalyGod Meta Snapshot #18
WIN_RATE=75.00%DAMAGE_DEALT=42.1875HEALING_DONE=4.25MANA_SPENT=39.4375CARDS_PLAYED=13.5625TURNS_TAKEN=9.375MINIONS_PLAYED=24.8125SPELLS_CAST=0.0625HERO_POWER_USED=1.875

=====
JENETICS STATISTICS
=====
+---------------------------------------------------------------------------+
|  Time statistics                                                          |
+---------------------------------------------------------------------------+
|             Selection: sum=0.005483082000 s; mean=0.000109661640 s        |
|              Altering: sum=0.067980940000 s; mean=0.001359618800 s        |
|   Fitness calculation: sum=984.844191342000 s; mean=19.696883826840 s     |
|     Overall execution: sum=984.934124375000 s; mean=19.698682487500 s     |
+---------------------------------------------------------------------------+
|  Evolution statistics                                                     |
+---------------------------------------------------------------------------+
|           Generations: 50                                                 |
|               Altered: sum=530; mean=10.600000000                         |
|                Killed: sum=0; mean=0.000000000                            |
|              Invalids: sum=0; mean=0.000000000                            |
+---------------------------------------------------------------------------+
|  Population statistics                                                    |
+---------------------------------------------------------------------------+
|                   Age: max=39; mean=9.062000; var=131.113269              |
|               Fitness:                                                    |
|                      min  = 0.000000000000                                |
|                      max  = 108.000000000000                              |
|                      mean = 78.428000000000                               |
|                      var  = 920.705521521522                              |
|                      std  = 30.343129725220                               |
+---------------------------------------------------------------------------+
infeasible rate=1225
