
=====
(10, 20)-EA
=====
population size=20
max generations=0.9
max fitness=128
number of games=16.0
hero class=HUNTER

opponents=[Aggro Paladin Meta Snapshot #17, Toefoo Rank 1 Cwarrior, Neviilz MalyGod Meta Snapshot #18, Phonetap's Mech Shaman, Mid-Range Druid Meta Snapshot #16, Purple Rank #1 Legend Midrange Hunter, Toefoo Rank 1 Oil Rogue, MatGagne Shadow Madness Priest, Hyunher Tempo Mage]
=====
GENERATION 0
=====
best=105
worst=27
infeasible rate=0.1
mutation rate=0.45
=====

=====
GENERATION 5
=====
best=122
worst=26
infeasible rate=0.35
mutation rate=0.225
=====

=====
GENERATION 10
=====
best=122
worst=0
infeasible rate=0.65
mutation rate=0.1125
=====

=====
GENERATION 15
=====
best=122
worst=0
infeasible rate=0.95
mutation rate=0.05625
=====

=====
GENERATION 20
=====
best=122
worst=21
infeasible rate=1.05
mutation rate=0.028125
=====

=====
GENERATION 25
=====
best=122
worst=0
infeasible rate=1.25
mutation rate=0.0140625
=====

=====
GENERATION 30
=====
best=122
worst=0
infeasible rate=1.45
mutation rate=0.00703125
=====

=====
GENERATION 35
=====
best=122
worst=43
infeasible rate=1.55
mutation rate=0.003515625
=====

=====
GENERATION 40
=====
best=122
worst=0
infeasible rate=1.8
mutation rate=0.0017578125
=====

=====
GENERATION 45
=====
best=122
worst=0
infeasible rate=2.15
mutation rate=8.7890625E-4
=====

=====
BEST
=====
[name=Baron Rivendare, class=ANY, rarity=LEGENDARY, mana=4]
[name=Ysera Awakens, class=ANY, rarity=FREE, mana=2]
[name=Reckless Rocketeer, class=ANY, rarity=FREE, mana=6]
[name=Illidan Stormrage, class=ANY, rarity=LEGENDARY, mana=6]
[name=Backstreet Leper, class=ANY, rarity=COMMON, mana=3]
[name=Burly Rockjaw Trogg, class=ANY, rarity=COMMON, mana=4]
[name=King of Beasts, class=HUNTER, rarity=RARE, mana=5]
[name=Whelp, class=ANY, rarity=FREE, mana=1]
[name=Wild Pyromancer, class=ANY, rarity=RARE, mana=2]
[name=Sunwalker, class=ANY, rarity=RARE, mana=6]
[name=Cyclopian Horror, class=ANY, rarity=EPIC, mana=4]
[name=Powershot, class=HUNTER, rarity=RARE, mana=3]
[name=Eydis Darkbane, class=ANY, rarity=LEGENDARY, mana=3]
[name=I Am Murloc, class=ANY, rarity=FREE, mana=4]
[name=Gallywix's Coin, class=ANY, rarity=FREE, mana=0]
[name=Venture Co. Mercenary, class=ANY, rarity=COMMON, mana=5]
[name=Oasis Snapjaw, class=ANY, rarity=FREE, mana=4]
[name=Shaky Zipgunner, class=HUNTER, rarity=COMMON, mana=3]
[name=Sen'jin Shieldmasta, class=ANY, rarity=FREE, mana=4]
[name=Fel Reaver, class=ANY, rarity=EPIC, mana=5]
[name=Fossilized Devilsaur, class=ANY, rarity=COMMON, mana=8]
[name=Chillwind Yeti, class=ANY, rarity=FREE, mana=4]
[name=Sunfury Protector, class=ANY, rarity=RARE, mana=2]
[name=The Curator, class=ANY, rarity=LEGENDARY, mana=7]
[name=Mastiff, class=HUNTER, rarity=COMMON, mana=1]
[name=Undertaker, class=ANY, rarity=COMMON, mana=1]
[name=Bear Trap, class=HUNTER, rarity=COMMON, mana=2]
[name=Webspinner, class=HUNTER, rarity=COMMON, mana=1]
[name=Tentacle of N'Zoth, class=ANY, rarity=COMMON, mana=1]
[name=Scavenging Hyena, class=HUNTER, rarity=COMMON, mana=2]


=====
MANA CURVE
=====
1=5
2=5
3=4
4=7
5=3
6=3
7=1
7 or more=2

=====
FITNESS=123
=====

=====
GAME STATISTICS
=====

opponent=Purple Rank #1 Legend Midrange Hunter
WIN_RATE=93.75%DAMAGE_DEALT=43.0625MANA_SPENT=29.0625CARDS_PLAYED=12.3125TURNS_TAKEN=8.375MINIONS_PLAYED=18.1875SPELLS_CAST=1.0HERO_POWER_USED=2.25

opponent=MatGagne Shadow Madness Priest
WIN_RATE=93.75%DAMAGE_DEALT=45.375MANA_SPENT=30.0CARDS_PLAYED=11.875TURNS_TAKEN=8.75MINIONS_PLAYED=16.25SPELLS_CAST=0.9375HERO_POWER_USED=2.8125

opponent=Toefoo Rank 1 Cwarrior
WIN_RATE=93.75%DAMAGE_DEALT=45.6875MANA_SPENT=25.25CARDS_PLAYED=12.4375TURNS_TAKEN=8.3125MINIONS_PLAYED=17.4375SPELLS_CAST=1.0625HERO_POWER_USED=2.6875

opponent=Phonetap's Mech Shaman
WIN_RATE=100.00%DAMAGE_DEALT=52.3125MANA_SPENT=30.25CARDS_PLAYED=12.6875TURNS_TAKEN=8.8125MINIONS_PLAYED=17.75SPELLS_CAST=1.0625HERO_POWER_USED=2.75

opponent=Aggro Paladin Meta Snapshot #17
WIN_RATE=93.75%DAMAGE_DEALT=32.25MANA_SPENT=25.8125CARDS_PLAYED=11.375TURNS_TAKEN=8.0625MINIONS_PLAYED=17.375SPELLS_CAST=0.75HERO_POWER_USED=1.9375

opponent=Hyunher Tempo Mage
WIN_RATE=100.00%DAMAGE_DEALT=39.8125MANA_SPENT=26.1875CARDS_PLAYED=11.9375TURNS_TAKEN=8.125MINIONS_PLAYED=17.625SPELLS_CAST=0.8125HERO_POWER_USED=2.3125

opponent=Mid-Range Druid Meta Snapshot #16
WIN_RATE=93.75%DAMAGE_DEALT=41.375MANA_SPENT=28.1875CARDS_PLAYED=11.5TURNS_TAKEN=8.5625MINIONS_PLAYED=16.875SPELLS_CAST=1.0625HERO_POWER_USED=2.0

opponent=Toefoo Rank 1 Oil Rogue
WIN_RATE=100.00%DAMAGE_DEALT=48.875MANA_SPENT=27.125CARDS_PLAYED=12.375TURNS_TAKEN=8.4375MINIONS_PLAYED=17.75SPELLS_CAST=1.1875HERO_POWER_USED=2.3125

opponent=Neviilz MalyGod Meta Snapshot #18
WIN_RATE=93.75%DAMAGE_DEALT=44.3125MANA_SPENT=27.0CARDS_PLAYED=10.6875TURNS_TAKEN=7.8125MINIONS_PLAYED=16.9375SPELLS_CAST=0.75HERO_POWER_USED=1.5

=====
JENETICS STATISTICS
=====
+---------------------------------------------------------------------------+
|  Time statistics                                                          |
+---------------------------------------------------------------------------+
|             Selection: sum=0.006101996000 s; mean=0.000122039920 s        |
|              Altering: sum=0.055310692000 s; mean=0.001106213840 s        |
|   Fitness calculation: sum=860.852841120000 s; mean=17.217056822400 s     |
|     Overall execution: sum=860.930995842000 s; mean=17.218619916840 s     |
+---------------------------------------------------------------------------+
|  Evolution statistics                                                     |
+---------------------------------------------------------------------------+
|           Generations: 50                                                 |
|               Altered: sum=460; mean=9.200000000                          |
|                Killed: sum=0; mean=0.000000000                            |
|              Invalids: sum=0; mean=0.000000000                            |
+---------------------------------------------------------------------------+
|  Population statistics                                                    |
+---------------------------------------------------------------------------+
|                   Age: max=46; mean=14.283000; var=231.958870             |
|               Fitness:                                                    |
|                      min  = 0.000000000000                                |
|                      max  = 123.000000000000                              |
|                      mean = 98.792000000000                               |
|                      var  = 1173.632368368368                             |
|                      std  = 34.258318236136                               |
+---------------------------------------------------------------------------+
infeasible rate=1081
