
=====
(10, 20)-EA
=====
population size=20
max generations=0.9
max fitness=128
number of games=16.0
hero class=HUNTER

opponents=[Aggro Paladin Meta Snapshot #17, Toefoo Rank 1 Cwarrior, Neviilz MalyGod Meta Snapshot #18, Phonetap's Mech Shaman, Mid-Range Druid Meta Snapshot #16, Purple Rank #1 Legend Midrange Hunter, Toefoo Rank 1 Oil Rogue, MatGagne Shadow Madness Priest, Hyunher Tempo Mage]
=====
GENERATION 0
=====
best=104
worst=0
infeasible rate=0.2
mutation rate=0.45
=====

=====
GENERATION 5
=====
best=104
worst=0
infeasible rate=0.55
mutation rate=0.225
=====

=====
GENERATION 10
=====
best=111
worst=0
infeasible rate=1.0
mutation rate=0.1125
=====

=====
GENERATION 15
=====
best=111
worst=0
infeasible rate=1.45
mutation rate=0.05625
=====

=====
GENERATION 20
=====
best=111
worst=30
infeasible rate=1.6
mutation rate=0.028125
=====

=====
GENERATION 25
=====
best=111
worst=0
infeasible rate=1.85
mutation rate=0.0140625
=====

=====
GENERATION 30
=====
best=111
worst=0
infeasible rate=2.15
mutation rate=0.00703125
=====

=====
GENERATION 35
=====
best=111
worst=33
infeasible rate=2.35
mutation rate=0.003515625
=====

=====
GENERATION 40
=====
best=111
worst=0
infeasible rate=2.45
mutation rate=0.0017578125
=====

=====
GENERATION 45
=====
best=111
worst=0
infeasible rate=2.7
mutation rate=8.7890625E-4
=====

=====
BEST
=====
[name=Knuckles, class=HUNTER, rarity=LEGENDARY, mana=5]
[name=Harvest Golem, class=ANY, rarity=COMMON, mana=3]
[name=Target Dummy, class=ANY, rarity=RARE, mana=0]
[name=Chicken, class=ANY, rarity=FREE, mana=0]
[name=Millhouse Manastorm, class=ANY, rarity=LEGENDARY, mana=2]
[name=Onyxia, class=ANY, rarity=LEGENDARY, mana=9]
[name=Steward, class=ANY, rarity=LEGENDARY, mana=1]
[name=Madder Bomber, class=ANY, rarity=RARE, mana=5]
[name=Validated Doomsayer, class=ANY, rarity=EPIC, mana=5]
[name=North Sea Kraken, class=ANY, rarity=COMMON, mana=9]
[name=Bloodmage Thalnos, class=ANY, rarity=LEGENDARY, mana=2]
[name=Fen Creeper, class=ANY, rarity=COMMON, mana=5]
[name=Questing Adventurer, class=ANY, rarity=RARE, mana=3]
[name=Fel Orc Soulfiend, class=ANY, rarity=EPIC, mana=3]
[name=Fel Orc Soulfiend, class=ANY, rarity=EPIC, mana=3]
[name=Aberrant Berserker, class=ANY, rarity=COMMON, mana=4]
[name=Blowgill Sniper, class=ANY, rarity=COMMON, mana=2]
[name=Imp, class=ANY, rarity=RARE, mana=1]
[name=Emerald Drake, class=ANY, rarity=FREE, mana=4]
[name=Grotesque Dragonhawk, class=ANY, rarity=COMMON, mana=7]
[name=Savannah Highmane, class=HUNTER, rarity=RARE, mana=6]
[name=Gormok the Impaler, class=ANY, rarity=LEGENDARY, mana=4]
[name=Cult Master, class=ANY, rarity=COMMON, mana=4]
[name=C'Thun's Chosen, class=ANY, rarity=COMMON, mana=4]
[name=Laughing Sister, class=ANY, rarity=FREE, mana=3]
[name=Laughing Sister, class=ANY, rarity=FREE, mana=3]
[name=Leatherclad Hogleader, class=ANY, rarity=EPIC, mana=6]
[name=Medivh, the Guardian, class=ANY, rarity=LEGENDARY, mana=8]
[name=Clockwork Gnome, class=ANY, rarity=COMMON, mana=1]
[name=Pit Fighter, class=ANY, rarity=COMMON, mana=5]


=====
MANA CURVE
=====
1=3
2=3
3=6
4=5
5=5
6=2
7=1
7 or more=5

=====
FITNESS=111
=====

=====
GAME STATISTICS
=====

opponent=Purple Rank #1 Legend Midrange Hunter
WIN_RATE=81.25%DAMAGE_DEALT=38.75MANA_SPENT=26.4375CARDS_PLAYED=11.75TURNS_TAKEN=7.75MINIONS_PLAYED=19.0SPELLS_CAST=0.3125HERO_POWER_USED=2.25WEAPONS_EQUIPPED=0.3125

opponent=MatGagne Shadow Madness Priest
WIN_RATE=62.50%DAMAGE_DEALT=43.375MANA_SPENT=30.0625CARDS_PLAYED=12.3125TURNS_TAKEN=8.125MINIONS_PLAYED=20.6875SPELLS_CAST=0.5HERO_POWER_USED=1.875WEAPONS_EQUIPPED=0.375

opponent=Toefoo Rank 1 Cwarrior
WIN_RATE=87.50%DAMAGE_DEALT=42.875MANA_SPENT=30.125CARDS_PLAYED=12.5625TURNS_TAKEN=8.4375MINIONS_PLAYED=20.9375SPELLS_CAST=0.375HERO_POWER_USED=2.125WEAPONS_EQUIPPED=0.3125

opponent=Phonetap's Mech Shaman
WIN_RATE=87.50%DAMAGE_DEALT=30.0625MANA_SPENT=23.0CARDS_PLAYED=10.6875TURNS_TAKEN=7.4375MINIONS_PLAYED=17.3125SPELLS_CAST=0.1875HERO_POWER_USED=2.0WEAPONS_EQUIPPED=0.125

opponent=Aggro Paladin Meta Snapshot #17
WIN_RATE=81.25%DAMAGE_DEALT=37.9375MANA_SPENT=30.875CARDS_PLAYED=11.9375TURNS_TAKEN=8.3125MINIONS_PLAYED=20.125SPELLS_CAST=0.1875HERO_POWER_USED=2.0WEAPONS_EQUIPPED=0.5

opponent=Hyunher Tempo Mage
WIN_RATE=100.00%DAMAGE_DEALT=36.3125MANA_SPENT=27.3125CARDS_PLAYED=11.0TURNS_TAKEN=7.9375MINIONS_PLAYED=19.0625SPELLS_CAST=0.1875HERO_POWER_USED=1.625WEAPONS_EQUIPPED=0.25

opponent=Mid-Range Druid Meta Snapshot #16
WIN_RATE=93.75%DAMAGE_DEALT=38.1875MANA_SPENT=28.3125CARDS_PLAYED=11.6875TURNS_TAKEN=8.3125MINIONS_PLAYED=19.5625SPELLS_CAST=0.25HERO_POWER_USED=2.1875WEAPONS_EQUIPPED=0.3125

opponent=Toefoo Rank 1 Oil Rogue
WIN_RATE=93.75%DAMAGE_DEALT=34.8125MANA_SPENT=26.5CARDS_PLAYED=11.3125TURNS_TAKEN=8.0625MINIONS_PLAYED=17.875SPELLS_CAST=0.375HERO_POWER_USED=2.1875WEAPONS_EQUIPPED=0.25

opponent=Neviilz MalyGod Meta Snapshot #18
WIN_RATE=87.50%DAMAGE_DEALT=31.5625MANA_SPENT=24.75CARDS_PLAYED=10.625TURNS_TAKEN=7.6875MINIONS_PLAYED=17.3125SPELLS_CAST=0.0625HERO_POWER_USED=2.0625WEAPONS_EQUIPPED=0.3125

=====
JENETICS STATISTICS
=====
+---------------------------------------------------------------------------+
|  Time statistics                                                          |
+---------------------------------------------------------------------------+
|             Selection: sum=0.005256519000 s; mean=0.000105130380 s        |
|              Altering: sum=0.057980765000 s; mean=0.001159615300 s        |
|   Fitness calculation: sum=726.366424887000 s; mean=14.527328497740 s     |
|     Overall execution: sum=726.446043242000 s; mean=14.528920864840 s     |
+---------------------------------------------------------------------------+
|  Evolution statistics                                                     |
+---------------------------------------------------------------------------+
|           Generations: 50                                                 |
|               Altered: sum=530; mean=10.600000000                         |
|                Killed: sum=0; mean=0.000000000                            |
|              Invalids: sum=0; mean=0.000000000                            |
+---------------------------------------------------------------------------+
|  Population statistics                                                    |
+---------------------------------------------------------------------------+
|                   Age: max=39; mean=11.299000; var=156.530129             |
|               Fitness:                                                    |
|                      min  = 0.000000000000                                |
|                      max  = 111.000000000000                              |
|                      mean = 86.367000000000                               |
|                      var  = 1177.187498498499                             |
|                      std  = 34.310166110039                               |
+---------------------------------------------------------------------------+
infeasible rate=1711
