
=====
(10, 20)-EA
=====
population size=20
max generations=0.9
max fitness=128
number of games=16.0
hero class=HUNTER

opponents=[Aggro Paladin Meta Snapshot #17, Toefoo Rank 1 Cwarrior, Neviilz MalyGod Meta Snapshot #18, Phonetap's Mech Shaman, Mid-Range Druid Meta Snapshot #16, Purple Rank #1 Legend Midrange Hunter, Toefoo Rank 1 Oil Rogue, MatGagne Shadow Madness Priest, Hyunher Tempo Mage]
=====
GENERATION 0
=====
best=104
worst=0
infeasible rate=0.15
mutation rate=0.45
=====

=====
GENERATION 5
=====
best=104
worst=42
infeasible rate=0.25
mutation rate=0.225
=====

=====
GENERATION 10
=====
best=123
worst=0
infeasible rate=0.45
mutation rate=0.1125
=====

=====
GENERATION 15
=====
best=123
worst=0
infeasible rate=0.95
mutation rate=0.05625
=====

=====
GENERATION 20
=====
best=123
worst=16
infeasible rate=1.05
mutation rate=0.028125
=====

=====
GENERATION 25
=====
best=123
worst=56
infeasible rate=1.15
mutation rate=0.0140625
=====

=====
GENERATION 30
=====
best=123
worst=56
infeasible rate=1.4
mutation rate=0.00703125
=====

=====
GENERATION 35
=====
best=123
worst=15
infeasible rate=1.5
mutation rate=0.003515625
=====

=====
GENERATION 40
=====
best=123
worst=15
infeasible rate=1.75
mutation rate=0.0017578125
=====

=====
GENERATION 45
=====
best=123
worst=41
infeasible rate=1.75
mutation rate=8.7890625E-4
=====

=====
BEST
=====
[name=Pantry Spider, class=ANY, rarity=COMMON, mana=3]
[name=Kvaldir Raider, class=ANY, rarity=COMMON, mana=5]
[name=Lotus Agents, class=ANY, rarity=RARE, mana=5]
[name=Leper Gnome, class=ANY, rarity=COMMON, mana=1]
[name=Dispatch Kodo, class=HUNTER, rarity=RARE, mana=4]
[name=Backstreet Leper, class=ANY, rarity=COMMON, mana=3]
[name=Timber Wolf, class=HUNTER, rarity=FREE, mana=1]
[name=Ooze, class=ANY, rarity=COMMON, mana=1]
[name=Menagerie Magician, class=ANY, rarity=COMMON, mana=5]
[name=Kel'Thuzad, class=ANY, rarity=LEGENDARY, mana=8]
[name=Clockwork Giant, class=ANY, rarity=EPIC, mana=12]
[name=Wily Runt, class=ANY, rarity=FREE, mana=2]
[name=Ironbeak Owl, class=ANY, rarity=COMMON, mana=3]
[name=Deathwing, class=ANY, rarity=LEGENDARY, mana=10]
[name=Spellbreaker, class=ANY, rarity=COMMON, mana=4]
[name=Blubber Baron, class=ANY, rarity=EPIC, mana=3]
[name=Bilefin Tidehunter, class=ANY, rarity=COMMON, mana=2]
[name=Summoning Stone, class=ANY, rarity=RARE, mana=5]
[name=Damaged Golem, class=ANY, rarity=COMMON, mana=1]
[name=Squirming Tentacle, class=ANY, rarity=COMMON, mana=3]
[name=Atiesh, class=ANY, rarity=LEGENDARY, mana=3]
[name=Jeeves, class=ANY, rarity=RARE, mana=4]
[name=Mummy Zombie, class=ANY, rarity=FREE, mana=3]
[name=Skeram Cultist, class=ANY, rarity=RARE, mana=6]
[name=Garrison Commander, class=ANY, rarity=EPIC, mana=2]
[name=Worgen Infiltrator, class=ANY, rarity=COMMON, mana=1]
[name=DIE, INSECT!, class=ANY, rarity=FREE, mana=2]
[name=Razorfen Hunter, class=ANY, rarity=FREE, mana=3]
[name=Coldlight Seer, class=ANY, rarity=RARE, mana=3]
[name=Patches the Pirate, class=ANY, rarity=LEGENDARY, mana=1]


=====
MANA CURVE
=====
1=6
2=4
3=9
4=3
5=4
6=1
7=0
7 or more=3

=====
FITNESS=123
=====

=====
GAME STATISTICS
=====

opponent=Purple Rank #1 Legend Midrange Hunter
WIN_RATE=100.00%DAMAGE_DEALT=48.6875MANA_SPENT=10.125CARDS_PLAYED=9.5625TURNS_TAKEN=6.0625MINIONS_PLAYED=9.6875SPELLS_CAST=0.125HERO_POWER_USED=4.9375

opponent=MatGagne Shadow Madness Priest
WIN_RATE=100.00%DAMAGE_DEALT=54.5625MANA_SPENT=8.5CARDS_PLAYED=9.6875TURNS_TAKEN=6.25MINIONS_PLAYED=8.625HERO_POWER_USED=5.8125

opponent=Toefoo Rank 1 Cwarrior
WIN_RATE=93.75%DAMAGE_DEALT=41.5625MANA_SPENT=7.5625CARDS_PLAYED=7.8125TURNS_TAKEN=5.4375MINIONS_PLAYED=7.1875SPELLS_CAST=0.125HERO_POWER_USED=4.375

opponent=Phonetap's Mech Shaman
WIN_RATE=93.75%DAMAGE_DEALT=44.1875MANA_SPENT=10.0625CARDS_PLAYED=8.9375TURNS_TAKEN=6.125MINIONS_PLAYED=9.25HERO_POWER_USED=4.5625

opponent=Aggro Paladin Meta Snapshot #17
WIN_RATE=87.50%DAMAGE_DEALT=39.5MANA_SPENT=8.8125CARDS_PLAYED=7.6875TURNS_TAKEN=5.375MINIONS_PLAYED=8.8125HERO_POWER_USED=3.6875

opponent=Hyunher Tempo Mage
WIN_RATE=93.75%DAMAGE_DEALT=48.0MANA_SPENT=10.25CARDS_PLAYED=9.5TURNS_TAKEN=6.125MINIONS_PLAYED=10.125HERO_POWER_USED=4.9375

opponent=Mid-Range Druid Meta Snapshot #16
WIN_RATE=100.00%DAMAGE_DEALT=42.0MANA_SPENT=6.6875CARDS_PLAYED=7.6875TURNS_TAKEN=5.5625MINIONS_PLAYED=7.125HERO_POWER_USED=4.5625

opponent=Toefoo Rank 1 Oil Rogue
WIN_RATE=93.75%DAMAGE_DEALT=45.0MANA_SPENT=13.9375CARDS_PLAYED=9.5TURNS_TAKEN=6.4375MINIONS_PLAYED=11.875HERO_POWER_USED=4.0625

opponent=Neviilz MalyGod Meta Snapshot #18
WIN_RATE=100.00%DAMAGE_DEALT=51.25MANA_SPENT=10.9375CARDS_PLAYED=9.5TURNS_TAKEN=6.4375MINIONS_PLAYED=10.4375HERO_POWER_USED=4.75

=====
JENETICS STATISTICS
=====
+---------------------------------------------------------------------------+
|  Time statistics                                                          |
+---------------------------------------------------------------------------+
|             Selection: sum=0.006036171000 s; mean=0.000120723420 s        |
|              Altering: sum=0.063908799000 s; mean=0.001278175980 s        |
|   Fitness calculation: sum=906.915377429000 s; mean=18.138307548580 s     |
|     Overall execution: sum=907.003264975000 s; mean=18.140065299500 s     |
+---------------------------------------------------------------------------+
|  Evolution statistics                                                     |
+---------------------------------------------------------------------------+
|           Generations: 50                                                 |
|               Altered: sum=520; mean=10.400000000                         |
|                Killed: sum=0; mean=0.000000000                            |
|              Invalids: sum=0; mean=0.000000000                            |
+---------------------------------------------------------------------------+
|  Population statistics                                                    |
+---------------------------------------------------------------------------+
|                   Age: max=41; mean=11.559000; var=170.719238             |
|               Fitness:                                                    |
|                      min  = 0.000000000000                                |
|                      max  = 123.000000000000                              |
|                      mean = 96.497000000000                               |
|                      var  = 1251.445436436437                             |
|                      std  = 35.375774711467                               |
+---------------------------------------------------------------------------+
infeasible rate=1081
