
=====
(10, 20)-EA
=====
population size=20
max generations=0.9
max fitness=128
number of games=16.0
hero class=HUNTER

opponents=[Aggro Paladin Meta Snapshot #17, Toefoo Rank 1 Cwarrior, Neviilz MalyGod Meta Snapshot #18, Phonetap's Mech Shaman, Mid-Range Druid Meta Snapshot #16, Purple Rank #1 Legend Midrange Hunter, Toefoo Rank 1 Oil Rogue, MatGagne Shadow Madness Priest, Hyunher Tempo Mage]
=====
GENERATION 0
=====
best=110
worst=54
infeasible rate=0.15
mutation rate=0.45
=====

=====
GENERATION 5
=====
best=110
worst=55
infeasible rate=0.45
mutation rate=0.225
=====

=====
GENERATION 10
=====
best=112
worst=0
infeasible rate=0.75
mutation rate=0.1125
=====

=====
GENERATION 15
=====
best=112
worst=47
infeasible rate=0.95
mutation rate=0.05625
=====

=====
GENERATION 20
=====
best=112
worst=0
infeasible rate=1.2
mutation rate=0.028125
=====

=====
GENERATION 25
=====
best=112
worst=0
infeasible rate=1.6
mutation rate=0.0140625
=====

=====
GENERATION 30
=====
best=112
worst=0
infeasible rate=1.85
mutation rate=0.00703125
=====

=====
GENERATION 35
=====
best=112
worst=0
infeasible rate=2.05
mutation rate=0.003515625
=====

=====
GENERATION 40
=====
best=112
worst=36
infeasible rate=2.1
mutation rate=0.0017578125
=====

=====
GENERATION 45
=====
best=112
worst=0
infeasible rate=2.3
mutation rate=8.7890625E-4
=====

=====
BEST
=====
[name=Wolfrider, class=ANY, rarity=FREE, mana=3]
[name=Scaled Nightmare, class=ANY, rarity=EPIC, mana=6]
[name=Jungle Panther, class=ANY, rarity=COMMON, mana=3]
[name=Refreshment Vendor, class=ANY, rarity=COMMON, mana=4]
[name=Steward, class=ANY, rarity=LEGENDARY, mana=1]
[name=Sylvanas Windrunner, class=ANY, rarity=LEGENDARY, mana=6]
[name=Twilight Summoner, class=ANY, rarity=EPIC, mana=4]
[name=Ballista Shot, class=HUNTER, rarity=FREE, mana=2]
[name=Malygos, class=ANY, rarity=LEGENDARY, mana=9]
[name=Tabbycat, class=HUNTER, rarity=FREE, mana=1]
[name=Arcane Shot, class=HUNTER, rarity=FREE, mana=1]
[name=Gallywix's Coin, class=ANY, rarity=FREE, mana=0]
[name=Rend Blackhand, class=ANY, rarity=LEGENDARY, mana=7]
[name=Twilight Elder, class=ANY, rarity=COMMON, mana=3]
[name=Cat Trick, class=HUNTER, rarity=RARE, mana=2]
[name=Arcane Anomaly, class=ANY, rarity=COMMON, mana=1]
[name=Fel Reaver, class=ANY, rarity=EPIC, mana=5]
[name=Madam Goya, class=ANY, rarity=LEGENDARY, mana=6]
[name=Corrupted Seer, class=ANY, rarity=RARE, mana=6]
[name=Acolyte of Pain, class=ANY, rarity=COMMON, mana=3]
[name=Backroom Bouncer, class=ANY, rarity=RARE, mana=4]
[name=Stampeding Kodo, class=ANY, rarity=RARE, mana=5]
[name=Mummy Zombie, class=ANY, rarity=FREE, mana=3]
[name=Worgen Greaser, class=ANY, rarity=COMMON, mana=4]
[name=Spectral Spider, class=ANY, rarity=COMMON, mana=1]
[name=Netherspite Historian, class=ANY, rarity=COMMON, mana=2]
[name=Mogu'shan Warden, class=ANY, rarity=COMMON, mana=4]
[name=Worgen Infiltrator, class=ANY, rarity=COMMON, mana=1]
[name=Goblin Sapper, class=ANY, rarity=RARE, mana=3]
[name=Rascally Runt, class=ANY, rarity=FREE, mana=2]


=====
MANA CURVE
=====
1=6
2=4
3=6
4=5
5=2
6=4
7=1
7 or more=2

=====
FITNESS=117
=====

=====
GAME STATISTICS
=====

opponent=Purple Rank #1 Legend Midrange Hunter
WIN_RATE=87.50%DAMAGE_DEALT=37.9375HEALING_DONE=6.5MANA_SPENT=20.3125CARDS_PLAYED=11.375TURNS_TAKEN=7.8125MINIONS_PLAYED=14.25HERO_POWER_USED=4.25

opponent=MatGagne Shadow Madness Priest
WIN_RATE=87.50%DAMAGE_DEALT=31.0HEALING_DONE=4.75MANA_SPENT=19.125CARDS_PLAYED=10.25TURNS_TAKEN=7.4375MINIONS_PLAYED=13.25HERO_POWER_USED=3.625

opponent=Toefoo Rank 1 Cwarrior
WIN_RATE=93.75%DAMAGE_DEALT=26.375HEALING_DONE=4.25MANA_SPENT=18.6875CARDS_PLAYED=10.25TURNS_TAKEN=7.5625MINIONS_PLAYED=12.875HERO_POWER_USED=3.8125

opponent=Phonetap's Mech Shaman
WIN_RATE=87.50%DAMAGE_DEALT=39.375HEALING_DONE=8.5MANA_SPENT=19.875CARDS_PLAYED=11.3125TURNS_TAKEN=7.75MINIONS_PLAYED=13.5HERO_POWER_USED=4.5625

opponent=Aggro Paladin Meta Snapshot #17
WIN_RATE=93.75%DAMAGE_DEALT=37.5625HEALING_DONE=5.5MANA_SPENT=18.9375CARDS_PLAYED=12.1875TURNS_TAKEN=8.0MINIONS_PLAYED=13.6875HERO_POWER_USED=5.375

opponent=Hyunher Tempo Mage
WIN_RATE=93.75%DAMAGE_DEALT=26.9375HEALING_DONE=4.75MANA_SPENT=18.5625CARDS_PLAYED=9.5625TURNS_TAKEN=7.375MINIONS_PLAYED=12.625HERO_POWER_USED=3.25

opponent=Mid-Range Druid Meta Snapshot #16
WIN_RATE=87.50%DAMAGE_DEALT=29.125HEALING_DONE=3.25MANA_SPENT=19.5CARDS_PLAYED=10.875TURNS_TAKEN=7.625MINIONS_PLAYED=13.75HERO_POWER_USED=4.0

opponent=Toefoo Rank 1 Oil Rogue
WIN_RATE=100.00%DAMAGE_DEALT=22.0625HEALING_DONE=3.5MANA_SPENT=17.9375CARDS_PLAYED=10.75TURNS_TAKEN=7.3125MINIONS_PLAYED=13.75HERO_POWER_USED=3.875

opponent=Neviilz MalyGod Meta Snapshot #18
WIN_RATE=87.50%DAMAGE_DEALT=36.5HEALING_DONE=4.5MANA_SPENT=17.75CARDS_PLAYED=11.75TURNS_TAKEN=7.6875MINIONS_PLAYED=13.25HERO_POWER_USED=5.125

=====
JENETICS STATISTICS
=====
+---------------------------------------------------------------------------+
|  Time statistics                                                          |
+---------------------------------------------------------------------------+
|             Selection: sum=0.005795616000 s; mean=0.000115912320 s        |
|              Altering: sum=0.063830408000 s; mean=0.001276608160 s        |
|   Fitness calculation: sum=792.650078026000 s; mean=15.853001560520 s     |
|     Overall execution: sum=792.738095244000 s; mean=15.854761904880 s     |
+---------------------------------------------------------------------------+
|  Evolution statistics                                                     |
+---------------------------------------------------------------------------+
|           Generations: 50                                                 |
|               Altered: sum=501; mean=10.020000000                         |
|                Killed: sum=0; mean=0.000000000                            |
|              Invalids: sum=0; mean=0.000000000                            |
+---------------------------------------------------------------------------+
|  Population statistics                                                    |
+---------------------------------------------------------------------------+
|                   Age: max=39; mean=11.008000; var=148.946883             |
|               Fitness:                                                    |
|                      min  = 0.000000000000                                |
|                      max  = 117.000000000000                              |
|                      mean = 92.034000000000                               |
|                      var  = 948.397241241241                              |
|                      std  = 30.796058858907                               |
+---------------------------------------------------------------------------+
infeasible rate=1378
