
=====
(2, 10)-EA
=====
population size=10
max generations=1.8
max fitness=128
number of games=16.0
hero class=HUNTER

opponents=[Aggro Paladin Meta Snapshot #17, Toefoo Rank 1 Cwarrior, Neviilz MalyGod Meta Snapshot #18, Phonetap's Mech Shaman, Mid-Range Druid Meta Snapshot #16, Purple Rank #1 Legend Midrange Hunter, Toefoo Rank 1 Oil Rogue, MatGagne Shadow Madness Priest, Hyunher Tempo Mage]
=====
Initial Deck
=====
[name=Eaglehorn Bow, class=HUNTER, rarity=RARE, mana=3]
[name=Sludge Belcher, class=ANY, rarity=RARE, mana=5]
[name=Animal Companion, class=HUNTER, rarity=FREE, mana=3]
[name=Piloted Shredder, class=ANY, rarity=COMMON, mana=4]
[name=Leper Gnome, class=ANY, rarity=COMMON, mana=1]
[name=Animal Companion, class=HUNTER, rarity=FREE, mana=3]
[name=Knife Juggler, class=ANY, rarity=RARE, mana=2]
[name=Knife Juggler, class=ANY, rarity=RARE, mana=2]
[name=Freezing Trap, class=HUNTER, rarity=COMMON, mana=2]
[name=Mad Scientist, class=ANY, rarity=COMMON, mana=2]
[name=Savannah Highmane, class=HUNTER, rarity=RARE, mana=6]
[name=Eaglehorn Bow, class=HUNTER, rarity=RARE, mana=3]
[name=Kill Command, class=HUNTER, rarity=FREE, mana=3]
[name=Glaivezooka, class=HUNTER, rarity=COMMON, mana=2]
[name=Animal Companion, class=HUNTER, rarity=FREE, mana=3]
[name=Kill Command, class=HUNTER, rarity=FREE, mana=3]
[name=Savannah Highmane, class=HUNTER, rarity=RARE, mana=6]
[name=Kill Command, class=HUNTER, rarity=FREE, mana=3]
[name=Knife Juggler, class=ANY, rarity=RARE, mana=2]
[name=Piloted Shredder, class=ANY, rarity=COMMON, mana=4]
[name=Hunter's Mark, class=HUNTER, rarity=FREE, mana=1]
[name=Knife Juggler, class=ANY, rarity=RARE, mana=2]
[name=Abusive Sergeant, class=ANY, rarity=COMMON, mana=1]
[name=Houndmaster, class=HUNTER, rarity=FREE, mana=4]
[name=Sludge Belcher, class=ANY, rarity=RARE, mana=5]
[name=Mad Scientist, class=ANY, rarity=COMMON, mana=2]
[name=Unleash the Hounds, class=HUNTER, rarity=COMMON, mana=3]
[name=Hunter's Mark, class=HUNTER, rarity=FREE, mana=1]
[name=Explosive Trap, class=HUNTER, rarity=COMMON, mana=2]
[name=Abusive Sergeant, class=ANY, rarity=COMMON, mana=1]


=====
GENERATION 0
=====
best=109
avg=79.1
worst=46.0
infeasible rate=0.0
mutation rate=0.9
=====

=====
GENERATION 5
=====
best=109
avg=91.3
worst=50.0
infeasible rate=0.0
mutation rate=1.8
=====

=====
GENERATION 10
=====
best=109
avg=102.8
worst=47.0
infeasible rate=0.0
mutation rate=3.6
=====

=====
GENERATION 15
=====
best=109
avg=86.1
worst=30.0
infeasible rate=0.0
mutation rate=1.8
=====

=====
GENERATION 20
=====
best=114
avg=99.6
worst=21.0
infeasible rate=0.0
mutation rate=3.6
=====

=====
GENERATION 25
=====
best=114
avg=99.3
worst=30.0
infeasible rate=0.0
mutation rate=1.8
=====

=====
GENERATION 30
=====
best=114
avg=101.4
worst=9.0
infeasible rate=0.0
mutation rate=0.9
=====

=====
GENERATION 35
=====
best=114
avg=105.5
worst=29.0
infeasible rate=0.0
mutation rate=0.9
=====

=====
GENERATION 40
=====
best=120
avg=95.0
worst=16.0
infeasible rate=0.0
mutation rate=0.45
=====

=====
GENERATION 45
=====
best=114
avg=92.2
worst=28.0
infeasible rate=0.0
mutation rate=0.45
=====

=====
BEST
=====
[name=Naga Corsair, class=ANY, rarity=COMMON, mana=4]
[name=Amani Berserker, class=ANY, rarity=COMMON, mana=2]
[name=Twilight Geomancer, class=ANY, rarity=COMMON, mana=2]
[name=Wind-up Burglebot, class=ANY, rarity=EPIC, mana=5]
[name=Lotus Agents, class=ANY, rarity=RARE, mana=5]
[name=Baine Bloodhoof, class=ANY, rarity=LEGENDARY, mana=4]
[name=Backstreet Leper, class=ANY, rarity=COMMON, mana=3]
[name=Ooze, class=ANY, rarity=COMMON, mana=1]
[name=Knife Juggler, class=ANY, rarity=RARE, mana=2]
[name=Knife Juggler, class=ANY, rarity=RARE, mana=2]
[name=Blackwater Pirate, class=ANY, rarity=RARE, mana=4]
[name=Novice Engineer, class=ANY, rarity=FREE, mana=2]
[name=Tauren Warrior, class=ANY, rarity=COMMON, mana=3]
[name=Frost Elemental, class=ANY, rarity=COMMON, mana=6]
[name=Shaky Zipgunner, class=HUNTER, rarity=COMMON, mana=3]
[name=On the Hunt, class=HUNTER, rarity=COMMON, mana=1]
[name=Aya Blackpaw, class=ANY, rarity=LEGENDARY, mana=6]
[name=Emerald Drake, class=ANY, rarity=FREE, mana=4]
[name=Lord of the Arena, class=ANY, rarity=FREE, mana=6]
[name=Kooky Chemist, class=ANY, rarity=COMMON, mana=4]
[name=Devilsaur, class=ANY, rarity=COMMON, mana=5]
[name=Alleycat, class=HUNTER, rarity=COMMON, mana=1]
[name=Zealous Initiate, class=ANY, rarity=COMMON, mana=1]
[name=Netherspite Historian, class=ANY, rarity=COMMON, mana=2]
[name=Cairne Bloodhoof, class=ANY, rarity=LEGENDARY, mana=6]
[name=Tentacle of N'Zoth, class=ANY, rarity=COMMON, mana=1]
[name=Don Han'Cho, class=ANY, rarity=LEGENDARY, mana=7]
[name=Kabal Courier, class=ANY, rarity=RARE, mana=3]
[name=Ironforge Rifleman, class=ANY, rarity=FREE, mana=3]
[name=Infested Tauren, class=ANY, rarity=COMMON, mana=4]


=====
MANA CURVE
=====
1=5
2=6
3=5
4=6
5=3
6=4
7=1
7 or more=0

=====
FITNESS=120
=====

=====
GAME STATISTICS
=====

opponent=Purple Rank #1 Legend Midrange Hunter
WIN_RATE=93.75%DAMAGE_DEALT=36.875MANA_SPENT=34.5625CARDS_PLAYED=13.125TURNS_TAKEN=9.125MINIONS_PLAYED=21.5625SPELLS_CAST=1.625HERO_POWER_USED=1.875

opponent=MatGagne Shadow Madness Priest
WIN_RATE=87.50%DAMAGE_DEALT=30.3125MANA_SPENT=26.6875CARDS_PLAYED=10.875TURNS_TAKEN=8.0625MINIONS_PLAYED=18.875SPELLS_CAST=1.25HERO_POWER_USED=1.3125

opponent=Toefoo Rank 1 Cwarrior
WIN_RATE=93.75%DAMAGE_DEALT=29.875MANA_SPENT=27.3125CARDS_PLAYED=11.25TURNS_TAKEN=8.0625MINIONS_PLAYED=19.0SPELLS_CAST=1.5HERO_POWER_USED=1.4375

opponent=Phonetap's Mech Shaman
WIN_RATE=100.00%DAMAGE_DEALT=36.8125MANA_SPENT=29.5625CARDS_PLAYED=12.0TURNS_TAKEN=8.5MINIONS_PLAYED=20.5SPELLS_CAST=1.3125HERO_POWER_USED=1.375

opponent=Aggro Paladin Meta Snapshot #17
WIN_RATE=87.50%DAMAGE_DEALT=38.75MANA_SPENT=31.1875CARDS_PLAYED=11.8125TURNS_TAKEN=8.3125MINIONS_PLAYED=20.9375SPELLS_CAST=1.5HERO_POWER_USED=1.1875

opponent=Hyunher Tempo Mage
WIN_RATE=100.00%DAMAGE_DEALT=31.875MANA_SPENT=29.9375CARDS_PLAYED=10.5625TURNS_TAKEN=8.25MINIONS_PLAYED=18.8125SPELLS_CAST=0.9375HERO_POWER_USED=0.875

opponent=Mid-Range Druid Meta Snapshot #16
WIN_RATE=100.00%DAMAGE_DEALT=42.5MANA_SPENT=30.4375CARDS_PLAYED=12.1875TURNS_TAKEN=8.75MINIONS_PLAYED=20.6875SPELLS_CAST=1.5625HERO_POWER_USED=1.5625

opponent=Toefoo Rank 1 Oil Rogue
WIN_RATE=93.75%DAMAGE_DEALT=37.0625MANA_SPENT=32.5CARDS_PLAYED=12.9375TURNS_TAKEN=8.8125MINIONS_PLAYED=21.375SPELLS_CAST=1.375HERO_POWER_USED=1.75

opponent=Neviilz MalyGod Meta Snapshot #18
WIN_RATE=81.25%DAMAGE_DEALT=43.6875MANA_SPENT=31.4375CARDS_PLAYED=12.9375TURNS_TAKEN=8.625MINIONS_PLAYED=22.0625SPELLS_CAST=1.1875HERO_POWER_USED=1.75

=====
JENETICS STATISTICS
=====
+---------------------------------------------------------------------------+
|  Time statistics                                                          |
+---------------------------------------------------------------------------+
|             Selection: sum=0.004732655000 s; mean=0.000094653100 s        |
|              Altering: sum=0.018809724000 s; mean=0.000376194480 s        |
|   Fitness calculation: sum=286.129720814000 s; mean=5.722594416280 s      |
|     Overall execution: sum=286.156357169000 s; mean=5.723127143380 s      |
+---------------------------------------------------------------------------+
|  Evolution statistics                                                     |
+---------------------------------------------------------------------------+
|           Generations: 50                                                 |
|               Altered: sum=106; mean=2.120000000                          |
|                Killed: sum=0; mean=0.000000000                            |
|              Invalids: sum=10; mean=0.200000000                           |
+---------------------------------------------------------------------------+
|  Population statistics                                                    |
+---------------------------------------------------------------------------+
|                   Age: max=33; mean=10.700000; var=98.799599              |
|               Fitness:                                                    |
|                      min  = 9.000000000000                                |
|                      max  = 120.000000000000                              |
|                      mean = 96.628000000000                               |
|                      var  = 789.444505010020                              |
|                      std  = 28.097055094974                               |
+---------------------------------------------------------------------------+
infeasible rate=0
