
=====
(2, 10)-EA
=====
population size=10
max generations=1.8
max fitness=128
number of games=16.0
hero class=HUNTER

opponents=[Aggro Paladin Meta Snapshot #17, Toefoo Rank 1 Cwarrior, Neviilz MalyGod Meta Snapshot #18, Phonetap's Mech Shaman, Mid-Range Druid Meta Snapshot #16, Purple Rank #1 Legend Midrange Hunter, Toefoo Rank 1 Oil Rogue, MatGagne Shadow Madness Priest, Hyunher Tempo Mage]
=====
Initial Deck
=====
[name=Unleash the Hounds, class=HUNTER, rarity=COMMON, mana=3]
[name=Houndmaster, class=HUNTER, rarity=FREE, mana=4]
[name=Kill Command, class=HUNTER, rarity=FREE, mana=3]
[name=Haunted Creeper, class=ANY, rarity=COMMON, mana=2]
[name=Glaivezooka, class=HUNTER, rarity=COMMON, mana=2]
[name=Mad Scientist, class=ANY, rarity=COMMON, mana=2]
[name=Hunter's Mark, class=HUNTER, rarity=FREE, mana=1]
[name=Animal Companion, class=HUNTER, rarity=FREE, mana=3]
[name=Abusive Sergeant, class=ANY, rarity=COMMON, mana=1]
[name=Leper Gnome, class=ANY, rarity=COMMON, mana=1]
[name=Animal Companion, class=HUNTER, rarity=FREE, mana=3]
[name=Kill Command, class=HUNTER, rarity=FREE, mana=3]
[name=Loatheb, class=ANY, rarity=LEGENDARY, mana=5]
[name=Piloted Shredder, class=ANY, rarity=COMMON, mana=4]
[name=Freezing Trap, class=HUNTER, rarity=COMMON, mana=2]
[name=Houndmaster, class=HUNTER, rarity=FREE, mana=4]
[name=Knife Juggler, class=ANY, rarity=RARE, mana=2]
[name=Abusive Sergeant, class=ANY, rarity=COMMON, mana=1]
[name=Sludge Belcher, class=ANY, rarity=RARE, mana=5]
[name=Sludge Belcher, class=ANY, rarity=RARE, mana=5]
[name=Mad Scientist, class=ANY, rarity=COMMON, mana=2]
[name=Animal Companion, class=HUNTER, rarity=FREE, mana=3]
[name=Eaglehorn Bow, class=HUNTER, rarity=RARE, mana=3]
[name=Hunter's Mark, class=HUNTER, rarity=FREE, mana=1]
[name=Sludge Belcher, class=ANY, rarity=RARE, mana=5]
[name=Animal Companion, class=HUNTER, rarity=FREE, mana=3]
[name=Savannah Highmane, class=HUNTER, rarity=RARE, mana=6]
[name=Sludge Belcher, class=ANY, rarity=RARE, mana=5]
[name=Sludge Belcher, class=ANY, rarity=RARE, mana=5]
[name=Houndmaster, class=HUNTER, rarity=FREE, mana=4]


=====
GENERATION 0
=====
best=93
avg=76.7
worst=41.0
infeasible rate=0.0
mutation rate=0.9
=====

=====
GENERATION 5
=====
best=120
avg=80.3
worst=20.0
infeasible rate=0.0
mutation rate=1.8
=====

=====
GENERATION 10
=====
best=120
avg=108.2
worst=42.0
infeasible rate=0.0
mutation rate=3.6
=====

=====
GENERATION 15
=====
best=120
avg=110.4
worst=53.0
infeasible rate=0.0
mutation rate=3.6
=====

=====
GENERATION 20
=====
best=120
avg=95.8
worst=43.0
infeasible rate=0.0
mutation rate=1.8
=====

=====
GENERATION 25
=====
best=120
avg=104.2
worst=40.0
infeasible rate=0.0
mutation rate=3.6
=====

=====
GENERATION 30
=====
best=120
avg=118.0
worst=100.0
infeasible rate=0.0
mutation rate=7.2
=====

=====
GENERATION 35
=====
best=120
avg=87.6
worst=6.0
infeasible rate=0.0
mutation rate=3.6
=====

=====
GENERATION 40
=====
best=120
avg=100.7
worst=38.0
infeasible rate=0.0
mutation rate=7.2
=====

=====
GENERATION 45
=====
best=120
avg=101.8
worst=39.0
infeasible rate=0.0
mutation rate=7.2
=====

=====
BEST
=====
[name=Burgly Bully, class=ANY, rarity=EPIC, mana=5]
[name=Harvest Golem, class=ANY, rarity=COMMON, mana=3]
[name=Harvest Golem, class=ANY, rarity=COMMON, mana=3]
[name=Amani Berserker, class=ANY, rarity=COMMON, mana=2]
[name=Illidan Stormrage, class=ANY, rarity=LEGENDARY, mana=6]
[name=Sheep, class=ANY, rarity=FREE, mana=1]
[name=Murloc Tidecaller, class=ANY, rarity=RARE, mana=1]
[name=Backstreet Leper, class=ANY, rarity=COMMON, mana=3]
[name=Eaglehorn Bow, class=HUNTER, rarity=RARE, mana=3]
[name=Southsea Deckhand, class=ANY, rarity=COMMON, mana=1]
[name=Tracking, class=HUNTER, rarity=FREE, mana=1]
[name=Argent Squire, class=ANY, rarity=COMMON, mana=1]
[name=Tauren Warrior, class=ANY, rarity=COMMON, mana=3]
[name=Tauren Warrior, class=ANY, rarity=COMMON, mana=3]
[name=Spider, class=HUNTER, rarity=FREE, mana=1]
[name=Windfury Harpy, class=ANY, rarity=COMMON, mana=6]
[name=Sen'jin Shieldmasta, class=ANY, rarity=FREE, mana=4]
[name=Flame of Azzinoth, class=ANY, rarity=FREE, mana=1]
[name=Frostwolf Warlord, class=ANY, rarity=FREE, mana=5]
[name=Kooky Chemist, class=ANY, rarity=COMMON, mana=4]
[name=Savannah Highmane, class=HUNTER, rarity=RARE, mana=6]
[name=Zoobot, class=ANY, rarity=COMMON, mana=3]
[name=Zoobot, class=ANY, rarity=COMMON, mana=3]
[name=Princess Huhuran, class=HUNTER, rarity=LEGENDARY, mana=5]
[name=Alarm-o-Bot, class=ANY, rarity=RARE, mana=3]
[name=Hyena, class=HUNTER, rarity=RARE, mana=2]
[name=Violet Illusionist, class=ANY, rarity=RARE, mana=3]
[name=Mogu'shan Warden, class=ANY, rarity=COMMON, mana=4]
[name=Imp Master, class=ANY, rarity=RARE, mana=3]
[name=Runic Egg, class=ANY, rarity=COMMON, mana=1]


=====
MANA CURVE
=====
1=8
2=2
3=11
4=3
5=3
6=3
7=0
7 or more=0

=====
FITNESS=120
=====

=====
GAME STATISTICS
=====

opponent=Purple Rank #1 Legend Midrange Hunter
WIN_RATE=100.00%DAMAGE_DEALT=23.125MANA_SPENT=23.75CARDS_PLAYED=9.125TURNS_TAKEN=7.5MINIONS_PLAYED=18.4375SPELLS_CAST=0.1875HERO_POWER_USED=0.6875WEAPONS_EQUIPPED=0.0625

opponent=MatGagne Shadow Madness Priest
WIN_RATE=100.00%DAMAGE_DEALT=27.875MANA_SPENT=24.5CARDS_PLAYED=10.4375TURNS_TAKEN=7.6875MINIONS_PLAYED=20.5SPELLS_CAST=0.375HERO_POWER_USED=1.1875

opponent=Toefoo Rank 1 Cwarrior
WIN_RATE=100.00%DAMAGE_DEALT=31.875MANA_SPENT=23.9375CARDS_PLAYED=10.375TURNS_TAKEN=7.625MINIONS_PLAYED=19.3125SPELLS_CAST=0.1875HERO_POWER_USED=1.6875

opponent=Phonetap's Mech Shaman
WIN_RATE=93.75%DAMAGE_DEALT=29.375MANA_SPENT=23.4375CARDS_PLAYED=9.6875TURNS_TAKEN=7.625MINIONS_PLAYED=18.5SPELLS_CAST=0.25HERO_POWER_USED=1.375

opponent=Aggro Paladin Meta Snapshot #17
WIN_RATE=93.75%DAMAGE_DEALT=21.75MANA_SPENT=23.1875CARDS_PLAYED=8.75TURNS_TAKEN=7.1875MINIONS_PLAYED=18.0SPELLS_CAST=0.125HERO_POWER_USED=0.6875

opponent=Hyunher Tempo Mage
WIN_RATE=68.75%DAMAGE_DEALT=29.0625MANA_SPENT=24.0625CARDS_PLAYED=9.8125TURNS_TAKEN=7.3125MINIONS_PLAYED=18.875SPELLS_CAST=0.3125HERO_POWER_USED=1.375

opponent=Mid-Range Druid Meta Snapshot #16
WIN_RATE=87.50%DAMAGE_DEALT=32.3125MANA_SPENT=26.875CARDS_PLAYED=10.1875TURNS_TAKEN=7.875MINIONS_PLAYED=20.25SPELLS_CAST=0.3125HERO_POWER_USED=1.0625WEAPONS_EQUIPPED=0.0625

opponent=Toefoo Rank 1 Oil Rogue
WIN_RATE=100.00%DAMAGE_DEALT=28.6875MANA_SPENT=24.4375CARDS_PLAYED=9.6875TURNS_TAKEN=7.625MINIONS_PLAYED=18.1875SPELLS_CAST=0.25HERO_POWER_USED=1.375

opponent=Neviilz MalyGod Meta Snapshot #18
WIN_RATE=93.75%DAMAGE_DEALT=27.875MANA_SPENT=24.1875CARDS_PLAYED=9.0625TURNS_TAKEN=7.5MINIONS_PLAYED=17.875SPELLS_CAST=0.5HERO_POWER_USED=1.0

=====
JENETICS STATISTICS
=====
+---------------------------------------------------------------------------+
|  Time statistics                                                          |
+---------------------------------------------------------------------------+
|             Selection: sum=0.005535114000 s; mean=0.000110702280 s        |
|              Altering: sum=0.021783594000 s; mean=0.000435671880 s        |
|   Fitness calculation: sum=305.435588306000 s; mean=6.108711766120 s      |
|     Overall execution: sum=305.467551088000 s; mean=6.109351021760 s      |
+---------------------------------------------------------------------------+
|  Evolution statistics                                                     |
+---------------------------------------------------------------------------+
|           Generations: 50                                                 |
|               Altered: sum=177; mean=3.540000000                          |
|                Killed: sum=0; mean=0.000000000                            |
|              Invalids: sum=18; mean=0.360000000                           |
+---------------------------------------------------------------------------+
|  Population statistics                                                    |
+---------------------------------------------------------------------------+
|                   Age: max=44; mean=13.426000; var=202.545615             |
|               Fitness:                                                    |
|                      min  = 6.000000000000                                |
|                      max  = 120.000000000000                              |
|                      mean = 99.154000000000                               |
|                      var  = 864.411106212425                              |
|                      std  = 29.400869140426                               |
+---------------------------------------------------------------------------+
infeasible rate=0
