
=====
(10, 20)-EA
=====
population size=20
max generations=0.9
max fitness=128
number of games=16.0
hero class=HUNTER

opponents=[Aggro Paladin Meta Snapshot #17, Toefoo Rank 1 Cwarrior, Neviilz MalyGod Meta Snapshot #18, Phonetap's Mech Shaman, Mid-Range Druid Meta Snapshot #16, Purple Rank #1 Legend Midrange Hunter, Toefoo Rank 1 Oil Rogue, MatGagne Shadow Madness Priest, Hyunher Tempo Mage]
=====
Initial Deck
=====
[name=Mad Scientist, class=ANY, rarity=COMMON, mana=2]
[name=Loatheb, class=ANY, rarity=LEGENDARY, mana=5]
[name=Freezing Trap, class=HUNTER, rarity=COMMON, mana=2]
[name=Savannah Highmane, class=HUNTER, rarity=RARE, mana=6]
[name=Sludge Belcher, class=ANY, rarity=RARE, mana=5]
[name=Haunted Creeper, class=ANY, rarity=COMMON, mana=2]
[name=Animal Companion, class=HUNTER, rarity=FREE, mana=3]
[name=Kill Command, class=HUNTER, rarity=FREE, mana=3]
[name=Abusive Sergeant, class=ANY, rarity=COMMON, mana=1]
[name=Freezing Trap, class=HUNTER, rarity=COMMON, mana=2]
[name=Abusive Sergeant, class=ANY, rarity=COMMON, mana=1]
[name=Animal Companion, class=HUNTER, rarity=FREE, mana=3]
[name=Savannah Highmane, class=HUNTER, rarity=RARE, mana=6]
[name=Haunted Creeper, class=ANY, rarity=COMMON, mana=2]
[name=Sludge Belcher, class=ANY, rarity=RARE, mana=5]
[name=Animal Companion, class=HUNTER, rarity=FREE, mana=3]
[name=Knife Juggler, class=ANY, rarity=RARE, mana=2]
[name=Eaglehorn Bow, class=HUNTER, rarity=RARE, mana=3]
[name=Eaglehorn Bow, class=HUNTER, rarity=RARE, mana=3]
[name=Kill Command, class=HUNTER, rarity=FREE, mana=3]
[name=Piloted Shredder, class=ANY, rarity=COMMON, mana=4]
[name=Haunted Creeper, class=ANY, rarity=COMMON, mana=2]
[name=Haunted Creeper, class=ANY, rarity=COMMON, mana=2]
[name=Eaglehorn Bow, class=HUNTER, rarity=RARE, mana=3]
[name=Kill Command, class=HUNTER, rarity=FREE, mana=3]
[name=Sludge Belcher, class=ANY, rarity=RARE, mana=5]
[name=Sludge Belcher, class=ANY, rarity=RARE, mana=5]
[name=Mad Scientist, class=ANY, rarity=COMMON, mana=2]
[name=Eaglehorn Bow, class=HUNTER, rarity=RARE, mana=3]
[name=Animal Companion, class=HUNTER, rarity=FREE, mana=3]


=====
GENERATION 0
=====
best=117
avg=55.8
worst=26.0
infeasible rate=0.3
mutation rate=0.45
=====

=====
GENERATION 5
=====
best=116
avg=83.5
worst=20.0
infeasible rate=0.55
mutation rate=0.225
=====

=====
GENERATION 10
=====
best=118
avg=81.9
worst=9.0
infeasible rate=0.6
mutation rate=0.1125
=====

=====
GENERATION 15
=====
best=121
avg=97.4
worst=12.0
infeasible rate=0.75
mutation rate=0.05625
=====

=====
GENERATION 20
=====
best=121
avg=109.65
worst=44.0
infeasible rate=0.95
mutation rate=0.028125
=====

=====
GENERATION 25
=====
best=121
avg=109.7
worst=29.0
infeasible rate=1.1
mutation rate=0.0140625
=====

=====
GENERATION 30
=====
best=121
avg=98.15
worst=25.0
infeasible rate=1.35
mutation rate=0.00703125
=====

=====
GENERATION 35
=====
best=121
avg=99.85
worst=17.0
infeasible rate=1.4
mutation rate=0.003515625
=====

=====
GENERATION 40
=====
best=121
avg=113.25
worst=28.0
infeasible rate=1.5
mutation rate=0.0017578125
=====

=====
GENERATION 45
=====
best=121
avg=110.2
worst=49.0
infeasible rate=1.75
mutation rate=8.7890625E-4
=====

=====
BEST
=====
[name=Gadgetzan Auctioneer, class=ANY, rarity=RARE, mana=6]
[name=Eldritch Horror, class=ANY, rarity=COMMON, mana=8]
[name=Shieldbearer, class=ANY, rarity=COMMON, mana=1]
[name=Piranha, class=HUNTER, rarity=FREE, mana=1]
[name=Hired Gun, class=ANY, rarity=COMMON, mana=3]
[name=Silver Hand Knight, class=ANY, rarity=COMMON, mana=5]
[name=Young Priestess, class=ANY, rarity=RARE, mana=1]
[name=Faerie Dragon, class=ANY, rarity=COMMON, mana=2]
[name=Acidic Swamp Ooze, class=ANY, rarity=FREE, mana=2]
[name=Venture Co. Mercenary, class=ANY, rarity=COMMON, mana=5]
[name=Twin Emperor Vek'lor, class=ANY, rarity=LEGENDARY, mana=7]
[name=Tauren Warrior, class=ANY, rarity=COMMON, mana=3]
[name=Arcane Anomaly, class=ANY, rarity=COMMON, mana=1]
[name=Beckoner of Evil, class=ANY, rarity=COMMON, mana=2]
[name=Flame of Azzinoth, class=ANY, rarity=FREE, mana=1]
[name=Imp, class=ANY, rarity=RARE, mana=1]
[name=Murloc Scout, class=ANY, rarity=FREE, mana=1]
[name=Stormwind Champion, class=ANY, rarity=FREE, mana=7]
[name=Frostwolf Warlord, class=ANY, rarity=FREE, mana=5]
[name=Savannah Highmane, class=HUNTER, rarity=RARE, mana=6]
[name=Ancient Brewmaster, class=ANY, rarity=COMMON, mana=4]
[name=Tinkmaster Overspark, class=ANY, rarity=LEGENDARY, mana=3]
[name=Alexstrasza, class=ANY, rarity=LEGENDARY, mana=9]
[name=Carrion Grub, class=HUNTER, rarity=COMMON, mana=3]
[name=The Coin, class=ANY, rarity=FREE, mana=0]
[name=Leatherclad Hogleader, class=ANY, rarity=EPIC, mana=6]
[name=Piranha Launcher, class=HUNTER, rarity=EPIC, mana=5]
[name=Nat Pagle, class=ANY, rarity=LEGENDARY, mana=2]
[name=Worgen Greaser, class=ANY, rarity=COMMON, mana=4]
[name=Scavenging Hyena, class=HUNTER, rarity=COMMON, mana=2]


=====
MANA CURVE
=====
1=7
2=5
3=4
4=2
5=4
6=3
7=2
7 or more=3

=====
FITNESS=121
=====

=====
GAME STATISTICS
=====

opponent=Purple Rank #1 Legend Midrange Hunter
WIN_RATE=93.75%DAMAGE_DEALT=20.6875MANA_SPENT=29.875CARDS_PLAYED=10.0625TURNS_TAKEN=8.0MINIONS_PLAYED=17.9375HERO_POWER_USED=1.4375

opponent=MatGagne Shadow Madness Priest
WIN_RATE=93.75%DAMAGE_DEALT=25.6875MANA_SPENT=31.375CARDS_PLAYED=10.1875TURNS_TAKEN=8.375MINIONS_PLAYED=19.0625HERO_POWER_USED=1.0625

opponent=Toefoo Rank 1 Cwarrior
WIN_RATE=93.75%DAMAGE_DEALT=22.0MANA_SPENT=28.5625CARDS_PLAYED=10.25TURNS_TAKEN=7.875MINIONS_PLAYED=18.9375HERO_POWER_USED=1.1875

opponent=Phonetap's Mech Shaman
WIN_RATE=87.50%DAMAGE_DEALT=25.4375MANA_SPENT=29.5625CARDS_PLAYED=10.1875TURNS_TAKEN=8.125MINIONS_PLAYED=18.1875HERO_POWER_USED=1.3125

opponent=Aggro Paladin Meta Snapshot #17
WIN_RATE=93.75%DAMAGE_DEALT=19.9375MANA_SPENT=25.9375CARDS_PLAYED=8.875TURNS_TAKEN=7.5MINIONS_PLAYED=16.0HERO_POWER_USED=1.1875

opponent=Hyunher Tempo Mage
WIN_RATE=93.75%DAMAGE_DEALT=21.9375MANA_SPENT=28.25CARDS_PLAYED=9.1875TURNS_TAKEN=7.75MINIONS_PLAYED=17.8125HERO_POWER_USED=0.5625

opponent=Mid-Range Druid Meta Snapshot #16
WIN_RATE=100.00%DAMAGE_DEALT=18.6875MANA_SPENT=25.4375CARDS_PLAYED=9.125TURNS_TAKEN=7.9375MINIONS_PLAYED=16.0HERO_POWER_USED=1.3125

opponent=Toefoo Rank 1 Oil Rogue
WIN_RATE=93.75%DAMAGE_DEALT=21.9375MANA_SPENT=24.1875CARDS_PLAYED=8.875TURNS_TAKEN=7.5MINIONS_PLAYED=16.0HERO_POWER_USED=1.25

opponent=Neviilz MalyGod Meta Snapshot #18
WIN_RATE=100.00%DAMAGE_DEALT=19.625MANA_SPENT=28.5625CARDS_PLAYED=9.9375TURNS_TAKEN=8.0MINIONS_PLAYED=17.875HERO_POWER_USED=1.375

=====
JENETICS STATISTICS
=====
+---------------------------------------------------------------------------+
|  Time statistics                                                          |
+---------------------------------------------------------------------------+
|             Selection: sum=0.000988878000 s; mean=0.000019777560 s        |
|              Altering: sum=0.005625915000 s; mean=0.000112518300 s        |
|   Fitness calculation: sum=799.474872578000 s; mean=15.989497451560 s     |
|     Overall execution: sum=799.489332157000 s; mean=15.989786643140 s     |
+---------------------------------------------------------------------------+
|  Evolution statistics                                                     |
+---------------------------------------------------------------------------+
|           Generations: 50                                                 |
|               Altered: sum=462; mean=9.240000000                          |
|                Killed: sum=0; mean=0.000000000                            |
|              Invalids: sum=0; mean=0.000000000                            |
+---------------------------------------------------------------------------+
|  Population statistics                                                    |
+---------------------------------------------------------------------------+
|                   Age: max=38; mean=10.627000; var=146.276147             |
|               Fitness:                                                    |
|                      min  = 0.000000000000                                |
|                      max  = 121.000000000000                              |
|                      mean = 92.778000000000                               |
|                      var  = 1488.843559559560                             |
|                      std  = 38.585535626185                               |
+---------------------------------------------------------------------------+
infeasible rate=741
