
=====
(10, 20)-EA
=====
population size=20
max generations=0.9
max fitness=128
number of games=16.0
hero class=HUNTER

opponents=[Aggro Paladin Meta Snapshot #17, Toefoo Rank 1 Cwarrior, Neviilz MalyGod Meta Snapshot #18, Phonetap's Mech Shaman, Mid-Range Druid Meta Snapshot #16, Purple Rank #1 Legend Midrange Hunter, Toefoo Rank 1 Oil Rogue, MatGagne Shadow Madness Priest, Hyunher Tempo Mage]
=====
Initial Deck
=====
[name=Freezing Trap, class=HUNTER, rarity=COMMON, mana=2]
[name=Houndmaster, class=HUNTER, rarity=FREE, mana=4]
[name=Sludge Belcher, class=ANY, rarity=RARE, mana=5]
[name=Savannah Highmane, class=HUNTER, rarity=RARE, mana=6]
[name=Savannah Highmane, class=HUNTER, rarity=RARE, mana=6]
[name=Explosive Trap, class=HUNTER, rarity=COMMON, mana=2]
[name=Piloted Shredder, class=ANY, rarity=COMMON, mana=4]
[name=Savannah Highmane, class=HUNTER, rarity=RARE, mana=6]
[name=Hunter's Mark, class=HUNTER, rarity=FREE, mana=1]
[name=Piloted Shredder, class=ANY, rarity=COMMON, mana=4]
[name=Explosive Trap, class=HUNTER, rarity=COMMON, mana=2]
[name=Mad Scientist, class=ANY, rarity=COMMON, mana=2]
[name=Freezing Trap, class=HUNTER, rarity=COMMON, mana=2]
[name=Piloted Shredder, class=ANY, rarity=COMMON, mana=4]
[name=Eaglehorn Bow, class=HUNTER, rarity=RARE, mana=3]
[name=Piloted Shredder, class=ANY, rarity=COMMON, mana=4]
[name=Houndmaster, class=HUNTER, rarity=FREE, mana=4]
[name=Hunter's Mark, class=HUNTER, rarity=FREE, mana=1]
[name=Glaivezooka, class=HUNTER, rarity=COMMON, mana=2]
[name=Leper Gnome, class=ANY, rarity=COMMON, mana=1]
[name=Piloted Shredder, class=ANY, rarity=COMMON, mana=4]
[name=Houndmaster, class=HUNTER, rarity=FREE, mana=4]
[name=Glaivezooka, class=HUNTER, rarity=COMMON, mana=2]
[name=Eaglehorn Bow, class=HUNTER, rarity=RARE, mana=3]
[name=Knife Juggler, class=ANY, rarity=RARE, mana=2]
[name=Explosive Trap, class=HUNTER, rarity=COMMON, mana=2]
[name=Savannah Highmane, class=HUNTER, rarity=RARE, mana=6]
[name=Knife Juggler, class=ANY, rarity=RARE, mana=2]
[name=Savannah Highmane, class=HUNTER, rarity=RARE, mana=6]
[name=Mad Scientist, class=ANY, rarity=COMMON, mana=2]


=====
GENERATION 0
=====
best=82
avg=47.3
worst=17.0
infeasible rate=0.45
mutation rate=0.45
=====

=====
GENERATION 5
=====
best=110
avg=78.15
worst=39.0
infeasible rate=0.55
mutation rate=0.45
=====

=====
GENERATION 10
=====
best=110
avg=62.65
worst=12.0
infeasible rate=0.85
mutation rate=0.225
=====

=====
GENERATION 15
=====
best=110
avg=80.95
worst=36.0
infeasible rate=1.25
mutation rate=0.1125
=====

=====
GENERATION 20
=====
best=110
avg=64.3
worst=10.0
infeasible rate=1.7
mutation rate=0.05625
=====

=====
GENERATION 25
=====
best=110
avg=71.4
worst=12.0
infeasible rate=1.9
mutation rate=0.028125
=====

=====
GENERATION 30
=====
best=110
avg=76.7
worst=18.0
infeasible rate=2.1
mutation rate=0.0140625
=====

=====
GENERATION 35
=====
best=110
avg=59.35
worst=13.0
infeasible rate=2.45
mutation rate=0.00703125
=====

=====
GENERATION 40
=====
best=110
avg=89.75
worst=14.0
infeasible rate=2.7
mutation rate=0.003515625
=====

=====
GENERATION 45
=====
best=110
avg=98.1
worst=48.0
infeasible rate=2.85
mutation rate=0.0017578125
=====

=====
BEST
=====
[name=Avian Watcher, class=ANY, rarity=COMMON, mana=5]
[name=Avian Watcher, class=ANY, rarity=COMMON, mana=5]
[name=Nozdormu, class=ANY, rarity=LEGENDARY, mana=9]
[name=Southsea Deckhand, class=ANY, rarity=COMMON, mana=1]
[name=Doppelgangster, class=ANY, rarity=RARE, mana=5]
[name=Gruul, class=ANY, rarity=LEGENDARY, mana=8]
[name=Young Dragonhawk, class=ANY, rarity=COMMON, mana=1]
[name=Hozen Healer, class=ANY, rarity=COMMON, mana=4]
[name=Blackwater Pirate, class=ANY, rarity=RARE, mana=4]
[name=Cloaked Huntress, class=HUNTER, rarity=COMMON, mana=3]
[name=Tauren Warrior, class=ANY, rarity=COMMON, mana=3]
[name=Youthful Brewmaster, class=ANY, rarity=COMMON, mana=2]
[name=Streetwise Investigator, class=ANY, rarity=COMMON, mana=5]
[name=Dream, class=ANY, rarity=FREE, mana=0]
[name=Aberrant Berserker, class=ANY, rarity=COMMON, mana=4]
[name=Grimestreet Informant, class=ANY, rarity=RARE, mana=2]
[name=Y'Shaarj, Rage Unbound, class=ANY, rarity=LEGENDARY, mana=10]
[name=Arcane Anomaly, class=ANY, rarity=COMMON, mana=1]
[name=Murloc Scout, class=ANY, rarity=FREE, mana=1]
[name=Darkspeaker, class=ANY, rarity=EPIC, mana=5]
[name=Deathwing, Dragonlord, class=ANY, rarity=LEGENDARY, mana=10]
[name=Savannah Highmane, class=HUNTER, rarity=RARE, mana=6]
[name=The Coin, class=ANY, rarity=FREE, mana=0]
[name=The Coin, class=ANY, rarity=FREE, mana=0]
[name=Freezing Trap, class=HUNTER, rarity=COMMON, mana=2]
[name=Spiked Hogrider, class=ANY, rarity=RARE, mana=5]
[name=The Black Knight, class=ANY, rarity=LEGENDARY, mana=6]
[name=Mana Wraith, class=ANY, rarity=RARE, mana=2]
[name=Patches the Pirate, class=ANY, rarity=LEGENDARY, mana=1]
[name=Scavenging Hyena, class=HUNTER, rarity=COMMON, mana=2]


=====
MANA CURVE
=====
1=5
2=5
3=2
4=3
5=6
6=2
7=0
7 or more=7

=====
FITNESS=110
=====

=====
GAME STATISTICS
=====

opponent=Purple Rank #1 Legend Midrange Hunter
WIN_RATE=87.50%DAMAGE_DEALT=23.125MANA_SPENT=18.5CARDS_PLAYED=8.9375TURNS_TAKEN=6.9375MINIONS_PLAYED=16.5SPELLS_CAST=0.6875HERO_POWER_USED=2.1875

opponent=MatGagne Shadow Madness Priest
WIN_RATE=100.00%DAMAGE_DEALT=16.625MANA_SPENT=14.3125CARDS_PLAYED=8.25TURNS_TAKEN=6.4375MINIONS_PLAYED=14.6875SPELLS_CAST=0.5625HERO_POWER_USED=2.375

opponent=Toefoo Rank 1 Cwarrior
WIN_RATE=81.25%DAMAGE_DEALT=28.375HEALING_DONE=0.875MANA_SPENT=21.3125CARDS_PLAYED=10.3125TURNS_TAKEN=7.375MINIONS_PLAYED=17.6875SPELLS_CAST=0.6875HERO_POWER_USED=2.625

opponent=Phonetap's Mech Shaman
WIN_RATE=81.25%DAMAGE_DEALT=26.0HEALING_DONE=0.875MANA_SPENT=21.875CARDS_PLAYED=10.0625TURNS_TAKEN=7.375MINIONS_PLAYED=18.1875SPELLS_CAST=1.0HERO_POWER_USED=2.25

opponent=Aggro Paladin Meta Snapshot #17
WIN_RATE=87.50%DAMAGE_DEALT=29.3125HEALING_DONE=0.875MANA_SPENT=21.5CARDS_PLAYED=9.875TURNS_TAKEN=7.3125MINIONS_PLAYED=18.0SPELLS_CAST=0.625HERO_POWER_USED=2.25

opponent=Hyunher Tempo Mage
WIN_RATE=87.50%DAMAGE_DEALT=18.375MANA_SPENT=17.75CARDS_PLAYED=9.1875TURNS_TAKEN=6.75MINIONS_PLAYED=16.375SPELLS_CAST=1.0HERO_POWER_USED=2.1875

opponent=Mid-Range Druid Meta Snapshot #16
WIN_RATE=87.50%DAMAGE_DEALT=19.8125MANA_SPENT=16.8125CARDS_PLAYED=9.625TURNS_TAKEN=6.6875MINIONS_PLAYED=16.0625SPELLS_CAST=0.4375HERO_POWER_USED=2.75

opponent=Toefoo Rank 1 Oil Rogue
WIN_RATE=75.00%DAMAGE_DEALT=30.1875HEALING_DONE=0.375MANA_SPENT=22.0625CARDS_PLAYED=10.0625TURNS_TAKEN=7.75MINIONS_PLAYED=18.4375SPELLS_CAST=0.8125HERO_POWER_USED=2.25

opponent=Neviilz MalyGod Meta Snapshot #18
WIN_RATE=81.25%DAMAGE_DEALT=31.5625MANA_SPENT=19.75CARDS_PLAYED=10.3125TURNS_TAKEN=7.125MINIONS_PLAYED=18.125SPELLS_CAST=0.8125HERO_POWER_USED=2.75

=====
JENETICS STATISTICS
=====
+---------------------------------------------------------------------------+
|  Time statistics                                                          |
+---------------------------------------------------------------------------+
|             Selection: sum=0.004199319000 s; mean=0.000083986380 s        |
|              Altering: sum=0.012264883000 s; mean=0.000245297660 s        |
|   Fitness calculation: sum=872.186283359000 s; mean=17.443725667180 s     |
|     Overall execution: sum=872.208444800000 s; mean=17.444168896000 s     |
+---------------------------------------------------------------------------+
|  Evolution statistics                                                     |
+---------------------------------------------------------------------------+
|           Generations: 50                                                 |
|               Altered: sum=556; mean=11.120000000                         |
|                Killed: sum=0; mean=0.000000000                            |
|              Invalids: sum=0; mean=0.000000000                            |
+---------------------------------------------------------------------------+
|  Population statistics                                                    |
+---------------------------------------------------------------------------+
|                   Age: max=47; mean=13.501000; var=263.903903             |
|               Fitness:                                                    |
|                      min  = 0.000000000000                                |
|                      max  = 110.000000000000                              |
|                      mean = 79.104000000000                               |
|                      var  = 1232.926110110110                             |
|                      std  = 35.113047576508                               |
+---------------------------------------------------------------------------+
infeasible rate=1830
