
=====
(10, 20)-EA
=====
population size=20
max generations=0.9
max fitness=128
number of games=16.0
hero class=HUNTER

opponents=[Aggro Paladin Meta Snapshot #17, Toefoo Rank 1 Cwarrior, Neviilz MalyGod Meta Snapshot #18, Phonetap's Mech Shaman, Mid-Range Druid Meta Snapshot #16, Purple Rank #1 Legend Midrange Hunter, Toefoo Rank 1 Oil Rogue, MatGagne Shadow Madness Priest, Hyunher Tempo Mage]
=====
Initial Deck
=====
[name=Mad Scientist, class=ANY, rarity=COMMON, mana=2]
[name=Houndmaster, class=HUNTER, rarity=FREE, mana=4]
[name=Abusive Sergeant, class=ANY, rarity=COMMON, mana=1]
[name=Explosive Trap, class=HUNTER, rarity=COMMON, mana=2]
[name=Savannah Highmane, class=HUNTER, rarity=RARE, mana=6]
[name=Knife Juggler, class=ANY, rarity=RARE, mana=2]
[name=Unleash the Hounds, class=HUNTER, rarity=COMMON, mana=3]
[name=Sludge Belcher, class=ANY, rarity=RARE, mana=5]
[name=Savannah Highmane, class=HUNTER, rarity=RARE, mana=6]
[name=Piloted Shredder, class=ANY, rarity=COMMON, mana=4]
[name=Abusive Sergeant, class=ANY, rarity=COMMON, mana=1]
[name=Hunter's Mark, class=HUNTER, rarity=FREE, mana=1]
[name=Houndmaster, class=HUNTER, rarity=FREE, mana=4]
[name=Sludge Belcher, class=ANY, rarity=RARE, mana=5]
[name=Glaivezooka, class=HUNTER, rarity=COMMON, mana=2]
[name=Kill Command, class=HUNTER, rarity=FREE, mana=3]
[name=Eaglehorn Bow, class=HUNTER, rarity=RARE, mana=3]
[name=Leper Gnome, class=ANY, rarity=COMMON, mana=1]
[name=Haunted Creeper, class=ANY, rarity=COMMON, mana=2]
[name=Knife Juggler, class=ANY, rarity=RARE, mana=2]
[name=Explosive Trap, class=HUNTER, rarity=COMMON, mana=2]
[name=Knife Juggler, class=ANY, rarity=RARE, mana=2]
[name=Hunter's Mark, class=HUNTER, rarity=FREE, mana=1]
[name=Unleash the Hounds, class=HUNTER, rarity=COMMON, mana=3]
[name=Freezing Trap, class=HUNTER, rarity=COMMON, mana=2]
[name=Kill Command, class=HUNTER, rarity=FREE, mana=3]
[name=Unleash the Hounds, class=HUNTER, rarity=COMMON, mana=3]
[name=Sludge Belcher, class=ANY, rarity=RARE, mana=5]
[name=Eaglehorn Bow, class=HUNTER, rarity=RARE, mana=3]
[name=Abusive Sergeant, class=ANY, rarity=COMMON, mana=1]


=====
GENERATION 0
=====
best=93
avg=51.95
worst=18.0
infeasible rate=0.35
mutation rate=0.45
=====

=====
GENERATION 5
=====
best=108
avg=76.3
worst=22.0
infeasible rate=0.65
mutation rate=0.225
=====

=====
GENERATION 10
=====
best=109
avg=75.85
worst=12.0
infeasible rate=0.9
mutation rate=0.1125
=====

=====
GENERATION 15
=====
best=120
avg=89.55
worst=15.0
infeasible rate=1.1
mutation rate=0.1125
=====

=====
GENERATION 20
=====
best=120
avg=91.9
worst=22.0
infeasible rate=1.6
mutation rate=0.05625
=====

=====
GENERATION 25
=====
best=120
avg=90.65
worst=22.0
infeasible rate=1.7
mutation rate=0.028125
=====

=====
GENERATION 30
=====
best=120
avg=83.3
worst=8.0
infeasible rate=1.9
mutation rate=0.0140625
=====

=====
GENERATION 35
=====
best=120
avg=86.1
worst=21.0
infeasible rate=2.1
mutation rate=0.00703125
=====

=====
GENERATION 40
=====
best=120
avg=98.9
worst=37.0
infeasible rate=2.3
mutation rate=0.003515625
=====

=====
GENERATION 45
=====
best=120
avg=116.3
worst=46.0
infeasible rate=2.45
mutation rate=0.0017578125
=====

=====
BEST
=====
[name=Barnes, class=ANY, rarity=LEGENDARY, mana=4]
[name=Kill Command, class=HUNTER, rarity=FREE, mana=3]
[name=Twilight Geomancer, class=ANY, rarity=COMMON, mana=2]
[name=Illidan Stormrage, class=ANY, rarity=LEGENDARY, mana=6]
[name=Snake Trap, class=HUNTER, rarity=EPIC, mana=2]
[name=Leper Gnome, class=ANY, rarity=COMMON, mana=1]
[name=Baine Bloodhoof, class=ANY, rarity=LEGENDARY, mana=4]
[name=Dispatch Kodo, class=HUNTER, rarity=RARE, mana=4]
[name=Earthen Ring Farseer, class=ANY, rarity=COMMON, mana=3]
[name=Validated Doomsayer, class=ANY, rarity=EPIC, mana=5]
[name=Whelp, class=ANY, rarity=FREE, mana=1]
[name=Twilight Summoner, class=ANY, rarity=EPIC, mana=4]
[name=Gruul, class=ANY, rarity=LEGENDARY, mana=8]
[name=Mind Control Tech, class=ANY, rarity=RARE, mana=3]
[name=Elven Archer, class=ANY, rarity=FREE, mana=1]
[name=Bloodmage Thalnos, class=ANY, rarity=LEGENDARY, mana=2]
[name=Bog Creeper, class=ANY, rarity=COMMON, mana=7]
[name=Ironfur Grizzly, class=ANY, rarity=FREE, mana=3]
[name=Argent Squire, class=ANY, rarity=COMMON, mana=1]
[name=Auctionmaster Beardo, class=ANY, rarity=LEGENDARY, mana=3]
[name=Mana Addict, class=ANY, rarity=RARE, mana=2]
[name=Silverback Patriarch, class=ANY, rarity=FREE, mana=3]
[name=Deathwing, Dragonlord, class=ANY, rarity=LEGENDARY, mana=10]
[name=Backroom Bouncer, class=ANY, rarity=RARE, mana=4]
[name=Boar, class=ANY, rarity=FREE, mana=1]
[name=Boar, class=ANY, rarity=FREE, mana=1]
[name=Scarlet Crusader, class=ANY, rarity=COMMON, mana=3]
[name=Cellar Spider, class=ANY, rarity=COMMON, mana=3]
[name=Genzo, the Shark, class=ANY, rarity=LEGENDARY, mana=4]
[name=Razorfen Hunter, class=ANY, rarity=FREE, mana=3]


=====
MANA CURVE
=====
1=6
2=4
3=9
4=6
5=1
6=1
7=1
7 or more=2

=====
FITNESS=120
=====

=====
GAME STATISTICS
=====

opponent=Purple Rank #1 Legend Midrange Hunter
WIN_RATE=93.75%DAMAGE_DEALT=25.75HEALING_DONE=0.375MANA_SPENT=26.5625CARDS_PLAYED=10.5TURNS_TAKEN=7.8125MINIONS_PLAYED=17.125SPELLS_CAST=0.75HERO_POWER_USED=1.75

opponent=MatGagne Shadow Madness Priest
WIN_RATE=93.75%DAMAGE_DEALT=28.0HEALING_DONE=0.75MANA_SPENT=27.25CARDS_PLAYED=9.9375TURNS_TAKEN=7.9375MINIONS_PLAYED=16.9375SPELLS_CAST=0.3125HERO_POWER_USED=1.5625

opponent=Toefoo Rank 1 Cwarrior
WIN_RATE=100.00%DAMAGE_DEALT=28.375HEALING_DONE=1.6875MANA_SPENT=31.5625CARDS_PLAYED=12.125TURNS_TAKEN=8.625MINIONS_PLAYED=20.25SPELLS_CAST=0.75HERO_POWER_USED=2.0

opponent=Phonetap's Mech Shaman
WIN_RATE=87.50%DAMAGE_DEALT=30.125HEALING_DONE=0.75MANA_SPENT=26.6875CARDS_PLAYED=11.0TURNS_TAKEN=7.9375MINIONS_PLAYED=18.25SPELLS_CAST=0.8125HERO_POWER_USED=1.875

opponent=Aggro Paladin Meta Snapshot #17
WIN_RATE=93.75%DAMAGE_DEALT=21.375HEALING_DONE=1.5MANA_SPENT=23.875CARDS_PLAYED=10.4375TURNS_TAKEN=7.5MINIONS_PLAYED=17.1875SPELLS_CAST=0.375HERO_POWER_USED=2.0625

opponent=Hyunher Tempo Mage
WIN_RATE=87.50%DAMAGE_DEALT=33.75HEALING_DONE=0.75MANA_SPENT=29.375CARDS_PLAYED=12.5625TURNS_TAKEN=8.5625MINIONS_PLAYED=19.9375SPELLS_CAST=0.8125HERO_POWER_USED=2.375

opponent=Mid-Range Druid Meta Snapshot #16
WIN_RATE=100.00%DAMAGE_DEALT=20.9375HEALING_DONE=0.5625MANA_SPENT=25.9375CARDS_PLAYED=9.0625TURNS_TAKEN=7.8125MINIONS_PLAYED=16.4375SPELLS_CAST=0.4375HERO_POWER_USED=1.25

opponent=Toefoo Rank 1 Oil Rogue
WIN_RATE=87.50%DAMAGE_DEALT=31.625HEALING_DONE=1.5MANA_SPENT=27.25CARDS_PLAYED=11.25TURNS_TAKEN=8.125MINIONS_PLAYED=18.0SPELLS_CAST=1.0HERO_POWER_USED=1.9375

opponent=Neviilz MalyGod Meta Snapshot #18
WIN_RATE=93.75%DAMAGE_DEALT=31.125HEALING_DONE=0.9375MANA_SPENT=28.5625CARDS_PLAYED=10.5625TURNS_TAKEN=8.125MINIONS_PLAYED=18.5625SPELLS_CAST=0.8125HERO_POWER_USED=1.5

=====
JENETICS STATISTICS
=====
+---------------------------------------------------------------------------+
|  Time statistics                                                          |
+---------------------------------------------------------------------------+
|             Selection: sum=0.004686710000 s; mean=0.000093734200 s        |
|              Altering: sum=0.065048919000 s; mean=0.001300978380 s        |
|   Fitness calculation: sum=941.543865155000 s; mean=18.830877303100 s     |
|     Overall execution: sum=941.630806742000 s; mean=18.832616134840 s     |
+---------------------------------------------------------------------------+
|  Evolution statistics                                                     |
+---------------------------------------------------------------------------+
|           Generations: 50                                                 |
|               Altered: sum=504; mean=10.080000000                         |
|                Killed: sum=0; mean=0.000000000                            |
|              Invalids: sum=0; mean=0.000000000                            |
+---------------------------------------------------------------------------+
|  Population statistics                                                    |
+---------------------------------------------------------------------------+
|                   Age: max=35; mean=9.214000; var=127.902106              |
|               Fitness:                                                    |
|                      min  = 0.000000000000                                |
|                      max  = 120.000000000000                              |
|                      mean = 87.224000000000                               |
|                      var  = 1477.969793793794                             |
|                      std  = 38.444372719473                               |
+---------------------------------------------------------------------------+
infeasible rate=1431
