
=====
(10, 20)-EA
=====
population size=20
max generations=0.9
max fitness=128
number of games=16.0
hero class=HUNTER

opponents=[Aggro Paladin Meta Snapshot #17, Toefoo Rank 1 Cwarrior, Neviilz MalyGod Meta Snapshot #18, Phonetap's Mech Shaman, Mid-Range Druid Meta Snapshot #16, Purple Rank #1 Legend Midrange Hunter, Toefoo Rank 1 Oil Rogue, MatGagne Shadow Madness Priest, Hyunher Tempo Mage]
=====
Initial Deck
=====
[name=Kill Command, class=HUNTER, rarity=FREE, mana=3]
[name=Eaglehorn Bow, class=HUNTER, rarity=RARE, mana=3]
[name=Haunted Creeper, class=ANY, rarity=COMMON, mana=2]
[name=Kill Command, class=HUNTER, rarity=FREE, mana=3]
[name=Freezing Trap, class=HUNTER, rarity=COMMON, mana=2]
[name=Knife Juggler, class=ANY, rarity=RARE, mana=2]
[name=Piloted Shredder, class=ANY, rarity=COMMON, mana=4]
[name=Freezing Trap, class=HUNTER, rarity=COMMON, mana=2]
[name=Animal Companion, class=HUNTER, rarity=FREE, mana=3]
[name=Haunted Creeper, class=ANY, rarity=COMMON, mana=2]
[name=Knife Juggler, class=ANY, rarity=RARE, mana=2]
[name=Leper Gnome, class=ANY, rarity=COMMON, mana=1]
[name=Haunted Creeper, class=ANY, rarity=COMMON, mana=2]
[name=Eaglehorn Bow, class=HUNTER, rarity=RARE, mana=3]
[name=Leper Gnome, class=ANY, rarity=COMMON, mana=1]
[name=Animal Companion, class=HUNTER, rarity=FREE, mana=3]
[name=Haunted Creeper, class=ANY, rarity=COMMON, mana=2]
[name=Freezing Trap, class=HUNTER, rarity=COMMON, mana=2]
[name=Mad Scientist, class=ANY, rarity=COMMON, mana=2]
[name=Hunter's Mark, class=HUNTER, rarity=FREE, mana=1]
[name=Knife Juggler, class=ANY, rarity=RARE, mana=2]
[name=Eaglehorn Bow, class=HUNTER, rarity=RARE, mana=3]
[name=Glaivezooka, class=HUNTER, rarity=COMMON, mana=2]
[name=Kill Command, class=HUNTER, rarity=FREE, mana=3]
[name=Hunter's Mark, class=HUNTER, rarity=FREE, mana=1]
[name=Knife Juggler, class=ANY, rarity=RARE, mana=2]
[name=Animal Companion, class=HUNTER, rarity=FREE, mana=3]
[name=Unleash the Hounds, class=HUNTER, rarity=COMMON, mana=3]
[name=Animal Companion, class=HUNTER, rarity=FREE, mana=3]
[name=Eaglehorn Bow, class=HUNTER, rarity=RARE, mana=3]


=====
GENERATION 0
=====
best=107
avg=68.1
worst=25.0
infeasible rate=0.05
mutation rate=0.45
=====

=====
GENERATION 5
=====
best=111
avg=62.05
worst=24.0
infeasible rate=0.45
mutation rate=0.225
=====

=====
GENERATION 10
=====
best=111
avg=90.9
worst=31.0
infeasible rate=0.65
mutation rate=0.1125
=====

=====
GENERATION 15
=====
best=113
avg=80.15
worst=15.0
infeasible rate=0.9
mutation rate=0.05625
=====

=====
GENERATION 20
=====
best=115
avg=85.15
worst=17.0
infeasible rate=1.25
mutation rate=0.028125
=====

=====
GENERATION 25
=====
best=113
avg=87.8
worst=37.0
infeasible rate=1.3
mutation rate=0.0140625
=====

=====
GENERATION 30
=====
best=113
avg=92.65
worst=30.0
infeasible rate=1.6
mutation rate=0.00703125
=====

=====
GENERATION 35
=====
best=113
avg=96.0
worst=28.0
infeasible rate=1.7
mutation rate=0.003515625
=====

=====
GENERATION 40
=====
best=119
avg=109.45
worst=59.0
infeasible rate=2.0
mutation rate=0.0017578125
=====

=====
GENERATION 45
=====
best=119
avg=96.75
worst=29.0
infeasible rate=2.15
mutation rate=8.7890625E-4
=====

=====
BEST
=====
[name=Chicken, class=ANY, rarity=FREE, mana=0]
[name=Validated Doomsayer, class=ANY, rarity=EPIC, mana=5]
[name=Hogger, Doom of Elwynn, class=ANY, rarity=LEGENDARY, mana=7]
[name=Explosive Shot, class=HUNTER, rarity=RARE, mana=5]
[name=Mind Control Tech, class=ANY, rarity=RARE, mana=3]
[name=Tabbycat, class=HUNTER, rarity=FREE, mana=1]
[name=Leokk, class=HUNTER, rarity=FREE, mana=3]
[name=Kabal Chemist, class=ANY, rarity=COMMON, mana=4]
[name=N'Zoth, the Corruptor, class=ANY, rarity=LEGENDARY, mana=10]
[name=Dalaran Mage, class=ANY, rarity=FREE, mana=3]
[name=Finja, the Flying Star, class=ANY, rarity=LEGENDARY, mana=5]
[name=Aberrant Berserker, class=ANY, rarity=COMMON, mana=4]
[name=Blowgill Sniper, class=ANY, rarity=COMMON, mana=2]
[name=Grimscale Oracle, class=ANY, rarity=FREE, mana=1]
[name=Murloc Scout, class=ANY, rarity=FREE, mana=1]
[name=Kooky Chemist, class=ANY, rarity=COMMON, mana=4]
[name=Sunfury Protector, class=ANY, rarity=RARE, mana=2]
[name=Silvermoon Guardian, class=ANY, rarity=COMMON, mana=4]
[name=Zoobot, class=ANY, rarity=COMMON, mana=3]
[name=Defias Cleaner, class=ANY, rarity=EPIC, mana=6]
[name=Spiteful Smith, class=ANY, rarity=COMMON, mana=5]
[name=Spiked Hogrider, class=ANY, rarity=RARE, mana=5]
[name=Southsea Captain, class=ANY, rarity=EPIC, mana=3]
[name=Blood Knight, class=ANY, rarity=EPIC, mana=3]
[name=Faceless Behemoth, class=ANY, rarity=COMMON, mana=10]
[name=Wrathion, class=ANY, rarity=LEGENDARY, mana=6]
[name=Infested Tauren, class=ANY, rarity=COMMON, mana=4]
[name=Arcanosmith, class=ANY, rarity=COMMON, mana=4]
[name=Trogg Beastrager, class=HUNTER, rarity=RARE, mana=2]
[name=Runic Egg, class=ANY, rarity=COMMON, mana=1]


=====
MANA CURVE
=====
1=4
2=3
3=6
4=6
5=5
6=2
7=1
7 or more=3

=====
FITNESS=119
=====

=====
GAME STATISTICS
=====

opponent=Purple Rank #1 Legend Midrange Hunter
WIN_RATE=100.00%DAMAGE_DEALT=25.8125HEALING_DONE=0.75MANA_SPENT=28.4375CARDS_PLAYED=11.875TURNS_TAKEN=8.5MINIONS_PLAYED=19.4375SPELLS_CAST=0.5625HERO_POWER_USED=1.8125

opponent=MatGagne Shadow Madness Priest
WIN_RATE=87.50%DAMAGE_DEALT=33.8125MANA_SPENT=31.4375CARDS_PLAYED=12.75TURNS_TAKEN=8.75MINIONS_PLAYED=22.375SPELLS_CAST=0.5HERO_POWER_USED=1.6875

opponent=Toefoo Rank 1 Cwarrior
WIN_RATE=93.75%DAMAGE_DEALT=25.0625MANA_SPENT=28.625CARDS_PLAYED=11.1875TURNS_TAKEN=8.125MINIONS_PLAYED=19.9375SPELLS_CAST=0.1875HERO_POWER_USED=1.25

opponent=Phonetap's Mech Shaman
WIN_RATE=93.75%DAMAGE_DEALT=36.1875MANA_SPENT=32.4375CARDS_PLAYED=14.0TURNS_TAKEN=8.9375MINIONS_PLAYED=23.375SPELLS_CAST=0.5625HERO_POWER_USED=2.25

opponent=Aggro Paladin Meta Snapshot #17
WIN_RATE=93.75%DAMAGE_DEALT=27.25MANA_SPENT=28.875CARDS_PLAYED=11.75TURNS_TAKEN=8.0625MINIONS_PLAYED=20.375SPELLS_CAST=0.375HERO_POWER_USED=1.4375

opponent=Hyunher Tempo Mage
WIN_RATE=81.25%DAMAGE_DEALT=37.1875MANA_SPENT=29.9375CARDS_PLAYED=12.9375TURNS_TAKEN=8.5625MINIONS_PLAYED=22.6875SPELLS_CAST=0.3125HERO_POWER_USED=1.75

opponent=Mid-Range Druid Meta Snapshot #16
WIN_RATE=93.75%DAMAGE_DEALT=31.75MANA_SPENT=27.5625CARDS_PLAYED=11.875TURNS_TAKEN=8.25MINIONS_PLAYED=20.5SPELLS_CAST=0.375HERO_POWER_USED=1.5

opponent=Toefoo Rank 1 Oil Rogue
WIN_RATE=93.75%DAMAGE_DEALT=34.75MANA_SPENT=31.625CARDS_PLAYED=14.0TURNS_TAKEN=8.875MINIONS_PLAYED=23.9375SPELLS_CAST=0.3125HERO_POWER_USED=2.125

opponent=Neviilz MalyGod Meta Snapshot #18
WIN_RATE=93.75%DAMAGE_DEALT=31.125MANA_SPENT=28.5CARDS_PLAYED=12.25TURNS_TAKEN=8.4375MINIONS_PLAYED=21.0SPELLS_CAST=0.3125HERO_POWER_USED=1.625

=====
JENETICS STATISTICS
=====
+---------------------------------------------------------------------------+
|  Time statistics                                                          |
+---------------------------------------------------------------------------+
|             Selection: sum=0.005694955000 s; mean=0.000113899100 s        |
|              Altering: sum=0.012383786000 s; mean=0.000247675720 s        |
|   Fitness calculation: sum=872.695564679000 s; mean=17.453911293580 s     |
|     Overall execution: sum=872.717822901000 s; mean=17.454356458020 s     |
+---------------------------------------------------------------------------+
|  Evolution statistics                                                     |
+---------------------------------------------------------------------------+
|           Generations: 50                                                 |
|               Altered: sum=508; mean=10.160000000                         |
|                Killed: sum=0; mean=0.000000000                            |
|              Invalids: sum=0; mean=0.000000000                            |
+---------------------------------------------------------------------------+
|  Population statistics                                                    |
+---------------------------------------------------------------------------+
|                   Age: max=27; mean=6.498000; var=55.241237               |
|               Fitness:                                                    |
|                      min  = 0.000000000000                                |
|                      max  = 119.000000000000                              |
|                      mean = 89.553000000000                               |
|                      var  = 1193.863054054054                             |
|                      std  = 34.552323424830                               |
+---------------------------------------------------------------------------+
infeasible rate=1128
