
=====
(10, 20)-EA
=====
population size=20
max generations=0.9
max fitness=128
number of games=16.0
hero class=HUNTER

opponents=[Aggro Paladin Meta Snapshot #17, Toefoo Rank 1 Cwarrior, Neviilz MalyGod Meta Snapshot #18, Phonetap's Mech Shaman, Mid-Range Druid Meta Snapshot #16, Purple Rank #1 Legend Midrange Hunter, Toefoo Rank 1 Oil Rogue, MatGagne Shadow Madness Priest, Hyunher Tempo Mage]
=====
Initial Deck
=====
[name=Freezing Trap, class=HUNTER, rarity=COMMON, mana=2]
[name=Mad Scientist, class=ANY, rarity=COMMON, mana=2]
[name=Glaivezooka, class=HUNTER, rarity=COMMON, mana=2]
[name=Haunted Creeper, class=ANY, rarity=COMMON, mana=2]
[name=Piloted Shredder, class=ANY, rarity=COMMON, mana=4]
[name=Animal Companion, class=HUNTER, rarity=FREE, mana=3]
[name=Freezing Trap, class=HUNTER, rarity=COMMON, mana=2]
[name=Animal Companion, class=HUNTER, rarity=FREE, mana=3]
[name=Eaglehorn Bow, class=HUNTER, rarity=RARE, mana=3]
[name=Animal Companion, class=HUNTER, rarity=FREE, mana=3]
[name=Haunted Creeper, class=ANY, rarity=COMMON, mana=2]
[name=Freezing Trap, class=HUNTER, rarity=COMMON, mana=2]
[name=Leper Gnome, class=ANY, rarity=COMMON, mana=1]
[name=Savannah Highmane, class=HUNTER, rarity=RARE, mana=6]
[name=Abusive Sergeant, class=ANY, rarity=COMMON, mana=1]
[name=Eaglehorn Bow, class=HUNTER, rarity=RARE, mana=3]
[name=Sludge Belcher, class=ANY, rarity=RARE, mana=5]
[name=Sludge Belcher, class=ANY, rarity=RARE, mana=5]
[name=Knife Juggler, class=ANY, rarity=RARE, mana=2]
[name=Glaivezooka, class=HUNTER, rarity=COMMON, mana=2]
[name=Unleash the Hounds, class=HUNTER, rarity=COMMON, mana=3]
[name=Knife Juggler, class=ANY, rarity=RARE, mana=2]
[name=Abusive Sergeant, class=ANY, rarity=COMMON, mana=1]
[name=Freezing Trap, class=HUNTER, rarity=COMMON, mana=2]
[name=Mad Scientist, class=ANY, rarity=COMMON, mana=2]
[name=Leper Gnome, class=ANY, rarity=COMMON, mana=1]
[name=Piloted Shredder, class=ANY, rarity=COMMON, mana=4]
[name=Haunted Creeper, class=ANY, rarity=COMMON, mana=2]
[name=Leper Gnome, class=ANY, rarity=COMMON, mana=1]
[name=Abusive Sergeant, class=ANY, rarity=COMMON, mana=1]


=====
GENERATION 0
=====
best=117
avg=67.9
worst=18.0
infeasible rate=0.1
mutation rate=0.45
=====

=====
GENERATION 5
=====
best=120
avg=85.5
worst=57.0
infeasible rate=0.45
mutation rate=0.225
=====

=====
GENERATION 10
=====
best=123
avg=109.3
worst=47.0
infeasible rate=0.65
mutation rate=0.1125
=====

=====
GENERATION 15
=====
best=124
avg=103.3
worst=42.0
infeasible rate=0.75
mutation rate=0.05625
=====

=====
GENERATION 20
=====
best=124
avg=100.15
worst=48.0
infeasible rate=0.95
mutation rate=0.028125
=====

=====
GENERATION 25
=====
best=124
avg=105.05
worst=42.0
infeasible rate=1.2
mutation rate=0.0140625
=====

=====
GENERATION 30
=====
best=124
avg=106.3
worst=63.0
infeasible rate=1.3
mutation rate=0.00703125
=====

=====
GENERATION 35
=====
best=124
avg=96.0
worst=40.0
infeasible rate=1.55
mutation rate=0.003515625
=====

=====
GENERATION 40
=====
best=124
avg=95.55
worst=44.0
infeasible rate=1.8
mutation rate=0.0017578125
=====

=====
GENERATION 45
=====
best=124
avg=98.5
worst=41.0
infeasible rate=2.05
mutation rate=8.7890625E-4
=====

=====
BEST
=====
[name=Rat Pack, class=HUNTER, rarity=EPIC, mana=3]
[name=Rat Pack, class=HUNTER, rarity=EPIC, mana=3]
[name=Priestess of Elune, class=ANY, rarity=COMMON, mana=6]
[name=Huffer, class=HUNTER, rarity=FREE, mana=3]
[name=Illidan Stormrage, class=ANY, rarity=LEGENDARY, mana=6]
[name=Steward, class=ANY, rarity=LEGENDARY, mana=1]
[name=Weasel Tunneler, class=ANY, rarity=EPIC, mana=1]
[name=Mechanical Dragonling, class=ANY, rarity=FREE, mana=1]
[name=Arcane Shot, class=HUNTER, rarity=FREE, mana=1]
[name=Arcane Giant, class=ANY, rarity=EPIC, mana=12]
[name=Blackwater Pirate, class=ANY, rarity=RARE, mana=4]
[name=Fen Creeper, class=ANY, rarity=COMMON, mana=5]
[name=Argent Squire, class=ANY, rarity=COMMON, mana=1]
[name=Kabal Demon, class=ANY, rarity=FREE, mana=2]
[name=Sen'jin Shieldmasta, class=ANY, rarity=FREE, mana=4]
[name=Beckoner of Evil, class=ANY, rarity=COMMON, mana=2]
[name=Tanaris Hogchopper, class=ANY, rarity=COMMON, mana=4]
[name=Soggoth the Slitherer, class=ANY, rarity=LEGENDARY, mana=9]
[name=Stormwind Champion, class=ANY, rarity=FREE, mana=7]
[name=Zealous Initiate, class=ANY, rarity=COMMON, mana=1]
[name=Squirming Tentacle, class=ANY, rarity=COMMON, mana=3]
[name=Angry Chicken, class=ANY, rarity=RARE, mana=1]
[name=Princess Huhuran, class=HUNTER, rarity=LEGENDARY, mana=5]
[name=Big Bad Wolf, class=HUNTER, rarity=COMMON, mana=2]
[name="Little Friend", class=ANY, rarity=FREE, mana=6]
[name=Crazed Worshipper, class=ANY, rarity=EPIC, mana=5]
[name=Crazed Worshipper, class=ANY, rarity=EPIC, mana=5]
[name=Cairne Bloodhoof, class=ANY, rarity=LEGENDARY, mana=6]
[name=Kabal Courier, class=ANY, rarity=RARE, mana=3]
[name=Pint-Sized Summoner, class=ANY, rarity=RARE, mana=2]


=====
MANA CURVE
=====
1=7
2=4
3=5
4=3
5=4
6=4
7=1
7 or more=2

=====
FITNESS=124
=====

=====
GAME STATISTICS
=====

opponent=Purple Rank #1 Legend Midrange Hunter
WIN_RATE=100.00%DAMAGE_DEALT=27.375HEALING_DONE=1.5MANA_SPENT=43.0625CARDS_PLAYED=12.875TURNS_TAKEN=9.75MINIONS_PLAYED=23.3125SPELLS_CAST=0.1875HERO_POWER_USED=1.5625

opponent=MatGagne Shadow Madness Priest
WIN_RATE=93.75%DAMAGE_DEALT=30.4375HEALING_DONE=0.75MANA_SPENT=45.125CARDS_PLAYED=14.6875TURNS_TAKEN=10.0625MINIONS_PLAYED=26.0SPELLS_CAST=0.1875HERO_POWER_USED=2.0625

opponent=Toefoo Rank 1 Cwarrior
WIN_RATE=100.00%DAMAGE_DEALT=30.1875HEALING_DONE=1.75MANA_SPENT=44.1875CARDS_PLAYED=14.625TURNS_TAKEN=10.0625MINIONS_PLAYED=24.75SPELLS_CAST=0.25HERO_POWER_USED=2.375

opponent=Phonetap's Mech Shaman
WIN_RATE=100.00%DAMAGE_DEALT=26.0HEALING_DONE=1.75MANA_SPENT=44.125CARDS_PLAYED=13.3125TURNS_TAKEN=10.0MINIONS_PLAYED=23.875SPELLS_CAST=0.375HERO_POWER_USED=1.5

opponent=Aggro Paladin Meta Snapshot #17
WIN_RATE=93.75%DAMAGE_DEALT=25.625HEALING_DONE=2.0MANA_SPENT=43.1875CARDS_PLAYED=13.125TURNS_TAKEN=9.5625MINIONS_PLAYED=23.9375SPELLS_CAST=0.375HERO_POWER_USED=1.375

opponent=Hyunher Tempo Mage
WIN_RATE=93.75%DAMAGE_DEALT=27.5HEALING_DONE=0.75MANA_SPENT=39.625CARDS_PLAYED=12.8125TURNS_TAKEN=9.5625MINIONS_PLAYED=22.9375SPELLS_CAST=0.375HERO_POWER_USED=1.5625

opponent=Mid-Range Druid Meta Snapshot #16
WIN_RATE=93.75%DAMAGE_DEALT=27.3125HEALING_DONE=2.0MANA_SPENT=40.375CARDS_PLAYED=12.625TURNS_TAKEN=9.4375MINIONS_PLAYED=22.0SPELLS_CAST=0.25HERO_POWER_USED=1.5625

opponent=Toefoo Rank 1 Oil Rogue
WIN_RATE=100.00%DAMAGE_DEALT=30.9375HEALING_DONE=0.75MANA_SPENT=42.1875CARDS_PLAYED=14.625TURNS_TAKEN=9.8125MINIONS_PLAYED=26.0SPELLS_CAST=0.3125HERO_POWER_USED=1.75

opponent=Neviilz MalyGod Meta Snapshot #18
WIN_RATE=93.75%DAMAGE_DEALT=34.75HEALING_DONE=1.25MANA_SPENT=49.5CARDS_PLAYED=14.625TURNS_TAKEN=10.375MINIONS_PLAYED=26.75SPELLS_CAST=0.375HERO_POWER_USED=1.5625

=====
JENETICS STATISTICS
=====
+---------------------------------------------------------------------------+
|  Time statistics                                                          |
+---------------------------------------------------------------------------+
|             Selection: sum=0.002081842000 s; mean=0.000041636840 s        |
|              Altering: sum=0.012873252000 s; mean=0.000257465040 s        |
|   Fitness calculation: sum=942.816308532000 s; mean=18.856326170640 s     |
|     Overall execution: sum=942.839728862000 s; mean=18.856794577240 s     |
+---------------------------------------------------------------------------+
|  Evolution statistics                                                     |
+---------------------------------------------------------------------------+
|           Generations: 50                                                 |
|               Altered: sum=501; mean=10.020000000                         |
|                Killed: sum=0; mean=0.000000000                            |
|              Invalids: sum=0; mean=0.000000000                            |
+---------------------------------------------------------------------------+
|  Population statistics                                                    |
+---------------------------------------------------------------------------+
|                   Age: max=36; mean=9.275000; var=116.950325              |
|               Fitness:                                                    |
|                      min  = 0.000000000000                                |
|                      max  = 124.000000000000                              |
|                      mean = 98.927000000000                               |
|                      var  = 1223.222893893894                             |
|                      std  = 34.974603555922                               |
+---------------------------------------------------------------------------+
infeasible rate=1081
