
=====
(10, 20)-EA
=====
population size=20
max generations=0.9
max fitness=128
number of games=16.0
hero class=HUNTER

opponents=[Aggro Paladin Meta Snapshot #17, Toefoo Rank 1 Cwarrior, Neviilz MalyGod Meta Snapshot #18, Phonetap's Mech Shaman, Mid-Range Druid Meta Snapshot #16, Purple Rank #1 Legend Midrange Hunter, Toefoo Rank 1 Oil Rogue, MatGagne Shadow Madness Priest, Hyunher Tempo Mage]
=====
Initial Deck
=====
[name=Sludge Belcher, class=ANY, rarity=RARE, mana=5]
[name=Haunted Creeper, class=ANY, rarity=COMMON, mana=2]
[name=Animal Companion, class=HUNTER, rarity=FREE, mana=3]
[name=Abusive Sergeant, class=ANY, rarity=COMMON, mana=1]
[name=Animal Companion, class=HUNTER, rarity=FREE, mana=3]
[name=Sludge Belcher, class=ANY, rarity=RARE, mana=5]
[name=Piloted Shredder, class=ANY, rarity=COMMON, mana=4]
[name=Animal Companion, class=HUNTER, rarity=FREE, mana=3]
[name=Houndmaster, class=HUNTER, rarity=FREE, mana=4]
[name=Mad Scientist, class=ANY, rarity=COMMON, mana=2]
[name=Sludge Belcher, class=ANY, rarity=RARE, mana=5]
[name=Mad Scientist, class=ANY, rarity=COMMON, mana=2]
[name=Freezing Trap, class=HUNTER, rarity=COMMON, mana=2]
[name=Piloted Shredder, class=ANY, rarity=COMMON, mana=4]
[name=Mad Scientist, class=ANY, rarity=COMMON, mana=2]
[name=Eaglehorn Bow, class=HUNTER, rarity=RARE, mana=3]
[name=Animal Companion, class=HUNTER, rarity=FREE, mana=3]
[name=Mad Scientist, class=ANY, rarity=COMMON, mana=2]
[name=Explosive Trap, class=HUNTER, rarity=COMMON, mana=2]
[name=Leper Gnome, class=ANY, rarity=COMMON, mana=1]
[name=Knife Juggler, class=ANY, rarity=RARE, mana=2]
[name=Kill Command, class=HUNTER, rarity=FREE, mana=3]
[name=Savannah Highmane, class=HUNTER, rarity=RARE, mana=6]
[name=Animal Companion, class=HUNTER, rarity=FREE, mana=3]
[name=Hunter's Mark, class=HUNTER, rarity=FREE, mana=1]
[name=Freezing Trap, class=HUNTER, rarity=COMMON, mana=2]
[name=Abusive Sergeant, class=ANY, rarity=COMMON, mana=1]
[name=Glaivezooka, class=HUNTER, rarity=COMMON, mana=2]
[name=Haunted Creeper, class=ANY, rarity=COMMON, mana=2]
[name=Glaivezooka, class=HUNTER, rarity=COMMON, mana=2]


=====
GENERATION 0
=====
best=114
avg=52.05
worst=20.0
infeasible rate=0.15
mutation rate=0.45
=====

=====
GENERATION 5
=====
best=118
avg=86.2
worst=5.0
infeasible rate=0.3
mutation rate=0.45
=====

=====
GENERATION 10
=====
best=118
avg=84.9
worst=13.0
infeasible rate=0.5
mutation rate=0.225
=====

=====
GENERATION 15
=====
best=118
avg=93.8
worst=28.0
infeasible rate=1.0
mutation rate=0.1125
=====

=====
GENERATION 20
=====
best=118
avg=103.45
worst=9.0
infeasible rate=1.3
mutation rate=0.05625
=====

=====
GENERATION 25
=====
best=120
avg=92.75
worst=41.0
infeasible rate=1.55
mutation rate=0.028125
=====

=====
GENERATION 30
=====
best=121
avg=89.25
worst=6.0
infeasible rate=1.8
mutation rate=0.0140625
=====

=====
GENERATION 35
=====
best=121
avg=90.15
worst=12.0
infeasible rate=2.0
mutation rate=0.00703125
=====

=====
GENERATION 40
=====
best=121
avg=106.9
worst=20.0
infeasible rate=2.3
mutation rate=0.003515625
=====

=====
GENERATION 45
=====
best=123
avg=99.55
worst=29.0
infeasible rate=2.5
mutation rate=0.0017578125
=====

=====
BEST
=====
[name=Moroes, class=ANY, rarity=LEGENDARY, mana=3]
[name=Archmage, class=ANY, rarity=FREE, mana=6]
[name=Murloc Tidecaller, class=ANY, rarity=RARE, mana=1]
[name=Secretkeeper, class=ANY, rarity=RARE, mana=1]
[name=Twilight Summoner, class=ANY, rarity=EPIC, mana=4]
[name=The Beast, class=ANY, rarity=LEGENDARY, mana=6]
[name=Thrallmar Farseer, class=ANY, rarity=COMMON, mana=3]
[name=Stormpike Commando, class=ANY, rarity=FREE, mana=5]
[name=Ogre Magi, class=ANY, rarity=FREE, mana=4]
[name=Acidic Swamp Ooze, class=ANY, rarity=FREE, mana=2]
[name=Stormwind Knight, class=ANY, rarity=FREE, mana=4]
[name=Leokk, class=HUNTER, rarity=FREE, mana=3]
[name=Deathwing, class=ANY, rarity=LEGENDARY, mana=10]
[name=Shaky Zipgunner, class=HUNTER, rarity=COMMON, mana=3]
[name=Flame of Azzinoth, class=ANY, rarity=FREE, mana=1]
[name=Soggoth the Slitherer, class=ANY, rarity=LEGENDARY, mana=9]
[name=Tinkmaster Overspark, class=ANY, rarity=LEGENDARY, mana=3]
[name=Silvermoon Guardian, class=ANY, rarity=COMMON, mana=4]
[name=C'Thun's Chosen, class=ANY, rarity=COMMON, mana=4]
[name=The Coin, class=ANY, rarity=FREE, mana=0]
[name=Stampeding Kodo, class=ANY, rarity=RARE, mana=5]
[name=Stampeding Kodo, class=ANY, rarity=RARE, mana=5]
[name=Captain Greenskin, class=ANY, rarity=LEGENDARY, mana=5]
[name=Crazed Worshipper, class=ANY, rarity=EPIC, mana=5]
[name=Southsea Captain, class=ANY, rarity=EPIC, mana=3]
[name=Faceless Manipulator, class=ANY, rarity=EPIC, mana=5]
[name=Gurubashi Berserker, class=ANY, rarity=FREE, mana=5]
[name=Twisted Worgen, class=ANY, rarity=COMMON, mana=2]
[name=Moat Lurker, class=ANY, rarity=RARE, mana=6]
[name=Patches the Pirate, class=ANY, rarity=LEGENDARY, mana=1]


=====
MANA CURVE
=====
1=4
2=2
3=6
4=5
5=7
6=3
7=0
7 or more=3

=====
FITNESS=124
=====

=====
GAME STATISTICS
=====

opponent=Purple Rank #1 Legend Midrange Hunter
WIN_RATE=93.75%DAMAGE_DEALT=17.0625MANA_SPENT=23.4375CARDS_PLAYED=7.6875TURNS_TAKEN=7.25MINIONS_PLAYED=17.0HERO_POWER_USED=0.3125

opponent=MatGagne Shadow Madness Priest
WIN_RATE=93.75%DAMAGE_DEALT=17.25MANA_SPENT=27.375CARDS_PLAYED=9.125TURNS_TAKEN=8.0MINIONS_PLAYED=18.5625HERO_POWER_USED=0.875

opponent=Toefoo Rank 1 Cwarrior
WIN_RATE=100.00%DAMAGE_DEALT=18.0625MANA_SPENT=25.0625CARDS_PLAYED=7.8125TURNS_TAKEN=7.4375MINIONS_PLAYED=17.0625HERO_POWER_USED=0.375

opponent=Phonetap's Mech Shaman
WIN_RATE=100.00%DAMAGE_DEALT=21.1875MANA_SPENT=27.3125CARDS_PLAYED=9.0TURNS_TAKEN=8.25MINIONS_PLAYED=17.4375HERO_POWER_USED=1.25

opponent=Aggro Paladin Meta Snapshot #17
WIN_RATE=93.75%DAMAGE_DEALT=20.0MANA_SPENT=26.125CARDS_PLAYED=8.625TURNS_TAKEN=7.875MINIONS_PLAYED=18.125HERO_POWER_USED=0.5

opponent=Hyunher Tempo Mage
WIN_RATE=93.75%DAMAGE_DEALT=23.5625MANA_SPENT=29.0CARDS_PLAYED=9.8125TURNS_TAKEN=8.1875MINIONS_PLAYED=19.5625HERO_POWER_USED=1.0

opponent=Mid-Range Druid Meta Snapshot #16
WIN_RATE=93.75%DAMAGE_DEALT=17.9375MANA_SPENT=26.25CARDS_PLAYED=8.5625TURNS_TAKEN=7.4375MINIONS_PLAYED=17.875HERO_POWER_USED=0.6875

opponent=Toefoo Rank 1 Oil Rogue
WIN_RATE=100.00%DAMAGE_DEALT=21.0MANA_SPENT=30.0CARDS_PLAYED=9.25TURNS_TAKEN=8.1875MINIONS_PLAYED=19.4375HERO_POWER_USED=0.5

opponent=Neviilz MalyGod Meta Snapshot #18
WIN_RATE=100.00%DAMAGE_DEALT=16.5625MANA_SPENT=26.5CARDS_PLAYED=8.1875TURNS_TAKEN=7.6875MINIONS_PLAYED=16.875HERO_POWER_USED=0.75

=====
JENETICS STATISTICS
=====
+---------------------------------------------------------------------------+
|  Time statistics                                                          |
+---------------------------------------------------------------------------+
|             Selection: sum=0.002586396000 s; mean=0.000051727920 s        |
|              Altering: sum=0.028569904000 s; mean=0.000571398080 s        |
|   Fitness calculation: sum=776.061036639000 s; mean=15.521220732780 s     |
|     Overall execution: sum=776.102354955000 s; mean=15.522047099100 s     |
+---------------------------------------------------------------------------+
|  Evolution statistics                                                     |
+---------------------------------------------------------------------------+
|           Generations: 50                                                 |
|               Altered: sum=566; mean=11.320000000                         |
|                Killed: sum=0; mean=0.000000000                            |
|              Invalids: sum=0; mean=0.000000000                            |
+---------------------------------------------------------------------------+
|  Population statistics                                                    |
+---------------------------------------------------------------------------+
|                   Age: max=28; mean=7.144000; var=63.094358               |
|               Fitness:                                                    |
|                      min  = 0.000000000000                                |
|                      max  = 124.000000000000                              |
|                      mean = 90.745000000000                               |
|                      var  = 1635.913888888889                             |
|                      std  = 40.446432338204                               |
+---------------------------------------------------------------------------+
infeasible rate=1596
