
=====
(10, 20)-EA
=====
population size=20
max generations=0.9
max fitness=128
number of games=16.0
hero class=HUNTER

opponents=[Aggro Paladin Meta Snapshot #17, Toefoo Rank 1 Cwarrior, Neviilz MalyGod Meta Snapshot #18, Phonetap's Mech Shaman, Mid-Range Druid Meta Snapshot #16, Purple Rank #1 Legend Midrange Hunter, Toefoo Rank 1 Oil Rogue, MatGagne Shadow Madness Priest, Hyunher Tempo Mage]
=====
Initial Deck
=====
[name=Unleash the Hounds, class=HUNTER, rarity=COMMON, mana=3]
[name=Knife Juggler, class=ANY, rarity=RARE, mana=2]
[name=Animal Companion, class=HUNTER, rarity=FREE, mana=3]
[name=Hunter's Mark, class=HUNTER, rarity=FREE, mana=1]
[name=Loatheb, class=ANY, rarity=LEGENDARY, mana=5]
[name=Abusive Sergeant, class=ANY, rarity=COMMON, mana=1]
[name=Eaglehorn Bow, class=HUNTER, rarity=RARE, mana=3]
[name=Freezing Trap, class=HUNTER, rarity=COMMON, mana=2]
[name=Hunter's Mark, class=HUNTER, rarity=FREE, mana=1]
[name=Knife Juggler, class=ANY, rarity=RARE, mana=2]
[name=Leper Gnome, class=ANY, rarity=COMMON, mana=1]
[name=Savannah Highmane, class=HUNTER, rarity=RARE, mana=6]
[name=Haunted Creeper, class=ANY, rarity=COMMON, mana=2]
[name=Piloted Shredder, class=ANY, rarity=COMMON, mana=4]
[name=Explosive Trap, class=HUNTER, rarity=COMMON, mana=2]
[name=Animal Companion, class=HUNTER, rarity=FREE, mana=3]
[name=Eaglehorn Bow, class=HUNTER, rarity=RARE, mana=3]
[name=Explosive Trap, class=HUNTER, rarity=COMMON, mana=2]
[name=Mad Scientist, class=ANY, rarity=COMMON, mana=2]
[name=Eaglehorn Bow, class=HUNTER, rarity=RARE, mana=3]
[name=Haunted Creeper, class=ANY, rarity=COMMON, mana=2]
[name=Hunter's Mark, class=HUNTER, rarity=FREE, mana=1]
[name=Unleash the Hounds, class=HUNTER, rarity=COMMON, mana=3]
[name=Kill Command, class=HUNTER, rarity=FREE, mana=3]
[name=Glaivezooka, class=HUNTER, rarity=COMMON, mana=2]
[name=Piloted Shredder, class=ANY, rarity=COMMON, mana=4]
[name=Leper Gnome, class=ANY, rarity=COMMON, mana=1]
[name=Haunted Creeper, class=ANY, rarity=COMMON, mana=2]
[name=Animal Companion, class=HUNTER, rarity=FREE, mana=3]
[name=Houndmaster, class=HUNTER, rarity=FREE, mana=4]


=====
GENERATION 0
=====
best=71
avg=48.25
worst=14.0
infeasible rate=0.2
mutation rate=0.45
=====

=====
GENERATION 5
=====
best=95
avg=61.6
worst=29.0
infeasible rate=0.5
mutation rate=0.225
=====

=====
GENERATION 10
=====
best=106
avg=82.1
worst=28.0
infeasible rate=0.85
mutation rate=0.1125
=====

=====
GENERATION 15
=====
best=109
avg=78.75
worst=25.0
infeasible rate=1.05
mutation rate=0.05625
=====

=====
GENERATION 20
=====
best=112
avg=96.45
worst=46.0
infeasible rate=1.25
mutation rate=0.028125
=====

=====
GENERATION 25
=====
best=117
avg=91.9
worst=16.0
infeasible rate=1.35
mutation rate=0.0140625
=====

=====
GENERATION 30
=====
best=117
avg=89.25
worst=25.0
infeasible rate=1.4
mutation rate=0.00703125
=====

=====
GENERATION 35
=====
best=117
avg=78.8
worst=13.0
infeasible rate=1.8
mutation rate=0.003515625
=====

=====
GENERATION 40
=====
best=117
avg=93.9
worst=25.0
infeasible rate=2.1
mutation rate=0.0017578125
=====

=====
GENERATION 45
=====
best=120
avg=91.5
worst=7.0
infeasible rate=2.25
mutation rate=8.7890625E-4
=====

=====
BEST
=====
[name=Burgly Bully, class=ANY, rarity=EPIC, mana=5]
[name=Starving Buzzard, class=HUNTER, rarity=FREE, mana=5]
[name=Reckless Rocketeer, class=ANY, rarity=FREE, mana=6]
[name=Harvest Golem, class=ANY, rarity=COMMON, mana=3]
[name=Bestial Wrath, class=HUNTER, rarity=EPIC, mana=1]
[name=Kazakus, class=ANY, rarity=LEGENDARY, mana=4]
[name=Giant Sand Worm, class=HUNTER, rarity=EPIC, mana=8]
[name=Mountain Giant, class=ANY, rarity=EPIC, mana=12]
[name=Explosive Shot, class=HUNTER, rarity=RARE, mana=5]
[name=Explosive Shot, class=HUNTER, rarity=RARE, mana=5]
[name=Blackwater Pirate, class=ANY, rarity=RARE, mana=4]
[name=Dalaran Mage, class=ANY, rarity=FREE, mana=3]
[name=Dream, class=ANY, rarity=FREE, mana=0]
[name=Second-Rate Bruiser, class=ANY, rarity=RARE, mana=5]
[name=Squire, class=ANY, rarity=COMMON, mana=1]
[name=Murloc Warleader, class=ANY, rarity=EPIC, mana=3]
[name=Toxic Sewer Ooze, class=ANY, rarity=COMMON, mana=3]
[name=Call of the Wild, class=HUNTER, rarity=EPIC, mana=9]
[name=Lord of the Arena, class=ANY, rarity=FREE, mana=6]
[name=Zealous Initiate, class=ANY, rarity=COMMON, mana=1]
[name=Laughing Sister, class=ANY, rarity=FREE, mana=3]
[name=Big Bad Wolf, class=HUNTER, rarity=COMMON, mana=2]
[name=Piranha Launcher, class=HUNTER, rarity=EPIC, mana=5]
[name="Little Friend", class=ANY, rarity=FREE, mana=6]
[name=Injured Blademaster, class=ANY, rarity=RARE, mana=3]
[name=Red Mana Wyrm, class=ANY, rarity=COMMON, mana=5]
[name=Leeroy Jenkins, class=ANY, rarity=LEGENDARY, mana=5]
[name=Core Hound, class=ANY, rarity=FREE, mana=7]
[name=Core Hound, class=ANY, rarity=FREE, mana=7]
[name=Scavenging Hyena, class=HUNTER, rarity=COMMON, mana=2]


=====
MANA CURVE
=====
1=3
2=2
3=6
4=2
5=8
6=3
7=2
7 or more=4

=====
FITNESS=120
=====

=====
GAME STATISTICS
=====

opponent=Purple Rank #1 Legend Midrange Hunter
WIN_RATE=87.50%DAMAGE_DEALT=32.9375MANA_SPENT=32.75CARDS_PLAYED=10.9375TURNS_TAKEN=9.25MINIONS_PLAYED=12.5SPELLS_CAST=2.625HERO_POWER_USED=2.4375

opponent=MatGagne Shadow Madness Priest
WIN_RATE=100.00%DAMAGE_DEALT=31.5MANA_SPENT=27.75CARDS_PLAYED=8.8125TURNS_TAKEN=8.4375MINIONS_PLAYED=11.1875SPELLS_CAST=1.5625HERO_POWER_USED=1.75

opponent=Toefoo Rank 1 Cwarrior
WIN_RATE=87.50%DAMAGE_DEALT=26.4375MANA_SPENT=26.75CARDS_PLAYED=9.9375TURNS_TAKEN=8.4375MINIONS_PLAYED=11.0625SPELLS_CAST=2.5HERO_POWER_USED=2.1875

opponent=Phonetap's Mech Shaman
WIN_RATE=93.75%DAMAGE_DEALT=30.625MANA_SPENT=27.375CARDS_PLAYED=9.625TURNS_TAKEN=8.5625MINIONS_PLAYED=11.3125SPELLS_CAST=2.5HERO_POWER_USED=1.5625

opponent=Aggro Paladin Meta Snapshot #17
WIN_RATE=87.50%DAMAGE_DEALT=34.3125MANA_SPENT=30.5625CARDS_PLAYED=10.375TURNS_TAKEN=8.875MINIONS_PLAYED=12.0SPELLS_CAST=2.375HERO_POWER_USED=2.375

opponent=Hyunher Tempo Mage
WIN_RATE=100.00%DAMAGE_DEALT=22.9375MANA_SPENT=24.875CARDS_PLAYED=9.5TURNS_TAKEN=8.0625MINIONS_PLAYED=9.875SPELLS_CAST=2.6875HERO_POWER_USED=2.0625

opponent=Mid-Range Druid Meta Snapshot #16
WIN_RATE=100.00%DAMAGE_DEALT=27.5MANA_SPENT=28.5625CARDS_PLAYED=9.875TURNS_TAKEN=8.5MINIONS_PLAYED=11.4375SPELLS_CAST=2.1875HERO_POWER_USED=2.25

opponent=Toefoo Rank 1 Oil Rogue
WIN_RATE=87.50%DAMAGE_DEALT=28.1875MANA_SPENT=24.875CARDS_PLAYED=9.4375TURNS_TAKEN=8.25MINIONS_PLAYED=10.125SPELLS_CAST=2.0625HERO_POWER_USED=2.5

opponent=Neviilz MalyGod Meta Snapshot #18
WIN_RATE=93.75%DAMAGE_DEALT=33.3125MANA_SPENT=28.4375CARDS_PLAYED=10.6875TURNS_TAKEN=8.8125MINIONS_PLAYED=11.625SPELLS_CAST=2.75HERO_POWER_USED=2.3125

=====
JENETICS STATISTICS
=====
+---------------------------------------------------------------------------+
|  Time statistics                                                          |
+---------------------------------------------------------------------------+
|             Selection: sum=0.002134406000 s; mean=0.000042688120 s        |
|              Altering: sum=0.010586003000 s; mean=0.000211720060 s        |
|   Fitness calculation: sum=801.113589297000 s; mean=16.022271785940 s     |
|     Overall execution: sum=801.131489036000 s; mean=16.022629780720 s     |
+---------------------------------------------------------------------------+
|  Evolution statistics                                                     |
+---------------------------------------------------------------------------+
|           Generations: 50                                                 |
|               Altered: sum=547; mean=10.940000000                         |
|                Killed: sum=0; mean=0.000000000                            |
|              Invalids: sum=0; mean=0.000000000                            |
+---------------------------------------------------------------------------+
|  Population statistics                                                    |
+---------------------------------------------------------------------------+
|                   Age: max=28; mean=6.157000; var=62.681032               |
|               Fitness:                                                    |
|                      min  = 0.000000000000                                |
|                      max  = 120.000000000000                              |
|                      mean = 84.982000000000                               |
|                      var  = 1332.041717717718                             |
|                      std  = 36.497146706526                               |
+---------------------------------------------------------------------------+
infeasible rate=1176
