
=====
(10, 20)-EA
=====
population size=20
max generations=0.9
max fitness=128
number of games=16.0
hero class=HUNTER

opponents=[Aggro Paladin Meta Snapshot #17, Toefoo Rank 1 Cwarrior, Neviilz MalyGod Meta Snapshot #18, Phonetap's Mech Shaman, Mid-Range Druid Meta Snapshot #16, Purple Rank #1 Legend Midrange Hunter, Toefoo Rank 1 Oil Rogue, MatGagne Shadow Madness Priest, Hyunher Tempo Mage]
=====
Initial Deck
=====
[name=Leper Gnome, class=ANY, rarity=COMMON, mana=1]
[name=Knife Juggler, class=ANY, rarity=RARE, mana=2]
[name=Houndmaster, class=HUNTER, rarity=FREE, mana=4]
[name=Mad Scientist, class=ANY, rarity=COMMON, mana=2]
[name=Mad Scientist, class=ANY, rarity=COMMON, mana=2]
[name=Savannah Highmane, class=HUNTER, rarity=RARE, mana=6]
[name=Knife Juggler, class=ANY, rarity=RARE, mana=2]
[name=Savannah Highmane, class=HUNTER, rarity=RARE, mana=6]
[name=Houndmaster, class=HUNTER, rarity=FREE, mana=4]
[name=Kill Command, class=HUNTER, rarity=FREE, mana=3]
[name=Haunted Creeper, class=ANY, rarity=COMMON, mana=2]
[name=Leper Gnome, class=ANY, rarity=COMMON, mana=1]
[name=Glaivezooka, class=HUNTER, rarity=COMMON, mana=2]
[name=Piloted Shredder, class=ANY, rarity=COMMON, mana=4]
[name=Leper Gnome, class=ANY, rarity=COMMON, mana=1]
[name=Houndmaster, class=HUNTER, rarity=FREE, mana=4]
[name=Kill Command, class=HUNTER, rarity=FREE, mana=3]
[name=Haunted Creeper, class=ANY, rarity=COMMON, mana=2]
[name=Freezing Trap, class=HUNTER, rarity=COMMON, mana=2]
[name=Glaivezooka, class=HUNTER, rarity=COMMON, mana=2]
[name=Animal Companion, class=HUNTER, rarity=FREE, mana=3]
[name=Sludge Belcher, class=ANY, rarity=RARE, mana=5]
[name=Sludge Belcher, class=ANY, rarity=RARE, mana=5]
[name=Freezing Trap, class=HUNTER, rarity=COMMON, mana=2]
[name=Abusive Sergeant, class=ANY, rarity=COMMON, mana=1]
[name=Haunted Creeper, class=ANY, rarity=COMMON, mana=2]
[name=Savannah Highmane, class=HUNTER, rarity=RARE, mana=6]
[name=Haunted Creeper, class=ANY, rarity=COMMON, mana=2]
[name=Loatheb, class=ANY, rarity=LEGENDARY, mana=5]
[name=Eaglehorn Bow, class=HUNTER, rarity=RARE, mana=3]


=====
GENERATION 0
=====
best=84
avg=57.4
worst=28.0
infeasible rate=0.15
mutation rate=0.45
=====

=====
GENERATION 5
=====
best=93
avg=76.4
worst=37.0
infeasible rate=0.4
mutation rate=0.225
=====

=====
GENERATION 10
=====
best=96
avg=83.05
worst=28.0
infeasible rate=0.45
mutation rate=0.1125
=====

=====
GENERATION 15
=====
best=102
avg=69.8
worst=39.0
infeasible rate=0.9
mutation rate=0.05625
=====

=====
GENERATION 20
=====
best=112
avg=87.1
worst=17.0
infeasible rate=0.9
mutation rate=0.05625
=====

=====
GENERATION 25
=====
best=112
avg=92.15
worst=15.0
infeasible rate=1.1
mutation rate=0.028125
=====

=====
GENERATION 30
=====
best=112
avg=77.6
worst=38.0
infeasible rate=1.5
mutation rate=0.0140625
=====

=====
GENERATION 35
=====
best=112
avg=99.95
worst=22.0
infeasible rate=1.85
mutation rate=0.00703125
=====

=====
GENERATION 40
=====
best=112
avg=92.25
worst=12.0
infeasible rate=2.1
mutation rate=0.003515625
=====

=====
GENERATION 45
=====
best=112
avg=86.85
worst=15.0
infeasible rate=2.15
mutation rate=0.0017578125
=====

=====
BEST
=====
[name=Burgly Bully, class=ANY, rarity=EPIC, mana=5]
[name=Pantry Spider, class=ANY, rarity=COMMON, mana=3]
[name=Gnomish Inventor, class=ANY, rarity=FREE, mana=4]
[name=Emperor Cobra, class=ANY, rarity=RARE, mana=3]
[name=Bananas, class=ANY, rarity=FREE, mana=1]
[name=Snake Trap, class=HUNTER, rarity=EPIC, mana=2]
[name=Backstreet Leper, class=ANY, rarity=COMMON, mana=3]
[name=Eaglehorn Bow, class=HUNTER, rarity=RARE, mana=3]
[name=Raid Leader, class=ANY, rarity=FREE, mana=3]
[name=Cyclopian Horror, class=ANY, rarity=EPIC, mana=4]
[name=Explosive Shot, class=HUNTER, rarity=RARE, mana=5]
[name=Explosive Shot, class=HUNTER, rarity=RARE, mana=5]
[name=Arcane Giant, class=ANY, rarity=EPIC, mana=12]
[name=Leokk, class=HUNTER, rarity=FREE, mana=3]
[name=Dalaran Mage, class=ANY, rarity=FREE, mana=3]
[name=Frost Elemental, class=ANY, rarity=COMMON, mana=6]
[name=Infested Wolf, class=HUNTER, rarity=RARE, mana=4]
[name=Rat, class=HUNTER, rarity=FREE, mana=1]
[name=Frostwolf Warlord, class=ANY, rarity=FREE, mana=5]
[name=Acolyte of Pain, class=ANY, rarity=COMMON, mana=3]
[name=Alleycat, class=HUNTER, rarity=COMMON, mana=1]
[name=Carrion Grub, class=HUNTER, rarity=COMMON, mana=3]
[name=Psych-o-Tron, class=ANY, rarity=COMMON, mana=5]
[name=Lightwarden, class=ANY, rarity=RARE, mana=1]
[name=King Krush, class=HUNTER, rarity=LEGENDARY, mana=9]
[name=Hyena, class=HUNTER, rarity=RARE, mana=2]
[name=Crazed Worshipper, class=ANY, rarity=EPIC, mana=5]
[name=Animal Companion, class=HUNTER, rarity=FREE, mana=3]
[name=Mana Wraith, class=ANY, rarity=RARE, mana=2]
[name=Kabal Courier, class=ANY, rarity=RARE, mana=3]


=====
MANA CURVE
=====
1=4
2=3
3=11
4=3
5=6
6=1
7=0
7 or more=2

=====
FITNESS=113
=====

=====
GAME STATISTICS
=====

opponent=Purple Rank #1 Legend Midrange Hunter
WIN_RATE=93.75%DAMAGE_DEALT=32.75MANA_SPENT=33.9375CARDS_PLAYED=11.0TURNS_TAKEN=8.5625MINIONS_PLAYED=17.1875SPELLS_CAST=2.1875HERO_POWER_USED=1.4375

opponent=MatGagne Shadow Madness Priest
WIN_RATE=81.25%DAMAGE_DEALT=46.0MANA_SPENT=39.25CARDS_PLAYED=12.5625TURNS_TAKEN=9.25MINIONS_PLAYED=19.875SPELLS_CAST=2.1875HERO_POWER_USED=1.9375

opponent=Toefoo Rank 1 Cwarrior
WIN_RATE=100.00%DAMAGE_DEALT=35.1875MANA_SPENT=36.75CARDS_PLAYED=11.25TURNS_TAKEN=8.9375MINIONS_PLAYED=18.125SPELLS_CAST=2.1875HERO_POWER_USED=1.25

opponent=Phonetap's Mech Shaman
WIN_RATE=87.50%DAMAGE_DEALT=40.3125MANA_SPENT=36.8125CARDS_PLAYED=12.0TURNS_TAKEN=8.875MINIONS_PLAYED=20.6875SPELLS_CAST=1.8125HERO_POWER_USED=1.4375

opponent=Aggro Paladin Meta Snapshot #17
WIN_RATE=75.00%DAMAGE_DEALT=48.8125MANA_SPENT=40.5CARDS_PLAYED=12.1875TURNS_TAKEN=9.625MINIONS_PLAYED=20.3125SPELLS_CAST=2.125HERO_POWER_USED=1.1875

opponent=Hyunher Tempo Mage
WIN_RATE=93.75%DAMAGE_DEALT=41.0MANA_SPENT=35.875CARDS_PLAYED=11.25TURNS_TAKEN=9.125MINIONS_PLAYED=19.125SPELLS_CAST=1.75HERO_POWER_USED=1.375

opponent=Mid-Range Druid Meta Snapshot #16
WIN_RATE=81.25%DAMAGE_DEALT=39.1875MANA_SPENT=36.125CARDS_PLAYED=11.5TURNS_TAKEN=9.0MINIONS_PLAYED=18.9375SPELLS_CAST=1.9375HERO_POWER_USED=1.375

opponent=Toefoo Rank 1 Oil Rogue
WIN_RATE=93.75%DAMAGE_DEALT=42.75MANA_SPENT=34.75CARDS_PLAYED=11.5TURNS_TAKEN=8.875MINIONS_PLAYED=17.6875SPELLS_CAST=2.5HERO_POWER_USED=1.5625

opponent=Neviilz MalyGod Meta Snapshot #18
WIN_RATE=87.50%DAMAGE_DEALT=39.8125MANA_SPENT=36.5CARDS_PLAYED=11.8125TURNS_TAKEN=8.9375MINIONS_PLAYED=19.6875SPELLS_CAST=1.5625HERO_POWER_USED=1.5625

=====
JENETICS STATISTICS
=====
+---------------------------------------------------------------------------+
|  Time statistics                                                          |
+---------------------------------------------------------------------------+
|             Selection: sum=0.004628297000 s; mean=0.000092565940 s        |
|              Altering: sum=0.018319301000 s; mean=0.000366386020 s        |
|   Fitness calculation: sum=1062.932701804000 s; mean=21.258654036080 s    |
|     Overall execution: sum=1062.965954829000 s; mean=21.259319096580 s    |
+---------------------------------------------------------------------------+
|  Evolution statistics                                                     |
+---------------------------------------------------------------------------+
|           Generations: 50                                                 |
|               Altered: sum=534; mean=10.680000000                         |
|                Killed: sum=0; mean=0.000000000                            |
|              Invalids: sum=0; mean=0.000000000                            |
+---------------------------------------------------------------------------+
|  Population statistics                                                    |
+---------------------------------------------------------------------------+
|                   Age: max=33; mean=7.925000; var=95.663038               |
|               Fitness:                                                    |
|                      min  = 0.000000000000                                |
|                      max  = 113.000000000000                              |
|                      mean = 84.232000000000                               |
|                      var  = 1028.068244244244                             |
|                      std  = 32.063503305850                               |
+---------------------------------------------------------------------------+
infeasible rate=1081
