
=====
(10, 20)-EA
=====
population size=20
max generations=0.9
max fitness=128
number of games=16.0
hero class=HUNTER

opponents=[Aggro Paladin Meta Snapshot #17, Toefoo Rank 1 Cwarrior, Neviilz MalyGod Meta Snapshot #18, Phonetap's Mech Shaman, Mid-Range Druid Meta Snapshot #16, Purple Rank #1 Legend Midrange Hunter, Toefoo Rank 1 Oil Rogue, MatGagne Shadow Madness Priest, Hyunher Tempo Mage]
=====
Initial Deck
=====
[name=Haunted Creeper, class=ANY, rarity=COMMON, mana=2]
[name=Sludge Belcher, class=ANY, rarity=RARE, mana=5]
[name=Savannah Highmane, class=HUNTER, rarity=RARE, mana=6]
[name=Leper Gnome, class=ANY, rarity=COMMON, mana=1]
[name=Freezing Trap, class=HUNTER, rarity=COMMON, mana=2]
[name=Glaivezooka, class=HUNTER, rarity=COMMON, mana=2]
[name=Sludge Belcher, class=ANY, rarity=RARE, mana=5]
[name=Unleash the Hounds, class=HUNTER, rarity=COMMON, mana=3]
[name=Mad Scientist, class=ANY, rarity=COMMON, mana=2]
[name=Piloted Shredder, class=ANY, rarity=COMMON, mana=4]
[name=Leper Gnome, class=ANY, rarity=COMMON, mana=1]
[name=Hunter's Mark, class=HUNTER, rarity=FREE, mana=1]
[name=Sludge Belcher, class=ANY, rarity=RARE, mana=5]
[name=Knife Juggler, class=ANY, rarity=RARE, mana=2]
[name=Animal Companion, class=HUNTER, rarity=FREE, mana=3]
[name=Freezing Trap, class=HUNTER, rarity=COMMON, mana=2]
[name=Piloted Shredder, class=ANY, rarity=COMMON, mana=4]
[name=Piloted Shredder, class=ANY, rarity=COMMON, mana=4]
[name=Piloted Shredder, class=ANY, rarity=COMMON, mana=4]
[name=Eaglehorn Bow, class=HUNTER, rarity=RARE, mana=3]
[name=Knife Juggler, class=ANY, rarity=RARE, mana=2]
[name=Animal Companion, class=HUNTER, rarity=FREE, mana=3]
[name=Piloted Shredder, class=ANY, rarity=COMMON, mana=4]
[name=Knife Juggler, class=ANY, rarity=RARE, mana=2]
[name=Abusive Sergeant, class=ANY, rarity=COMMON, mana=1]
[name=Animal Companion, class=HUNTER, rarity=FREE, mana=3]
[name=Haunted Creeper, class=ANY, rarity=COMMON, mana=2]
[name=Glaivezooka, class=HUNTER, rarity=COMMON, mana=2]
[name=Loatheb, class=ANY, rarity=LEGENDARY, mana=5]
[name=Sludge Belcher, class=ANY, rarity=RARE, mana=5]


=====
GENERATION 0
=====
best=101
avg=61.75
worst=14.0
infeasible rate=0.4
mutation rate=0.45
=====

=====
GENERATION 5
=====
best=101
avg=82.25
worst=24.0
infeasible rate=0.7
mutation rate=0.225
=====

=====
GENERATION 10
=====
best=101
avg=85.9
worst=20.0
infeasible rate=0.8
mutation rate=0.1125
=====

=====
GENERATION 15
=====
best=101
avg=83.3
worst=29.0
infeasible rate=0.95
mutation rate=0.05625
=====

=====
GENERATION 20
=====
best=101
avg=77.5
worst=31.0
infeasible rate=1.15
mutation rate=0.028125
=====

=====
GENERATION 25
=====
best=101
avg=74.2
worst=44.0
infeasible rate=1.35
mutation rate=0.0140625
=====

=====
GENERATION 30
=====
best=101
avg=74.9
worst=17.0
infeasible rate=1.45
mutation rate=0.00703125
=====

=====
GENERATION 35
=====
best=101
avg=87.4
worst=50.0
infeasible rate=1.65
mutation rate=0.003515625
=====

=====
GENERATION 40
=====
best=101
avg=76.2
worst=19.0
infeasible rate=1.85
mutation rate=0.0017578125
=====

=====
GENERATION 45
=====
best=101
avg=83.5
worst=22.0
infeasible rate=2.0
mutation rate=8.7890625E-4
=====

=====
BEST
=====
[name=Wolfrider, class=ANY, rarity=FREE, mana=3]
[name=Wolfrider, class=ANY, rarity=FREE, mana=3]
[name=Starving Buzzard, class=HUNTER, rarity=FREE, mana=5]
[name=Unleash the Hounds, class=HUNTER, rarity=COMMON, mana=3]
[name=Harvest Golem, class=ANY, rarity=COMMON, mana=3]
[name=Lotus Agents, class=ANY, rarity=RARE, mana=5]
[name=Sea Giant, class=ANY, rarity=EPIC, mana=10]
[name=Baine Bloodhoof, class=ANY, rarity=LEGENDARY, mana=4]
[name=Giant Sand Worm, class=HUNTER, rarity=EPIC, mana=8]
[name=Twilight Summoner, class=ANY, rarity=EPIC, mana=4]
[name=Mountain Giant, class=ANY, rarity=EPIC, mana=12]
[name=Wild Pyromancer, class=ANY, rarity=RARE, mana=2]
[name=Sunwalker, class=ANY, rarity=RARE, mana=6]
[name=Faerie Dragon, class=ANY, rarity=COMMON, mana=2]
[name=Tabbycat, class=HUNTER, rarity=FREE, mana=1]
[name=Arcane Giant, class=ANY, rarity=EPIC, mana=12]
[name=Bomb Squad, class=ANY, rarity=RARE, mana=5]
[name=Ironbeak Owl, class=ANY, rarity=COMMON, mana=3]
[name=Twin Emperor Vek'lor, class=ANY, rarity=LEGENDARY, mana=7]
[name=Spellbreaker, class=ANY, rarity=COMMON, mana=4]
[name=Youthful Brewmaster, class=ANY, rarity=COMMON, mana=2]
[name=Frog, class=ANY, rarity=COMMON, mana=0]
[name=Dragonling Mechanic, class=ANY, rarity=FREE, mana=4]
[name=Darkspeaker, class=ANY, rarity=EPIC, mana=5]
[name=Tinkmaster Overspark, class=ANY, rarity=LEGENDARY, mana=3]
[name=C'Thun's Chosen, class=ANY, rarity=COMMON, mana=4]
[name=Alarm-o-Bot, class=ANY, rarity=RARE, mana=3]
[name=Violet Illusionist, class=ANY, rarity=RARE, mana=3]
[name=Moat Lurker, class=ANY, rarity=RARE, mana=6]
[name=The Boogeymonster, class=ANY, rarity=LEGENDARY, mana=8]


=====
MANA CURVE
=====
1=1
2=3
3=8
4=5
5=4
6=2
7=1
7 or more=6

=====
FITNESS=101
=====

=====
GAME STATISTICS
=====

opponent=Purple Rank #1 Legend Midrange Hunter
WIN_RATE=62.50%DAMAGE_DEALT=51.4375MANA_SPENT=23.25CARDS_PLAYED=10.8125TURNS_TAKEN=8.125MINIONS_PLAYED=17.5SPELLS_CAST=1.5HERO_POWER_USED=2.75WEAPONS_EQUIPPED=0.0625

opponent=MatGagne Shadow Madness Priest
WIN_RATE=50.00%DAMAGE_DEALT=54.6875MANA_SPENT=26.625CARDS_PLAYED=11.5TURNS_TAKEN=8.5MINIONS_PLAYED=20.375SPELLS_CAST=1.25HERO_POWER_USED=2.75WEAPONS_EQUIPPED=0.0625

opponent=Toefoo Rank 1 Cwarrior
WIN_RATE=81.25%DAMAGE_DEALT=38.3125MANA_SPENT=23.3125CARDS_PLAYED=8.8125TURNS_TAKEN=7.625MINIONS_PLAYED=16.125SPELLS_CAST=1.4375HERO_POWER_USED=1.375WEAPONS_EQUIPPED=0.0625

opponent=Phonetap's Mech Shaman
WIN_RATE=87.50%DAMAGE_DEALT=42.5HEALING_DONE=0.1875MANA_SPENT=24.875CARDS_PLAYED=9.875TURNS_TAKEN=7.8125MINIONS_PLAYED=17.5625SPELLS_CAST=1.5625HERO_POWER_USED=2.0

opponent=Aggro Paladin Meta Snapshot #17
WIN_RATE=93.75%DAMAGE_DEALT=45.6875HEALING_DONE=0.125MANA_SPENT=25.375CARDS_PLAYED=10.125TURNS_TAKEN=8.25MINIONS_PLAYED=18.0625SPELLS_CAST=1.5625HERO_POWER_USED=1.9375

opponent=Hyunher Tempo Mage
WIN_RATE=87.50%DAMAGE_DEALT=41.125MANA_SPENT=24.0625CARDS_PLAYED=9.625TURNS_TAKEN=8.0MINIONS_PLAYED=17.75SPELLS_CAST=1.9375HERO_POWER_USED=1.4375

opponent=Mid-Range Druid Meta Snapshot #16
WIN_RATE=68.75%DAMAGE_DEALT=46.375MANA_SPENT=23.5CARDS_PLAYED=10.0625TURNS_TAKEN=7.875MINIONS_PLAYED=17.9375SPELLS_CAST=1.1875HERO_POWER_USED=2.375

opponent=Toefoo Rank 1 Oil Rogue
WIN_RATE=81.25%DAMAGE_DEALT=42.75HEALING_DONE=0.0625MANA_SPENT=25.25CARDS_PLAYED=10.0TURNS_TAKEN=7.9375MINIONS_PLAYED=18.4375SPELLS_CAST=1.3125HERO_POWER_USED=1.8125

opponent=Neviilz MalyGod Meta Snapshot #18
WIN_RATE=93.75%DAMAGE_DEALT=36.5625MANA_SPENT=22.75CARDS_PLAYED=9.375TURNS_TAKEN=7.6875MINIONS_PLAYED=16.375SPELLS_CAST=1.375HERO_POWER_USED=1.9375

=====
JENETICS STATISTICS
=====
+---------------------------------------------------------------------------+
|  Time statistics                                                          |
+---------------------------------------------------------------------------+
|             Selection: sum=0.002517925000 s; mean=0.000050358500 s        |
|              Altering: sum=0.010212353000 s; mean=0.000204247060 s        |
|   Fitness calculation: sum=746.933681980000 s; mean=14.938673639600 s     |
|     Overall execution: sum=746.950280535000 s; mean=14.939005610700 s     |
+---------------------------------------------------------------------------+
|  Evolution statistics                                                     |
+---------------------------------------------------------------------------+
|           Generations: 50                                                 |
|               Altered: sum=477; mean=9.540000000                          |
|                Killed: sum=0; mean=0.000000000                            |
|              Invalids: sum=0; mean=0.000000000                            |
+---------------------------------------------------------------------------+
|  Population statistics                                                    |
+---------------------------------------------------------------------------+
|                   Age: max=49; mean=15.330000; var=266.187287             |
|               Fitness:                                                    |
|                      min  = 0.000000000000                                |
|                      max  = 101.000000000000                              |
|                      mean = 81.081000000000                               |
|                      var  = 847.223662662663                              |
|                      std  = 29.107106738092                               |
+---------------------------------------------------------------------------+
infeasible rate=946
