
=====
(10, 20)-EA
=====
population size=20
max generations=0.9
max fitness=128
number of games=16.0
hero class=HUNTER

opponents=[Aggro Paladin Meta Snapshot #17, Toefoo Rank 1 Cwarrior, Neviilz MalyGod Meta Snapshot #18, Phonetap's Mech Shaman, Mid-Range Druid Meta Snapshot #16, Purple Rank #1 Legend Midrange Hunter, Toefoo Rank 1 Oil Rogue, MatGagne Shadow Madness Priest, Hyunher Tempo Mage]
=====
Initial Deck
=====
[name=Loatheb, class=ANY, rarity=LEGENDARY, mana=5]
[name=Mad Scientist, class=ANY, rarity=COMMON, mana=2]
[name=Animal Companion, class=HUNTER, rarity=FREE, mana=3]
[name=Mad Scientist, class=ANY, rarity=COMMON, mana=2]
[name=Glaivezooka, class=HUNTER, rarity=COMMON, mana=2]
[name=Freezing Trap, class=HUNTER, rarity=COMMON, mana=2]
[name=Savannah Highmane, class=HUNTER, rarity=RARE, mana=6]
[name=Knife Juggler, class=ANY, rarity=RARE, mana=2]
[name=Sludge Belcher, class=ANY, rarity=RARE, mana=5]
[name=Leper Gnome, class=ANY, rarity=COMMON, mana=1]
[name=Savannah Highmane, class=HUNTER, rarity=RARE, mana=6]
[name=Sludge Belcher, class=ANY, rarity=RARE, mana=5]
[name=Piloted Shredder, class=ANY, rarity=COMMON, mana=4]
[name=Knife Juggler, class=ANY, rarity=RARE, mana=2]
[name=Eaglehorn Bow, class=HUNTER, rarity=RARE, mana=3]
[name=Leper Gnome, class=ANY, rarity=COMMON, mana=1]
[name=Freezing Trap, class=HUNTER, rarity=COMMON, mana=2]
[name=Savannah Highmane, class=HUNTER, rarity=RARE, mana=6]
[name=Leper Gnome, class=ANY, rarity=COMMON, mana=1]
[name=Houndmaster, class=HUNTER, rarity=FREE, mana=4]
[name=Mad Scientist, class=ANY, rarity=COMMON, mana=2]
[name=Glaivezooka, class=HUNTER, rarity=COMMON, mana=2]
[name=Animal Companion, class=HUNTER, rarity=FREE, mana=3]
[name=Animal Companion, class=HUNTER, rarity=FREE, mana=3]
[name=Knife Juggler, class=ANY, rarity=RARE, mana=2]
[name=Sludge Belcher, class=ANY, rarity=RARE, mana=5]
[name=Knife Juggler, class=ANY, rarity=RARE, mana=2]
[name=Kill Command, class=HUNTER, rarity=FREE, mana=3]
[name=Piloted Shredder, class=ANY, rarity=COMMON, mana=4]
[name=Leper Gnome, class=ANY, rarity=COMMON, mana=1]


=====
GENERATION 0
=====
best=106
avg=57.5
worst=28.0
infeasible rate=0.25
mutation rate=0.45
=====

=====
GENERATION 5
=====
best=112
avg=87.4
worst=5.0
infeasible rate=0.55
mutation rate=0.225
=====

=====
GENERATION 10
=====
best=119
avg=97.5
worst=54.0
infeasible rate=0.6
mutation rate=0.1125
=====

=====
GENERATION 15
=====
best=123
avg=115.8
worst=71.0
infeasible rate=0.85
mutation rate=0.05625
=====

=====
GENERATION 20
=====
best=123
avg=112.4
worst=50.0
infeasible rate=1.2
mutation rate=0.028125
=====

=====
GENERATION 25
=====
best=123
avg=116.8
worst=61.0
infeasible rate=1.2
mutation rate=0.0140625
=====

=====
GENERATION 30
=====
best=123
avg=110.75
worst=53.0
infeasible rate=1.4
mutation rate=0.00703125
=====

=====
GENERATION 35
=====
best=123
avg=115.15
worst=58.0
infeasible rate=1.6
mutation rate=0.003515625
=====

=====
GENERATION 40
=====
best=123
avg=100.2
worst=17.0
infeasible rate=1.75
mutation rate=0.0017578125
=====

=====
GENERATION 45
=====
best=123
avg=109.0
worst=29.0
infeasible rate=1.85
mutation rate=8.7890625E-4
=====

=====
BEST
=====
[name=Rat Pack, class=HUNTER, rarity=EPIC, mana=3]
[name=Wolfrider, class=ANY, rarity=FREE, mana=3]
[name=Gnoll, class=ANY, rarity=FREE, mana=2]
[name=Piranha, class=HUNTER, rarity=FREE, mana=1]
[name=Baine Bloodhoof, class=ANY, rarity=LEGENDARY, mana=4]
[name=Squirrel, class=ANY, rarity=COMMON, mana=1]
[name=Sunwalker, class=ANY, rarity=RARE, mana=6]
[name=Young Priestess, class=ANY, rarity=RARE, mana=1]
[name=Darkscale Healer, class=ANY, rarity=FREE, mana=5]
[name=Fen Creeper, class=ANY, rarity=COMMON, mana=5]
[name=Kabal Demon, class=ANY, rarity=FREE, mana=2]
[name=Fel Orc Soulfiend, class=ANY, rarity=EPIC, mana=3]
[name=Finja, the Flying Star, class=ANY, rarity=LEGENDARY, mana=5]
[name=Snake, class=HUNTER, rarity=EPIC, mana=1]
[name=Grimestreet Informant, class=ANY, rarity=RARE, mana=2]
[name=Sen'jin Shieldmasta, class=ANY, rarity=FREE, mana=4]
[name=Kooky Chemist, class=ANY, rarity=COMMON, mana=4]
[name=Chillwind Yeti, class=ANY, rarity=FREE, mana=4]
[name=Alleycat, class=HUNTER, rarity=COMMON, mana=1]
[name=Mastiff, class=HUNTER, rarity=COMMON, mana=1]
[name=Backroom Bouncer, class=ANY, rarity=RARE, mana=4]
[name=Cult Master, class=ANY, rarity=COMMON, mana=4]
[name=Psych-o-Tron, class=ANY, rarity=COMMON, mana=5]
[name=Laughing Sister, class=ANY, rarity=FREE, mana=3]
[name=Lightwarden, class=ANY, rarity=RARE, mana=1]
[name=King Krush, class=HUNTER, rarity=LEGENDARY, mana=9]
[name=Big Bad Wolf, class=HUNTER, rarity=COMMON, mana=2]
[name=Twisted Worgen, class=ANY, rarity=COMMON, mana=2]
[name=Arcane Golem, class=ANY, rarity=RARE, mana=3]
[name=Trogg Beastrager, class=HUNTER, rarity=RARE, mana=2]


=====
MANA CURVE
=====
1=7
2=6
3=5
4=6
5=4
6=1
7=0
7 or more=1

=====
FITNESS=124
=====

=====
GAME STATISTICS
=====

opponent=Purple Rank #1 Legend Midrange Hunter
WIN_RATE=100.00%DAMAGE_DEALT=35.625HEALING_DONE=1.25MANA_SPENT=37.5625CARDS_PLAYED=12.8125TURNS_TAKEN=9.4375MINIONS_PLAYED=23.4375SPELLS_CAST=0.0625HERO_POWER_USED=1.375

opponent=MatGagne Shadow Madness Priest
WIN_RATE=100.00%DAMAGE_DEALT=35.5HEALING_DONE=1.125MANA_SPENT=39.75CARDS_PLAYED=13.1875TURNS_TAKEN=9.5MINIONS_PLAYED=23.25SPELLS_CAST=0.25HERO_POWER_USED=1.5

opponent=Toefoo Rank 1 Cwarrior
WIN_RATE=87.50%DAMAGE_DEALT=30.0625HEALING_DONE=0.875MANA_SPENT=32.625CARDS_PLAYED=11.5TURNS_TAKEN=8.5MINIONS_PLAYED=20.625SPELLS_CAST=0.125HERO_POWER_USED=1.25

opponent=Phonetap's Mech Shaman
WIN_RATE=93.75%DAMAGE_DEALT=34.3125HEALING_DONE=1.375MANA_SPENT=37.5CARDS_PLAYED=12.4375TURNS_TAKEN=8.9375MINIONS_PLAYED=22.75HERO_POWER_USED=1.4375

opponent=Aggro Paladin Meta Snapshot #17
WIN_RATE=93.75%DAMAGE_DEALT=31.375HEALING_DONE=1.125MANA_SPENT=34.375CARDS_PLAYED=12.375TURNS_TAKEN=8.75MINIONS_PLAYED=21.125SPELLS_CAST=0.125HERO_POWER_USED=1.8125

opponent=Hyunher Tempo Mage
WIN_RATE=100.00%DAMAGE_DEALT=28.75HEALING_DONE=0.75MANA_SPENT=33.625CARDS_PLAYED=12.4375TURNS_TAKEN=8.875MINIONS_PLAYED=21.75HERO_POWER_USED=1.6875

opponent=Mid-Range Druid Meta Snapshot #16
WIN_RATE=93.75%DAMAGE_DEALT=34.6875HEALING_DONE=1.375MANA_SPENT=40.9375CARDS_PLAYED=14.0TURNS_TAKEN=9.625MINIONS_PLAYED=25.125SPELLS_CAST=0.1875HERO_POWER_USED=1.5625

opponent=Toefoo Rank 1 Oil Rogue
WIN_RATE=100.00%DAMAGE_DEALT=25.0HEALING_DONE=0.25MANA_SPENT=34.875CARDS_PLAYED=11.8125TURNS_TAKEN=8.5MINIONS_PLAYED=22.6875HERO_POWER_USED=0.8125

opponent=Neviilz MalyGod Meta Snapshot #18
WIN_RATE=100.00%DAMAGE_DEALT=33.375HEALING_DONE=1.5MANA_SPENT=39.25CARDS_PLAYED=13.5625TURNS_TAKEN=9.5625MINIONS_PLAYED=24.125HERO_POWER_USED=1.8125

=====
JENETICS STATISTICS
=====
+---------------------------------------------------------------------------+
|  Time statistics                                                          |
+---------------------------------------------------------------------------+
|             Selection: sum=0.004514001000 s; mean=0.000090280020 s        |
|              Altering: sum=0.011033864000 s; mean=0.000220677280 s        |
|   Fitness calculation: sum=866.920737013000 s; mean=17.338414740260 s     |
|     Overall execution: sum=866.944192031000 s; mean=17.338883840620 s     |
+---------------------------------------------------------------------------+
|  Evolution statistics                                                     |
+---------------------------------------------------------------------------+
|           Generations: 50                                                 |
|               Altered: sum=411; mean=8.220000000                          |
|                Killed: sum=0; mean=0.000000000                            |
|              Invalids: sum=0; mean=0.000000000                            |
+---------------------------------------------------------------------------+
|  Population statistics                                                    |
+---------------------------------------------------------------------------+
|                   Age: max=35; mean=9.786000; var=116.196400              |
|               Fitness:                                                    |
|                      min  = 0.000000000000                                |
|                      max  = 124.000000000000                              |
|                      mean = 99.136000000000                               |
|                      var  = 1156.566070070070                             |
|                      std  = 34.008323541011                               |
+---------------------------------------------------------------------------+
infeasible rate=741
