
=====
(10, 20)-EA
=====
population size=20
max generations=0.9
max fitness=128
number of games=16.0
hero class=HUNTER

opponents=[Aggro Paladin Meta Snapshot #17, Toefoo Rank 1 Cwarrior, Neviilz MalyGod Meta Snapshot #18, Phonetap's Mech Shaman, Mid-Range Druid Meta Snapshot #16, Purple Rank #1 Legend Midrange Hunter, Toefoo Rank 1 Oil Rogue, MatGagne Shadow Madness Priest, Hyunher Tempo Mage]
=====
Initial Deck
=====
[name=Freezing Trap, class=HUNTER, rarity=COMMON, mana=2]
[name=Hunter's Mark, class=HUNTER, rarity=FREE, mana=1]
[name=Eaglehorn Bow, class=HUNTER, rarity=RARE, mana=3]
[name=Leper Gnome, class=ANY, rarity=COMMON, mana=1]
[name=Haunted Creeper, class=ANY, rarity=COMMON, mana=2]
[name=Animal Companion, class=HUNTER, rarity=FREE, mana=3]
[name=Animal Companion, class=HUNTER, rarity=FREE, mana=3]
[name=Houndmaster, class=HUNTER, rarity=FREE, mana=4]
[name=Animal Companion, class=HUNTER, rarity=FREE, mana=3]
[name=Piloted Shredder, class=ANY, rarity=COMMON, mana=4]
[name=Hunter's Mark, class=HUNTER, rarity=FREE, mana=1]
[name=Savannah Highmane, class=HUNTER, rarity=RARE, mana=6]
[name=Leper Gnome, class=ANY, rarity=COMMON, mana=1]
[name=Animal Companion, class=HUNTER, rarity=FREE, mana=3]
[name=Freezing Trap, class=HUNTER, rarity=COMMON, mana=2]
[name=Kill Command, class=HUNTER, rarity=FREE, mana=3]
[name=Eaglehorn Bow, class=HUNTER, rarity=RARE, mana=3]
[name=Piloted Shredder, class=ANY, rarity=COMMON, mana=4]
[name=Knife Juggler, class=ANY, rarity=RARE, mana=2]
[name=Abusive Sergeant, class=ANY, rarity=COMMON, mana=1]
[name=Savannah Highmane, class=HUNTER, rarity=RARE, mana=6]
[name=Haunted Creeper, class=ANY, rarity=COMMON, mana=2]
[name=Savannah Highmane, class=HUNTER, rarity=RARE, mana=6]
[name=Animal Companion, class=HUNTER, rarity=FREE, mana=3]
[name=Kill Command, class=HUNTER, rarity=FREE, mana=3]
[name=Kill Command, class=HUNTER, rarity=FREE, mana=3]
[name=Loatheb, class=ANY, rarity=LEGENDARY, mana=5]
[name=Mad Scientist, class=ANY, rarity=COMMON, mana=2]
[name=Piloted Shredder, class=ANY, rarity=COMMON, mana=4]
[name=Sludge Belcher, class=ANY, rarity=RARE, mana=5]


=====
GENERATION 0
=====
best=107
avg=55.2
worst=16.0
infeasible rate=0.3
mutation rate=0.45
=====

=====
GENERATION 5
=====
best=120
avg=76.0
worst=13.0
infeasible rate=0.55
mutation rate=0.225
=====

=====
GENERATION 10
=====
best=109
avg=76.3
worst=13.0
infeasible rate=0.7
mutation rate=0.1125
=====

=====
GENERATION 15
=====
best=107
avg=68.65
worst=10.0
infeasible rate=1.2
mutation rate=0.05625
=====

=====
GENERATION 20
=====
best=120
avg=90.7
worst=16.0
infeasible rate=1.5
mutation rate=0.028125
=====

=====
GENERATION 25
=====
best=120
avg=94.15
worst=7.0
infeasible rate=1.65
mutation rate=0.0140625
=====

=====
GENERATION 30
=====
best=120
avg=100.2
worst=34.0
infeasible rate=1.85
mutation rate=0.00703125
=====

=====
GENERATION 35
=====
best=120
avg=92.85
worst=25.0
infeasible rate=2.2
mutation rate=0.003515625
=====

=====
GENERATION 40
=====
best=120
avg=109.55
worst=45.0
infeasible rate=2.4
mutation rate=0.0017578125
=====

=====
GENERATION 45
=====
best=120
avg=98.55
worst=29.0
infeasible rate=2.65
mutation rate=8.7890625E-4
=====

=====
BEST
=====
[name=Moroes, class=ANY, rarity=LEGENDARY, mana=3]
[name=Harrison Jones, class=ANY, rarity=LEGENDARY, mana=5]
[name=Gadgetzan Socialite, class=ANY, rarity=COMMON, mana=2]
[name=Murloc Tidecaller, class=ANY, rarity=RARE, mana=1]
[name=Millhouse Manastorm, class=ANY, rarity=LEGENDARY, mana=2]
[name=Blood of The Ancient One, class=ANY, rarity=EPIC, mana=9]
[name=Eaglehorn Bow, class=HUNTER, rarity=RARE, mana=3]
[name=Young Priestess, class=ANY, rarity=RARE, mana=1]
[name=Young Priestess, class=ANY, rarity=RARE, mana=1]
[name=Faerie Dragon, class=ANY, rarity=COMMON, mana=2]
[name=Acidic Swamp Ooze, class=ANY, rarity=FREE, mana=2]
[name=Stormwind Knight, class=ANY, rarity=FREE, mana=4]
[name=Argent Squire, class=ANY, rarity=COMMON, mana=1]
[name=Blubber Baron, class=ANY, rarity=EPIC, mana=3]
[name=Aberrant Berserker, class=ANY, rarity=COMMON, mana=4]
[name=Murloc Warleader, class=ANY, rarity=EPIC, mana=3]
[name=Tundra Rhino, class=HUNTER, rarity=FREE, mana=5]
[name=Tanaris Hogchopper, class=ANY, rarity=COMMON, mana=4]
[name=Stormwind Champion, class=ANY, rarity=FREE, mana=7]
[name=Stormwind Champion, class=ANY, rarity=FREE, mana=7]
[name=Frostwolf Warlord, class=ANY, rarity=FREE, mana=5]
[name=Sunfury Protector, class=ANY, rarity=RARE, mana=2]
[name=Cult Master, class=ANY, rarity=COMMON, mana=4]
[name=Laughing Sister, class=ANY, rarity=FREE, mana=3]
[name=Spiked Hogrider, class=ANY, rarity=RARE, mana=5]
[name=Bloodsail Raider, class=ANY, rarity=COMMON, mana=2]
[name=Polluted Hoarder, class=ANY, rarity=COMMON, mana=4]
[name=Moat Lurker, class=ANY, rarity=RARE, mana=6]
[name=Loot Hoarder, class=ANY, rarity=COMMON, mana=2]
[name=Arcanosmith, class=ANY, rarity=COMMON, mana=4]


=====
MANA CURVE
=====
1=4
2=7
3=5
4=6
5=4
6=1
7=2
7 or more=1

=====
FITNESS=120
=====

=====
GAME STATISTICS
=====

opponent=Purple Rank #1 Legend Midrange Hunter
WIN_RATE=93.75%DAMAGE_DEALT=31.875HEALING_DONE=0.75MANA_SPENT=30.0CARDS_PLAYED=9.9375TURNS_TAKEN=8.125MINIONS_PLAYED=19.3125HERO_POWER_USED=0.5

opponent=MatGagne Shadow Madness Priest
WIN_RATE=100.00%DAMAGE_DEALT=20.75HEALING_DONE=0.75MANA_SPENT=28.25CARDS_PLAYED=9.3125TURNS_TAKEN=7.625MINIONS_PLAYED=18.25HERO_POWER_USED=0.25

opponent=Toefoo Rank 1 Cwarrior
WIN_RATE=93.75%DAMAGE_DEALT=22.0625HEALING_DONE=0.75MANA_SPENT=24.8125CARDS_PLAYED=8.25TURNS_TAKEN=7.5MINIONS_PLAYED=16.1875HERO_POWER_USED=0.25

opponent=Phonetap's Mech Shaman
WIN_RATE=93.75%DAMAGE_DEALT=32.625HEALING_DONE=0.625MANA_SPENT=27.3125CARDS_PLAYED=9.125TURNS_TAKEN=7.9375MINIONS_PLAYED=17.6875HERO_POWER_USED=0.5

opponent=Aggro Paladin Meta Snapshot #17
WIN_RATE=93.75%DAMAGE_DEALT=23.25HEALING_DONE=0.375MANA_SPENT=25.6875CARDS_PLAYED=8.375TURNS_TAKEN=7.4375MINIONS_PLAYED=16.4375HERO_POWER_USED=0.25

opponent=Hyunher Tempo Mage
WIN_RATE=87.50%DAMAGE_DEALT=32.0HEALING_DONE=1.0MANA_SPENT=30.0625CARDS_PLAYED=9.625TURNS_TAKEN=7.9375MINIONS_PLAYED=19.3125HERO_POWER_USED=0.125

opponent=Mid-Range Druid Meta Snapshot #16
WIN_RATE=93.75%DAMAGE_DEALT=26.9375HEALING_DONE=0.5MANA_SPENT=30.125CARDS_PLAYED=9.375TURNS_TAKEN=8.0625MINIONS_PLAYED=18.6875HERO_POWER_USED=0.125

opponent=Toefoo Rank 1 Oil Rogue
WIN_RATE=93.75%DAMAGE_DEALT=27.875HEALING_DONE=0.25MANA_SPENT=27.0625CARDS_PLAYED=8.75TURNS_TAKEN=7.8125MINIONS_PLAYED=17.375HERO_POWER_USED=0.1875

opponent=Neviilz MalyGod Meta Snapshot #18
WIN_RATE=93.75%DAMAGE_DEALT=21.3125HEALING_DONE=0.5MANA_SPENT=27.25CARDS_PLAYED=8.75TURNS_TAKEN=7.6875MINIONS_PLAYED=17.0HERO_POWER_USED=0.375

=====
JENETICS STATISTICS
=====
+---------------------------------------------------------------------------+
|  Time statistics                                                          |
+---------------------------------------------------------------------------+
|             Selection: sum=0.001001193000 s; mean=0.000020023860 s        |
|              Altering: sum=0.008563929000 s; mean=0.000171278580 s        |
|   Fitness calculation: sum=851.885747447000 s; mean=17.037714948940 s     |
|     Overall execution: sum=851.901637612000 s; mean=17.038032752240 s     |
+---------------------------------------------------------------------------+
|  Evolution statistics                                                     |
+---------------------------------------------------------------------------+
|           Generations: 50                                                 |
|               Altered: sum=564; mean=11.280000000                         |
|                Killed: sum=0; mean=0.000000000                            |
|              Invalids: sum=0; mean=0.000000000                            |
+---------------------------------------------------------------------------+
|  Population statistics                                                    |
+---------------------------------------------------------------------------+
|                   Age: max=32; mean=9.130000; var=100.185285              |
|               Fitness:                                                    |
|                      min  = 0.000000000000                                |
|                      max  = 120.000000000000                              |
|                      mean = 88.129000000000                               |
|                      var  = 1442.402761761762                             |
|                      std  = 37.978977892536                               |
+---------------------------------------------------------------------------+
infeasible rate=1485
