
=====
(10, 20)-EA
=====
population size=20
max generations=0.9
max fitness=128
number of games=16.0
hero class=HUNTER

opponents=[Aggro Paladin Meta Snapshot #17, Toefoo Rank 1 Cwarrior, Neviilz MalyGod Meta Snapshot #18, Phonetap's Mech Shaman, Mid-Range Druid Meta Snapshot #16, Purple Rank #1 Legend Midrange Hunter, Toefoo Rank 1 Oil Rogue, MatGagne Shadow Madness Priest, Hyunher Tempo Mage]
=====
Initial Deck
=====
[name=Kill Command, class=HUNTER, rarity=FREE, mana=3]
[name=Piloted Shredder, class=ANY, rarity=COMMON, mana=4]
[name=Mad Scientist, class=ANY, rarity=COMMON, mana=2]
[name=Eaglehorn Bow, class=HUNTER, rarity=RARE, mana=3]
[name=Loatheb, class=ANY, rarity=LEGENDARY, mana=5]
[name=Savannah Highmane, class=HUNTER, rarity=RARE, mana=6]
[name=Knife Juggler, class=ANY, rarity=RARE, mana=2]
[name=Kill Command, class=HUNTER, rarity=FREE, mana=3]
[name=Haunted Creeper, class=ANY, rarity=COMMON, mana=2]
[name=Loatheb, class=ANY, rarity=LEGENDARY, mana=5]
[name=Sludge Belcher, class=ANY, rarity=RARE, mana=5]
[name=Mad Scientist, class=ANY, rarity=COMMON, mana=2]
[name=Hunter's Mark, class=HUNTER, rarity=FREE, mana=1]
[name=Unleash the Hounds, class=HUNTER, rarity=COMMON, mana=3]
[name=Haunted Creeper, class=ANY, rarity=COMMON, mana=2]
[name=Piloted Shredder, class=ANY, rarity=COMMON, mana=4]
[name=Kill Command, class=HUNTER, rarity=FREE, mana=3]
[name=Knife Juggler, class=ANY, rarity=RARE, mana=2]
[name=Haunted Creeper, class=ANY, rarity=COMMON, mana=2]
[name=Eaglehorn Bow, class=HUNTER, rarity=RARE, mana=3]
[name=Sludge Belcher, class=ANY, rarity=RARE, mana=5]
[name=Haunted Creeper, class=ANY, rarity=COMMON, mana=2]
[name=Abusive Sergeant, class=ANY, rarity=COMMON, mana=1]
[name=Savannah Highmane, class=HUNTER, rarity=RARE, mana=6]
[name=Animal Companion, class=HUNTER, rarity=FREE, mana=3]
[name=Explosive Trap, class=HUNTER, rarity=COMMON, mana=2]
[name=Eaglehorn Bow, class=HUNTER, rarity=RARE, mana=3]
[name=Piloted Shredder, class=ANY, rarity=COMMON, mana=4]
[name=Unleash the Hounds, class=HUNTER, rarity=COMMON, mana=3]
[name=Haunted Creeper, class=ANY, rarity=COMMON, mana=2]


=====
GENERATION 0
=====
best=107
avg=59.55
worst=45.0
infeasible rate=0.35
mutation rate=0.45
=====

=====
GENERATION 5
=====
best=109
avg=96.5
worst=35.0
infeasible rate=0.6
mutation rate=0.45
=====

=====
GENERATION 10
=====
best=119
avg=84.7
worst=16.0
infeasible rate=0.75
mutation rate=0.225
=====

=====
GENERATION 15
=====
best=115
avg=94.05
worst=13.0
infeasible rate=0.85
mutation rate=0.1125
=====

=====
GENERATION 20
=====
best=118
avg=81.35
worst=25.0
infeasible rate=1.55
mutation rate=0.05625
=====

=====
GENERATION 25
=====
best=118
avg=92.9
worst=21.0
infeasible rate=1.8
mutation rate=0.028125
=====

=====
GENERATION 30
=====
best=119
avg=98.3
worst=18.0
infeasible rate=2.1
mutation rate=0.0140625
=====

=====
GENERATION 35
=====
best=119
avg=104.25
worst=28.0
infeasible rate=2.2
mutation rate=0.00703125
=====

=====
GENERATION 40
=====
best=123
avg=102.2
worst=26.0
infeasible rate=2.4
mutation rate=0.003515625
=====

=====
GENERATION 45
=====
best=123
avg=91.85
worst=27.0
infeasible rate=2.7
mutation rate=0.0017578125
=====

=====
BEST
=====
[name=Wolfrider, class=ANY, rarity=FREE, mana=3]
[name=Unleash the Hounds, class=HUNTER, rarity=COMMON, mana=3]
[name=Amani Berserker, class=ANY, rarity=COMMON, mana=2]
[name=Bloodsail Corsair, class=ANY, rarity=RARE, mana=1]
[name=Jade Spirit, class=ANY, rarity=COMMON, mana=4]
[name=Boulderfist Ogre, class=ANY, rarity=FREE, mana=6]
[name=Ooze, class=ANY, rarity=COMMON, mana=1]
[name=The Beast, class=ANY, rarity=LEGENDARY, mana=6]
[name=Malygos, class=ANY, rarity=LEGENDARY, mana=9]
[name=Ogre Magi, class=ANY, rarity=FREE, mana=4]
[name=Stormwind Knight, class=ANY, rarity=FREE, mana=4]
[name=Master Swordsmith, class=ANY, rarity=RARE, mana=2]
[name=Wisp, class=ANY, rarity=COMMON, mana=0]
[name=Auctionmaster Beardo, class=ANY, rarity=LEGENDARY, mana=3]
[name=Aberrant Berserker, class=ANY, rarity=COMMON, mana=4]
[name=Squire, class=ANY, rarity=COMMON, mana=1]
[name=Shaky Zipgunner, class=HUNTER, rarity=COMMON, mana=3]
[name=Forlorn Stalker, class=HUNTER, rarity=RARE, mana=3]
[name=Misha, class=HUNTER, rarity=FREE, mana=3]
[name=Silverback Patriarch, class=ANY, rarity=FREE, mana=3]
[name=Silvermoon Guardian, class=ANY, rarity=COMMON, mana=4]
[name=Silvermoon Guardian, class=ANY, rarity=COMMON, mana=4]
[name=Boar, class=ANY, rarity=FREE, mana=1]
[name=Dark Iron Dwarf, class=ANY, rarity=COMMON, mana=4]
[name=Worgen Greaser, class=ANY, rarity=COMMON, mana=4]
[name="Little Friend", class=ANY, rarity=FREE, mana=6]
[name=Bloodsail Raider, class=ANY, rarity=COMMON, mana=2]
[name=Crazed Worshipper, class=ANY, rarity=EPIC, mana=5]
[name=Big-Time Racketeer, class=ANY, rarity=COMMON, mana=6]
[name=Mana Wraith, class=ANY, rarity=RARE, mana=2]


=====
MANA CURVE
=====
1=4
2=4
3=7
4=8
5=1
6=4
7=0
7 or more=2

=====
FITNESS=123
=====

=====
GAME STATISTICS
=====

opponent=Purple Rank #1 Legend Midrange Hunter
WIN_RATE=93.75%DAMAGE_DEALT=26.0MANA_SPENT=29.9375CARDS_PLAYED=11.5TURNS_TAKEN=8.125MINIONS_PLAYED=21.0625SPELLS_CAST=0.3125HERO_POWER_USED=0.9375

opponent=MatGagne Shadow Madness Priest
WIN_RATE=100.00%DAMAGE_DEALT=19.125MANA_SPENT=24.6875CARDS_PLAYED=10.0TURNS_TAKEN=7.75MINIONS_PLAYED=17.875SPELLS_CAST=0.0625HERO_POWER_USED=1.0625

opponent=Toefoo Rank 1 Cwarrior
WIN_RATE=100.00%DAMAGE_DEALT=23.3125MANA_SPENT=26.9375CARDS_PLAYED=10.125TURNS_TAKEN=7.875MINIONS_PLAYED=18.4375SPELLS_CAST=0.25HERO_POWER_USED=0.9375

opponent=Phonetap's Mech Shaman
WIN_RATE=93.75%DAMAGE_DEALT=19.25MANA_SPENT=26.75CARDS_PLAYED=10.375TURNS_TAKEN=7.75MINIONS_PLAYED=18.9375SPELLS_CAST=0.25HERO_POWER_USED=0.875

opponent=Aggro Paladin Meta Snapshot #17
WIN_RATE=100.00%DAMAGE_DEALT=22.5625MANA_SPENT=26.5625CARDS_PLAYED=10.1875TURNS_TAKEN=7.8125MINIONS_PLAYED=18.625SPELLS_CAST=0.25HERO_POWER_USED=0.9375

opponent=Hyunher Tempo Mage
WIN_RATE=93.75%DAMAGE_DEALT=24.0MANA_SPENT=27.1875CARDS_PLAYED=10.75TURNS_TAKEN=8.0MINIONS_PLAYED=20.0625SPELLS_CAST=0.625HERO_POWER_USED=1.0

opponent=Mid-Range Druid Meta Snapshot #16
WIN_RATE=93.75%DAMAGE_DEALT=19.3125MANA_SPENT=26.125CARDS_PLAYED=10.5TURNS_TAKEN=7.9375MINIONS_PLAYED=19.5SPELLS_CAST=0.3125HERO_POWER_USED=0.75

opponent=Toefoo Rank 1 Oil Rogue
WIN_RATE=87.50%DAMAGE_DEALT=32.1875MANA_SPENT=29.0CARDS_PLAYED=11.9375TURNS_TAKEN=8.5MINIONS_PLAYED=21.0SPELLS_CAST=0.25HERO_POWER_USED=1.4375

opponent=Neviilz MalyGod Meta Snapshot #18
WIN_RATE=100.00%DAMAGE_DEALT=22.1875MANA_SPENT=27.9375CARDS_PLAYED=10.25TURNS_TAKEN=8.0MINIONS_PLAYED=18.875SPELLS_CAST=0.1875HERO_POWER_USED=0.875

=====
JENETICS STATISTICS
=====
+---------------------------------------------------------------------------+
|  Time statistics                                                          |
+---------------------------------------------------------------------------+
|             Selection: sum=0.000865761000 s; mean=0.000017315220 s        |
|              Altering: sum=0.005468319000 s; mean=0.000109366380 s        |
|   Fitness calculation: sum=777.989355576000 s; mean=15.559787111520 s     |
|     Overall execution: sum=778.001704683000 s; mean=15.560034093660 s     |
+---------------------------------------------------------------------------+
|  Evolution statistics                                                     |
+---------------------------------------------------------------------------+
|           Generations: 50                                                 |
|               Altered: sum=546; mean=10.920000000                         |
|                Killed: sum=0; mean=0.000000000                            |
|              Invalids: sum=0; mean=0.000000000                            |
+---------------------------------------------------------------------------+
|  Population statistics                                                    |
+---------------------------------------------------------------------------+
|                   Age: max=21; mean=5.119000; var=27.614453               |
|               Fitness:                                                    |
|                      min  = 0.000000000000                                |
|                      max  = 123.000000000000                              |
|                      mean = 93.719000000000                               |
|                      var  = 1292.270309309309                             |
|                      std  = 35.948161417648                               |
+---------------------------------------------------------------------------+
infeasible rate=1711
